#
# There is insufficient memory for the Java Runtime Environment to continue.
# Native memory allocation (mmap) failed to map 3014656 bytes for G1 virtual space
# Possible reasons:
#   The system is out of physical RAM or swap space
#   The process is running with CompressedOops enabled, and the Java Heap may be blocking the growth of the native heap
# Possible solutions:
#   Reduce memory load on the system
#   Increase physical memory or swap space
#   Check if swap backing store is full
#   Decrease Java heap size (-Xmx/-Xms)
#   Decrease number of Java threads
#   Decrease Java thread stack sizes (-Xss)
#   Set larger code cache with -XX:ReservedCodeCacheSize=
#   JVM is running with Unscaled Compressed Oops mode in which the Java heap is
#     placed in the first 4GB address space. The Java Heap base address is the
#     maximum limit for the native heap growth. Please use -XX:HeapBaseMinAddress
#     to set the Java Heap base and to place the Java Heap above 4GB virtual address.
# This output file may be truncated or incomplete.
#
#  Out of Memory Error (os_windows.cpp:3613), pid=31580, tid=27492
#
# JRE version: OpenJDK Runtime Environment Temurin-17.0.10+7 (17.0.10+7) (build 17.0.10+7)
# Java VM: OpenJDK 64-Bit Server VM Temurin-17.0.10+7 (17.0.10+7, mixed mode, tiered, compressed oops, compressed class ptrs, g1 gc, windows-amd64)
# No core dump will be written. Minidumps are not enabled by default on client versions of Windows
#

---------------  S U M M A R Y ------------

Command Line: -XX:MaxMetaspaceSize=512m --add-opens=java.base/java.util=ALL-UNNAMED --add-opens=java.base/java.lang=ALL-UNNAMED --add-opens=java.base/java.lang.invoke=ALL-UNNAMED --add-opens=java.prefs/java.util.prefs=ALL-UNNAMED --add-opens=java.base/java.nio.charset=ALL-UNNAMED --add-opens=java.base/java.net=ALL-UNNAMED --add-opens=java.base/java.util.concurrent.atomic=ALL-UNNAMED -Xmx2048m -Dfile.encoding=utf8 -Duser.country=GB -Duser.language=en -Duser.variant -javaagent:C:\Users\promise.okere\.gradle\wrapper\dists\gradle-8.6-all\3mbtmo166bl6vumsh5k2lkq5h\gradle-8.6\lib\agents\gradle-instrumentation-agent-8.6.jar org.gradle.launcher.daemon.bootstrap.GradleDaemon 8.6

Host: 12th Gen Intel(R) Core(TM) i5-1245U, 12 cores, 15G,  Windows 10 , 64 bit Build 19041 (10.0.19041.3636)
Time: Mon May 27 14:53:09 2024 W. Central Africa Standard Time elapsed time: 81.091353 seconds (0d 0h 1m 21s)

---------------  T H R E A D  ---------------

Current thread (0x0000022026d43380):  VMThread "VM Thread" [stack: 0x00000051a7900000,0x00000051a7a00000] [id=27492]

Stack: [0x00000051a7900000,0x00000051a7a00000]
Native frames: (J=compiled Java code, j=interpreted, Vv=VM code, C=native code)
V  [jvm.dll+0x67d2c9]
V  [jvm.dll+0x834afa]
V  [jvm.dll+0x8365be]
V  [jvm.dll+0x836c23]
V  [jvm.dll+0x2477ff]
V  [jvm.dll+0x67a109]
V  [jvm.dll+0x66eb7a]
V  [jvm.dll+0x30764b]
V  [jvm.dll+0x30eaf6]
V  [jvm.dll+0x35e868]
V  [jvm.dll+0x35ea6f]
V  [jvm.dll+0x2de248]
V  [jvm.dll+0x2dc424]
V  [jvm.dll+0x2dba2c]
V  [jvm.dll+0x31faeb]
V  [jvm.dll+0x83b11b]
V  [jvm.dll+0x83be61]
V  [jvm.dll+0x83c37d]
V  [jvm.dll+0x83c754]
V  [jvm.dll+0x83c820]
V  [jvm.dll+0x7e3fba]
V  [jvm.dll+0x67c1b5]
C  [ucrtbase.dll+0x21bb2]
C  [KERNEL32.DLL+0x17344]
C  [ntdll.dll+0x526b1]

VM_Operation (0x00000051ae8fadc0): G1CollectForAllocation, mode: safepoint, requested by thread 0x000002202ecdc0c0


---------------  P R O C E S S  ---------------

Threads class SMR info:
_java_thread_list=0x000002202f3acfd0, length=110, elements={
0x000002200d264a90, 0x0000022026d8f3e0, 0x0000022026d90260, 0x0000022026dc9920,
0x0000022026dca1f0, 0x0000022026dcaac0, 0x0000022026dcb390, 0x0000022026dcc3a0,
0x0000022026dd50c0, 0x0000022026dd59d0, 0x00000220241c3280, 0x00000220271c55d0,
0x000002202cd075f0, 0x000002202c70efc0, 0x000002202d306450, 0x000002202ca24060,
0x000002202da78440, 0x000002202cc7d160, 0x000002202cc7bd20, 0x000002202cc7a3d0,
0x000002202cc7adf0, 0x000002202cc7a8e0, 0x000002202cc7b810, 0x000002202cc7c740,
0x000002202cc7cc50, 0x000002202cc7c230, 0x000002202cc79ec0, 0x00000220272f3b20,
0x00000220272f5470, 0x00000220272f4f60, 0x00000220272f72d0, 0x00000220272f5980,
0x00000220272f68b0, 0x00000220272f5e90, 0x00000220272f63a0, 0x00000220272f6dc0,
0x00000220272f4030, 0x000002202e11c1d0, 0x000002202e11c6e0, 0x000002202e11bcc0,
0x000002202e11e540, 0x000002202e117af0, 0x000002202e11a370, 0x000002202e11ef60,
0x000002202e11cbf0, 0x000002202e11f470, 0x000002202e11e030, 0x000002202e118000,
0x000002202e11ea50, 0x000002202e11a880, 0x000002202e118510, 0x000002202e11b2a0,
0x000002202e11d100, 0x000002202e118a20, 0x000002202e11d610, 0x000002202e11b7b0,
0x000002202e119440, 0x000002202e119950, 0x000002202e119e60, 0x000002202e11db20,
0x000002202cc7b300, 0x000002202d545f10, 0x000002202d544fe0, 0x000002202d540900,
0x000002202d53fee0, 0x000002202d543690, 0x000002202d53efb0, 0x000002202d542760,
0x000002202d5454f0, 0x000002202d545a00, 0x000002202d5440b0, 0x000002202d5403f0,
0x000002202d542c70, 0x000002202d8594f0, 0x000002202d540e10, 0x000002202d546930,
0x000002202d53f4c0, 0x000002202d53f9d0, 0x000002202d541320, 0x000002202d541830,
0x000002202d542250, 0x000002202d543180, 0x000002202d543ba0, 0x000002202d5445c0,
0x000002202d544ad0, 0x000002202ecdb190, 0x000002202ece0cb0, 0x000002202d856fc0,
0x000002202ece16d0, 0x000002202ecdee50, 0x000002202ece0290, 0x000002202ecdd500,
0x000002202ecdbbb0, 0x000002202ece1be0, 0x000002202ece11c0, 0x000002202ecdf360,
0x000002202ecdc5d0, 0x000002202ecdcff0, 0x000002202ecddf20, 0x000002202ecdc0c0,
0x000002202ecdda10, 0x000002202ecda770, 0x000002202ece20f0, 0x000002202ecde430,
0x000002202ecdac80, 0x000002202ecde940, 0x000002202ecdb6a0, 0x000002202ecdf870,
0x000002202ece07a0, 0x000002202ecdcae0
}

Java Threads: ( => current thread )
  0x000002200d264a90 JavaThread "main" [_thread_blocked, id=29116, stack(0x00000051a7300000,0x00000051a7400000)]
  0x0000022026d8f3e0 JavaThread "Reference Handler" daemon [_thread_blocked, id=21864, stack(0x00000051a7a00000,0x00000051a7b00000)]
  0x0000022026d90260 JavaThread "Finalizer" daemon [_thread_blocked, id=28536, stack(0x00000051a7b00000,0x00000051a7c00000)]
  0x0000022026dc9920 JavaThread "Signal Dispatcher" daemon [_thread_blocked, id=15060, stack(0x00000051a7c00000,0x00000051a7d00000)]
  0x0000022026dca1f0 JavaThread "Attach Listener" daemon [_thread_blocked, id=4224, stack(0x00000051a7d00000,0x00000051a7e00000)]
  0x0000022026dcaac0 JavaThread "Service Thread" daemon [_thread_blocked, id=3528, stack(0x00000051a7e00000,0x00000051a7f00000)]
  0x0000022026dcb390 JavaThread "Monitor Deflation Thread" daemon [_thread_blocked, id=30180, stack(0x00000051a7f00000,0x00000051a8000000)]
  0x0000022026dcc3a0 JavaThread "C2 CompilerThread0" daemon [_thread_blocked, id=25828, stack(0x00000051a8000000,0x00000051a8100000)]
  0x0000022026dd50c0 JavaThread "C1 CompilerThread0" daemon [_thread_blocked, id=18140, stack(0x00000051a8100000,0x00000051a8200000)]
  0x0000022026dd59d0 JavaThread "Sweeper thread" daemon [_thread_blocked, id=15572, stack(0x00000051a8200000,0x00000051a8300000)]
  0x00000220241c3280 JavaThread "Common-Cleaner" daemon [_thread_blocked, id=16624, stack(0x00000051a8300000,0x00000051a8400000)]
  0x00000220271c55d0 JavaThread "Notification Thread" daemon [_thread_blocked, id=15048, stack(0x00000051a8400000,0x00000051a8500000)]
  0x000002202cd075f0 JavaThread "Daemon health stats" [_thread_blocked, id=33748, stack(0x00000051a8700000,0x00000051a8800000)]
  0x000002202c70efc0 JavaThread "Incoming local TCP Connector on port 59010" [_thread_in_native, id=29708, stack(0x00000051a8d00000,0x00000051a8e00000)]
  0x000002202d306450 JavaThread "Daemon periodic checks" [_thread_blocked, id=31516, stack(0x00000051a8e00000,0x00000051a8f00000)]
  0x000002202ca24060 JavaThread "Daemon" [_thread_blocked, id=22520, stack(0x00000051a8600000,0x00000051a8700000)]
  0x000002202da78440 JavaThread "Handler for socket connection from /127.0.0.1:59010 to /127.0.0.1:59011" [_thread_in_native, id=33640, stack(0x00000051a8f00000,0x00000051a9000000)]
  0x000002202cc7d160 JavaThread "Cancel handler" [_thread_blocked, id=34308, stack(0x00000051a9000000,0x00000051a9100000)]
  0x000002202cc7bd20 JavaThread "Daemon worker" [_thread_blocked, id=13032, stack(0x00000051a9100000,0x00000051a9200000)]
  0x000002202cc7a3d0 JavaThread "Asynchronous log dispatcher for DefaultDaemonConnection: socket connection from /127.0.0.1:59010 to /127.0.0.1:59011" [_thread_blocked, id=28796, stack(0x00000051a9200000,0x00000051a9300000)]
  0x000002202cc7adf0 JavaThread "Daemon client event forwarder" [_thread_blocked, id=21480, stack(0x00000051a9400000,0x00000051a9500000)]
  0x000002202cc7a8e0 JavaThread "Cache worker for journal cache (C:\Users\promise.okere\.gradle\caches\journal-1)" [_thread_blocked, id=1104, stack(0x00000051a9500000,0x00000051a9600000)]
  0x000002202cc7b810 JavaThread "File lock request listener" [_thread_in_native, id=7808, stack(0x00000051a9600000,0x00000051a9700000)]
  0x000002202cc7c740 JavaThread "Cache worker for file hash cache (C:\Users\promise.okere\.gradle\caches\8.6\fileHashes)" [_thread_blocked, id=33420, stack(0x00000051a9800000,0x00000051a9900000)]
  0x000002202cc7cc50 JavaThread "File watcher server" daemon [_thread_in_native, id=15188, stack(0x00000051a9700000,0x00000051a9800000)]
  0x000002202cc7c230 JavaThread "File watcher consumer" daemon [_thread_blocked, id=17520, stack(0x00000051a9f00000,0x00000051aa000000)]
  0x000002202cc79ec0 JavaThread "Cache worker for checksums cache (C:\Users\promise.okere\OneDrive - Interswitch Limited\Documents\INTERSWITCH\STRATEGIC INITIATIVES\VMS PROJECT\RESIDENT\VMS Test\VMS Resident-Mobile-App\android\.gradle\8.6\checksums)" [_thread_blocked, id=27688, stack(0x00000051aa100000,0x00000051aa200000)]
  0x00000220272f3b20 JavaThread "Cache worker for file hash cache (C:\Users\promise.okere\OneDrive - Interswitch Limited\Documents\INTERSWITCH\STRATEGIC INITIATIVES\VMS PROJECT\RESIDENT\VMS Test\VMS Resident-Mobile-App\android\.gradle\8.6\fileHashes)" [_thread_blocked, id=5868, stack(0x00000051aa200000,0x00000051aa300000)]
  0x00000220272f5470 JavaThread "Cache worker for cache directory md-supplier (C:\Users\promise.okere\.gradle\caches\8.6\md-supplier)" [_thread_blocked, id=16904, stack(0x00000051aa300000,0x00000051aa400000)]
  0x00000220272f4f60 JavaThread "Cache worker for cache directory md-rule (C:\Users\promise.okere\.gradle\caches\8.6\md-rule)" [_thread_blocked, id=30240, stack(0x00000051aa400000,0x00000051aa500000)]
  0x00000220272f72d0 JavaThread "Cache worker for file content cache (C:\Users\promise.okere\.gradle\caches\8.6\fileContent)" [_thread_blocked, id=15768, stack(0x00000051aa500000,0x00000051aa600000)]
  0x00000220272f5980 JavaThread "jar transforms" [_thread_blocked, id=18136, stack(0x00000051aa800000,0x00000051aa900000)]
  0x00000220272f68b0 JavaThread "jar transforms Thread 2" [_thread_blocked, id=29348, stack(0x00000051aa900000,0x00000051aaa00000)]
  0x00000220272f5e90 JavaThread "jar transforms Thread 3" [_thread_blocked, id=28064, stack(0x00000051aaa00000,0x00000051aab00000)]
  0x00000220272f63a0 JavaThread "jar transforms Thread 4" [_thread_blocked, id=28720, stack(0x00000051aab00000,0x00000051aac00000)]
  0x00000220272f6dc0 JavaThread "jar transforms Thread 5" [_thread_blocked, id=16788, stack(0x00000051a7000000,0x00000051a7100000)]
  0x00000220272f4030 JavaThread "jar transforms Thread 6" [_thread_blocked, id=12116, stack(0x00000051a7100000,0x00000051a7200000)]
  0x000002202e11c1d0 JavaThread "Exec process" [_thread_blocked, id=20604, stack(0x00000051aa000000,0x00000051aa100000)]
  0x000002202e11c6e0 JavaThread "Exec process Thread 2" [_thread_blocked, id=15904, stack(0x00000051aa600000,0x00000051aa700000)]
  0x000002202e11bcc0 JavaThread "Exec process Thread 3" [_thread_blocked, id=26348, stack(0x00000051aac00000,0x00000051aad00000)]
  0x000002202e11e540 JavaThread "jar transforms Thread 7" [_thread_blocked, id=16656, stack(0x00000051a7200000,0x00000051a7300000)]
  0x000002202e117af0 JavaThread "jar transforms Thread 8" [_thread_blocked, id=26204, stack(0x00000051aad00000,0x00000051aae00000)]
  0x000002202e11a370 JavaThread "jar transforms Thread 9" [_thread_blocked, id=3444, stack(0x00000051ab200000,0x00000051ab300000)]
  0x000002202e11ef60 JavaThread "jar transforms Thread 10" [_thread_blocked, id=33628, stack(0x00000051ab300000,0x00000051ab400000)]
  0x000002202e11cbf0 JavaThread "jar transforms Thread 11" [_thread_blocked, id=31856, stack(0x00000051ab000000,0x00000051ab100000)]
  0x000002202e11f470 JavaThread "jar transforms Thread 12" [_thread_blocked, id=21908, stack(0x00000051ab100000,0x00000051ab200000)]
  0x000002202e11e030 JavaThread "Unconstrained build operations" [_thread_blocked, id=21280, stack(0x00000051ab500000,0x00000051ab600000)]
  0x000002202e118000 JavaThread "Unconstrained build operations Thread 2" [_thread_blocked, id=31956, stack(0x00000051ab600000,0x00000051ab700000)]
  0x000002202e11ea50 JavaThread "Cache worker for Build Output Cleanup Cache (C:\Users\promise.okere\OneDrive - Interswitch Limited\Documents\INTERSWITCH\STRATEGIC INITIATIVES\VMS PROJECT\RESIDENT\VMS Test\VMS Resident-Mobile-App\node_modules\@react-native\gradle-plugin\.gradle\buildOutputCleanup)" [_thread_blocked, id=27156, stack(0x00000051ab700000,0x00000051ab800000)]
  0x000002202e11a880 JavaThread "Unconstrained build operations Thread 3" [_thread_blocked, id=27540, stack(0x00000051ab800000,0x00000051ab900000)]
  0x000002202e118510 JavaThread "Unconstrained build operations Thread 4" [_thread_blocked, id=34520, stack(0x00000051ab900000,0x00000051aba00000)]
  0x000002202e11b2a0 JavaThread "Unconstrained build operations Thread 5" [_thread_blocked, id=19780, stack(0x00000051aba00000,0x00000051abb00000)]
  0x000002202e11d100 JavaThread "Unconstrained build operations Thread 6" [_thread_blocked, id=21300, stack(0x00000051abb00000,0x00000051abc00000)]
  0x000002202e118a20 JavaThread "Unconstrained build operations Thread 7" [_thread_blocked, id=22628, stack(0x00000051abc00000,0x00000051abd00000)]
  0x000002202e11d610 JavaThread "Unconstrained build operations Thread 8" [_thread_blocked, id=23884, stack(0x00000051abd00000,0x00000051abe00000)]
  0x000002202e11b7b0 JavaThread "Unconstrained build operations Thread 9" [_thread_blocked, id=25400, stack(0x00000051abe00000,0x00000051abf00000)]
  0x000002202e119440 JavaThread "Unconstrained build operations Thread 10" [_thread_blocked, id=2788, stack(0x00000051abf00000,0x00000051ac000000)]
  0x000002202e119950 JavaThread "Unconstrained build operations Thread 11" [_thread_blocked, id=8268, stack(0x00000051ac000000,0x00000051ac100000)]
  0x000002202e119e60 JavaThread "Unconstrained build operations Thread 12" [_thread_blocked, id=15984, stack(0x00000051ac100000,0x00000051ac200000)]
  0x000002202e11db20 JavaThread "Unconstrained build operations Thread 13" [_thread_blocked, id=21476, stack(0x00000051ac200000,0x00000051ac300000)]
  0x000002202cc7b300 JavaThread "build event listener" [_thread_blocked, id=26648, stack(0x00000051ac300000,0x00000051ac400000)]
  0x000002202d545f10 JavaThread "Memory manager" [_thread_blocked, id=29084, stack(0x00000051a9300000,0x00000051a9400000)]
  0x000002202d544fe0 JavaThread "Cache worker for Build Output Cleanup Cache (C:\Users\promise.okere\OneDrive - Interswitch Limited\Documents\INTERSWITCH\STRATEGIC INITIATIVES\VMS PROJECT\RESIDENT\VMS Test\VMS Resident-Mobile-App\android\.gradle\buildOutputCleanup)" [_thread_blocked, id=34572, stack(0x00000051ac500000,0x00000051ac600000)]
  0x000002202d540900 JavaThread "ForkJoinPool.commonPool-worker-1" daemon [_thread_blocked, id=33388, stack(0x00000051ac400000,0x00000051ac500000)]
  0x000002202d53fee0 JavaThread "ForkJoinPool.commonPool-worker-2" daemon [_thread_blocked, id=20748, stack(0x00000051ac600000,0x00000051ac700000)]
  0x000002202d543690 JavaThread "ForkJoinPool.commonPool-worker-3" daemon [_thread_blocked, id=18472, stack(0x00000051ac700000,0x00000051ac800000)]
  0x000002202d53efb0 JavaThread "ForkJoinPool.commonPool-worker-4" daemon [_thread_blocked, id=19536, stack(0x00000051ac800000,0x00000051ac900000)]
  0x000002202d542760 JavaThread "ForkJoinPool.commonPool-worker-5" daemon [_thread_blocked, id=27620, stack(0x00000051ac900000,0x00000051aca00000)]
  0x000002202d5454f0 JavaThread "ForkJoinPool.commonPool-worker-6" daemon [_thread_blocked, id=28164, stack(0x00000051aca00000,0x00000051acb00000)]
  0x000002202d545a00 JavaThread "ForkJoinPool.commonPool-worker-7" daemon [_thread_blocked, id=13828, stack(0x00000051acb00000,0x00000051acc00000)]
  0x000002202d5440b0 JavaThread "ForkJoinPool.commonPool-worker-8" daemon [_thread_blocked, id=34148, stack(0x00000051acc00000,0x00000051acd00000)]
  0x000002202d5403f0 JavaThread "ForkJoinPool.commonPool-worker-9" daemon [_thread_blocked, id=18732, stack(0x00000051acd00000,0x00000051ace00000)]
  0x000002202d542c70 JavaThread "ForkJoinPool.commonPool-worker-10" daemon [_thread_blocked, id=24240, stack(0x00000051ace00000,0x00000051acf00000)]
  0x000002202d8594f0 JavaThread "C2 CompilerThread1" daemon [_thread_blocked, id=24220, stack(0x00000051ab400000,0x00000051ab500000)]
  0x000002202d540e10 JavaThread "included builds" [_thread_blocked, id=3484, stack(0x00000051acf00000,0x00000051ad000000)]
  0x000002202d546930 JavaThread "Execution worker" [_thread_blocked, id=14188, stack(0x00000051ad000000,0x00000051ad100000)]
  0x000002202d53f4c0 JavaThread "Execution worker Thread 2" [_thread_blocked, id=26724, stack(0x00000051ad100000,0x00000051ad200000)]
  0x000002202d53f9d0 JavaThread "Execution worker Thread 3" [_thread_blocked, id=27964, stack(0x00000051ad200000,0x00000051ad300000)]
  0x000002202d541320 JavaThread "Execution worker Thread 4" [_thread_blocked, id=14556, stack(0x00000051ad300000,0x00000051ad400000)]
  0x000002202d541830 JavaThread "Execution worker Thread 5" [_thread_blocked, id=19284, stack(0x00000051ad400000,0x00000051ad500000)]
  0x000002202d542250 JavaThread "Execution worker Thread 6" [_thread_blocked, id=22280, stack(0x00000051ad500000,0x00000051ad600000)]
  0x000002202d543180 JavaThread "Execution worker Thread 7" [_thread_blocked, id=28216, stack(0x00000051ad600000,0x00000051ad700000)]
  0x000002202d543ba0 JavaThread "Execution worker Thread 8" [_thread_blocked, id=19664, stack(0x00000051ad700000,0x00000051ad800000)]
  0x000002202d5445c0 JavaThread "Execution worker Thread 9" [_thread_blocked, id=1612, stack(0x00000051ad800000,0x00000051ad900000)]
  0x000002202d544ad0 JavaThread "Execution worker Thread 10" [_thread_blocked, id=27900, stack(0x00000051ad900000,0x00000051ada00000)]
  0x000002202ecdb190 JavaThread "Execution worker Thread 11" [_thread_blocked, id=1272, stack(0x00000051ada00000,0x00000051adb00000)]
  0x000002202ece0cb0 JavaThread "Cache worker for execution history cache (C:\Users\promise.okere\OneDrive - Interswitch Limited\Documents\INTERSWITCH\STRATEGIC INITIATIVES\VMS PROJECT\RESIDENT\VMS Test\VMS Resident-Mobile-App\node_modules\@react-native\gradle-plugin\.gradle\8.6\executionHistory)" [_thread_blocked, id=34256, stack(0x00000051adb00000,0x00000051adc00000)]
  0x000002202d856fc0 JavaThread "C2 CompilerThread2" daemon [_thread_blocked, id=32984, stack(0x00000051adc00000,0x00000051add00000)]
  0x000002202ece16d0 JavaThread "Unconstrained build operations Thread 14" [_thread_blocked, id=23252, stack(0x00000051add00000,0x00000051ade00000)]
  0x000002202ecdee50 JavaThread "Unconstrained build operations Thread 15" [_thread_blocked, id=33832, stack(0x00000051ade00000,0x00000051adf00000)]
  0x000002202ece0290 JavaThread "Unconstrained build operations Thread 16" [_thread_blocked, id=19392, stack(0x00000051adf00000,0x00000051ae000000)]
  0x000002202ecdd500 JavaThread "Unconstrained build operations Thread 17" [_thread_blocked, id=25580, stack(0x00000051ae000000,0x00000051ae100000)]
  0x000002202ecdbbb0 JavaThread "Unconstrained build operations Thread 18" [_thread_blocked, id=24760, stack(0x00000051ae100000,0x00000051ae200000)]
  0x000002202ece1be0 JavaThread "Unconstrained build operations Thread 19" [_thread_blocked, id=26356, stack(0x00000051ae200000,0x00000051ae300000)]
  0x000002202ece11c0 JavaThread "Unconstrained build operations Thread 20" [_thread_blocked, id=27008, stack(0x00000051ae300000,0x00000051ae400000)]
  0x000002202ecdf360 JavaThread "Unconstrained build operations Thread 21" [_thread_blocked, id=25908, stack(0x00000051ae400000,0x00000051ae500000)]
  0x000002202ecdc5d0 JavaThread "Unconstrained build operations Thread 22" [_thread_blocked, id=16940, stack(0x00000051ae500000,0x00000051ae600000)]
  0x000002202ecdcff0 JavaThread "Unconstrained build operations Thread 23" [_thread_blocked, id=7728, stack(0x00000051ae600000,0x00000051ae700000)]
  0x000002202ecddf20 JavaThread "Unconstrained build operations Thread 24" [_thread_blocked, id=31920, stack(0x00000051ae700000,0x00000051ae800000)]
  0x000002202ecdc0c0 JavaThread "Unconstrained build operations Thread 25" [_thread_blocked, id=21944, stack(0x00000051ae800000,0x00000051ae900000)]
  0x000002202ecdda10 JavaThread "Unconstrained build operations Thread 26" [_thread_blocked, id=4148, stack(0x00000051ae900000,0x00000051aea00000)]
  0x000002202ecda770 JavaThread "Unconstrained build operations Thread 27" [_thread_blocked, id=14360, stack(0x00000051aea00000,0x00000051aeb00000)]
  0x000002202ece20f0 JavaThread "Unconstrained build operations Thread 28" [_thread_blocked, id=26012, stack(0x00000051aeb00000,0x00000051aec00000)]
  0x000002202ecde430 JavaThread "Unconstrained build operations Thread 29" [_thread_blocked, id=32548, stack(0x00000051aec00000,0x00000051aed00000)]
  0x000002202ecdac80 JavaThread "Unconstrained build operations Thread 30" [_thread_blocked, id=15336, stack(0x00000051aed00000,0x00000051aee00000)]
  0x000002202ecde940 JavaThread "Unconstrained build operations Thread 31" [_thread_blocked, id=29540, stack(0x00000051aee00000,0x00000051aef00000)]
  0x000002202ecdb6a0 JavaThread "Unconstrained build operations Thread 32" [_thread_blocked, id=16336, stack(0x00000051aef00000,0x00000051af000000)]
  0x000002202ecdf870 JavaThread "Unconstrained build operations Thread 33" [_thread_blocked, id=33224, stack(0x00000051af000000,0x00000051af100000)]
  0x000002202ece07a0 JavaThread "Unconstrained build operations Thread 34" [_thread_blocked, id=34392, stack(0x00000051af100000,0x00000051af200000)]
  0x000002202ecdcae0 JavaThread "Unconstrained build operations Thread 35" [_thread_blocked, id=17000, stack(0x00000051af200000,0x00000051af300000)]

Other Threads:
=>0x0000022026d43380 VMThread "VM Thread" [stack: 0x00000051a7900000,0x00000051a7a00000] [id=27492]
  0x000002200d266870 WatcherThread [stack: 0x00000051a8500000,0x00000051a8600000] [id=29560]
  0x00000220240019b0 GCTaskThread "GC Thread#0" [stack: 0x00000051a7400000,0x00000051a7500000] [id=26700]
  0x00000220275cf5f0 GCTaskThread "GC Thread#1" [stack: 0x00000051a8800000,0x00000051a8900000] [id=18908]
  0x000002202c7ae230 GCTaskThread "GC Thread#2" [stack: 0x00000051a8900000,0x00000051a8a00000] [id=16944]
  0x000002202c74deb0 GCTaskThread "GC Thread#3" [stack: 0x00000051a8a00000,0x00000051a8b00000] [id=24748]
  0x00000220275cef50 GCTaskThread "GC Thread#4" [stack: 0x00000051a8b00000,0x00000051a8c00000] [id=14652]
  0x000002202cab4730 GCTaskThread "GC Thread#5" [stack: 0x00000051a8c00000,0x00000051a8d00000] [id=26392]
  0x000002202d978020 GCTaskThread "GC Thread#6" [stack: 0x00000051a9900000,0x00000051a9a00000] [id=3792]
  0x000002202d53aad0 GCTaskThread "GC Thread#7" [stack: 0x00000051a9a00000,0x00000051a9b00000] [id=13608]
  0x000002202d3c9ec0 GCTaskThread "GC Thread#8" [stack: 0x00000051a9b00000,0x00000051a9c00000] [id=29016]
  0x000002202d509cf0 GCTaskThread "GC Thread#9" [stack: 0x00000051a9c00000,0x00000051a9d00000] [id=23548]
  0x0000022024005fe0 ConcurrentGCThread "G1 Main Marker" [stack: 0x00000051a7500000,0x00000051a7600000] [id=30308]
  0x0000022024006a00 ConcurrentGCThread "G1 Conc#0" [stack: 0x00000051a7600000,0x00000051a7700000] [id=7008]
  0x000002202d963e70 ConcurrentGCThread "G1 Conc#1" [stack: 0x00000051a9d00000,0x00000051a9e00000] [id=22032]
  0x000002202d86b410 ConcurrentGCThread "G1 Conc#2" [stack: 0x00000051a9e00000,0x00000051a9f00000] [id=16556]
  0x0000022024110fe0 ConcurrentGCThread "G1 Refine#0" [stack: 0x00000051a7700000,0x00000051a7800000] [id=21292]
  0x00000220272eb7f0 ConcurrentGCThread "G1 Refine#1" [stack: 0x00000051aa700000,0x00000051aa800000] [id=34668]
  0x000002203018b400 ConcurrentGCThread "G1 Refine#2" [stack: 0x00000051af300000,0x00000051af400000] [id=31816]
  0x000002203018ab30 ConcurrentGCThread "G1 Refine#3" [stack: 0x00000051af400000,0x00000051af500000] [id=30192]
  0x000002203018a550 ConcurrentGCThread "G1 Refine#4" [stack: 0x00000051af500000,0x00000051af600000] [id=8728]
  0x0000022024111a10 ConcurrentGCThread "G1 Service" [stack: 0x00000051a7800000,0x00000051a7900000] [id=18820]

Threads with active compile tasks:
C2 CompilerThread0    81676 9448       4       org.jetbrains.org.objectweb.asm.ByteVector::putUTF8 (144 bytes)
C1 CompilerThread0    81676 9456       3       org.jetbrains.org.objectweb.asm.ClassReader::readField (667 bytes)
C2 CompilerThread1    81676 9431       4       java.lang.StringUTF16::compress (50 bytes)
C2 CompilerThread2    81676 9108       4       java.io.ObjectOutputStream::writeClassDesc (60 bytes)

VM state: at safepoint (normal execution)

VM Mutex/Monitor currently owned by a thread:  ([mutex/lock_event])
[0x000002200d25f4e0] Threads_lock - owner thread: 0x0000022026d43380
[0x000002200d25f570] Heap_lock - owner thread: 0x000002202ecdc0c0

Heap address: 0x0000000080000000, size: 2048 MB, Compressed Oops mode: 32-bit

CDS archive(s) not mapped
Compressed class space mapped at: 0x0000000100000000-0x000000011a000000, reserved size: 436207616
Narrow klass base: 0x0000000000000000, Narrow klass shift: 3, Narrow klass range: 0x11a000000

GC Precious Log:
 CPUs: 12 total, 12 available
 Memory: 16049M
 Large Page Support: Disabled
 NUMA Support: Disabled
 Compressed Oops: Enabled (32-bit)
 Heap Region Size: 1M
 Heap Min Capacity: 8M
 Heap Initial Capacity: 252M
 Heap Max Capacity: 2G
 Pre-touch: Disabled
 Parallel Workers: 10
 Concurrent Workers: 3
 Concurrent Refinement Workers: 10
 Periodic GC: Disabled

Heap:
 garbage-first heap   total 258048K, used 112177K [0x0000000080000000, 0x0000000100000000)
  region size 1024K, 1 young (1024K), 1 survivors (1024K)
 Metaspace       used 77665K, committed 78464K, reserved 557056K
  class space    used 10794K, committed 11136K, reserved 425984K

Heap Regions: E=young(eden), S=young(survivor), O=old, HS=humongous(starts), HC=humongous(continues), CS=collection set, F=free, OA=open archive, CA=closed archive, TAMS=top-at-mark-start (previous, next)
|   0|0x0000000080000000, 0x0000000080100000, 0x0000000080100000|100%|HS|  |TAMS 0x0000000080100000, 0x0000000080000000| Complete 
|   1|0x0000000080100000, 0x0000000080200000, 0x0000000080200000|100%|HC|  |TAMS 0x0000000080200000, 0x0000000080100000| Complete 
|   2|0x0000000080200000, 0x0000000080300000, 0x0000000080300000|100%|HC|  |TAMS 0x0000000080300000, 0x0000000080200000| Complete 
|   3|0x0000000080300000, 0x0000000080400000, 0x0000000080400000|100%|HC|  |TAMS 0x0000000080400000, 0x0000000080300000| Complete 
|   4|0x0000000080400000, 0x0000000080500000, 0x0000000080500000|100%| O|  |TAMS 0x0000000080500000, 0x0000000080400000| Untracked 
|   5|0x0000000080500000, 0x0000000080600000, 0x0000000080600000|100%| O|  |TAMS 0x0000000080600000, 0x0000000080500000| Untracked 
|   6|0x0000000080600000, 0x0000000080700000, 0x0000000080700000|100%| O|  |TAMS 0x0000000080700000, 0x0000000080600000| Untracked 
|   7|0x0000000080700000, 0x0000000080800000, 0x0000000080800000|100%| O|  |TAMS 0x0000000080800000, 0x0000000080700000| Untracked 
|   8|0x0000000080800000, 0x0000000080900000, 0x0000000080900000|100%| O|  |TAMS 0x0000000080900000, 0x0000000080800000| Untracked 
|   9|0x0000000080900000, 0x0000000080a00000, 0x0000000080a00000|100%| O|  |TAMS 0x0000000080a00000, 0x0000000080900000| Untracked 
|  10|0x0000000080a00000, 0x0000000080b00000, 0x0000000080b00000|100%| O|  |TAMS 0x0000000080a00000, 0x0000000080a00000| Untracked 
|  11|0x0000000080b00000, 0x0000000080c00000, 0x0000000080c00000|100%| O|  |TAMS 0x0000000080c00000, 0x0000000080b00000| Untracked 
|  12|0x0000000080c00000, 0x0000000080d00000, 0x0000000080d00000|100%| O|  |TAMS 0x0000000080d00000, 0x0000000080c00000| Untracked 
|  13|0x0000000080d00000, 0x0000000080e00000, 0x0000000080e00000|100%| O|  |TAMS 0x0000000080e00000, 0x0000000080d00000| Untracked 
|  14|0x0000000080e00000, 0x0000000080f00000, 0x0000000080f00000|100%| O|  |TAMS 0x0000000080f00000, 0x0000000080e00000| Untracked 
|  15|0x0000000080f00000, 0x0000000081000000, 0x0000000081000000|100%| O|  |TAMS 0x0000000081000000, 0x0000000080f00000| Untracked 
|  16|0x0000000081000000, 0x0000000081100000, 0x0000000081100000|100%| O|  |TAMS 0x0000000081100000, 0x0000000081000000| Untracked 
|  17|0x0000000081100000, 0x0000000081200000, 0x0000000081200000|100%| O|  |TAMS 0x0000000081200000, 0x0000000081100000| Untracked 
|  18|0x0000000081200000, 0x0000000081300000, 0x0000000081300000|100%| O|  |TAMS 0x0000000081300000, 0x0000000081200000| Untracked 
|  19|0x0000000081300000, 0x0000000081400000, 0x0000000081400000|100%| O|  |TAMS 0x0000000081400000, 0x0000000081300000| Untracked 
|  20|0x0000000081400000, 0x0000000081500000, 0x0000000081500000|100%| O|  |TAMS 0x0000000081500000, 0x0000000081400000| Untracked 
|  21|0x0000000081500000, 0x0000000081600000, 0x0000000081600000|100%| O|  |TAMS 0x0000000081600000, 0x0000000081500000| Untracked 
|  22|0x0000000081600000, 0x0000000081700000, 0x0000000081700000|100%| O|  |TAMS 0x0000000081700000, 0x0000000081600000| Untracked 
|  23|0x0000000081700000, 0x0000000081800000, 0x0000000081800000|100%| O|  |TAMS 0x0000000081800000, 0x0000000081700000| Untracked 
|  24|0x0000000081800000, 0x0000000081900000, 0x0000000081900000|100%| O|  |TAMS 0x0000000081900000, 0x0000000081800000| Untracked 
|  25|0x0000000081900000, 0x0000000081a00000, 0x0000000081a00000|100%| O|  |TAMS 0x0000000081a00000, 0x0000000081900000| Untracked 
|  26|0x0000000081a00000, 0x0000000081b00000, 0x0000000081b00000|100%| O|  |TAMS 0x0000000081b00000, 0x0000000081a00000| Untracked 
|  27|0x0000000081b00000, 0x0000000081c00000, 0x0000000081c00000|100%| O|  |TAMS 0x0000000081c00000, 0x0000000081b00000| Untracked 
|  28|0x0000000081c00000, 0x0000000081d00000, 0x0000000081d00000|100%| O|  |TAMS 0x0000000081d00000, 0x0000000081c00000| Untracked 
|  29|0x0000000081d00000, 0x0000000081e00000, 0x0000000081e00000|100%| O|  |TAMS 0x0000000081e00000, 0x0000000081d00000| Untracked 
|  30|0x0000000081e00000, 0x0000000081f00000, 0x0000000081f00000|100%| O|  |TAMS 0x0000000081f00000, 0x0000000081e00000| Untracked 
|  31|0x0000000081f00000, 0x0000000082000000, 0x0000000082000000|100%| O|  |TAMS 0x0000000082000000, 0x0000000081f00000| Untracked 
|  32|0x0000000082000000, 0x0000000082100000, 0x0000000082100000|100%| O|  |TAMS 0x0000000082100000, 0x0000000082000000| Untracked 
|  33|0x0000000082100000, 0x0000000082100000, 0x0000000082200000|  0%| F|  |TAMS 0x0000000082100000, 0x0000000082100000| Untracked 
|  34|0x0000000082200000, 0x0000000082300000, 0x0000000082300000|100%| O|  |TAMS 0x0000000082300000, 0x0000000082200000| Untracked 
|  35|0x0000000082300000, 0x0000000082400000, 0x0000000082400000|100%| O|  |TAMS 0x0000000082400000, 0x0000000082300000| Untracked 
|  36|0x0000000082400000, 0x0000000082500000, 0x0000000082500000|100%| O|  |TAMS 0x0000000082500000, 0x0000000082400000| Untracked 
|  37|0x0000000082500000, 0x0000000082600000, 0x0000000082600000|100%| O|  |TAMS 0x0000000082600000, 0x0000000082500000| Untracked 
|  38|0x0000000082600000, 0x0000000082700000, 0x0000000082700000|100%| O|  |TAMS 0x0000000082700000, 0x0000000082600000| Untracked 
|  39|0x0000000082700000, 0x0000000082800000, 0x0000000082800000|100%| O|  |TAMS 0x0000000082800000, 0x0000000082700000| Untracked 
|  40|0x0000000082800000, 0x00000000828ffff8, 0x0000000082900000| 99%| O|  |TAMS 0x00000000828ffff8, 0x0000000082800000| Untracked 
|  41|0x0000000082900000, 0x0000000082a00000, 0x0000000082a00000|100%| O|  |TAMS 0x0000000082a00000, 0x0000000082900000| Untracked 
|  42|0x0000000082a00000, 0x0000000082b00000, 0x0000000082b00000|100%| O|  |TAMS 0x0000000082b00000, 0x0000000082a00000| Untracked 
|  43|0x0000000082b00000, 0x0000000082c00000, 0x0000000082c00000|100%|HS|  |TAMS 0x0000000082c00000, 0x0000000082b00000| Complete 
|  44|0x0000000082c00000, 0x0000000082d00000, 0x0000000082d00000|100%|HC|  |TAMS 0x0000000082d00000, 0x0000000082c00000| Complete 
|  45|0x0000000082d00000, 0x0000000082e00000, 0x0000000082e00000|100%|HS|  |TAMS 0x0000000082e00000, 0x0000000082d00000| Complete 
|  46|0x0000000082e00000, 0x0000000082f00000, 0x0000000082f00000|100%|HC|  |TAMS 0x0000000082f00000, 0x0000000082e00000| Complete 
|  47|0x0000000082f00000, 0x0000000083000000, 0x0000000083000000|100%|HS|  |TAMS 0x0000000083000000, 0x0000000082f00000| Complete 
|  48|0x0000000083000000, 0x0000000083100000, 0x0000000083100000|100%|HC|  |TAMS 0x0000000083100000, 0x0000000083000000| Complete 
|  49|0x0000000083100000, 0x0000000083200000, 0x0000000083200000|100%|HC|  |TAMS 0x0000000083200000, 0x0000000083100000| Complete 
|  50|0x0000000083200000, 0x0000000083300000, 0x0000000083300000|100%|HC|  |TAMS 0x0000000083300000, 0x0000000083200000| Complete 
|  51|0x0000000083300000, 0x0000000083400000, 0x0000000083400000|100%|HS|  |TAMS 0x0000000083400000, 0x0000000083300000| Complete 
|  52|0x0000000083400000, 0x0000000083500000, 0x0000000083500000|100%|HC|  |TAMS 0x0000000083500000, 0x0000000083400000| Complete 
|  53|0x0000000083500000, 0x0000000083600000, 0x0000000083600000|100%|HC|  |TAMS 0x0000000083600000, 0x0000000083500000| Complete 
|  54|0x0000000083600000, 0x0000000083700000, 0x0000000083700000|100%|HC|  |TAMS 0x0000000083700000, 0x0000000083600000| Complete 
|  55|0x0000000083700000, 0x0000000083800000, 0x0000000083800000|100%| O|  |TAMS 0x0000000083800000, 0x0000000083700000| Untracked 
|  56|0x0000000083800000, 0x0000000083900000, 0x0000000083900000|100%| O|  |TAMS 0x0000000083900000, 0x0000000083800000| Untracked 
|  57|0x0000000083900000, 0x0000000083a00000, 0x0000000083a00000|100%| O|  |TAMS 0x0000000083a00000, 0x0000000083900000| Untracked 
|  58|0x0000000083a00000, 0x0000000083b00000, 0x0000000083b00000|100%| O|  |TAMS 0x0000000083b00000, 0x0000000083a00000| Untracked 
|  59|0x0000000083b00000, 0x0000000083c00000, 0x0000000083c00000|100%| O|  |TAMS 0x0000000083c00000, 0x0000000083b00000| Untracked 
|  60|0x0000000083c00000, 0x0000000083d00000, 0x0000000083d00000|100%| O|  |TAMS 0x0000000083d00000, 0x0000000083c00000| Untracked 
|  61|0x0000000083d00000, 0x0000000083e00000, 0x0000000083e00000|100%| O|  |TAMS 0x0000000083e00000, 0x0000000083d00000| Untracked 
|  62|0x0000000083e00000, 0x0000000083f00000, 0x0000000083f00000|100%| O|  |TAMS 0x0000000083f00000, 0x0000000083e00000| Untracked 
|  63|0x0000000083f00000, 0x0000000084000000, 0x0000000084000000|100%| O|  |TAMS 0x0000000084000000, 0x0000000083f00000| Untracked 
|  64|0x0000000084000000, 0x0000000084100000, 0x0000000084100000|100%| O|  |TAMS 0x0000000084100000, 0x0000000084000000| Untracked 
|  65|0x0000000084100000, 0x0000000084200000, 0x0000000084200000|100%| O|  |TAMS 0x0000000084200000, 0x0000000084100000| Untracked 
|  66|0x0000000084200000, 0x0000000084300000, 0x0000000084300000|100%| O|  |TAMS 0x0000000084300000, 0x0000000084200000| Untracked 
|  67|0x0000000084300000, 0x0000000084400000, 0x0000000084400000|100%| O|  |TAMS 0x0000000084400000, 0x0000000084300000| Untracked 
|  68|0x0000000084400000, 0x0000000084500000, 0x0000000084500000|100%|HS|  |TAMS 0x0000000084500000, 0x0000000084400000| Complete 
|  69|0x0000000084500000, 0x0000000084600000, 0x0000000084600000|100%|HS|  |TAMS 0x0000000084600000, 0x0000000084500000| Complete 
|  70|0x0000000084600000, 0x0000000084700000, 0x0000000084700000|100%|HC|  |TAMS 0x0000000084700000, 0x0000000084600000| Complete 
|  71|0x0000000084700000, 0x0000000084800000, 0x0000000084800000|100%|HC|  |TAMS 0x0000000084800000, 0x0000000084700000| Complete 
|  72|0x0000000084800000, 0x0000000084900000, 0x0000000084900000|100%|HC|  |TAMS 0x0000000084900000, 0x0000000084800000| Complete 
|  73|0x0000000084900000, 0x0000000084a00000, 0x0000000084a00000|100%|HC|  |TAMS 0x0000000084a00000, 0x0000000084900000| Complete 
|  74|0x0000000084a00000, 0x0000000084b00000, 0x0000000084b00000|100%|HC|  |TAMS 0x0000000084b00000, 0x0000000084a00000| Complete 
|  75|0x0000000084b00000, 0x0000000084c00000, 0x0000000084c00000|100%|HS|  |TAMS 0x0000000084c00000, 0x0000000084b00000| Complete 
|  76|0x0000000084c00000, 0x0000000084d00000, 0x0000000084d00000|100%| O|  |TAMS 0x0000000084d00000, 0x0000000084c00000| Untracked 
|  77|0x0000000084d00000, 0x0000000084e00000, 0x0000000084e00000|100%| O|  |TAMS 0x0000000084e00000, 0x0000000084d00000| Untracked 
|  78|0x0000000084e00000, 0x0000000084f00000, 0x0000000084f00000|100%| O|  |TAMS 0x0000000084f00000, 0x0000000084e00000| Untracked 
|  79|0x0000000084f00000, 0x0000000085000000, 0x0000000085000000|100%| O|  |TAMS 0x0000000085000000, 0x0000000084f00000| Untracked 
|  80|0x0000000085000000, 0x0000000085100000, 0x0000000085100000|100%| O|  |TAMS 0x0000000085100000, 0x0000000085000000| Untracked 
|  81|0x0000000085100000, 0x0000000085200000, 0x0000000085200000|100%| O|  |TAMS 0x0000000085200000, 0x0000000085100000| Untracked 
|  82|0x0000000085200000, 0x0000000085300000, 0x0000000085300000|100%| O|  |TAMS 0x0000000085300000, 0x0000000085200000| Untracked 
|  83|0x0000000085300000, 0x0000000085400000, 0x0000000085400000|100%| O|  |TAMS 0x0000000085400000, 0x0000000085300000| Untracked 
|  84|0x0000000085400000, 0x0000000085500000, 0x0000000085500000|100%| O|  |TAMS 0x0000000085500000, 0x0000000085400000| Untracked 
|  85|0x0000000085500000, 0x0000000085600000, 0x0000000085600000|100%| O|  |TAMS 0x0000000085600000, 0x0000000085500000| Untracked 
|  86|0x0000000085600000, 0x0000000085700000, 0x0000000085700000|100%| O|  |TAMS 0x0000000085700000, 0x0000000085600000| Untracked 
|  87|0x0000000085700000, 0x0000000085800000, 0x0000000085800000|100%| O|  |TAMS 0x0000000085700000, 0x0000000085700000| Untracked 
|  88|0x0000000085800000, 0x0000000085900000, 0x0000000085900000|100%| O|  |TAMS 0x0000000085800000, 0x0000000085800000| Untracked 
|  89|0x0000000085900000, 0x0000000085a00000, 0x0000000085a00000|100%| O|  |TAMS 0x0000000085900000, 0x0000000085900000| Untracked 
|  90|0x0000000085a00000, 0x0000000085b00000, 0x0000000085b00000|100%| O|  |TAMS 0x0000000085b00000, 0x0000000085a00000| Untracked 
|  91|0x0000000085b00000, 0x0000000085c00000, 0x0000000085c00000|100%| O|  |TAMS 0x0000000085b00000, 0x0000000085b00000| Untracked 
|  92|0x0000000085c00000, 0x0000000085d00000, 0x0000000085d00000|100%| O|  |TAMS 0x0000000085c00000, 0x0000000085c00000| Untracked 
|  93|0x0000000085d00000, 0x0000000085e00000, 0x0000000085e00000|100%| O|  |TAMS 0x0000000085e00000, 0x0000000085d00000| Untracked 
|  94|0x0000000085e00000, 0x0000000085f00000, 0x0000000085f00000|100%| O|  |TAMS 0x0000000085f00000, 0x0000000085e00000| Untracked 
|  95|0x0000000085f00000, 0x0000000086000000, 0x0000000086000000|100%| O|  |TAMS 0x0000000085f48600, 0x0000000085f00000| Untracked 
|  96|0x0000000086000000, 0x0000000086100000, 0x0000000086100000|100%| O|  |TAMS 0x0000000086000000, 0x0000000086000000| Untracked 
|  97|0x0000000086100000, 0x0000000086200000, 0x0000000086200000|100%| O|  |TAMS 0x0000000086100000, 0x0000000086100000| Untracked 
|  98|0x0000000086200000, 0x0000000086300000, 0x0000000086300000|100%| O|  |TAMS 0x0000000086200000, 0x0000000086200000| Untracked 
|  99|0x0000000086300000, 0x0000000086400000, 0x0000000086400000|100%| O|  |TAMS 0x0000000086300000, 0x0000000086300000| Untracked 
| 100|0x0000000086400000, 0x0000000086500000, 0x0000000086500000|100%| O|  |TAMS 0x0000000086400000, 0x0000000086400000| Untracked 
| 101|0x0000000086500000, 0x0000000086600000, 0x0000000086600000|100%| O|  |TAMS 0x0000000086500000, 0x0000000086500000| Untracked 
| 102|0x0000000086600000, 0x0000000086700000, 0x0000000086700000|100%| O|  |TAMS 0x0000000086600000, 0x0000000086600000| Untracked 
| 103|0x0000000086700000, 0x0000000086800000, 0x0000000086800000|100%| O|  |TAMS 0x0000000086700000, 0x0000000086700000| Untracked 
| 104|0x0000000086800000, 0x0000000086900000, 0x0000000086900000|100%| O|  |TAMS 0x0000000086800000, 0x0000000086800000| Untracked 
| 105|0x0000000086900000, 0x0000000086a00000, 0x0000000086a00000|100%| O|  |TAMS 0x0000000086900000, 0x0000000086900000| Untracked 
| 106|0x0000000086a00000, 0x0000000086b00000, 0x0000000086b00000|100%| O|  |TAMS 0x0000000086a00000, 0x0000000086a00000| Untracked 
| 107|0x0000000086b00000, 0x0000000086c00000, 0x0000000086c00000|100%| O|  |TAMS 0x0000000086b00000, 0x0000000086b00000| Untracked 
| 108|0x0000000086c00000, 0x0000000086d00000, 0x0000000086d00000|100%| O|  |TAMS 0x0000000086c00000, 0x0000000086c00000| Untracked 
| 109|0x0000000086d00000, 0x0000000086de1a00, 0x0000000086e00000| 88%| O|  |TAMS 0x0000000086d00000, 0x0000000086d00000| Untracked 
| 110|0x0000000086e00000, 0x0000000086e00000, 0x0000000086f00000|  0%| F|  |TAMS 0x0000000086e00000, 0x0000000086e00000| Untracked 
| 111|0x0000000086f00000, 0x0000000086f00000, 0x0000000087000000|  0%| F|  |TAMS 0x0000000086f00000, 0x0000000086f00000| Untracked 
| 112|0x0000000087000000, 0x0000000087000000, 0x0000000087100000|  0%| F|  |TAMS 0x0000000087000000, 0x0000000087000000| Untracked 
| 113|0x0000000087100000, 0x0000000087100000, 0x0000000087200000|  0%| F|  |TAMS 0x0000000087100000, 0x0000000087100000| Untracked 
| 114|0x0000000087200000, 0x0000000087200000, 0x0000000087300000|  0%| F|  |TAMS 0x0000000087200000, 0x0000000087200000| Untracked 
| 115|0x0000000087300000, 0x0000000087300000, 0x0000000087400000|  0%| F|  |TAMS 0x0000000087300000, 0x0000000087300000| Untracked 
| 116|0x0000000087400000, 0x0000000087400000, 0x0000000087500000|  0%| F|  |TAMS 0x0000000087400000, 0x0000000087400000| Untracked 
| 117|0x0000000087500000, 0x0000000087500000, 0x0000000087600000|  0%| F|  |TAMS 0x0000000087500000, 0x0000000087500000| Untracked 
| 118|0x0000000087600000, 0x0000000087600000, 0x0000000087700000|  0%| F|  |TAMS 0x0000000087600000, 0x0000000087600000| Untracked 
| 119|0x0000000087700000, 0x0000000087700000, 0x0000000087800000|  0%| F|  |TAMS 0x0000000087700000, 0x0000000087700000| Untracked 
| 120|0x0000000087800000, 0x0000000087800000, 0x0000000087900000|  0%| F|  |TAMS 0x0000000087800000, 0x0000000087800000| Untracked 
| 121|0x0000000087900000, 0x0000000087900000, 0x0000000087a00000|  0%| F|  |TAMS 0x0000000087900000, 0x0000000087900000| Untracked 
| 122|0x0000000087a00000, 0x0000000087a00000, 0x0000000087b00000|  0%| F|  |TAMS 0x0000000087a00000, 0x0000000087a00000| Untracked 
| 123|0x0000000087b00000, 0x0000000087b00000, 0x0000000087c00000|  0%| F|  |TAMS 0x0000000087b00000, 0x0000000087b00000| Untracked 
| 124|0x0000000087c00000, 0x0000000087c00000, 0x0000000087d00000|  0%| F|  |TAMS 0x0000000087c00000, 0x0000000087c00000| Untracked 
| 125|0x0000000087d00000, 0x0000000087d00000, 0x0000000087e00000|  0%| F|  |TAMS 0x0000000087d00000, 0x0000000087d00000| Untracked 
| 126|0x0000000087e00000, 0x0000000087e00000, 0x0000000087f00000|  0%| F|  |TAMS 0x0000000087e00000, 0x0000000087e00000| Untracked 
| 127|0x0000000087f00000, 0x0000000087f00000, 0x0000000088000000|  0%| F|  |TAMS 0x0000000087f00000, 0x0000000087f00000| Untracked 
| 128|0x0000000088000000, 0x0000000088000000, 0x0000000088100000|  0%| F|  |TAMS 0x0000000088000000, 0x0000000088000000| Untracked 
| 129|0x0000000088100000, 0x0000000088100000, 0x0000000088200000|  0%| F|  |TAMS 0x0000000088100000, 0x0000000088100000| Untracked 
| 130|0x0000000088200000, 0x0000000088200000, 0x0000000088300000|  0%| F|  |TAMS 0x0000000088200000, 0x0000000088200000| Untracked 
| 131|0x0000000088300000, 0x0000000088300000, 0x0000000088400000|  0%| F|  |TAMS 0x0000000088300000, 0x0000000088300000| Untracked 
| 132|0x0000000088400000, 0x0000000088400000, 0x0000000088500000|  0%| F|  |TAMS 0x0000000088400000, 0x0000000088400000| Untracked 
| 133|0x0000000088500000, 0x0000000088500000, 0x0000000088600000|  0%| F|  |TAMS 0x0000000088500000, 0x0000000088500000| Untracked 
| 134|0x0000000088600000, 0x0000000088600000, 0x0000000088700000|  0%| F|  |TAMS 0x0000000088600000, 0x0000000088600000| Untracked 
| 135|0x0000000088700000, 0x0000000088700000, 0x0000000088800000|  0%| F|  |TAMS 0x0000000088700000, 0x0000000088700000| Untracked 
| 136|0x0000000088800000, 0x0000000088800000, 0x0000000088900000|  0%| F|  |TAMS 0x0000000088800000, 0x0000000088800000| Untracked 
| 137|0x0000000088900000, 0x0000000088900000, 0x0000000088a00000|  0%| F|  |TAMS 0x0000000088900000, 0x0000000088900000| Untracked 
| 138|0x0000000088a00000, 0x0000000088a00000, 0x0000000088b00000|  0%| F|  |TAMS 0x0000000088a00000, 0x0000000088a00000| Untracked 
| 139|0x0000000088b00000, 0x0000000088b00000, 0x0000000088c00000|  0%| F|  |TAMS 0x0000000088b00000, 0x0000000088b00000| Untracked 
| 140|0x0000000088c00000, 0x0000000088c00000, 0x0000000088d00000|  0%| F|  |TAMS 0x0000000088c00000, 0x0000000088c00000| Untracked 
| 141|0x0000000088d00000, 0x0000000088d00000, 0x0000000088e00000|  0%| F|  |TAMS 0x0000000088d00000, 0x0000000088d00000| Untracked 
| 142|0x0000000088e00000, 0x0000000088e00000, 0x0000000088f00000|  0%| F|  |TAMS 0x0000000088e00000, 0x0000000088e00000| Untracked 
| 143|0x0000000088f00000, 0x0000000088f00000, 0x0000000089000000|  0%| F|  |TAMS 0x0000000088f00000, 0x0000000088f00000| Untracked 
| 144|0x0000000089000000, 0x0000000089000000, 0x0000000089100000|  0%| F|  |TAMS 0x0000000089000000, 0x0000000089000000| Untracked 
| 145|0x0000000089100000, 0x0000000089100000, 0x0000000089200000|  0%| F|  |TAMS 0x0000000089100000, 0x0000000089100000| Untracked 
| 146|0x0000000089200000, 0x0000000089200000, 0x0000000089300000|  0%| F|  |TAMS 0x0000000089200000, 0x0000000089200000| Untracked 
| 147|0x0000000089300000, 0x0000000089300000, 0x0000000089400000|  0%| F|  |TAMS 0x0000000089300000, 0x0000000089300000| Untracked 
| 148|0x0000000089400000, 0x0000000089400000, 0x0000000089500000|  0%| F|  |TAMS 0x0000000089400000, 0x0000000089400000| Untracked 
| 149|0x0000000089500000, 0x0000000089500000, 0x0000000089600000|  0%| F|  |TAMS 0x0000000089500000, 0x0000000089500000| Untracked 
| 150|0x0000000089600000, 0x0000000089600000, 0x0000000089700000|  0%| F|  |TAMS 0x0000000089600000, 0x0000000089600000| Untracked 
| 151|0x0000000089700000, 0x0000000089700000, 0x0000000089800000|  0%| F|  |TAMS 0x0000000089700000, 0x0000000089700000| Untracked 
| 152|0x0000000089800000, 0x0000000089800000, 0x0000000089900000|  0%| F|  |TAMS 0x0000000089800000, 0x0000000089800000| Untracked 
| 153|0x0000000089900000, 0x0000000089900000, 0x0000000089a00000|  0%| F|  |TAMS 0x0000000089900000, 0x0000000089900000| Untracked 
| 154|0x0000000089a00000, 0x0000000089a00000, 0x0000000089b00000|  0%| F|  |TAMS 0x0000000089a00000, 0x0000000089a00000| Untracked 
| 155|0x0000000089b00000, 0x0000000089b00000, 0x0000000089c00000|  0%| F|  |TAMS 0x0000000089b00000, 0x0000000089b00000| Untracked 
| 156|0x0000000089c00000, 0x0000000089c00000, 0x0000000089d00000|  0%| F|  |TAMS 0x0000000089c00000, 0x0000000089c00000| Untracked 
| 157|0x0000000089d00000, 0x0000000089d00000, 0x0000000089e00000|  0%| F|  |TAMS 0x0000000089d00000, 0x0000000089d00000| Untracked 
| 158|0x0000000089e00000, 0x0000000089e00000, 0x0000000089f00000|  0%| F|  |TAMS 0x0000000089e00000, 0x0000000089e00000| Untracked 
| 159|0x0000000089f00000, 0x0000000089f00000, 0x000000008a000000|  0%| F|  |TAMS 0x0000000089f00000, 0x0000000089f00000| Untracked 
| 160|0x000000008a000000, 0x000000008a000000, 0x000000008a100000|  0%| F|  |TAMS 0x000000008a000000, 0x000000008a000000| Untracked 
| 161|0x000000008a100000, 0x000000008a100000, 0x000000008a200000|  0%| F|  |TAMS 0x000000008a100000, 0x000000008a100000| Untracked 
| 162|0x000000008a200000, 0x000000008a200000, 0x000000008a300000|  0%| F|  |TAMS 0x000000008a200000, 0x000000008a200000| Untracked 
| 163|0x000000008a300000, 0x000000008a300000, 0x000000008a400000|  0%| F|  |TAMS 0x000000008a300000, 0x000000008a300000| Untracked 
| 164|0x000000008a400000, 0x000000008a400000, 0x000000008a500000|  0%| F|  |TAMS 0x000000008a400000, 0x000000008a400000| Untracked 
| 165|0x000000008a500000, 0x000000008a500000, 0x000000008a600000|  0%| F|  |TAMS 0x000000008a500000, 0x000000008a500000| Untracked 
| 166|0x000000008a600000, 0x000000008a600000, 0x000000008a700000|  0%| F|  |TAMS 0x000000008a600000, 0x000000008a600000| Untracked 
| 167|0x000000008a700000, 0x000000008a700000, 0x000000008a800000|  0%| F|  |TAMS 0x000000008a700000, 0x000000008a700000| Untracked 
| 168|0x000000008a800000, 0x000000008a800000, 0x000000008a900000|  0%| F|  |TAMS 0x000000008a800000, 0x000000008a800000| Untracked 
| 169|0x000000008a900000, 0x000000008a900000, 0x000000008aa00000|  0%| F|  |TAMS 0x000000008a900000, 0x000000008a900000| Untracked 
| 170|0x000000008aa00000, 0x000000008aa00000, 0x000000008ab00000|  0%| F|  |TAMS 0x000000008aa00000, 0x000000008aa00000| Untracked 
| 171|0x000000008ab00000, 0x000000008ab00000, 0x000000008ac00000|  0%| F|  |TAMS 0x000000008ab00000, 0x000000008ab00000| Untracked 
| 172|0x000000008ac00000, 0x000000008ac00000, 0x000000008ad00000|  0%| F|  |TAMS 0x000000008ac00000, 0x000000008ac00000| Untracked 
| 173|0x000000008ad00000, 0x000000008ad00000, 0x000000008ae00000|  0%| F|  |TAMS 0x000000008ad00000, 0x000000008ad00000| Untracked 
| 174|0x000000008ae00000, 0x000000008ae00000, 0x000000008af00000|  0%| F|  |TAMS 0x000000008ae00000, 0x000000008ae00000| Untracked 
| 175|0x000000008af00000, 0x000000008af00000, 0x000000008b000000|  0%| F|  |TAMS 0x000000008af00000, 0x000000008af00000| Untracked 
| 176|0x000000008b000000, 0x000000008b000000, 0x000000008b100000|  0%| F|  |TAMS 0x000000008b000000, 0x000000008b000000| Untracked 
| 177|0x000000008b100000, 0x000000008b100000, 0x000000008b200000|  0%| F|  |TAMS 0x000000008b100000, 0x000000008b100000| Untracked 
| 178|0x000000008b200000, 0x000000008b200000, 0x000000008b300000|  0%| F|  |TAMS 0x000000008b200000, 0x000000008b200000| Untracked 
| 179|0x000000008b300000, 0x000000008b300000, 0x000000008b400000|  0%| F|  |TAMS 0x000000008b300000, 0x000000008b300000| Untracked 
| 180|0x000000008b400000, 0x000000008b400000, 0x000000008b500000|  0%| F|  |TAMS 0x000000008b400000, 0x000000008b400000| Untracked 
| 181|0x000000008b500000, 0x000000008b500000, 0x000000008b600000|  0%| F|  |TAMS 0x000000008b500000, 0x000000008b500000| Untracked 
| 182|0x000000008b600000, 0x000000008b600000, 0x000000008b700000|  0%| F|  |TAMS 0x000000008b600000, 0x000000008b600000| Untracked 
| 183|0x000000008b700000, 0x000000008b700000, 0x000000008b800000|  0%| F|  |TAMS 0x000000008b700000, 0x000000008b700000| Untracked 
| 184|0x000000008b800000, 0x000000008b800000, 0x000000008b900000|  0%| F|  |TAMS 0x000000008b800000, 0x000000008b800000| Untracked 
| 185|0x000000008b900000, 0x000000008b9aae00, 0x000000008ba00000| 66%| S|CS|TAMS 0x000000008b900000, 0x000000008b900000| Complete 
| 186|0x000000008ba00000, 0x000000008ba00000, 0x000000008bb00000|  0%| F|  |TAMS 0x000000008ba00000, 0x000000008ba00000| Untracked 
| 187|0x000000008bb00000, 0x000000008bb00000, 0x000000008bc00000|  0%| F|  |TAMS 0x000000008bb00000, 0x000000008bb00000| Untracked 
| 188|0x000000008bc00000, 0x000000008bc00000, 0x000000008bd00000|  0%| F|  |TAMS 0x000000008bc00000, 0x000000008bc00000| Untracked 
| 189|0x000000008bd00000, 0x000000008bd00000, 0x000000008be00000|  0%| F|  |TAMS 0x000000008bd00000, 0x000000008bd00000| Untracked 
| 190|0x000000008be00000, 0x000000008be00000, 0x000000008bf00000|  0%| F|  |TAMS 0x000000008be00000, 0x000000008be00000| Untracked 
| 191|0x000000008bf00000, 0x000000008bf00000, 0x000000008c000000|  0%| F|  |TAMS 0x000000008bf00000, 0x000000008bf00000| Untracked 
| 192|0x000000008c000000, 0x000000008c000000, 0x000000008c100000|  0%| F|  |TAMS 0x000000008c000000, 0x000000008c000000| Untracked 
| 193|0x000000008c100000, 0x000000008c100000, 0x000000008c200000|  0%| F|  |TAMS 0x000000008c100000, 0x000000008c100000| Untracked 
| 194|0x000000008c200000, 0x000000008c200000, 0x000000008c300000|  0%| F|  |TAMS 0x000000008c200000, 0x000000008c200000| Untracked 
| 195|0x000000008c300000, 0x000000008c300000, 0x000000008c400000|  0%| F|  |TAMS 0x000000008c300000, 0x000000008c300000| Untracked 
| 196|0x000000008c400000, 0x000000008c400000, 0x000000008c500000|  0%| F|  |TAMS 0x000000008c400000, 0x000000008c400000| Untracked 
| 197|0x000000008c500000, 0x000000008c500000, 0x000000008c600000|  0%| F|  |TAMS 0x000000008c500000, 0x000000008c500000| Untracked 
| 198|0x000000008c600000, 0x000000008c600000, 0x000000008c700000|  0%| F|  |TAMS 0x000000008c600000, 0x000000008c600000| Untracked 
| 199|0x000000008c700000, 0x000000008c700000, 0x000000008c800000|  0%| F|  |TAMS 0x000000008c700000, 0x000000008c700000| Untracked 
| 200|0x000000008c800000, 0x000000008c800000, 0x000000008c900000|  0%| F|  |TAMS 0x000000008c800000, 0x000000008c800000| Untracked 
| 201|0x000000008c900000, 0x000000008c900000, 0x000000008ca00000|  0%| F|  |TAMS 0x000000008c900000, 0x000000008c900000| Untracked 
| 202|0x000000008ca00000, 0x000000008ca00000, 0x000000008cb00000|  0%| F|  |TAMS 0x000000008ca00000, 0x000000008ca00000| Untracked 
| 203|0x000000008cb00000, 0x000000008cb00000, 0x000000008cc00000|  0%| F|  |TAMS 0x000000008cb00000, 0x000000008cb00000| Untracked 
| 204|0x000000008cc00000, 0x000000008cc00000, 0x000000008cd00000|  0%| F|  |TAMS 0x000000008cc00000, 0x000000008cc00000| Untracked 
| 205|0x000000008cd00000, 0x000000008cd00000, 0x000000008ce00000|  0%| F|  |TAMS 0x000000008cd00000, 0x000000008cd00000| Untracked 
| 206|0x000000008ce00000, 0x000000008ce00000, 0x000000008cf00000|  0%| F|  |TAMS 0x000000008ce00000, 0x000000008ce00000| Untracked 
| 207|0x000000008cf00000, 0x000000008cf00000, 0x000000008d000000|  0%| F|  |TAMS 0x000000008cf00000, 0x000000008cf00000| Untracked 
| 208|0x000000008d000000, 0x000000008d000000, 0x000000008d100000|  0%| F|  |TAMS 0x000000008d000000, 0x000000008d000000| Untracked 
| 209|0x000000008d100000, 0x000000008d100000, 0x000000008d200000|  0%| F|  |TAMS 0x000000008d100000, 0x000000008d100000| Untracked 
| 210|0x000000008d200000, 0x000000008d200000, 0x000000008d300000|  0%| F|  |TAMS 0x000000008d200000, 0x000000008d200000| Untracked 
| 211|0x000000008d300000, 0x000000008d300000, 0x000000008d400000|  0%| F|  |TAMS 0x000000008d300000, 0x000000008d300000| Untracked 
| 212|0x000000008d400000, 0x000000008d400000, 0x000000008d500000|  0%| F|  |TAMS 0x000000008d400000, 0x000000008d400000| Untracked 
| 213|0x000000008d500000, 0x000000008d500000, 0x000000008d600000|  0%| F|  |TAMS 0x000000008d500000, 0x000000008d500000| Untracked 
| 214|0x000000008d600000, 0x000000008d600000, 0x000000008d700000|  0%| F|  |TAMS 0x000000008d600000, 0x000000008d600000| Untracked 
| 215|0x000000008d700000, 0x000000008d700000, 0x000000008d800000|  0%| F|  |TAMS 0x000000008d700000, 0x000000008d700000| Untracked 
| 216|0x000000008d800000, 0x000000008d800000, 0x000000008d900000|  0%| F|  |TAMS 0x000000008d800000, 0x000000008d800000| Untracked 
| 217|0x000000008d900000, 0x000000008d900000, 0x000000008da00000|  0%| F|  |TAMS 0x000000008d900000, 0x000000008d900000| Untracked 
| 218|0x000000008da00000, 0x000000008da00000, 0x000000008db00000|  0%| F|  |TAMS 0x000000008da00000, 0x000000008da00000| Untracked 
| 219|0x000000008db00000, 0x000000008db00000, 0x000000008dc00000|  0%| F|  |TAMS 0x000000008db00000, 0x000000008db00000| Untracked 
| 220|0x000000008dc00000, 0x000000008dc00000, 0x000000008dd00000|  0%| F|  |TAMS 0x000000008dc00000, 0x000000008dc00000| Untracked 
| 221|0x000000008dd00000, 0x000000008dd00000, 0x000000008de00000|  0%| F|  |TAMS 0x000000008dd00000, 0x000000008dd00000| Untracked 
| 222|0x000000008de00000, 0x000000008de00000, 0x000000008df00000|  0%| F|  |TAMS 0x000000008de00000, 0x000000008de00000| Untracked 
| 223|0x000000008df00000, 0x000000008df00000, 0x000000008e000000|  0%| F|  |TAMS 0x000000008df00000, 0x000000008df00000| Untracked 
| 224|0x000000008e000000, 0x000000008e000000, 0x000000008e100000|  0%| F|  |TAMS 0x000000008e000000, 0x000000008e000000| Untracked 
| 225|0x000000008e100000, 0x000000008e100000, 0x000000008e200000|  0%| F|  |TAMS 0x000000008e100000, 0x000000008e100000| Untracked 
| 226|0x000000008e200000, 0x000000008e200000, 0x000000008e300000|  0%| F|  |TAMS 0x000000008e200000, 0x000000008e200000| Untracked 
| 227|0x000000008e300000, 0x000000008e300000, 0x000000008e400000|  0%| F|  |TAMS 0x000000008e300000, 0x000000008e300000| Untracked 
| 228|0x000000008e400000, 0x000000008e400000, 0x000000008e500000|  0%| F|  |TAMS 0x000000008e400000, 0x000000008e400000| Untracked 
| 229|0x000000008e500000, 0x000000008e500000, 0x000000008e600000|  0%| F|  |TAMS 0x000000008e500000, 0x000000008e500000| Untracked 
| 230|0x000000008e600000, 0x000000008e600000, 0x000000008e700000|  0%| F|  |TAMS 0x000000008e600000, 0x000000008e600000| Untracked 
| 231|0x000000008e700000, 0x000000008e700000, 0x000000008e800000|  0%| F|  |TAMS 0x000000008e700000, 0x000000008e700000| Untracked 
| 232|0x000000008e800000, 0x000000008e800000, 0x000000008e900000|  0%| F|  |TAMS 0x000000008e800000, 0x000000008e800000| Untracked 
| 233|0x000000008e900000, 0x000000008e900000, 0x000000008ea00000|  0%| F|  |TAMS 0x000000008e900000, 0x000000008e900000| Untracked 
| 234|0x000000008ea00000, 0x000000008ea00000, 0x000000008eb00000|  0%| F|  |TAMS 0x000000008ea00000, 0x000000008ea00000| Untracked 
| 235|0x000000008eb00000, 0x000000008eb00000, 0x000000008ec00000|  0%| F|  |TAMS 0x000000008eb00000, 0x000000008eb00000| Untracked 
| 236|0x000000008ec00000, 0x000000008ec00000, 0x000000008ed00000|  0%| F|  |TAMS 0x000000008ec00000, 0x000000008ec00000| Untracked 
| 237|0x000000008ed00000, 0x000000008ed00000, 0x000000008ee00000|  0%| F|  |TAMS 0x000000008ed00000, 0x000000008ed00000| Untracked 
| 238|0x000000008ee00000, 0x000000008ee00000, 0x000000008ef00000|  0%| F|  |TAMS 0x000000008ee00000, 0x000000008ee00000| Untracked 
| 239|0x000000008ef00000, 0x000000008ef00000, 0x000000008f000000|  0%| F|  |TAMS 0x000000008ef00000, 0x000000008ef00000| Untracked 
| 240|0x000000008f000000, 0x000000008f000000, 0x000000008f100000|  0%| F|  |TAMS 0x000000008f000000, 0x000000008f000000| Untracked 
| 241|0x000000008f100000, 0x000000008f100000, 0x000000008f200000|  0%| F|  |TAMS 0x000000008f100000, 0x000000008f100000| Untracked 
| 242|0x000000008f200000, 0x000000008f200000, 0x000000008f300000|  0%| F|  |TAMS 0x000000008f200000, 0x000000008f200000| Untracked 
| 243|0x000000008f300000, 0x000000008f300000, 0x000000008f400000|  0%| F|  |TAMS 0x000000008f300000, 0x000000008f300000| Untracked 
| 244|0x000000008f400000, 0x000000008f400000, 0x000000008f500000|  0%| F|  |TAMS 0x000000008f400000, 0x000000008f400000| Untracked 
| 245|0x000000008f500000, 0x000000008f500000, 0x000000008f600000|  0%| F|  |TAMS 0x000000008f500000, 0x000000008f500000| Untracked 
| 246|0x000000008f600000, 0x000000008f600000, 0x000000008f700000|  0%| F|  |TAMS 0x000000008f600000, 0x000000008f600000| Untracked 
| 247|0x000000008f700000, 0x000000008f700000, 0x000000008f800000|  0%| F|  |TAMS 0x000000008f700000, 0x000000008f700000| Untracked 
| 248|0x000000008f800000, 0x000000008f800000, 0x000000008f900000|  0%| F|  |TAMS 0x000000008f800000, 0x000000008f800000| Untracked 
| 249|0x000000008f900000, 0x000000008f900000, 0x000000008fa00000|  0%| F|  |TAMS 0x000000008f900000, 0x000000008f900000| Untracked 
| 250|0x000000008fa00000, 0x000000008fa00000, 0x000000008fb00000|  0%| F|  |TAMS 0x000000008fa00000, 0x000000008fa00000| Untracked 
| 251|0x000000008fb00000, 0x000000008fb00000, 0x000000008fc00000|  0%| F|  |TAMS 0x000000008fb00000, 0x000000008fb00000| Untracked 

Card table byte_map: [0x000002201f7e0000,0x000002201fbe0000] _byte_map_base: 0x000002201f3e0000

Marking Bits (Prev, Next): (CMBitMap*) 0x000002200d29f270, (CMBitMap*) 0x000002200d29f2b0
 Prev Bits: [0x000002201ffe0000, 0x0000022021fe0000)
 Next Bits: [0x0000022021fe0000, 0x0000022023fe0000)

Polling page: 0x000002200c220000

Metaspace:

Usage:
  Non-class:     65.30 MB used.
      Class:     10.54 MB used.
       Both:     75.85 MB used.

Virtual space:
  Non-class space:      128.00 MB reserved,      65.75 MB ( 51%) committed,  2 nodes.
      Class space:      416.00 MB reserved,      10.88 MB (  3%) committed,  1 nodes.
             Both:      544.00 MB reserved,      76.62 MB ( 14%) committed. 

Chunk freelists:
   Non-Class:  14.22 MB
       Class:  5.00 MB
        Both:  19.22 MB

MaxMetaspaceSize: 512.00 MB
CompressedClassSpaceSize: 416.00 MB
Initial GC threshold: 21.00 MB
Current GC threshold: 126.81 MB
CDS: off
MetaspaceReclaimPolicy: balanced
 - commit_granule_bytes: 65536.
 - commit_granule_words: 8192.
 - virtual_space_node_default_size: 8388608.
 - enlarge_chunks_in_place: 1.
 - new_chunks_are_fully_committed: 0.
 - uncommit_free_chunks: 1.
 - use_allocation_guard: 0.
 - handle_deallocations: 1.


Internal statistics:

num_allocs_failed_limit: 6.
num_arena_births: 992.
num_arena_deaths: 0.
num_vsnodes_births: 3.
num_vsnodes_deaths: 0.
num_space_committed: 1226.
num_space_uncommitted: 0.
num_chunks_returned_to_freelist: 6.
num_chunks_taken_from_freelist: 4067.
num_chunk_merges: 6.
num_chunk_splits: 2577.
num_chunks_enlarged: 1620.
num_inconsistent_stats: 0.

CodeHeap 'non-profiled nmethods': size=120000Kb used=5252Kb max_used=5252Kb free=114747Kb
 bounds [0x0000022017960000, 0x0000022017e90000, 0x000002201ee90000]
CodeHeap 'profiled nmethods': size=120000Kb used=16823Kb max_used=16823Kb free=103177Kb
 bounds [0x000002200fe90000, 0x0000022010f00000, 0x00000220173c0000]
CodeHeap 'non-nmethods': size=5760Kb used=2365Kb max_used=2442Kb free=3394Kb
 bounds [0x00000220173c0000, 0x0000022017640000, 0x0000022017960000]
 total_blobs=9514 nmethods=8619 adapters=807
 compilation: enabled
              stopped_count=0, restarted_count=0
 full_count=0

Compilation events (20 events):
Event: 81.031 Thread 0x0000022026dd50c0 nmethod 9438 0x0000022010eeef90 code [0x0000022010eef160, 0x0000022010eef668]
Event: 81.031 Thread 0x0000022026dd50c0 9442       3       org.jetbrains.org.objectweb.asm.tree.MethodNode::<init> (31 bytes)
Event: 81.032 Thread 0x0000022026dd50c0 nmethod 9442 0x0000022010eef810 code [0x0000022010eef9c0, 0x0000022010eefc78]
Event: 81.032 Thread 0x0000022026dd50c0 9443       3       org.jetbrains.org.objectweb.asm.tree.MethodNode::<init> (79 bytes)
Event: 81.033 Thread 0x0000022026dd50c0 nmethod 9443 0x0000022010eefd90 code [0x0000022010eeffc0, 0x0000022010ef08a8]
Event: 81.033 Thread 0x0000022026dd50c0 9444       3       org.jetbrains.org.objectweb.asm.MethodWriter::putMethodInfo (1274 bytes)
Event: 81.053 Thread 0x0000022026dd50c0 nmethod 9444 0x0000022010ef0b90 code [0x0000022010ef1240, 0x0000022010ef37f8]
Event: 81.053 Thread 0x0000022026dcc3a0 nmethod 9429 0x0000022017e7f790 code [0x0000022017e7f940, 0x0000022017e80178]
Event: 81.053 Thread 0x0000022026dd50c0 9439       3       org.jetbrains.org.objectweb.asm.ClassWriter::visitMethod (57 bytes)
Event: 81.053 Thread 0x0000022026dcc3a0 9448       4       org.jetbrains.org.objectweb.asm.ByteVector::putUTF8 (144 bytes)
Event: 81.054 Thread 0x0000022026dd50c0 nmethod 9439 0x0000022010ef4a90 code [0x0000022010ef4c40, 0x0000022010ef4fa8]
Event: 81.054 Thread 0x0000022026dd50c0 9445       3       org.jetbrains.org.objectweb.asm.MethodWriter::computeMethodInfoSize (571 bytes)
Event: 81.057 Thread 0x0000022026dd50c0 nmethod 9445 0x0000022010ef5110 code [0x0000022010ef5420, 0x0000022010ef6238]
Event: 81.057 Thread 0x0000022026dd50c0 9450       3       org.jetbrains.kotlin.incremental.classpathDiff.ClassSnapshotter$snapshotJavaClass$selectiveClassVisitor$2::invoke (16 bytes)
Event: 81.057 Thread 0x000002202d8594f0 nmethod 9247 0x0000022017e80610 code [0x0000022017e807c0, 0x0000022017e80e78]
Event: 81.058 Thread 0x000002202d8594f0 9431       4       java.lang.StringUTF16::compress (50 bytes)
Event: 81.059 Thread 0x0000022026dd50c0 nmethod 9450 0x0000022010ef6810 code [0x0000022010ef6a60, 0x0000022010ef7378]
Event: 81.059 Thread 0x0000022026dd50c0 9451       3       org.jetbrains.org.objectweb.asm.tree.MethodNode::accept (874 bytes)
Event: 81.065 Thread 0x0000022026dd50c0 nmethod 9451 0x0000022010ef7690 code [0x0000022010ef7da0, 0x0000022010efc778]
Event: 81.065 Thread 0x0000022026dd50c0 9456       3       org.jetbrains.org.objectweb.asm.ClassReader::readField (667 bytes)

GC Heap History (20 events):
Event: 72.667 GC heap after
{Heap after GC invocations=27 (full 0):
 garbage-first heap   total 128000K, used 62253K [0x0000000080000000, 0x0000000100000000)
  region size 1024K, 3 young (3072K), 3 survivors (3072K)
 Metaspace       used 66833K, committed 67456K, reserved 491520K
  class space    used 9276K, committed 9536K, reserved 425984K
}
Event: 73.454 GC heap before
{Heap before GC invocations=28 (full 0):
 garbage-first heap   total 128000K, used 98093K [0x0000000080000000, 0x0000000100000000)
  region size 1024K, 39 young (39936K), 3 survivors (3072K)
 Metaspace       used 68998K, committed 69696K, reserved 491520K
  class space    used 9556K, committed 9920K, reserved 425984K
}
Event: 73.458 GC heap after
{Heap after GC invocations=29 (full 0):
 garbage-first heap   total 128000K, used 63092K [0x0000000080000000, 0x0000000100000000)
  region size 1024K, 4 young (4096K), 4 survivors (4096K)
 Metaspace       used 68998K, committed 69696K, reserved 491520K
  class space    used 9556K, committed 9920K, reserved 425984K
}
Event: 76.714 GC heap before
{Heap before GC invocations=29 (full 0):
 garbage-first heap   total 128000K, used 99956K [0x0000000080000000, 0x0000000100000000)
  region size 1024K, 40 young (40960K), 4 survivors (4096K)
 Metaspace       used 71339K, committed 72192K, reserved 491520K
  class space    used 9900K, committed 10304K, reserved 425984K
}
Event: 76.721 GC heap after
{Heap after GC invocations=30 (full 0):
 garbage-first heap   total 128000K, used 65570K [0x0000000080000000, 0x0000000100000000)
  region size 1024K, 5 young (5120K), 5 survivors (5120K)
 Metaspace       used 71339K, committed 72192K, reserved 491520K
  class space    used 9900K, committed 10304K, reserved 425984K
}
Event: 78.269 GC heap before
{Heap before GC invocations=31 (full 0):
 garbage-first heap   total 128000K, used 101410K [0x0000000080000000, 0x0000000100000000)
  region size 1024K, 40 young (40960K), 5 survivors (5120K)
 Metaspace       used 73194K, committed 73984K, reserved 491520K
  class space    used 10154K, committed 10496K, reserved 425984K
}
Event: 78.279 GC heap after
{Heap after GC invocations=32 (full 0):
 garbage-first heap   total 128000K, used 68837K [0x0000000080000000, 0x0000000100000000)
  region size 1024K, 5 young (5120K), 5 survivors (5120K)
 Metaspace       used 73194K, committed 73984K, reserved 491520K
  class space    used 10154K, committed 10496K, reserved 425984K
}
Event: 79.950 GC heap before
{Heap before GC invocations=32 (full 0):
 garbage-first heap   total 128000K, used 102629K [0x0000000080000000, 0x0000000100000000)
  region size 1024K, 39 young (39936K), 5 survivors (5120K)
 Metaspace       used 75727K, committed 76544K, reserved 557056K
  class space    used 10609K, committed 10944K, reserved 425984K
}
Event: 79.973 GC heap after
{Heap after GC invocations=33 (full 0):
 garbage-first heap   total 128000K, used 71548K [0x0000000080000000, 0x0000000100000000)
  region size 1024K, 3 young (3072K), 3 survivors (3072K)
 Metaspace       used 75727K, committed 76544K, reserved 557056K
  class space    used 10609K, committed 10944K, reserved 425984K
}
Event: 80.528 GC heap before
{Heap before GC invocations=34 (full 0):
 garbage-first heap   total 128000K, used 111484K [0x0000000080000000, 0x0000000100000000)
  region size 1024K, 35 young (35840K), 3 survivors (3072K)
 Metaspace       used 76465K, committed 77312K, reserved 557056K
  class space    used 10692K, committed 11072K, reserved 425984K
}
Event: 80.542 GC heap after
{Heap after GC invocations=35 (full 0):
 garbage-first heap   total 128000K, used 91114K [0x0000000080000000, 0x0000000100000000)
  region size 1024K, 5 young (5120K), 5 survivors (5120K)
 Metaspace       used 76465K, committed 77312K, reserved 557056K
  class space    used 10692K, committed 11072K, reserved 425984K
}
Event: 80.551 GC heap before
{Heap before GC invocations=35 (full 0):
 garbage-first heap   total 128000K, used 91114K [0x0000000080000000, 0x0000000100000000)
  region size 1024K, 6 young (6144K), 5 survivors (5120K)
 Metaspace       used 76476K, committed 77312K, reserved 557056K
  class space    used 10694K, committed 11072K, reserved 425984K
}
Event: 80.567 GC heap after
{Heap after GC invocations=36 (full 0):
 garbage-first heap   total 128000K, used 92262K [0x0000000080000000, 0x0000000100000000)
  region size 1024K, 1 young (1024K), 1 survivors (1024K)
 Metaspace       used 76476K, committed 77312K, reserved 557056K
  class space    used 10694K, committed 11072K, reserved 425984K
}
Event: 80.665 GC heap before
{Heap before GC invocations=36 (full 0):
 garbage-first heap   total 128000K, used 105574K [0x0000000080000000, 0x0000000100000000)
  region size 1024K, 15 young (15360K), 1 survivors (1024K)
 Metaspace       used 76899K, committed 77696K, reserved 557056K
  class space    used 10734K, committed 11072K, reserved 425984K
}
Event: 80.672 GC heap after
{Heap after GC invocations=37 (full 0):
 garbage-first heap   total 128000K, used 97510K [0x0000000080000000, 0x0000000100000000)
  region size 1024K, 2 young (2048K), 2 survivors (2048K)
 Metaspace       used 76899K, committed 77696K, reserved 557056K
  class space    used 10734K, committed 11072K, reserved 425984K
}
Event: 80.792 GC heap before
{Heap before GC invocations=37 (full 0):
 garbage-first heap   total 176128K, used 105702K [0x0000000080000000, 0x0000000100000000)
  region size 1024K, 11 young (11264K), 2 survivors (2048K)
 Metaspace       used 77076K, committed 77888K, reserved 557056K
  class space    used 10747K, committed 11136K, reserved 425984K
}
Event: 80.801 GC heap after
{Heap after GC invocations=38 (full 0):
 garbage-first heap   total 176128K, used 100112K [0x0000000080000000, 0x0000000100000000)
  region size 1024K, 2 young (2048K), 2 survivors (2048K)
 Metaspace       used 77076K, committed 77888K, reserved 557056K
  class space    used 10747K, committed 11136K, reserved 425984K
}
Event: 81.038 GC heap before
{Heap before GC invocations=39 (full 0):
 garbage-first heap   total 176128K, used 131856K [0x0000000080000000, 0x0000000100000000)
  region size 1024K, 33 young (33792K), 2 survivors (2048K)
 Metaspace       used 77618K, committed 78400K, reserved 557056K
  class space    used 10790K, committed 11136K, reserved 425984K
}
Event: 81.051 GC heap after
{Heap after GC invocations=40 (full 0):
 garbage-first heap   total 176128K, used 111479K [0x0000000080000000, 0x0000000100000000)
  region size 1024K, 5 young (5120K), 5 survivors (5120K)
 Metaspace       used 77618K, committed 78400K, reserved 557056K
  class space    used 10790K, committed 11136K, reserved 425984K
}
Event: 81.068 GC heap before
{Heap before GC invocations=40 (full 0):
 garbage-first heap   total 176128K, used 114551K [0x0000000080000000, 0x0000000100000000)
  region size 1024K, 8 young (8192K), 5 survivors (5120K)
 Metaspace       used 77665K, committed 78464K, reserved 557056K
  class space    used 10794K, committed 11136K, reserved 425984K
}

Dll operation events (14 events):
Event: 0.046 Loaded shared library C:\Users\promise.okere\.vscode\extensions\redhat.java-1.30.0-win32-x64\jre\17.0.10-win32-x86_64\bin\java.dll
Event: 0.242 Loaded shared library C:\Users\promise.okere\.vscode\extensions\redhat.java-1.30.0-win32-x64\jre\17.0.10-win32-x86_64\bin\zip.dll
Event: 0.249 Loaded shared library C:\Users\promise.okere\.vscode\extensions\redhat.java-1.30.0-win32-x64\jre\17.0.10-win32-x86_64\bin\instrument.dll
Event: 0.274 Loaded shared library C:\Users\promise.okere\.vscode\extensions\redhat.java-1.30.0-win32-x64\jre\17.0.10-win32-x86_64\bin\net.dll
Event: 0.286 Loaded shared library C:\Users\promise.okere\.vscode\extensions\redhat.java-1.30.0-win32-x64\jre\17.0.10-win32-x86_64\bin\nio.dll
Event: 0.300 Loaded shared library C:\Users\promise.okere\.vscode\extensions\redhat.java-1.30.0-win32-x64\jre\17.0.10-win32-x86_64\bin\zip.dll
Event: 0.692 Loaded shared library C:\Users\promise.okere\.vscode\extensions\redhat.java-1.30.0-win32-x64\jre\17.0.10-win32-x86_64\bin\jimage.dll
Event: 0.865 Loaded shared library C:\Users\promise.okere\.vscode\extensions\redhat.java-1.30.0-win32-x64\jre\17.0.10-win32-x86_64\bin\verify.dll
Event: 1.292 Loaded shared library C:\Users\promise.okere\.gradle\native\c067742578af261105cb4f569cf0c3c89f3d7b1fecec35dd04571415982c5e48\windows-amd64\native-platform.dll
Event: 1.313 Loaded shared library C:\Users\promise.okere\.gradle\native\38dada09dfb8b06ba9b0570ebf7e218e3eb74d4ef43ca46872605cf95ebc2f47\windows-amd64\native-platform-file-events.dll
Event: 2.962 Loaded shared library C:\Users\promise.okere\.vscode\extensions\redhat.java-1.30.0-win32-x64\jre\17.0.10-win32-x86_64\bin\management.dll
Event: 2.972 Loaded shared library C:\Users\promise.okere\.vscode\extensions\redhat.java-1.30.0-win32-x64\jre\17.0.10-win32-x86_64\bin\management_ext.dll
Event: 3.381 Loaded shared library C:\Users\promise.okere\.vscode\extensions\redhat.java-1.30.0-win32-x64\jre\17.0.10-win32-x86_64\bin\extnet.dll
Event: 3.767 Loaded shared library C:\Users\promise.okere\.vscode\extensions\redhat.java-1.30.0-win32-x64\jre\17.0.10-win32-x86_64\bin\sunmscapi.dll

Deoptimization events (20 events):
Event: 81.001 Thread 0x000002202ecdb6a0 DEOPT PACKING pc=0x0000022017e68b64 sp=0x00000051aeffa880
Event: 81.001 Thread 0x000002202ecdb6a0 DEOPT UNPACKING pc=0x00000220174169a3 sp=0x00000051aeffa840 mode 2
Event: 81.011 Thread 0x000002202ecdb6a0 Uncommon trap: trap_request=0xffffff45 fr.pc=0x0000022017978334 relative=0x0000000000000334
Event: 81.011 Thread 0x000002202ecdb6a0 Uncommon trap: reason=unstable_if action=reinterpret pc=0x0000022017978334 method=java.lang.StringUTF16.compress([CI[BII)I @ 20 c2
Event: 81.011 Thread 0x000002202ecdb6a0 DEOPT PACKING pc=0x0000022017978334 sp=0x00000051aeffa4b0
Event: 81.011 Thread 0x000002202ecdb6a0 DEOPT UNPACKING pc=0x00000220174169a3 sp=0x00000051aeffa430 mode 2
Event: 81.017 Thread 0x000002202ecdb6a0 DEOPT PACKING pc=0x0000022010ee6f4d sp=0x00000051aeffa6c0
Event: 81.017 Thread 0x000002202ecdb6a0 DEOPT UNPACKING pc=0x0000022017417143 sp=0x00000051aeff9b30 mode 0
Event: 81.019 Thread 0x000002202ecdc0c0 DEOPT PACKING pc=0x0000022010ee6f4d sp=0x00000051ae8fa7d0
Event: 81.019 Thread 0x000002202ecdc0c0 DEOPT UNPACKING pc=0x0000022017417143 sp=0x00000051ae8f9c40 mode 0
Event: 81.024 Thread 0x000002202ecdc0c0 DEOPT PACKING pc=0x0000022010ee6f4d sp=0x00000051ae8fab70
Event: 81.024 Thread 0x000002202ecdc0c0 DEOPT UNPACKING pc=0x0000022017417143 sp=0x00000051ae8f9fe0 mode 0
Event: 81.027 Thread 0x000002202ecdb6a0 DEOPT PACKING pc=0x0000022010ee6f4d sp=0x00000051aeffa730
Event: 81.027 Thread 0x000002202ecdb6a0 DEOPT UNPACKING pc=0x0000022017417143 sp=0x00000051aeff9ba0 mode 0
Event: 81.030 Thread 0x000002202ecdc0c0 DEOPT PACKING pc=0x0000022010ee6f4d sp=0x00000051ae8fa910
Event: 81.030 Thread 0x000002202ecdc0c0 DEOPT UNPACKING pc=0x0000022017417143 sp=0x00000051ae8f9d80 mode 0
Event: 81.033 Thread 0x000002202ecdb6a0 DEOPT PACKING pc=0x0000022010ee6f4d sp=0x00000051aeffa730
Event: 81.033 Thread 0x000002202ecdb6a0 DEOPT UNPACKING pc=0x0000022017417143 sp=0x00000051aeff9ba0 mode 0
Event: 81.036 Thread 0x000002202ecdb6a0 DEOPT PACKING pc=0x0000022010ee6f4d sp=0x00000051aeffa6c0
Event: 81.036 Thread 0x000002202ecdb6a0 DEOPT UNPACKING pc=0x0000022017417143 sp=0x00000051aeff9b30 mode 0

Classes unloaded (0 events):
No events

Classes redefined (0 events):
No events

Internal exceptions (20 events):
Event: 78.522 Thread 0x000002202cc7bd20 Exception <a 'java/lang/NoSuchMethodError'{0x000000008b47e430}: 'java.lang.Object java.lang.invoke.DirectMethodHandle$Holder.newInvokeSpecial(java.lang.Object, java.lang.Object, java.lang.Object, java.lang.Object, java.lang.Object, java.lang.Object, int)'> (0x000000008b47e430) 
thrown [s\src\hotspot\share\interpreter\linkResolver.cpp, line 759]
Event: 78.522 Thread 0x000002202cc7bd20 Exception <a 'java/lang/NoSuchMethodError'{0x000000008b484418}: 'java.lang.Object java.lang.invoke.DirectMethodHandle$Holder.invokeSpecial(java.lang.Object, java.lang.Object, java.lang.Object, java.lang.Object, java.lang.Object, java.lang.Object, java.lang.Object, int)'> (0x000000008b484418) 
thrown [s\src\hotspot\share\interpreter\linkResolver.cpp, line 759]
Event: 78.523 Thread 0x000002202cc7bd20 Exception <a 'java/lang/NoSuchMethodError'{0x000000008b48a398}: 'java.lang.Object java.lang.invoke.Invokers$Holder.linkToTargetMethod(java.lang.Object, java.lang.Object, java.lang.Object, java.lang.Object, java.lang.Object, int, java.lang.Object)'> (0x000000008b48a398) 
thrown [s\src\hotspot\share\interpreter\linkResolver.cpp, line 759]
Event: 78.540 Thread 0x000002202d540900 Implicit null exception at 0x0000022017c0f95d to 0x0000022017c0fac8
Event: 78.540 Thread 0x000002202d540900 Implicit null exception at 0x0000022017de2d1e to 0x0000022017de3464
Event: 78.540 Thread 0x000002202d543690 Implicit null exception at 0x0000022017de2d1e to 0x0000022017de3464
Event: 78.547 Thread 0x000002202d542760 Implicit null exception at 0x0000022017b97bcb to 0x0000022017b97bf0
Event: 79.527 Thread 0x000002202cc7adf0 Exception <a 'java/lang/NoSuchMethodError'{0x00000000865039a0}: static Lorg/gradle/internal/build/event/types/DefaultTaskStartedProgressEvent;.<clinit>()V> (0x00000000865039a0) 
thrown [s\src\hotspot\share\prims\jni.cpp, line 1107]
Event: 79.528 Thread 0x000002202cc7adf0 Exception <a 'java/lang/NoSuchMethodError'{0x0000000086521960}: static Lorg/gradle/internal/build/event/types/DefaultTaskDescriptor;.<clinit>()V> (0x0000000086521960) 
thrown [s\src\hotspot\share\prims\jni.cpp, line 1107]
Event: 79.584 Thread 0x000002202d546930 Exception <a 'java/lang/NoSuchMethodError'{0x0000000086418db8}: 'void java.lang.invoke.DirectMethodHandle$Holder.invokeVirtual(java.lang.Object, java.lang.Object)'> (0x0000000086418db8) 
thrown [s\src\hotspot\share\interpreter\linkResolver.cpp, line 759]
Event: 79.622 Thread 0x000002202cc7adf0 Exception <a 'java/lang/NoSuchMethodError'{0x00000000864fd8c0}: static Lorg/gradle/internal/build/event/types/DefaultTaskFinishedProgressEvent;.<clinit>()V> (0x00000000864fd8c0) 
thrown [s\src\hotspot\share\prims\jni.cpp, line 1107]
Event: 79.625 Thread 0x000002202cc7adf0 Exception <a 'java/lang/NoSuchMethodError'{0x000000008634e818}: static Lorg/gradle/internal/build/event/types/DefaultTaskSuccessResult;.<clinit>()V> (0x000000008634e818) 
thrown [s\src\hotspot\share\prims\jni.cpp, line 1107]
Event: 79.625 Thread 0x000002202cc7adf0 Exception <a 'java/lang/NoSuchMethodError'{0x0000000086370010}: static Lorg/gradle/internal/build/event/types/AbstractTaskResult;.<clinit>()V> (0x0000000086370010) 
thrown [s\src\hotspot\share\prims\jni.cpp, line 1107]
Event: 79.628 Thread 0x000002202d546930 Exception <a 'java/lang/NoSuchMethodError'{0x000000008631ff10}: 'void java.lang.invoke.DirectMethodHandle$Holder.invokeSpecial(java.lang.Object, java.lang.Object, java.lang.Object, java.lang.Object, int, java.lang.Object, java.lang.Object)'> (0x000000008631ff10) 
thrown [s\src\hotspot\share\interpreter\linkResolver.cpp, line 759]
Event: 79.647 Thread 0x000002202d546930 Exception <a 'java/lang/NoSuchMethodError'{0x000000008622b1c8}: 'void java.lang.invoke.DirectMethodHandle$Holder.invokeInterface(java.lang.Object, java.lang.Object, java.lang.Object, java.lang.Object)'> (0x000000008622b1c8) 
thrown [s\src\hotspot\share\interpreter\linkResolver.cpp, line 759]
Event: 79.669 Thread 0x000002202d546930 Exception <a 'sun/nio/fs/WindowsException'{0x00000000862a00b0}> (0x00000000862a00b0) 
thrown [s\src\hotspot\share\prims\jni.cpp, line 516]
Event: 79.670 Thread 0x000002202d546930 Exception <a 'sun/nio/fs/WindowsException'{0x00000000862a2bf0}> (0x00000000862a2bf0) 
thrown [s\src\hotspot\share\prims\jni.cpp, line 516]
Event: 79.671 Thread 0x000002202d546930 Exception <a 'sun/nio/fs/WindowsException'{0x00000000862a5848}> (0x00000000862a5848) 
thrown [s\src\hotspot\share\prims\jni.cpp, line 516]
Event: 79.703 Thread 0x000002202d546930 Exception <a 'java/lang/NoSuchMethodError'{0x0000000086122140}: 'int java.lang.invoke.DirectMethodHandle$Holder.invokeSpecial(java.lang.Object, java.lang.Object, java.lang.Object, java.lang.Object, java.lang.Object)'> (0x0000000086122140) 
thrown [s\src\hotspot\share\interpreter\linkResolver.cpp, line 759]
Event: 79.773 Thread 0x000002202d546930 Exception <a 'java/lang/IncompatibleClassChangeError'{0x0000000086079d20}: Found class java.lang.Object, but interface was expected> (0x0000000086079d20) 
thrown [s\src\hotspot\share\interpreter\linkResolver.cpp, line 826]

VM Operations (20 events):
Event: 79.987 Executing VM operation: G1CollectForAllocation done
Event: 80.049 Executing VM operation: G1PauseRemark
Event: 80.069 Executing VM operation: G1PauseRemark done
Event: 80.107 Executing VM operation: G1PauseCleanup
Event: 80.108 Executing VM operation: G1PauseCleanup done
Event: 80.528 Executing VM operation: G1CollectForAllocation
Event: 80.543 Executing VM operation: G1CollectForAllocation done
Event: 80.551 Executing VM operation: G1CollectForAllocation
Event: 80.567 Executing VM operation: G1CollectForAllocation done
Event: 80.665 Executing VM operation: G1CollectForAllocation
Event: 80.673 Executing VM operation: G1CollectForAllocation done
Event: 80.758 Executing VM operation: G1PauseRemark
Event: 80.771 Executing VM operation: G1PauseRemark done
Event: 80.791 Executing VM operation: G1CollectForAllocation
Event: 80.801 Executing VM operation: G1CollectForAllocation done
Event: 80.836 Executing VM operation: G1PauseCleanup
Event: 80.843 Executing VM operation: G1PauseCleanup done
Event: 81.038 Executing VM operation: G1CollectForAllocation
Event: 81.051 Executing VM operation: G1CollectForAllocation done
Event: 81.067 Executing VM operation: G1CollectForAllocation

Events (20 events):
Event: 79.810 Thread 0x000002202ece0290 Thread added: 0x000002202ece0290
Event: 79.810 Thread 0x000002202ecdd500 Thread added: 0x000002202ecdd500
Event: 79.810 Thread 0x000002202ecdbbb0 Thread added: 0x000002202ecdbbb0
Event: 79.811 Thread 0x000002202ece1be0 Thread added: 0x000002202ece1be0
Event: 79.811 Thread 0x000002202ece11c0 Thread added: 0x000002202ece11c0
Event: 79.812 Thread 0x000002202ecdf360 Thread added: 0x000002202ecdf360
Event: 79.812 Thread 0x000002202ecdc5d0 Thread added: 0x000002202ecdc5d0
Event: 79.813 Thread 0x000002202ecdcff0 Thread added: 0x000002202ecdcff0
Event: 79.813 Thread 0x000002202ecddf20 Thread added: 0x000002202ecddf20
Event: 79.852 Thread 0x000002202ecdc0c0 Thread added: 0x000002202ecdc0c0
Event: 79.853 Thread 0x000002202ecdda10 Thread added: 0x000002202ecdda10
Event: 79.854 Thread 0x000002202ecda770 Thread added: 0x000002202ecda770
Event: 79.856 Thread 0x000002202ece20f0 Thread added: 0x000002202ece20f0
Event: 79.857 Thread 0x000002202ecde430 Thread added: 0x000002202ecde430
Event: 79.860 Thread 0x000002202ecdac80 Thread added: 0x000002202ecdac80
Event: 79.862 Thread 0x000002202ecde940 Thread added: 0x000002202ecde940
Event: 79.864 Thread 0x000002202ecdb6a0 Thread added: 0x000002202ecdb6a0
Event: 79.865 Thread 0x000002202ecdf870 Thread added: 0x000002202ecdf870
Event: 79.867 Thread 0x000002202ece07a0 Thread added: 0x000002202ece07a0
Event: 79.874 Thread 0x000002202ecdcae0 Thread added: 0x000002202ecdcae0


Dynamic libraries:
0x00007ff7986b0000 - 0x00007ff7986be000 	C:\Users\promise.okere\.vscode\extensions\redhat.java-1.30.0-win32-x64\jre\17.0.10-win32-x86_64\bin\java.exe
0x00007ffe0ebb0000 - 0x00007ffe0eda8000 	C:\Windows\SYSTEM32\ntdll.dll
0x00007ffe0cef0000 - 0x00007ffe0cfad000 	C:\Windows\System32\KERNEL32.DLL
0x00007ffe0c440000 - 0x00007ffe0c736000 	C:\Windows\System32\KERNELBASE.dll
0x00007ffe0c900000 - 0x00007ffe0ca00000 	C:\Windows\System32\ucrtbase.dll
0x00007ffde4f80000 - 0x00007ffde4f9b000 	C:\Users\promise.okere\.vscode\extensions\redhat.java-1.30.0-win32-x64\jre\17.0.10-win32-x86_64\bin\VCRUNTIME140.dll
0x00007ffddd740000 - 0x00007ffddd757000 	C:\Users\promise.okere\.vscode\extensions\redhat.java-1.30.0-win32-x64\jre\17.0.10-win32-x86_64\bin\jli.dll
0x00007ffe0d220000 - 0x00007ffe0d3be000 	C:\Windows\System32\USER32.dll
0x00007ffe0c740000 - 0x00007ffe0c762000 	C:\Windows\System32\win32u.dll
0x00007ffe0d580000 - 0x00007ffe0d5ac000 	C:\Windows\System32\GDI32.dll
0x00007ffe0c7e0000 - 0x00007ffe0c8fa000 	C:\Windows\System32\gdi32full.dll
0x00007ffe0cb70000 - 0x00007ffe0cc0d000 	C:\Windows\System32\msvcp_win.dll
0x00007ffdec420000 - 0x00007ffdec6ba000 	C:\Windows\WinSxS\amd64_microsoft.windows.common-controls_6595b64144ccf1df_6.0.19041.3636_none_60b6a03d71f818d5\COMCTL32.dll
0x00007ffe0cc40000 - 0x00007ffe0ccde000 	C:\Windows\System32\msvcrt.dll
0x00007ffe0e0c0000 - 0x00007ffe0e0f0000 	C:\Windows\System32\IMM32.DLL
0x00007ffde5790000 - 0x00007ffde58fb000 	C:\Windows\system32\tmumh\20019\AddOn\8.55.0.1129\TmUmEvt64.dll
0x00007ffe0de80000 - 0x00007ffe0de88000 	C:\Windows\System32\PSAPI.DLL
0x00007ffe0df60000 - 0x00007ffe0e00f000 	C:\Windows\System32\ADVAPI32.dll
0x00007ffe0dd80000 - 0x00007ffe0de1c000 	C:\Windows\System32\sechost.dll
0x00007ffe0d450000 - 0x00007ffe0d576000 	C:\Windows\System32\RPCRT4.dll
0x00000000605b0000 - 0x0000000060723000 	C:\Windows\system32\tmumh\20019\TmMon\2.9.0.1048\tmmon64.dll
0x00007ffdffd50000 - 0x00007ffdffd5c000 	C:\Users\promise.okere\.vscode\extensions\redhat.java-1.30.0-win32-x64\jre\17.0.10-win32-x86_64\bin\vcruntime140_1.dll
0x00007ffdc3f30000 - 0x00007ffdc3fbd000 	C:\Users\promise.okere\.vscode\extensions\redhat.java-1.30.0-win32-x64\jre\17.0.10-win32-x86_64\bin\msvcp140.dll
0x00007ffd4cb30000 - 0x00007ffd4d792000 	C:\Users\promise.okere\.vscode\extensions\redhat.java-1.30.0-win32-x64\jre\17.0.10-win32-x86_64\bin\server\jvm.dll
0x00007ffe0c040000 - 0x00007ffe0c08b000 	C:\Windows\SYSTEM32\POWRPROF.dll
0x00007ffdedf50000 - 0x00007ffdedf59000 	C:\Windows\SYSTEM32\WSOCK32.dll
0x00007ffe0e9e0000 - 0x00007ffe0ea4b000 	C:\Windows\System32\WS2_32.dll
0x00007ffe09a10000 - 0x00007ffe09a37000 	C:\Windows\SYSTEM32\WINMM.dll
0x00007ffdf5600000 - 0x00007ffdf560a000 	C:\Windows\SYSTEM32\VERSION.dll
0x00007ffe0bfb0000 - 0x00007ffe0bfc2000 	C:\Windows\SYSTEM32\UMPDC.dll
0x00007ffe0a120000 - 0x00007ffe0a132000 	C:\Windows\SYSTEM32\kernel.appcore.dll
0x00007ffdf3e80000 - 0x00007ffdf3e8a000 	C:\Users\promise.okere\.vscode\extensions\redhat.java-1.30.0-win32-x64\jre\17.0.10-win32-x86_64\bin\jimage.dll
0x00007ffe09780000 - 0x00007ffe09964000 	C:\Windows\SYSTEM32\DBGHELP.DLL
0x00007ffe099b0000 - 0x00007ffe099e4000 	C:\Windows\SYSTEM32\dbgcore.DLL
0x00007ffe0ca00000 - 0x00007ffe0ca82000 	C:\Windows\System32\bcryptPrimitives.dll
0x00007ffde5350000 - 0x00007ffde535e000 	C:\Users\promise.okere\.vscode\extensions\redhat.java-1.30.0-win32-x64\jre\17.0.10-win32-x86_64\bin\instrument.dll
0x00007ffdcf4a0000 - 0x00007ffdcf4c5000 	C:\Users\promise.okere\.vscode\extensions\redhat.java-1.30.0-win32-x64\jre\17.0.10-win32-x86_64\bin\java.dll
0x00007ffddd670000 - 0x00007ffddd688000 	C:\Users\promise.okere\.vscode\extensions\redhat.java-1.30.0-win32-x64\jre\17.0.10-win32-x86_64\bin\zip.dll
0x00007ffe0e0f0000 - 0x00007ffe0e834000 	C:\Windows\System32\SHELL32.dll
0x00007ffe0a140000 - 0x00007ffe0a8db000 	C:\Windows\SYSTEM32\windows.storage.dll
0x00007ffe0da20000 - 0x00007ffe0dd74000 	C:\Windows\System32\combase.dll
0x00007ffe0bb20000 - 0x00007ffe0bb4d000 	C:\Windows\SYSTEM32\Wldp.dll
0x00007ffe0e930000 - 0x00007ffe0e9dd000 	C:\Windows\System32\SHCORE.dll
0x00007ffe0d010000 - 0x00007ffe0d065000 	C:\Windows\System32\shlwapi.dll
0x00007ffe0c1c0000 - 0x00007ffe0c1e5000 	C:\Windows\SYSTEM32\profapi.dll
0x00007ffdcba70000 - 0x00007ffdcba89000 	C:\Users\promise.okere\.vscode\extensions\redhat.java-1.30.0-win32-x64\jre\17.0.10-win32-x86_64\bin\net.dll
0x00007ffe03d30000 - 0x00007ffe03e3a000 	C:\Windows\SYSTEM32\WINHTTP.dll
0x00007ffe0b900000 - 0x00007ffe0b96a000 	C:\Windows\system32\mswsock.dll
0x00007ffdcba50000 - 0x00007ffdcba66000 	C:\Users\promise.okere\.vscode\extensions\redhat.java-1.30.0-win32-x64\jre\17.0.10-win32-x86_64\bin\nio.dll
0x00007ffde20d0000 - 0x00007ffde20e0000 	C:\Users\promise.okere\.vscode\extensions\redhat.java-1.30.0-win32-x64\jre\17.0.10-win32-x86_64\bin\verify.dll
0x00007ffdcb200000 - 0x00007ffdcb227000 	C:\Users\promise.okere\.gradle\native\c067742578af261105cb4f569cf0c3c89f3d7b1fecec35dd04571415982c5e48\windows-amd64\native-platform.dll
0x00007ffdc0740000 - 0x00007ffdc0884000 	C:\Users\promise.okere\.gradle\native\38dada09dfb8b06ba9b0570ebf7e218e3eb74d4ef43ca46872605cf95ebc2f47\windows-amd64\native-platform-file-events.dll
0x00007ffe04960000 - 0x00007ffe04969000 	C:\Users\promise.okere\.vscode\extensions\redhat.java-1.30.0-win32-x64\jre\17.0.10-win32-x86_64\bin\management.dll
0x00007ffdf6790000 - 0x00007ffdf679b000 	C:\Users\promise.okere\.vscode\extensions\redhat.java-1.30.0-win32-x64\jre\17.0.10-win32-x86_64\bin\management_ext.dll
0x00007ffe0bb60000 - 0x00007ffe0bb78000 	C:\Windows\SYSTEM32\CRYPTSP.dll
0x00007ffe0b250000 - 0x00007ffe0b284000 	C:\Windows\system32\rsaenh.dll
0x00007ffe0ca90000 - 0x00007ffe0cab7000 	C:\Windows\System32\bcrypt.dll
0x00007ffe0c140000 - 0x00007ffe0c16e000 	C:\Windows\SYSTEM32\USERENV.dll
0x00007ffe0ba90000 - 0x00007ffe0ba9c000 	C:\Windows\SYSTEM32\CRYPTBASE.dll
0x00007ffe0b610000 - 0x00007ffe0b64b000 	C:\Windows\SYSTEM32\IPHLPAPI.DLL
0x00007ffe0cc30000 - 0x00007ffe0cc38000 	C:\Windows\System32\NSI.dll
0x00007ffe020b0000 - 0x00007ffe020c7000 	C:\Windows\SYSTEM32\dhcpcsvc6.DLL
0x00007ffe02010000 - 0x00007ffe0202d000 	C:\Windows\SYSTEM32\dhcpcsvc.DLL
0x00007ffe0b650000 - 0x00007ffe0b71a000 	C:\Windows\SYSTEM32\DNSAPI.dll
0x00007ffde5550000 - 0x00007ffde5559000 	C:\Users\promise.okere\.vscode\extensions\redhat.java-1.30.0-win32-x64\jre\17.0.10-win32-x86_64\bin\extnet.dll
0x00007ffde5540000 - 0x00007ffde554e000 	C:\Users\promise.okere\.vscode\extensions\redhat.java-1.30.0-win32-x64\jre\17.0.10-win32-x86_64\bin\sunmscapi.dll
0x00007ffe0c290000 - 0x00007ffe0c3ed000 	C:\Windows\System32\CRYPT32.dll
0x00007ffe0bcd0000 - 0x00007ffe0bcf7000 	C:\Windows\SYSTEM32\ncrypt.dll
0x00007ffe0bc90000 - 0x00007ffe0bccb000 	C:\Windows\SYSTEM32\NTASN1.dll
0x00007ffdee5f0000 - 0x00007ffdee5f7000 	C:\Windows\system32\wshunix.dll
0x00007ffddac90000 - 0x00007ffddaca7000 	C:\Windows\system32\napinsp.dll
0x00007ffddac70000 - 0x00007ffddac8b000 	C:\Windows\system32\pnrpnsp.dll
0x00007ffe041d0000 - 0x00007ffe041e5000 	C:\Windows\system32\wshbth.dll
0x00007ffe04840000 - 0x00007ffe0485d000 	C:\Windows\system32\NLAapi.dll
0x00007ffddac50000 - 0x00007ffddac62000 	C:\Windows\System32\winrnr.dll
0x00007ffe00b70000 - 0x00007ffe00b7a000 	C:\Windows\System32\rasadhlp.dll
0x00007ffe02a40000 - 0x00007ffe02ac0000 	C:\Windows\System32\fwpuclnt.dll

dbghelp: loaded successfully - version: 4.0.5 - missing functions: none
symbol engine: initialized successfully - sym options: 0x614 - pdb path: .;C:\Users\promise.okere\.vscode\extensions\redhat.java-1.30.0-win32-x64\jre\17.0.10-win32-x86_64\bin;C:\Windows\SYSTEM32;C:\Windows\WinSxS\amd64_microsoft.windows.common-controls_6595b64144ccf1df_6.0.19041.3636_none_60b6a03d71f818d5;C:\Windows\system32\tmumh\20019\AddOn\8.55.0.1129;C:\Windows\system32\tmumh\20019\TmMon\2.9.0.1048;C:\Users\promise.okere\.vscode\extensions\redhat.java-1.30.0-win32-x64\jre\17.0.10-win32-x86_64\bin\server;C:\Users\promise.okere\.gradle\native\c067742578af261105cb4f569cf0c3c89f3d7b1fecec35dd04571415982c5e48\windows-amd64;C:\Users\promise.okere\.gradle\native\38dada09dfb8b06ba9b0570ebf7e218e3eb74d4ef43ca46872605cf95ebc2f47\windows-amd64

VM Arguments:
jvm_args: -XX:MaxMetaspaceSize=512m --add-opens=java.base/java.util=ALL-UNNAMED --add-opens=java.base/java.lang=ALL-UNNAMED --add-opens=java.base/java.lang.invoke=ALL-UNNAMED --add-opens=java.prefs/java.util.prefs=ALL-UNNAMED --add-opens=java.base/java.nio.charset=ALL-UNNAMED --add-opens=java.base/java.net=ALL-UNNAMED --add-opens=java.base/java.util.concurrent.atomic=ALL-UNNAMED -Xmx2048m -Dfile.encoding=utf8 -Duser.country=GB -Duser.language=en -Duser.variant -javaagent:C:\Users\promise.okere\.gradle\wrapper\dists\gradle-8.6-all\3mbtmo166bl6vumsh5k2lkq5h\gradle-8.6\lib\agents\gradle-instrumentation-agent-8.6.jar 
java_command: org.gradle.launcher.daemon.bootstrap.GradleDaemon 8.6
java_class_path (initial): C:\Users\promise.okere\.gradle\wrapper\dists\gradle-8.6-all\3mbtmo166bl6vumsh5k2lkq5h\gradle-8.6\lib\gradle-launcher-8.6.jar
Launcher Type: SUN_STANDARD

[Global flags]
     intx CICompilerCount                          = 4                                         {product} {ergonomic}
   size_t CompressedClassSpaceSize                 = 436207616                                 {product} {ergonomic}
     uint ConcGCThreads                            = 3                                         {product} {ergonomic}
     uint G1ConcRefinementThreads                  = 10                                        {product} {ergonomic}
   size_t G1HeapRegionSize                         = 1048576                                   {product} {ergonomic}
    uintx GCDrainStackTargetSize                   = 64                                        {product} {ergonomic}
   size_t InitialHeapSize                          = 264241152                                 {product} {ergonomic}
   size_t MarkStackSize                            = 4194304                                   {product} {ergonomic}
   size_t MaxHeapSize                              = 2147483648                                {product} {command line}
   size_t MaxMetaspaceSize                         = 536870912                                 {product} {command line}
   size_t MaxNewSize                               = 1287651328                                {product} {ergonomic}
   size_t MinHeapDeltaBytes                        = 1048576                                   {product} {ergonomic}
   size_t MinHeapSize                              = 8388608                                   {product} {ergonomic}
    uintx NonNMethodCodeHeapSize                   = 5839372                                {pd product} {ergonomic}
    uintx NonProfiledCodeHeapSize                  = 122909434                              {pd product} {ergonomic}
    uintx ProfiledCodeHeapSize                     = 122909434                              {pd product} {ergonomic}
    uintx ReservedCodeCacheSize                    = 251658240                              {pd product} {ergonomic}
     bool SegmentedCodeCache                       = true                                      {product} {ergonomic}
   size_t SoftMaxHeapSize                          = 2147483648                             {manageable} {ergonomic}
     bool UseCompressedClassPointers               = true                           {product lp64_product} {ergonomic}
     bool UseCompressedOops                        = true                           {product lp64_product} {ergonomic}
     bool UseG1GC                                  = true                                      {product} {ergonomic}
     bool UseLargePagesIndividualAllocation        = false                                  {pd product} {ergonomic}

Logging:
Log output configuration:
 #0: stdout all=warning uptime,level,tags
 #1: stderr all=off uptime,level,tags

Environment Variables:
PATH=C:\Program Files\Common Files\Oracle\Java\javapath;C:\Windows\system32;C:\Windows;C:\Windows\System32\Wbem;C:\Windows\System32\WindowsPowerShell\v1.0\;C:\Windows\System32\OpenSSH\;environmnet variables;C:\Program Files\MySQL\MySQL Server 8.0\bin;C:\Program Files\Git\cmd;C:\Users\promise.okere\AppData\Local\Android\Sdk\platform-tools;C:\Program Files\nodejs\;C:\Program Files\MySQL\MySQL Shell 8.0\bin\;C:\Users\promise.okere\AppData\Local\Microsoft\WindowsApps;;C:\Users\promise.okere\AppData\Local\Programs\Microsoft VS Code\bin;C:\Program Files\heroku\bin;C:\Users\promise.okere\AppData\Roaming\npm
USERNAME=Promise.Okere
OS=Windows_NT
PROCESSOR_IDENTIFIER=Intel64 Family 6 Model 154 Stepping 4, GenuineIntel
TMP=C:\Users\PROMIS~1.OKE\AppData\Local\Temp
TEMP=C:\Users\PROMIS~1.OKE\AppData\Local\Temp



Periodic native trim disabled


---------------  S Y S T E M  ---------------

OS:
 Windows 10 , 64 bit Build 19041 (10.0.19041.3636)
OS uptime: 4 days 3:37 hours
Hyper-V role detected

CPU: total 12 (initial active 12) (6 cores per cpu, 2 threads per core) family 6 model 154 stepping 4 microcode 0x0, cx8, cmov, fxsr, ht, mmx, 3dnowpref, sse, sse2, sse3, ssse3, sse4.1, sse4.2, popcnt, lzcnt, tsc, tscinvbit, avx, avx2, aes, erms, clmul, bmi1, bmi2, adx, sha, fma, vzeroupper, clflush, clflushopt, clwb, hv
Processor Information for all 12 processors :
  Max Mhz: 1600, Current Mhz: 1600, Mhz Limit: 1600

Memory: 4k page, system-wide physical 16049M (1408M free)
TotalPageFile size 28337M (AvailPageFile size 25M)
current process WorkingSet (physical memory assigned to process): 374M, peak: 401M
current process commit charge ("private bytes"): 707M, peak: 728M

vm_info: OpenJDK 64-Bit Server VM (17.0.10+7) for windows-amd64 JRE (17.0.10+7), built on Jan 16 2024 23:25:11 by "admin" with MS VC++ 16.10 / 16.11 (VS2019)

END.
