#
# There is insufficient memory for the Java Runtime Environment to continue.
# Native memory allocation (malloc) failed to allocate 1139968 bytes for Chunk::new
# Possible reasons:
#   The system is out of physical RAM or swap space
#   The process is running with CompressedOops enabled, and the Java Heap may be blocking the growth of the native heap
# Possible solutions:
#   Reduce memory load on the system
#   Increase physical memory or swap space
#   Check if swap backing store is full
#   Decrease Java heap size (-Xmx/-Xms)
#   Decrease number of Java threads
#   Decrease Java thread stack sizes (-Xss)
#   Set larger code cache with -XX:ReservedCodeCacheSize=
#   JVM is running with Unscaled Compressed Oops mode in which the Java heap is
#     placed in the first 4GB address space. The Java Heap base address is the
#     maximum limit for the native heap growth. Please use -XX:HeapBaseMinAddress
#     to set the Java Heap base and to place the Java Heap above 4GB virtual address.
# This output file may be truncated or incomplete.
#
#  Out of Memory Error (arena.cpp:191), pid=17204, tid=31268
#
# JRE version: OpenJDK Runtime Environment Temurin-17.0.10+7 (17.0.10+7) (build 17.0.10+7)
# Java VM: OpenJDK 64-Bit Server VM Temurin-17.0.10+7 (17.0.10+7, mixed mode, tiered, compressed oops, compressed class ptrs, parallel gc, windows-amd64)
# No core dump will be written. Minidumps are not enabled by default on client versions of Windows
#

---------------  S U M M A R Y ------------

Command Line: --add-modules=ALL-SYSTEM --add-opens=java.base/java.util=ALL-UNNAMED --add-opens=java.base/java.lang=ALL-UNNAMED --add-opens=java.base/sun.nio.fs=ALL-UNNAMED -Declipse.application=org.eclipse.jdt.ls.core.id1 -Dosgi.bundles.defaultStartLevel=4 -Declipse.product=org.eclipse.jdt.ls.core.product -Djava.import.generatesMetadataFilesAtProjectRoot=false -DDetectVMInstallationsJob.disabled=true -Dfile.encoding=utf8 -XX:+UseParallelGC -XX:GCTimeRatio=4 -XX:AdaptiveSizePolicyWeight=90 -Dsun.zip.disableMemoryMapping=true -Xmx1G -Xms100m -Xlog:disable -javaagent:c:\Users\promise.okere\.vscode\extensions\redhat.java-1.30.0-win32-x64\lombok\lombok-1.18.32.jar -XX:+HeapDumpOnOutOfMemoryError -XX:HeapDumpPath=c:\Users\promise.okere\AppData\Roaming\Code\User\workspaceStorage\6a28a62b7e19d4048e74317d9b5b523a\redhat.java -Daether.dependencyCollector.impl=bf c:\Users\promise.okere\.vscode\extensions\redhat.java-1.30.0-win32-x64\server\plugins\org.eclipse.equinox.launcher_1.6.800.v20240330-1250.jar -configuration c:\Users\promise.okere\AppData\Roaming\Code\User\globalStorage\redhat.java\1.30.0\config_win -data c:\Users\promise.okere\AppData\Roaming\Code\User\workspaceStorage\6a28a62b7e19d4048e74317d9b5b523a\redhat.java\jdt_ws --pipe=\\.\pipe\lsp-717f318c5a8fcfb768aec9ab131949ea-sock

Host: 12th Gen Intel(R) Core(TM) i5-1245U, 12 cores, 15G,  Windows 10 , 64 bit Build 19041 (10.0.19041.3636)
Time: Mon May 27 14:49:47 2024 W. Central Africa Standard Time elapsed time: 953.204084 seconds (0d 0h 15m 53s)

---------------  T H R E A D  ---------------

Current thread (0x000001c82c123d20):  JavaThread "C2 CompilerThread0" daemon [_thread_in_native, id=31268, stack(0x0000007061e00000,0x0000007061f00000)]


Current CompileTask:
C2: 953204 9243       4       org.gradle.tooling.internal.provider.ProviderConnection$BuildProgressListenerInvokingBuildEventConsumer::dispatch (18 bytes)

Stack: [0x0000007061e00000,0x0000007061f00000]
Native frames: (J=compiled Java code, j=interpreted, Vv=VM code, C=native code)
V  [jvm.dll+0x67d2c9]
V  [jvm.dll+0x834afa]
V  [jvm.dll+0x8365be]
V  [jvm.dll+0x836c23]
V  [jvm.dll+0x2477ff]
V  [jvm.dll+0xac514]
V  [jvm.dll+0xacb5c]
V  [jvm.dll+0x3667d7]
V  [jvm.dll+0x1bcf72]
V  [jvm.dll+0x21a049]
V  [jvm.dll+0x219311]
V  [jvm.dll+0x1a502d]
V  [jvm.dll+0x2290de]
V  [jvm.dll+0x2272ac]
V  [jvm.dll+0x7e9bb7]
V  [jvm.dll+0x7e3fba]
V  [jvm.dll+0x67c1b5]
C  [ucrtbase.dll+0x21bb2]
C  [KERNEL32.DLL+0x17344]
C  [ntdll.dll+0x526b1]


---------------  P R O C E S S  ---------------

Threads class SMR info:
_java_thread_list=0x000001c82e2904c0, length=49, elements={
0x000001c813486650, 0x000001c82c0e9380, 0x000001c82c0eae70, 0x000001c8272aea40,
0x000001c82c11f400, 0x000001c82c121ce0, 0x000001c82c1225b0, 0x000001c82c123d20,
0x000001c82c128700, 0x000001c82c1310b0, 0x000001c82c220e00, 0x000001c82dbc7210,
0x000001c82e105500, 0x000001c82e26f4f0, 0x000001c82ddf08b0, 0x000001c82e3e4360,
0x000001c82e85bcb0, 0x000001c82e080350, 0x000001c82e07fe40, 0x000001c82e080860,
0x000001c82e07f930, 0x000001c82e07dfe0, 0x000001c82e07f420, 0x000001c82e07ea00,
0x000001c82e07ef10, 0x000001c83019a070, 0x000001c830195ea0, 0x000001c83019b4b0,
0x000001c830199b60, 0x000001c830197d00, 0x000001c8301963b0, 0x000001c830195990,
0x000001c830194040, 0x000001c83019aa90, 0x000001c830196dd0, 0x000001c830194550,
0x000001c8301968c0, 0x000001c830194a60, 0x000001c830199650, 0x000001c830194f70,
0x000001c830198720, 0x000001c830198c30, 0x000001c830195480, 0x000001c82e080d70,
0x000001c830ec6350, 0x000001c830ec5e40, 0x000001c830ec35c0, 0x000001c830ec3fe0,
0x000001c830ec30b0
}

Java Threads: ( => current thread )
  0x000001c813486650 JavaThread "main" [_thread_blocked, id=33400, stack(0x0000007061500000,0x0000007061600000)]
  0x000001c82c0e9380 JavaThread "Reference Handler" daemon [_thread_blocked, id=24292, stack(0x0000007061800000,0x0000007061900000)]
  0x000001c82c0eae70 JavaThread "Finalizer" daemon [_thread_blocked, id=15644, stack(0x0000007061900000,0x0000007061a00000)]
  0x000001c8272aea40 JavaThread "Signal Dispatcher" daemon [_thread_blocked, id=33272, stack(0x0000007061a00000,0x0000007061b00000)]
  0x000001c82c11f400 JavaThread "Attach Listener" daemon [_thread_blocked, id=33884, stack(0x0000007061b00000,0x0000007061c00000)]
  0x000001c82c121ce0 JavaThread "Service Thread" daemon [_thread_blocked, id=31912, stack(0x0000007061c00000,0x0000007061d00000)]
  0x000001c82c1225b0 JavaThread "Monitor Deflation Thread" daemon [_thread_blocked, id=32224, stack(0x0000007061d00000,0x0000007061e00000)]
=>0x000001c82c123d20 JavaThread "C2 CompilerThread0" daemon [_thread_in_native, id=31268, stack(0x0000007061e00000,0x0000007061f00000)]
  0x000001c82c128700 JavaThread "C1 CompilerThread0" daemon [_thread_blocked, id=4240, stack(0x0000007061f00000,0x0000007062000000)]
  0x000001c82c1310b0 JavaThread "Sweeper thread" daemon [_thread_blocked, id=27976, stack(0x0000007062000000,0x0000007062100000)]
  0x000001c82c220e00 JavaThread "Common-Cleaner" daemon [_thread_blocked, id=23272, stack(0x0000007062100000,0x0000007062200000)]
  0x000001c82dbc7210 JavaThread "Notification Thread" daemon [_thread_blocked, id=26656, stack(0x0000007062300000,0x0000007062400000)]
  0x000001c82e105500 JavaThread "Active Thread: Equinox Container: 213ae338-6e0a-4363-b44e-0d5ff3be9723" [_thread_blocked, id=21784, stack(0x0000007062b00000,0x0000007062c00000)]
  0x000001c82e26f4f0 JavaThread "Framework Event Dispatcher: Equinox Container: 213ae338-6e0a-4363-b44e-0d5ff3be9723" daemon [_thread_blocked, id=14104, stack(0x0000007062200000,0x0000007062300000)]
  0x000001c82ddf08b0 JavaThread "Start Level: Equinox Container: 213ae338-6e0a-4363-b44e-0d5ff3be9723" daemon [_thread_blocked, id=13120, stack(0x0000007062d00000,0x0000007062e00000)]
  0x000001c82e3e4360 JavaThread "Bundle File Closer" daemon [_thread_blocked, id=30440, stack(0x0000007062c00000,0x0000007062d00000)]
  0x000001c82e85bcb0 JavaThread "SCR Component Actor" daemon [_thread_blocked, id=34364, stack(0x0000007062f00000,0x0000007063000000)]
  0x000001c82e080350 JavaThread "Worker-JM" [_thread_blocked, id=21060, stack(0x0000007063400000,0x0000007063500000)]
  0x000001c82e07fe40 JavaThread "Worker-1" [_thread_blocked, id=31144, stack(0x0000007063500000,0x0000007063600000)]
  0x000001c82e080860 JavaThread "Java indexing" daemon [_thread_blocked, id=24036, stack(0x0000007063800000,0x0000007063900000)]
  0x000001c82e07f930 JavaThread "Worker-2: Initialize Workspace" [_thread_blocked, id=28692, stack(0x0000007063900000,0x0000007063a00000)]
  0x000001c82e07dfe0 JavaThread "Worker-3: Compacting resource model" [_thread_blocked, id=15688, stack(0x0000007063a00000,0x0000007063b00000)]
  0x000001c82e07f420 JavaThread "JNA Cleaner" daemon [_thread_blocked, id=30508, stack(0x0000007063b00000,0x0000007063c00000)]
  0x000001c82e07ea00 JavaThread "Thread-2" daemon [_thread_in_native, id=32420, stack(0x0000007063e00000,0x0000007063f00000)]
  0x000001c82e07ef10 JavaThread "Thread-3" daemon [_thread_in_native, id=15980, stack(0x0000007063f00000,0x0000007064000000)]
  0x000001c83019a070 JavaThread "Thread-4" daemon [_thread_in_native, id=27608, stack(0x0000007064000000,0x0000007064100000)]
  0x000001c830195ea0 JavaThread "Thread-5" daemon [_thread_in_native, id=33396, stack(0x0000007064100000,0x0000007064200000)]
  0x000001c83019b4b0 JavaThread "Thread-6" daemon [_thread_in_native, id=21332, stack(0x0000007064200000,0x0000007064300000)]
  0x000001c830199b60 JavaThread "Thread-7" daemon [_thread_in_native, id=20200, stack(0x0000007064300000,0x0000007064400000)]
  0x000001c830197d00 JavaThread "Thread-8" daemon [_thread_in_native, id=22668, stack(0x0000007064400000,0x0000007064500000)]
  0x000001c8301963b0 JavaThread "Thread-9" daemon [_thread_in_native, id=23256, stack(0x0000007064500000,0x0000007064600000)]
  0x000001c830195990 JavaThread "Thread-10" daemon [_thread_in_native, id=16368, stack(0x0000007064600000,0x0000007064700000)]
  0x000001c830194040 JavaThread "Thread-11" daemon [_thread_in_native, id=22228, stack(0x0000007064700000,0x0000007064800000)]
  0x000001c83019aa90 JavaThread "Thread-12" daemon [_thread_in_native, id=26292, stack(0x0000007064800000,0x0000007064900000)]
  0x000001c830196dd0 JavaThread "Thread-13" daemon [_thread_in_native, id=27420, stack(0x0000007064900000,0x0000007064a00000)]
  0x000001c830194550 JavaThread "Thread-14" daemon [_thread_in_native, id=19468, stack(0x0000007064a00000,0x0000007064b00000)]
  0x000001c8301968c0 JavaThread "pool-2-thread-1" [_thread_blocked, id=25240, stack(0x0000007064b00000,0x0000007064c00000)]
  0x000001c830194a60 JavaThread "WorkspaceEventsHandler" [_thread_blocked, id=32396, stack(0x0000007064c00000,0x0000007064d00000)]
  0x000001c830199650 JavaThread "pool-1-thread-1" [_thread_blocked, id=15428, stack(0x0000007064d00000,0x0000007064e00000)]
  0x000001c830194f70 JavaThread "Timer-0" [_thread_blocked, id=23196, stack(0x0000007064f00000,0x0000007065000000)]
  0x000001c830198720 JavaThread "Timer-1" [_thread_blocked, id=25564, stack(0x0000007063100000,0x0000007063200000)]
  0x000001c830198c30 JavaThread "Timer-2" [_thread_blocked, id=33704, stack(0x0000007063200000,0x0000007063300000)]
  0x000001c830195480 JavaThread "Timer-3" [_thread_blocked, id=17464, stack(0x0000007063600000,0x0000007063700000)]
  0x000001c82e080d70 JavaThread "Timer-4" [_thread_blocked, id=31692, stack(0x0000007063700000,0x0000007063800000)]
  0x000001c830ec6350 JavaThread "Worker-4" [_thread_blocked, id=32120, stack(0x0000007064e00000,0x0000007064f00000)]
  0x000001c830ec5e40 JavaThread "Timer-5" [_thread_blocked, id=3476, stack(0x0000007061200000,0x0000007061300000)]
  0x000001c830ec35c0 JavaThread "Timer-6" [_thread_blocked, id=12972, stack(0x0000007063c00000,0x0000007063d00000)]
  0x000001c830ec3fe0 JavaThread "Connection worker" [_thread_in_native, id=28756, stack(0x0000007065100000,0x0000007065200000)]
  0x000001c830ec30b0 JavaThread "pool-4-thread-1" [_thread_blocked, id=34404, stack(0x0000007065200000,0x0000007065300000)]

Other Threads:
  0x000001c82c0e7c00 VMThread "VM Thread" [stack: 0x0000007061700000,0x0000007061800000] [id=19960]
  0x000001c82dbcc310 WatcherThread [stack: 0x0000007062400000,0x0000007062500000] [id=15704]
  0x000001c81349af10 GCTaskThread "GC Thread#0" [stack: 0x0000007061600000,0x0000007061700000] [id=19276]
  0x000001c82e0498d0 GCTaskThread "GC Thread#1" [stack: 0x0000007062500000,0x0000007062600000] [id=6068]
  0x000001c82e049b90 GCTaskThread "GC Thread#2" [stack: 0x0000007062600000,0x0000007062700000] [id=32968]
  0x000001c82e3b7560 GCTaskThread "GC Thread#3" [stack: 0x0000007062700000,0x0000007062800000] [id=13652]
  0x000001c82e3b7820 GCTaskThread "GC Thread#4" [stack: 0x0000007062800000,0x0000007062900000] [id=1736]
  0x000001c82e3b7ae0 GCTaskThread "GC Thread#5" [stack: 0x0000007062900000,0x0000007062a00000] [id=14584]
  0x000001c82e3b7da0 GCTaskThread "GC Thread#6" [stack: 0x0000007062a00000,0x0000007062b00000] [id=27124]
  0x000001c82e081ea0 GCTaskThread "GC Thread#7" [stack: 0x0000007062e00000,0x0000007062f00000] [id=18128]
  0x000001c82c2886f0 GCTaskThread "GC Thread#8" [stack: 0x0000007063000000,0x0000007063100000] [id=22888]
  0x000001c82de26110 GCTaskThread "GC Thread#9" [stack: 0x0000007063300000,0x0000007063400000] [id=23216]

Threads with active compile tasks:
C2 CompilerThread0   953658 9243       4       org.gradle.tooling.internal.provider.ProviderConnection$BuildProgressListenerInvokingBuildEventConsumer::dispatch (18 bytes)

VM state: not at safepoint (normal execution)

VM Mutex/Monitor currently owned by a thread: None

Heap address: 0x00000000c0000000, size: 1024 MB, Compressed Oops mode: 32-bit

CDS archive(s) not mapped
Compressed class space mapped at: 0x0000000100000000-0x0000000140000000, reserved size: 1073741824
Narrow klass base: 0x0000000000000000, Narrow klass shift: 3, Narrow klass range: 0x140000000

GC Precious Log:
 CPUs: 12 total, 12 available
 Memory: 16049M
 Large Page Support: Disabled
 NUMA Support: Disabled
 Compressed Oops: Enabled (32-bit)
 Alignments: Space 512K, Generation 512K, Heap 2M
 Heap Min Capacity: 100M
 Heap Initial Capacity: 100M
 Heap Max Capacity: 1G
 Pre-touch: Disabled
 Parallel Workers: 10

Heap:
 PSYoungGen      total 19456K, used 4455K [0x00000000eab00000, 0x00000000ec180000, 0x0000000100000000)
  eden space 18944K, 20% used [0x00000000eab00000,0x00000000eaeddea0,0x00000000ebd80000)
  from space 512K, 96% used [0x00000000ec100000,0x00000000ec17c030,0x00000000ec180000)
  to   space 1024K, 0% used [0x00000000ebf80000,0x00000000ebf80000,0x00000000ec080000)
 ParOldGen       total 68608K, used 62126K [0x00000000c0000000, 0x00000000c4300000, 0x00000000eab00000)
  object space 68608K, 90% used [0x00000000c0000000,0x00000000c3cabbd0,0x00000000c4300000)
 Metaspace       used 73016K, committed 74112K, reserved 1114112K
  class space    used 8824K, committed 9344K, reserved 1048576K

Card table byte_map: [0x000001c812de0000,0x000001c812ff0000] _byte_map_base: 0x000001c8127e0000

Marking Bits: (ParMarkBitMap*) 0x00007ffd4d6cd7d0
 Begin Bits: [0x000001c8250b0000, 0x000001c8260b0000)
 End Bits:   [0x000001c8260b0000, 0x000001c8270b0000)

Polling page: 0x000001c812bd0000

Metaspace:

Usage:
  Non-class:     62.69 MB used.
      Class:      8.62 MB used.
       Both:     71.31 MB used.

Virtual space:
  Non-class space:       64.00 MB reserved,      63.25 MB ( 99%) committed,  1 nodes.
      Class space:        1.00 GB reserved,       9.12 MB ( <1%) committed,  1 nodes.
             Both:        1.06 GB reserved,      72.38 MB (  7%) committed. 

Chunk freelists:
   Non-Class:  352.00 KB
       Class:  6.83 MB
        Both:  7.17 MB

MaxMetaspaceSize: unlimited
CompressedClassSpaceSize: 1.00 GB
Initial GC threshold: 21.00 MB
Current GC threshold: 97.31 MB
CDS: off
MetaspaceReclaimPolicy: balanced
 - commit_granule_bytes: 65536.
 - commit_granule_words: 8192.
 - virtual_space_node_default_size: 8388608.
 - enlarge_chunks_in_place: 1.
 - new_chunks_are_fully_committed: 0.
 - uncommit_free_chunks: 1.
 - use_allocation_guard: 0.
 - handle_deallocations: 1.


Internal statistics:

num_allocs_failed_limit: 9.
num_arena_births: 784.
num_arena_deaths: 40.
num_vsnodes_births: 2.
num_vsnodes_deaths: 0.
num_space_committed: 1158.
num_space_uncommitted: 0.
num_chunks_returned_to_freelist: 54.
num_chunks_taken_from_freelist: 3504.
num_chunk_merges: 11.
num_chunk_splits: 2204.
num_chunks_enlarged: 1367.
num_inconsistent_stats: 0.

CodeHeap 'non-profiled nmethods': size=120000Kb used=6182Kb max_used=6182Kb free=113817Kb
 bounds [0x000001c81db80000, 0x000001c81e190000, 0x000001c8250b0000]
CodeHeap 'profiled nmethods': size=120000Kb used=14791Kb max_used=14791Kb free=105208Kb
 bounds [0x000001c8160b0000, 0x000001c816f30000, 0x000001c81d5e0000]
CodeHeap 'non-nmethods': size=5760Kb used=1370Kb max_used=1421Kb free=4389Kb
 bounds [0x000001c81d5e0000, 0x000001c81d850000, 0x000001c81db80000]
 total_blobs=8385 nmethods=7673 adapters=624
 compilation: enabled
              stopped_count=0, restarted_count=0
 full_count=0

Compilation events (20 events):
Event: 931.393 Thread 0x000001c82c123d20 nmethod 9233 0x000001c81e178c90 code [0x000001c81e178e00, 0x000001c81e179018]
Event: 943.117 Thread 0x000001c82c123d20 9234   !   4       java.util.concurrent.locks.AbstractQueuedSynchronizer::acquire (407 bytes)
Event: 943.146 Thread 0x000001c82c123d20 nmethod 9234 0x000001c81e179110 code [0x000001c81e179320, 0x000001c81e179e00]
Event: 944.419 Thread 0x000001c82c123d20 9235       4       java.util.TaskQueue::fixDown (108 bytes)
Event: 944.420 Thread 0x000001c82c123d20 nmethod 9235 0x000001c81e17a790 code [0x000001c81e17a900, 0x000001c81e17a9b8]
Event: 950.741 Thread 0x000001c82c123d20 9236       4       java.io.ObjectInputStream::<init> (98 bytes)
Event: 950.767 Thread 0x000001c82c123d20 nmethod 9236 0x000001c81e17aa90 code [0x000001c81e17acc0, 0x000001c81e17ba48]
Event: 950.767 Thread 0x000001c82c123d20 9237       4       java.io.ObjectInputStream::verifySubclass (47 bytes)
Event: 950.768 Thread 0x000001c82c123d20 nmethod 9237 0x000001c81e17c210 code [0x000001c81e17c3a0, 0x000001c81e17c478]
Event: 950.768 Thread 0x000001c82c123d20 9238       4       java.io.ObjectInputStream$BlockDataInputStream::<init> (79 bytes)
Event: 950.777 Thread 0x000001c82c123d20 nmethod 9238 0x000001c81e17c590 code [0x000001c81e17c740, 0x000001c81e17ce38]
Event: 950.777 Thread 0x000001c82c123d20 9239       4       java.io.ObjectInputStream$HandleTable::<init> (38 bytes)
Event: 950.781 Thread 0x000001c82c123d20 nmethod 9239 0x000001c81e17d090 code [0x000001c81e17d220, 0x000001c81e17d638]
Event: 951.374 Thread 0x000001c82c123d20 9240       4       java.util.TaskQueue::rescheduleMin (16 bytes)
Event: 951.376 Thread 0x000001c82c123d20 nmethod 9240 0x000001c81e17d790 code [0x000001c81e17d900, 0x000001c81e17d9d8]
Event: 951.417 Thread 0x000001c82c123d20 9241       4       org.eclipse.buildship.core.internal.util.progress.RateLimitingProgressMonitor$1::run (55 bytes)
Event: 951.422 Thread 0x000001c82c123d20 nmethod 9241 0x000001c81e17db10 code [0x000001c81e17dcc0, 0x000001c81e17de78]
Event: 952.546 Thread 0x000001c82c123d20 9242       4       org.gradle.tooling.internal.provider.StreamedValueConsumer::dispatch (48 bytes)
Event: 952.964 Thread 0x000001c82c123d20 nmethod 9242 0x000001c81e17e110 code [0x000001c81e17e7a0, 0x000001c81e185918]
Event: 952.964 Thread 0x000001c82c123d20 9243       4       org.gradle.tooling.internal.provider.ProviderConnection$BuildProgressListenerInvokingBuildEventConsumer::dispatch (18 bytes)

GC Heap History (20 events):
Event: 770.180 GC heap before
{Heap before GC invocations=76 (full 3):
 PSYoungGen      total 19456K, used 19200K [0x00000000eab00000, 0x00000000ec180000, 0x0000000100000000)
  eden space 18944K, 100% used [0x00000000eab00000,0x00000000ebd80000,0x00000000ebd80000)
  from space 512K, 50% used [0x00000000ec100000,0x00000000ec140000,0x00000000ec180000)
  to   space 512K, 0% used [0x00000000ec080000,0x00000000ec080000,0x00000000ec100000)
 ParOldGen       total 68608K, used 60816K [0x00000000c0000000, 0x00000000c4300000, 0x00000000eab00000)
  object space 68608K, 88% used [0x00000000c0000000,0x00000000c3b642e0,0x00000000c4300000)
 Metaspace       used 72487K, committed 73600K, reserved 1114112K
  class space    used 8764K, committed 9280K, reserved 1048576K
}
Event: 770.180 GC heap after
{Heap after GC invocations=76 (full 3):
 PSYoungGen      total 19456K, used 256K [0x00000000eab00000, 0x00000000ec180000, 0x0000000100000000)
  eden space 18944K, 0% used [0x00000000eab00000,0x00000000eab00000,0x00000000ebd80000)
  from space 512K, 50% used [0x00000000ec080000,0x00000000ec0c0000,0x00000000ec100000)
  to   space 512K, 0% used [0x00000000ec100000,0x00000000ec100000,0x00000000ec180000)
 ParOldGen       total 68608K, used 60816K [0x00000000c0000000, 0x00000000c4300000, 0x00000000eab00000)
  object space 68608K, 88% used [0x00000000c0000000,0x00000000c3b642e0,0x00000000c4300000)
 Metaspace       used 72487K, committed 73600K, reserved 1114112K
  class space    used 8764K, committed 9280K, reserved 1048576K
}
Event: 786.038 GC heap before
{Heap before GC invocations=77 (full 3):
 PSYoungGen      total 19456K, used 19200K [0x00000000eab00000, 0x00000000ec180000, 0x0000000100000000)
  eden space 18944K, 100% used [0x00000000eab00000,0x00000000ebd80000,0x00000000ebd80000)
  from space 512K, 50% used [0x00000000ec080000,0x00000000ec0c0000,0x00000000ec100000)
  to   space 512K, 0% used [0x00000000ec100000,0x00000000ec100000,0x00000000ec180000)
 ParOldGen       total 68608K, used 60816K [0x00000000c0000000, 0x00000000c4300000, 0x00000000eab00000)
  object space 68608K, 88% used [0x00000000c0000000,0x00000000c3b642e0,0x00000000c4300000)
 Metaspace       used 72489K, committed 73600K, reserved 1114112K
  class space    used 8764K, committed 9280K, reserved 1048576K
}
Event: 786.039 GC heap after
{Heap after GC invocations=77 (full 3):
 PSYoungGen      total 19456K, used 128K [0x00000000eab00000, 0x00000000ec180000, 0x0000000100000000)
  eden space 18944K, 0% used [0x00000000eab00000,0x00000000eab00000,0x00000000ebd80000)
  from space 512K, 25% used [0x00000000ec100000,0x00000000ec120000,0x00000000ec180000)
  to   space 512K, 0% used [0x00000000ec080000,0x00000000ec080000,0x00000000ec100000)
 ParOldGen       total 68608K, used 60856K [0x00000000c0000000, 0x00000000c4300000, 0x00000000eab00000)
  object space 68608K, 88% used [0x00000000c0000000,0x00000000c3b6e2e0,0x00000000c4300000)
 Metaspace       used 72489K, committed 73600K, reserved 1114112K
  class space    used 8764K, committed 9280K, reserved 1048576K
}
Event: 815.827 GC heap before
{Heap before GC invocations=78 (full 3):
 PSYoungGen      total 19456K, used 19072K [0x00000000eab00000, 0x00000000ec180000, 0x0000000100000000)
  eden space 18944K, 100% used [0x00000000eab00000,0x00000000ebd80000,0x00000000ebd80000)
  from space 512K, 25% used [0x00000000ec100000,0x00000000ec120000,0x00000000ec180000)
  to   space 512K, 0% used [0x00000000ec080000,0x00000000ec080000,0x00000000ec100000)
 ParOldGen       total 68608K, used 60856K [0x00000000c0000000, 0x00000000c4300000, 0x00000000eab00000)
  object space 68608K, 88% used [0x00000000c0000000,0x00000000c3b6e2e0,0x00000000c4300000)
 Metaspace       used 72556K, committed 73728K, reserved 1114112K
  class space    used 8771K, committed 9344K, reserved 1048576K
}
Event: 815.828 GC heap after
{Heap after GC invocations=78 (full 3):
 PSYoungGen      total 19456K, used 320K [0x00000000eab00000, 0x00000000ec180000, 0x0000000100000000)
  eden space 18944K, 0% used [0x00000000eab00000,0x00000000eab00000,0x00000000ebd80000)
  from space 512K, 62% used [0x00000000ec080000,0x00000000ec0d0000,0x00000000ec100000)
  to   space 512K, 0% used [0x00000000ec100000,0x00000000ec100000,0x00000000ec180000)
 ParOldGen       total 68608K, used 60864K [0x00000000c0000000, 0x00000000c4300000, 0x00000000eab00000)
  object space 68608K, 88% used [0x00000000c0000000,0x00000000c3b702e0,0x00000000c4300000)
 Metaspace       used 72556K, committed 73728K, reserved 1114112K
  class space    used 8771K, committed 9344K, reserved 1048576K
}
Event: 838.958 GC heap before
{Heap before GC invocations=79 (full 3):
 PSYoungGen      total 19456K, used 19264K [0x00000000eab00000, 0x00000000ec180000, 0x0000000100000000)
  eden space 18944K, 100% used [0x00000000eab00000,0x00000000ebd80000,0x00000000ebd80000)
  from space 512K, 62% used [0x00000000ec080000,0x00000000ec0d0000,0x00000000ec100000)
  to   space 512K, 0% used [0x00000000ec100000,0x00000000ec100000,0x00000000ec180000)
 ParOldGen       total 68608K, used 60864K [0x00000000c0000000, 0x00000000c4300000, 0x00000000eab00000)
  object space 68608K, 88% used [0x00000000c0000000,0x00000000c3b702e0,0x00000000c4300000)
 Metaspace       used 72673K, committed 73856K, reserved 1114112K
  class space    used 8784K, committed 9344K, reserved 1048576K
}
Event: 838.959 GC heap after
{Heap after GC invocations=79 (full 3):
 PSYoungGen      total 19456K, used 320K [0x00000000eab00000, 0x00000000ec180000, 0x0000000100000000)
  eden space 18944K, 0% used [0x00000000eab00000,0x00000000eab00000,0x00000000ebd80000)
  from space 512K, 62% used [0x00000000ec100000,0x00000000ec150000,0x00000000ec180000)
  to   space 512K, 0% used [0x00000000ec080000,0x00000000ec080000,0x00000000ec100000)
 ParOldGen       total 68608K, used 60928K [0x00000000c0000000, 0x00000000c4300000, 0x00000000eab00000)
  object space 68608K, 88% used [0x00000000c0000000,0x00000000c3b802e0,0x00000000c4300000)
 Metaspace       used 72673K, committed 73856K, reserved 1114112K
  class space    used 8784K, committed 9344K, reserved 1048576K
}
Event: 839.464 GC heap before
{Heap before GC invocations=80 (full 3):
 PSYoungGen      total 19456K, used 19264K [0x00000000eab00000, 0x00000000ec180000, 0x0000000100000000)
  eden space 18944K, 100% used [0x00000000eab00000,0x00000000ebd80000,0x00000000ebd80000)
  from space 512K, 62% used [0x00000000ec100000,0x00000000ec150000,0x00000000ec180000)
  to   space 512K, 0% used [0x00000000ec080000,0x00000000ec080000,0x00000000ec100000)
 ParOldGen       total 68608K, used 60928K [0x00000000c0000000, 0x00000000c4300000, 0x00000000eab00000)
  object space 68608K, 88% used [0x00000000c0000000,0x00000000c3b802e0,0x00000000c4300000)
 Metaspace       used 72673K, committed 73856K, reserved 1114112K
  class space    used 8784K, committed 9344K, reserved 1048576K
}
Event: 839.466 GC heap after
{Heap after GC invocations=80 (full 3):
 PSYoungGen      total 19456K, used 224K [0x00000000eab00000, 0x00000000ec180000, 0x0000000100000000)
  eden space 18944K, 0% used [0x00000000eab00000,0x00000000eab00000,0x00000000ebd80000)
  from space 512K, 43% used [0x00000000ec080000,0x00000000ec0b8000,0x00000000ec100000)
  to   space 512K, 0% used [0x00000000ec100000,0x00000000ec100000,0x00000000ec180000)
 ParOldGen       total 68608K, used 61032K [0x00000000c0000000, 0x00000000c4300000, 0x00000000eab00000)
  object space 68608K, 88% used [0x00000000c0000000,0x00000000c3b9a2e0,0x00000000c4300000)
 Metaspace       used 72673K, committed 73856K, reserved 1114112K
  class space    used 8784K, committed 9344K, reserved 1048576K
}
Event: 840.730 GC heap before
{Heap before GC invocations=81 (full 3):
 PSYoungGen      total 19456K, used 19168K [0x00000000eab00000, 0x00000000ec180000, 0x0000000100000000)
  eden space 18944K, 100% used [0x00000000eab00000,0x00000000ebd80000,0x00000000ebd80000)
  from space 512K, 43% used [0x00000000ec080000,0x00000000ec0b8000,0x00000000ec100000)
  to   space 512K, 0% used [0x00000000ec100000,0x00000000ec100000,0x00000000ec180000)
 ParOldGen       total 68608K, used 61032K [0x00000000c0000000, 0x00000000c4300000, 0x00000000eab00000)
  object space 68608K, 88% used [0x00000000c0000000,0x00000000c3b9a2e0,0x00000000c4300000)
 Metaspace       used 72673K, committed 73856K, reserved 1114112K
  class space    used 8784K, committed 9344K, reserved 1048576K
}
Event: 840.731 GC heap after
{Heap after GC invocations=81 (full 3):
 PSYoungGen      total 19456K, used 224K [0x00000000eab00000, 0x00000000ec180000, 0x0000000100000000)
  eden space 18944K, 0% used [0x00000000eab00000,0x00000000eab00000,0x00000000ebd80000)
  from space 512K, 43% used [0x00000000ec100000,0x00000000ec138000,0x00000000ec180000)
  to   space 512K, 0% used [0x00000000ec080000,0x00000000ec080000,0x00000000ec100000)
 ParOldGen       total 68608K, used 61096K [0x00000000c0000000, 0x00000000c4300000, 0x00000000eab00000)
  object space 68608K, 89% used [0x00000000c0000000,0x00000000c3baa2e0,0x00000000c4300000)
 Metaspace       used 72673K, committed 73856K, reserved 1114112K
  class space    used 8784K, committed 9344K, reserved 1048576K
}
Event: 842.465 GC heap before
{Heap before GC invocations=82 (full 3):
 PSYoungGen      total 19456K, used 19168K [0x00000000eab00000, 0x00000000ec180000, 0x0000000100000000)
  eden space 18944K, 100% used [0x00000000eab00000,0x00000000ebd80000,0x00000000ebd80000)
  from space 512K, 43% used [0x00000000ec100000,0x00000000ec138000,0x00000000ec180000)
  to   space 512K, 0% used [0x00000000ec080000,0x00000000ec080000,0x00000000ec100000)
 ParOldGen       total 68608K, used 61096K [0x00000000c0000000, 0x00000000c4300000, 0x00000000eab00000)
  object space 68608K, 89% used [0x00000000c0000000,0x00000000c3baa2e0,0x00000000c4300000)
 Metaspace       used 72673K, committed 73856K, reserved 1114112K
  class space    used 8784K, committed 9344K, reserved 1048576K
}
Event: 842.466 GC heap after
{Heap after GC invocations=82 (full 3):
 PSYoungGen      total 19456K, used 192K [0x00000000eab00000, 0x00000000ec180000, 0x0000000100000000)
  eden space 18944K, 0% used [0x00000000eab00000,0x00000000eab00000,0x00000000ebd80000)
  from space 512K, 37% used [0x00000000ec080000,0x00000000ec0b0000,0x00000000ec100000)
  to   space 512K, 0% used [0x00000000ec100000,0x00000000ec100000,0x00000000ec180000)
 ParOldGen       total 68608K, used 61096K [0x00000000c0000000, 0x00000000c4300000, 0x00000000eab00000)
  object space 68608K, 89% used [0x00000000c0000000,0x00000000c3baa2e0,0x00000000c4300000)
 Metaspace       used 72673K, committed 73856K, reserved 1114112K
  class space    used 8784K, committed 9344K, reserved 1048576K
}
Event: 843.541 GC heap before
{Heap before GC invocations=83 (full 3):
 PSYoungGen      total 19456K, used 19136K [0x00000000eab00000, 0x00000000ec180000, 0x0000000100000000)
  eden space 18944K, 100% used [0x00000000eab00000,0x00000000ebd80000,0x00000000ebd80000)
  from space 512K, 37% used [0x00000000ec080000,0x00000000ec0b0000,0x00000000ec100000)
  to   space 512K, 0% used [0x00000000ec100000,0x00000000ec100000,0x00000000ec180000)
 ParOldGen       total 68608K, used 61096K [0x00000000c0000000, 0x00000000c4300000, 0x00000000eab00000)
  object space 68608K, 89% used [0x00000000c0000000,0x00000000c3baa2e0,0x00000000c4300000)
 Metaspace       used 72673K, committed 73856K, reserved 1114112K
  class space    used 8784K, committed 9344K, reserved 1048576K
}
Event: 843.542 GC heap after
{Heap after GC invocations=83 (full 3):
 PSYoungGen      total 19456K, used 160K [0x00000000eab00000, 0x00000000ec180000, 0x0000000100000000)
  eden space 18944K, 0% used [0x00000000eab00000,0x00000000eab00000,0x00000000ebd80000)
  from space 512K, 31% used [0x00000000ec100000,0x00000000ec128000,0x00000000ec180000)
  to   space 512K, 0% used [0x00000000ec080000,0x00000000ec080000,0x00000000ec100000)
 ParOldGen       total 68608K, used 61096K [0x00000000c0000000, 0x00000000c4300000, 0x00000000eab00000)
  object space 68608K, 89% used [0x00000000c0000000,0x00000000c3baa2e0,0x00000000c4300000)
 Metaspace       used 72673K, committed 73856K, reserved 1114112K
  class space    used 8784K, committed 9344K, reserved 1048576K
}
Event: 848.459 GC heap before
{Heap before GC invocations=84 (full 3):
 PSYoungGen      total 19456K, used 19104K [0x00000000eab00000, 0x00000000ec180000, 0x0000000100000000)
  eden space 18944K, 100% used [0x00000000eab00000,0x00000000ebd80000,0x00000000ebd80000)
  from space 512K, 31% used [0x00000000ec100000,0x00000000ec128000,0x00000000ec180000)
  to   space 512K, 0% used [0x00000000ec080000,0x00000000ec080000,0x00000000ec100000)
 ParOldGen       total 68608K, used 61096K [0x00000000c0000000, 0x00000000c4300000, 0x00000000eab00000)
  object space 68608K, 89% used [0x00000000c0000000,0x00000000c3baa2e0,0x00000000c4300000)
 Metaspace       used 72919K, committed 74048K, reserved 1114112K
  class space    used 8821K, committed 9344K, reserved 1048576K
}
Event: 848.461 GC heap after
{Heap after GC invocations=84 (full 3):
 PSYoungGen      total 19456K, used 512K [0x00000000eab00000, 0x00000000ec180000, 0x0000000100000000)
  eden space 18944K, 0% used [0x00000000eab00000,0x00000000eab00000,0x00000000ebd80000)
  from space 512K, 100% used [0x00000000ec080000,0x00000000ec100000,0x00000000ec100000)
  to   space 512K, 0% used [0x00000000ec100000,0x00000000ec100000,0x00000000ec180000)
 ParOldGen       total 68608K, used 61866K [0x00000000c0000000, 0x00000000c4300000, 0x00000000eab00000)
  object space 68608K, 90% used [0x00000000c0000000,0x00000000c3c6aac8,0x00000000c4300000)
 Metaspace       used 72919K, committed 74048K, reserved 1114112K
  class space    used 8821K, committed 9344K, reserved 1048576K
}
Event: 950.364 GC heap before
{Heap before GC invocations=85 (full 3):
 PSYoungGen      total 19456K, used 19456K [0x00000000eab00000, 0x00000000ec180000, 0x0000000100000000)
  eden space 18944K, 100% used [0x00000000eab00000,0x00000000ebd80000,0x00000000ebd80000)
  from space 512K, 100% used [0x00000000ec080000,0x00000000ec100000,0x00000000ec100000)
  to   space 512K, 0% used [0x00000000ec100000,0x00000000ec100000,0x00000000ec180000)
 ParOldGen       total 68608K, used 61866K [0x00000000c0000000, 0x00000000c4300000, 0x00000000eab00000)
  object space 68608K, 90% used [0x00000000c0000000,0x00000000c3c6aac8,0x00000000c4300000)
 Metaspace       used 73016K, committed 74112K, reserved 1114112K
  class space    used 8824K, committed 9344K, reserved 1048576K
}
Event: 950.365 GC heap after
{Heap after GC invocations=85 (full 3):
 PSYoungGen      total 19456K, used 496K [0x00000000eab00000, 0x00000000ec180000, 0x0000000100000000)
  eden space 18944K, 0% used [0x00000000eab00000,0x00000000eab00000,0x00000000ebd80000)
  from space 512K, 96% used [0x00000000ec100000,0x00000000ec17c030,0x00000000ec180000)
  to   space 1024K, 0% used [0x00000000ebf80000,0x00000000ebf80000,0x00000000ec080000)
 ParOldGen       total 68608K, used 62126K [0x00000000c0000000, 0x00000000c4300000, 0x00000000eab00000)
  object space 68608K, 90% used [0x00000000c0000000,0x00000000c3cabbd0,0x00000000c4300000)
 Metaspace       used 73016K, committed 74112K, reserved 1114112K
  class space    used 8824K, committed 9344K, reserved 1048576K
}

Dll operation events (15 events):
Event: 7.821 Loaded shared library c:\Users\promise.okere\.vscode\extensions\redhat.java-1.30.0-win32-x64\jre\17.0.10-win32-x86_64\bin\java.dll
Event: 8.145 Loaded shared library c:\Users\promise.okere\.vscode\extensions\redhat.java-1.30.0-win32-x64\jre\17.0.10-win32-x86_64\bin\zip.dll
Event: 8.152 Loaded shared library C:\Users\promise.okere\.vscode\extensions\redhat.java-1.30.0-win32-x64\jre\17.0.10-win32-x86_64\bin\instrument.dll
Event: 8.190 Loaded shared library C:\Users\promise.okere\.vscode\extensions\redhat.java-1.30.0-win32-x64\jre\17.0.10-win32-x86_64\bin\net.dll
Event: 8.206 Loaded shared library C:\Users\promise.okere\.vscode\extensions\redhat.java-1.30.0-win32-x64\jre\17.0.10-win32-x86_64\bin\nio.dll
Event: 8.222 Loaded shared library C:\Users\promise.okere\.vscode\extensions\redhat.java-1.30.0-win32-x64\jre\17.0.10-win32-x86_64\bin\zip.dll
Event: 8.254 Loaded shared library C:\Users\promise.okere\.vscode\extensions\redhat.java-1.30.0-win32-x64\jre\17.0.10-win32-x86_64\bin\jimage.dll
Event: 8.391 Loaded shared library c:\Users\promise.okere\.vscode\extensions\redhat.java-1.30.0-win32-x64\jre\17.0.10-win32-x86_64\bin\verify.dll
Event: 19.502 Loaded shared library C:\Users\promise.okere\AppData\Roaming\Code\User\globalStorage\redhat.java\1.30.0\config_win\org.eclipse.equinox.launcher\org.eclipse.equinox.launcher.win32.win32.x86_64_1.2.900.v20240213-1244\eclipse_11900.dll
Event: 38.444 Loaded shared library C:\Users\promise.okere\AppData\Local\Temp\jna-882164521\jna9980863584313846542.dll
Event: 40.991 Loaded shared library C:\Users\promise.okere\.vscode\extensions\redhat.java-1.30.0-win32-x64\jre\17.0.10-win32-x86_64\bin\sunmscapi.dll
Event: 41.515 Loaded shared library C:\Users\promise.okere\.vscode\extensions\redhat.java-1.30.0-win32-x64\jre\17.0.10-win32-x86_64\bin\extnet.dll
Event: 552.573 Loaded shared library C:\Users\promise.okere\.gradle\native\c067742578af261105cb4f569cf0c3c89f3d7b1fecec35dd04571415982c5e48\windows-amd64\native-platform.dll
Event: 554.435 Loaded shared library C:\Users\promise.okere\.vscode\extensions\redhat.java-1.30.0-win32-x64\jre\17.0.10-win32-x86_64\bin\management.dll
Event: 554.465 Loaded shared library C:\Users\promise.okere\.vscode\extensions\redhat.java-1.30.0-win32-x64\jre\17.0.10-win32-x86_64\bin\management_ext.dll

Deoptimization events (20 events):
Event: 852.559 Thread 0x000001c830ec3ad0 Uncommon trap: trap_request=0xffffffde fr.pc=0x000001c81e0326b8 relative=0x0000000000000398
Event: 852.559 Thread 0x000001c830ec3ad0 Uncommon trap: reason=class_check action=maybe_recompile pc=0x000001c81e0326b8 method=java.util.regex.Pattern$Slice.match(Ljava/util/regex/Matcher;ILjava/lang/CharSequence;)Z @ 49 c2
Event: 852.559 Thread 0x000001c830ec3ad0 DEOPT PACKING pc=0x000001c81e0326b8 sp=0x00000070653fe8b0
Event: 852.559 Thread 0x000001c830ec3ad0 DEOPT UNPACKING pc=0x000001c81d6366a3 sp=0x00000070653fe838 mode 2
Event: 852.581 Thread 0x000001c830ec3fe0 Uncommon trap: trap_request=0xffffffde fr.pc=0x000001c81e0c7f3c relative=0x000000000000015c
Event: 852.581 Thread 0x000001c830ec3fe0 Uncommon trap: reason=class_check action=maybe_recompile pc=0x000001c81e0c7f3c method=org.gradle.internal.event.AbstractBroadcastDispatch.dispatch(Lorg/gradle/internal/dispatch/MethodInvocation;Lorg/gradle/internal/dispatch/Dispatch;)V @ 2 c2
Event: 852.581 Thread 0x000001c830ec3fe0 DEOPT PACKING pc=0x000001c81e0c7f3c sp=0x00000070651fe000
Event: 852.581 Thread 0x000001c830ec3fe0 DEOPT UNPACKING pc=0x000001c81d6366a3 sp=0x00000070651fdf98 mode 2
Event: 852.583 Thread 0x000001c830ec3fe0 Uncommon trap: trap_request=0xffffff54 fr.pc=0x000001c81e0ceca4 relative=0x0000000000000284
Event: 852.583 Thread 0x000001c830ec3fe0 Uncommon trap: reason=speculate_null_assert action=make_not_entrant pc=0x000001c81e0ceca4 method=sun.nio.ch.WEPollSelectorImpl.processUpdateQueue()V @ 42 c2
Event: 852.583 Thread 0x000001c830ec3fe0 DEOPT PACKING pc=0x000001c81e0ceca4 sp=0x00000070651fdf90
Event: 852.583 Thread 0x000001c830ec3fe0 DEOPT UNPACKING pc=0x000001c81d6366a3 sp=0x00000070651fdf18 mode 2
Event: 852.583 Thread 0x000001c830ec3fe0 Uncommon trap: trap_request=0xffffff45 fr.pc=0x000001c81e0d0de8 relative=0x0000000000000248
Event: 852.583 Thread 0x000001c830ec3fe0 Uncommon trap: reason=unstable_if action=reinterpret pc=0x000001c81e0d0de8 method=java.nio.channels.spi.AbstractSelector.begin()V @ 4 c2
Event: 852.583 Thread 0x000001c830ec3fe0 DEOPT PACKING pc=0x000001c81e0d0de8 sp=0x00000070651fdfa0
Event: 852.583 Thread 0x000001c830ec3fe0 DEOPT UNPACKING pc=0x000001c81d6366a3 sp=0x00000070651fdf60 mode 2
Event: 853.633 Thread 0x000001c830ec3fe0 Uncommon trap: trap_request=0xffffff45 fr.pc=0x000001c81e0dc13c relative=0x000000000000111c
Event: 853.633 Thread 0x000001c830ec3fe0 Uncommon trap: reason=unstable_if action=reinterpret pc=0x000001c81e0dc13c method=org.gradle.internal.serialize.AbstractDecoder.getInputStream()Ljava/io/InputStream; @ 4 c2
Event: 853.633 Thread 0x000001c830ec3fe0 DEOPT PACKING pc=0x000001c81e0dc13c sp=0x00000070651fe180
Event: 853.633 Thread 0x000001c830ec3fe0 DEOPT UNPACKING pc=0x000001c81d6366a3 sp=0x00000070651fe008 mode 2

Classes unloaded (20 events):
Event: 38.033 Thread 0x000001c82c0e7c00 Unloading class 0x0000000100394000 'java/lang/invoke/LambdaForm$MH+0x0000000100394000'
Event: 38.033 Thread 0x000001c82c0e7c00 Unloading class 0x0000000100393c00 'java/lang/invoke/LambdaForm$MH+0x0000000100393c00'
Event: 38.033 Thread 0x000001c82c0e7c00 Unloading class 0x0000000100393000 'java/lang/invoke/LambdaForm$MH+0x0000000100393000'
Event: 38.033 Thread 0x000001c82c0e7c00 Unloading class 0x0000000100392800 'java/lang/invoke/LambdaForm$MH+0x0000000100392800'
Event: 38.033 Thread 0x000001c82c0e7c00 Unloading class 0x0000000100392400 'java/lang/invoke/LambdaForm$DMH+0x0000000100392400'
Event: 38.033 Thread 0x000001c82c0e7c00 Unloading class 0x0000000100391800 'java/lang/invoke/LambdaForm$MH+0x0000000100391800'
Event: 38.033 Thread 0x000001c82c0e7c00 Unloading class 0x0000000100391000 'java/lang/invoke/LambdaForm$MH+0x0000000100391000'
Event: 38.033 Thread 0x000001c82c0e7c00 Unloading class 0x000000010038a400 'java/lang/invoke/LambdaForm$MH+0x000000010038a400'
Event: 38.033 Thread 0x000001c82c0e7c00 Unloading class 0x0000000100389c00 'java/lang/invoke/LambdaForm$MH+0x0000000100389c00'
Event: 38.033 Thread 0x000001c82c0e7c00 Unloading class 0x0000000100389400 'java/lang/invoke/LambdaForm$MH+0x0000000100389400'
Event: 38.033 Thread 0x000001c82c0e7c00 Unloading class 0x0000000100388400 'java/lang/invoke/LambdaForm$MH+0x0000000100388400'
Event: 38.033 Thread 0x000001c82c0e7c00 Unloading class 0x0000000100385c00 'java/lang/invoke/LambdaForm$MH+0x0000000100385c00'
Event: 38.033 Thread 0x000001c82c0e7c00 Unloading class 0x0000000100385400 'java/lang/invoke/LambdaForm$MH+0x0000000100385400'
Event: 38.033 Thread 0x000001c82c0e7c00 Unloading class 0x0000000100252400 'java/lang/invoke/LambdaForm$MH+0x0000000100252400'
Event: 38.033 Thread 0x000001c82c0e7c00 Unloading class 0x0000000100252000 'java/lang/invoke/LambdaForm$MH+0x0000000100252000'
Event: 38.033 Thread 0x000001c82c0e7c00 Unloading class 0x0000000100251c00 'java/lang/invoke/LambdaForm$MH+0x0000000100251c00'
Event: 38.033 Thread 0x000001c82c0e7c00 Unloading class 0x0000000100251800 'java/lang/invoke/LambdaForm$MH+0x0000000100251800'
Event: 38.033 Thread 0x000001c82c0e7c00 Unloading class 0x0000000100251400 'java/lang/invoke/LambdaForm$BMH+0x0000000100251400'
Event: 38.033 Thread 0x000001c82c0e7c00 Unloading class 0x0000000100251000 'java/lang/invoke/LambdaForm$DMH+0x0000000100251000'
Event: 38.033 Thread 0x000001c82c0e7c00 Unloading class 0x000000010024c400 'java/lang/invoke/LambdaForm$DMH+0x000000010024c400'

Classes redefined (0 events):
No events

Internal exceptions (20 events):
Event: 733.528 Thread 0x000001c82e07dad0 Exception <a 'java/lang/NoSuchMethodError'{0x00000000eb6f15b8}: static Lorg/gradle/internal/build/event/types/DefaultStatusEvent;.<clinit>()V> (0x00000000eb6f15b8) 
thrown [s\src\hotspot\share\prims\jni.cpp, line 1107]
Event: 739.327 Thread 0x000001c82e07dad0 Exception <a 'java/lang/NoSuchMethodError'{0x00000000eb941438}: static Lorg/gradle/internal/build/event/types/DefaultBuildPhaseDescriptor;.<clinit>()V> (0x00000000eb941438) 
thrown [s\src\hotspot\share\prims\jni.cpp, line 1107]
Event: 744.248 Thread 0x000001c82e07dad0 Exception <a 'java/lang/NoSuchMethodError'{0x00000000eabb2d20}: static Lorg/gradle/internal/build/event/types/DefaultProjectConfigurationDescriptor;.<clinit>()V> (0x00000000eabb2d20) 
thrown [s\src\hotspot\share\prims\jni.cpp, line 1107]
Event: 806.187 Thread 0x000001c82e07dad0 Exception <a 'java/lang/NoSuchMethodError'{0x00000000eb21e390}: static Lorg/gradle/internal/build/event/types/AbstractProjectConfigurationResult;.<clinit>()V> (0x00000000eb21e390) 
thrown [s\src\hotspot\share\prims\jni.cpp, line 1107]
Event: 806.188 Thread 0x000001c82e07dad0 Exception <a 'java/lang/NoSuchMethodError'{0x00000000eb22d6b8}: static Lorg/gradle/internal/build/event/types/DefaultProjectConfigurationSuccessResult;.<clinit>()V> (0x00000000eb22d6b8) 
thrown [s\src\hotspot\share\prims\jni.cpp, line 1107]
Event: 806.189 Thread 0x000001c82e07dad0 Exception <a 'java/lang/NoSuchMethodError'{0x00000000eb246378}: static Lorg/gradle/internal/build/event/types/DefaultPluginApplicationResult;.<clinit>()V> (0x00000000eb246378) 
thrown [s\src\hotspot\share\prims\jni.cpp, line 1107]
Event: 806.192 Thread 0x000001c82e07dad0 Exception <a 'java/lang/NoSuchMethodError'{0x00000000eb25f498}: static Lorg/gradle/internal/build/event/types/DefaultBinaryPluginIdentifier;.<clinit>()V> (0x00000000eb25f498) 
thrown [s\src\hotspot\share\prims\jni.cpp, line 1107]
Event: 806.195 Thread 0x000001c82e07dad0 Exception <a 'java/lang/NoSuchMethodError'{0x00000000eb27e180}: static Lorg/gradle/internal/build/event/types/DefaultScriptPluginIdentifier;.<clinit>()V> (0x00000000eb27e180) 
thrown [s\src\hotspot\share\prims\jni.cpp, line 1107]
Event: 806.196 Thread 0x000001c82e07dad0 Implicit null exception at 0x000001c81e0a9ef6 to 0x000001c81e0aa364
Event: 806.196 Thread 0x000001c82e07dad0 Implicit null exception at 0x000001c81e0b98db to 0x000001c81e0b9bbc
Event: 838.081 Thread 0x000001c82e07dad0 Exception <a 'java/lang/NoSuchMethodError'{0x00000000eb71b440}: static Lorg/gradle/internal/build/event/types/DefaultTaskStartedProgressEvent;.<clinit>()V> (0x00000000eb71b440) 
thrown [s\src\hotspot\share\prims\jni.cpp, line 1107]
Event: 838.084 Thread 0x000001c82e07dad0 Exception <a 'java/lang/NoSuchMethodError'{0x00000000eb734798}: static Lorg/gradle/internal/build/event/types/DefaultTaskDescriptor;.<clinit>()V> (0x00000000eb734798) 
thrown [s\src\hotspot\share\prims\jni.cpp, line 1107]
Event: 838.120 Thread 0x000001c82e07dad0 Exception <a 'java/lang/NoSuchMethodError'{0x00000000eb781a38}: static Lorg/gradle/internal/build/event/types/DefaultTaskFinishedProgressEvent;.<clinit>()V> (0x00000000eb781a38) 
thrown [s\src\hotspot\share\prims\jni.cpp, line 1107]
Event: 838.122 Thread 0x000001c82e07dad0 Exception <a 'java/lang/NoSuchMethodError'{0x00000000eb79b680}: static Lorg/gradle/internal/build/event/types/AbstractTaskResult;.<clinit>()V> (0x00000000eb79b680) 
thrown [s\src\hotspot\share\prims\jni.cpp, line 1107]
Event: 838.123 Thread 0x000001c82e07dad0 Exception <a 'java/lang/NoSuchMethodError'{0x00000000eb7aa458}: static Lorg/gradle/internal/build/event/types/DefaultTaskSuccessResult;.<clinit>()V> (0x00000000eb7aa458) 
thrown [s\src\hotspot\share\prims\jni.cpp, line 1107]
Event: 848.129 Thread 0x000001c82e07dad0 Exception <a 'sun/net/ConnectionResetException'{0x00000000eb715e80}: Connection reset> (0x00000000eb715e80) 
thrown [s\src\hotspot\share\prims\jni.cpp, line 535]
Event: 848.169 Thread 0x000001c82e07f930 Exception <a 'java/lang/ClassNotFoundException'{0x00000000eb862738}: sun/misc/SharedSecrets> (0x00000000eb862738) 
thrown [s\src\hotspot\share\classfile\systemDictionary.cpp, line 256]
Event: 848.338 Thread 0x000001c82e07f930 Exception <a 'java/lang/NoSuchMethodError'{0x00000000eb9ac8e8}: 'java.lang.Object java.lang.invoke.DirectMethodHandle$Holder.newInvokeSpecial(java.lang.Object, java.lang.Object, java.lang.Object, int)'> (0x00000000eb9ac8e8) 
thrown [s\src\hotspot\share\interpreter\linkResolver.cpp, line 759]
Event: 848.339 Thread 0x000001c82e07f930 Exception <a 'java/lang/NoSuchMethodError'{0x00000000eb9b0748}: 'java.lang.Object java.lang.invoke.DirectMethodHandle$Holder.invokeSpecial(java.lang.Object, java.lang.Object, java.lang.Object, java.lang.Object, int)'> (0x00000000eb9b0748) 
thrown [s\src\hotspot\share\interpreter\linkResolver.cpp, line 759]
Event: 848.339 Thread 0x000001c82e07f930 Exception <a 'java/lang/NoSuchMethodError'{0x00000000eb9b3ba8}: 'java.lang.Object java.lang.invoke.Invokers$Holder.linkToTargetMethod(java.lang.Object, java.lang.Object, int, java.lang.Object)'> (0x00000000eb9b3ba8) 
thrown [s\src\hotspot\share\interpreter\linkResolver.cpp, line 759]

VM Operations (20 events):
Event: 877.150 Executing VM operation: Cleanup
Event: 877.150 Executing VM operation: Cleanup done
Event: 881.151 Executing VM operation: Cleanup
Event: 881.151 Executing VM operation: Cleanup done
Event: 908.170 Executing VM operation: Cleanup
Event: 908.170 Executing VM operation: Cleanup done
Event: 910.330 Executing VM operation: HandshakeAllThreads
Event: 910.330 Executing VM operation: HandshakeAllThreads done
Event: 913.346 Executing VM operation: Cleanup
Event: 913.346 Executing VM operation: Cleanup done
Event: 925.353 Executing VM operation: Cleanup
Event: 925.353 Executing VM operation: Cleanup done
Event: 926.353 Executing VM operation: Cleanup
Event: 926.353 Executing VM operation: Cleanup done
Event: 928.354 Executing VM operation: Cleanup
Event: 928.354 Executing VM operation: Cleanup done
Event: 950.364 Executing VM operation: ParallelGCFailedAllocation
Event: 950.365 Executing VM operation: ParallelGCFailedAllocation done
Event: 952.366 Executing VM operation: Cleanup
Event: 952.366 Executing VM operation: Cleanup done

Events (20 events):
Event: 849.066 Thread 0x000001c830ec1c70 Thread added: 0x000001c830ec1c70
Event: 849.068 Thread 0x000001c830ec1c70 Thread exited: 0x000001c830ec1c70
Event: 849.256 Thread 0x000001c830ec4f10 Thread added: 0x000001c830ec4f10
Event: 849.256 Thread 0x000001c830ec4f10 Thread exited: 0x000001c830ec4f10
Event: 849.334 loading class java/util/concurrent/ConcurrentLinkedQueue$Itr
Event: 849.335 loading class java/util/concurrent/ConcurrentLinkedQueue$Itr done
Event: 849.348 Thread 0x000001c830ec0320 Thread added: 0x000001c830ec0320
Event: 849.349 Thread 0x000001c830ec0320 Thread exited: 0x000001c830ec0320
Event: 849.499 Thread 0x000001c830ec0320 Thread added: 0x000001c830ec0320
Event: 849.500 Thread 0x000001c830ec0320 Thread exited: 0x000001c830ec0320
Event: 849.562 loading class java/security/DigestInputStream
Event: 849.562 loading class java/security/DigestInputStream done
Event: 852.560 Thread 0x000001c830ec3ad0 Thread exited: 0x000001c830ec3ad0
Event: 852.560 Thread 0x000001c830ec44f0 Thread exited: 0x000001c830ec44f0
Event: 852.769 Thread 0x000001c830ec3ad0 Thread added: 0x000001c830ec3ad0
Event: 852.769 Thread 0x000001c830ec1250 Thread added: 0x000001c830ec1250
Event: 852.769 Thread 0x000001c830ec3ad0 Thread exited: 0x000001c830ec3ad0
Event: 859.032 Thread 0x000001c830ec4a00 Thread exited: 0x000001c830ec4a00
Event: 909.661 Thread 0x000001c830ebfe10 Thread exited: 0x000001c830ebfe10
Event: 912.785 Thread 0x000001c830ec1250 Thread exited: 0x000001c830ec1250


Dynamic libraries:
0x00007ff7986b0000 - 0x00007ff7986be000 	c:\Users\promise.okere\.vscode\extensions\redhat.java-1.30.0-win32-x64\jre\17.0.10-win32-x86_64\bin\java.exe
0x00007ffe0ebb0000 - 0x00007ffe0eda8000 	C:\Windows\SYSTEM32\ntdll.dll
0x00007ffe0cef0000 - 0x00007ffe0cfad000 	C:\Windows\System32\KERNEL32.DLL
0x00007ffe0c440000 - 0x00007ffe0c736000 	C:\Windows\System32\KERNELBASE.dll
0x00007ffe0c900000 - 0x00007ffe0ca00000 	C:\Windows\System32\ucrtbase.dll
0x00007ffddd740000 - 0x00007ffddd757000 	c:\Users\promise.okere\.vscode\extensions\redhat.java-1.30.0-win32-x64\jre\17.0.10-win32-x86_64\bin\jli.dll
0x00007ffe0d220000 - 0x00007ffe0d3be000 	C:\Windows\System32\USER32.dll
0x00007ffe0c740000 - 0x00007ffe0c762000 	C:\Windows\System32\win32u.dll
0x00007ffe0d580000 - 0x00007ffe0d5ac000 	C:\Windows\System32\GDI32.dll
0x00007ffde4f80000 - 0x00007ffde4f9b000 	c:\Users\promise.okere\.vscode\extensions\redhat.java-1.30.0-win32-x64\jre\17.0.10-win32-x86_64\bin\VCRUNTIME140.dll
0x00007ffe0c7e0000 - 0x00007ffe0c8fa000 	C:\Windows\System32\gdi32full.dll
0x00007ffe0cb70000 - 0x00007ffe0cc0d000 	C:\Windows\System32\msvcp_win.dll
0x00007ffdec420000 - 0x00007ffdec6ba000 	C:\Windows\WinSxS\amd64_microsoft.windows.common-controls_6595b64144ccf1df_6.0.19041.3636_none_60b6a03d71f818d5\COMCTL32.dll
0x00007ffe0cc40000 - 0x00007ffe0ccde000 	C:\Windows\System32\msvcrt.dll
0x00007ffe0e0c0000 - 0x00007ffe0e0f0000 	C:\Windows\System32\IMM32.DLL
0x00007ffde5790000 - 0x00007ffde58fb000 	C:\Windows\system32\tmumh\20019\AddOn\8.55.0.1129\TmUmEvt64.dll
0x00007ffe0de80000 - 0x00007ffe0de88000 	C:\Windows\System32\PSAPI.DLL
0x00007ffe0df60000 - 0x00007ffe0e00f000 	C:\Windows\System32\ADVAPI32.dll
0x00007ffe0dd80000 - 0x00007ffe0de1c000 	C:\Windows\System32\sechost.dll
0x00007ffe0d450000 - 0x00007ffe0d576000 	C:\Windows\System32\RPCRT4.dll
0x00000000605b0000 - 0x0000000060723000 	C:\Windows\system32\tmumh\20019\TmMon\2.9.0.1048\tmmon64.dll
0x00007ffdffd50000 - 0x00007ffdffd5c000 	c:\Users\promise.okere\.vscode\extensions\redhat.java-1.30.0-win32-x64\jre\17.0.10-win32-x86_64\bin\vcruntime140_1.dll
0x00007ffdc3f30000 - 0x00007ffdc3fbd000 	c:\Users\promise.okere\.vscode\extensions\redhat.java-1.30.0-win32-x64\jre\17.0.10-win32-x86_64\bin\msvcp140.dll
0x00007ffd4cb30000 - 0x00007ffd4d792000 	c:\Users\promise.okere\.vscode\extensions\redhat.java-1.30.0-win32-x64\jre\17.0.10-win32-x86_64\bin\server\jvm.dll
0x00007ffe0c040000 - 0x00007ffe0c08b000 	C:\Windows\SYSTEM32\POWRPROF.dll
0x00007ffdedf50000 - 0x00007ffdedf59000 	C:\Windows\SYSTEM32\WSOCK32.dll
0x00007ffe0e9e0000 - 0x00007ffe0ea4b000 	C:\Windows\System32\WS2_32.dll
0x00007ffe09a10000 - 0x00007ffe09a37000 	C:\Windows\SYSTEM32\WINMM.dll
0x00007ffdf5600000 - 0x00007ffdf560a000 	C:\Windows\SYSTEM32\VERSION.dll
0x00007ffe0bfb0000 - 0x00007ffe0bfc2000 	C:\Windows\SYSTEM32\UMPDC.dll
0x00007ffe0a120000 - 0x00007ffe0a132000 	C:\Windows\SYSTEM32\kernel.appcore.dll
0x00007ffdf3e80000 - 0x00007ffdf3e8a000 	c:\Users\promise.okere\.vscode\extensions\redhat.java-1.30.0-win32-x64\jre\17.0.10-win32-x86_64\bin\jimage.dll
0x00007ffe09780000 - 0x00007ffe09964000 	C:\Windows\SYSTEM32\DBGHELP.DLL
0x00007ffe099b0000 - 0x00007ffe099e4000 	C:\Windows\SYSTEM32\dbgcore.DLL
0x00007ffe0ca00000 - 0x00007ffe0ca82000 	C:\Windows\System32\bcryptPrimitives.dll
0x00007ffde5350000 - 0x00007ffde535e000 	c:\Users\promise.okere\.vscode\extensions\redhat.java-1.30.0-win32-x64\jre\17.0.10-win32-x86_64\bin\instrument.dll
0x00007ffdcf4a0000 - 0x00007ffdcf4c5000 	c:\Users\promise.okere\.vscode\extensions\redhat.java-1.30.0-win32-x64\jre\17.0.10-win32-x86_64\bin\java.dll
0x00007ffddd670000 - 0x00007ffddd688000 	c:\Users\promise.okere\.vscode\extensions\redhat.java-1.30.0-win32-x64\jre\17.0.10-win32-x86_64\bin\zip.dll
0x00007ffe0e0f0000 - 0x00007ffe0e834000 	C:\Windows\System32\SHELL32.dll
0x00007ffe0a140000 - 0x00007ffe0a8db000 	C:\Windows\SYSTEM32\windows.storage.dll
0x00007ffe0da20000 - 0x00007ffe0dd74000 	C:\Windows\System32\combase.dll
0x00007ffe0bb20000 - 0x00007ffe0bb4d000 	C:\Windows\SYSTEM32\Wldp.dll
0x00007ffe0e930000 - 0x00007ffe0e9dd000 	C:\Windows\System32\SHCORE.dll
0x00007ffe0d010000 - 0x00007ffe0d065000 	C:\Windows\System32\shlwapi.dll
0x00007ffe0c1c0000 - 0x00007ffe0c1e5000 	C:\Windows\SYSTEM32\profapi.dll
0x00007ffdcba70000 - 0x00007ffdcba89000 	C:\Users\promise.okere\.vscode\extensions\redhat.java-1.30.0-win32-x64\jre\17.0.10-win32-x86_64\bin\net.dll
0x00007ffe03d30000 - 0x00007ffe03e3a000 	C:\Windows\SYSTEM32\WINHTTP.dll
0x00007ffe0b900000 - 0x00007ffe0b96a000 	C:\Windows\system32\mswsock.dll
0x00007ffdcba50000 - 0x00007ffdcba66000 	C:\Users\promise.okere\.vscode\extensions\redhat.java-1.30.0-win32-x64\jre\17.0.10-win32-x86_64\bin\nio.dll
0x00007ffde20d0000 - 0x00007ffde20e0000 	c:\Users\promise.okere\.vscode\extensions\redhat.java-1.30.0-win32-x64\jre\17.0.10-win32-x86_64\bin\verify.dll
0x00007ffdcb1f0000 - 0x00007ffdcb22e000 	C:\Users\promise.okere\AppData\Roaming\Code\User\globalStorage\redhat.java\1.30.0\config_win\org.eclipse.equinox.launcher\org.eclipse.equinox.launcher.win32.win32.x86_64_1.2.900.v20240213-1244\eclipse_11900.dll
0x00007ffe0cce0000 - 0x00007ffe0ce0b000 	C:\Windows\System32\ole32.dll
0x00007ffe0bb60000 - 0x00007ffe0bb78000 	C:\Windows\SYSTEM32\CRYPTSP.dll
0x00007ffe0b250000 - 0x00007ffe0b284000 	C:\Windows\system32\rsaenh.dll
0x00007ffe0ca90000 - 0x00007ffe0cab7000 	C:\Windows\System32\bcrypt.dll
0x00007ffe0c140000 - 0x00007ffe0c16e000 	C:\Windows\SYSTEM32\USERENV.dll
0x00007ffe0ba90000 - 0x00007ffe0ba9c000 	C:\Windows\SYSTEM32\CRYPTBASE.dll
0x00007ffe0b610000 - 0x00007ffe0b64b000 	C:\Windows\SYSTEM32\IPHLPAPI.DLL
0x00007ffe0cc30000 - 0x00007ffe0cc38000 	C:\Windows\System32\NSI.dll
0x00007ffe020b0000 - 0x00007ffe020c7000 	C:\Windows\SYSTEM32\dhcpcsvc6.DLL
0x00007ffe02010000 - 0x00007ffe0202d000 	C:\Windows\SYSTEM32\dhcpcsvc.DLL
0x00007ffe0b650000 - 0x00007ffe0b71a000 	C:\Windows\SYSTEM32\DNSAPI.dll
0x00007ffdc4b20000 - 0x00007ffdc4b65000 	C:\Users\promise.okere\AppData\Local\Temp\jna-882164521\jna9980863584313846542.dll
0x00007ffe04960000 - 0x00007ffe0496e000 	C:\Users\promise.okere\.vscode\extensions\redhat.java-1.30.0-win32-x64\jre\17.0.10-win32-x86_64\bin\sunmscapi.dll
0x00007ffe0c290000 - 0x00007ffe0c3ed000 	C:\Windows\System32\CRYPT32.dll
0x00007ffe0bcd0000 - 0x00007ffe0bcf7000 	C:\Windows\SYSTEM32\ncrypt.dll
0x00007ffe0bc90000 - 0x00007ffe0bccb000 	C:\Windows\SYSTEM32\NTASN1.dll
0x00007ffe00b70000 - 0x00007ffe00b7a000 	C:\Windows\System32\rasadhlp.dll
0x00007ffe02a40000 - 0x00007ffe02ac0000 	C:\Windows\System32\fwpuclnt.dll
0x00007ffde5550000 - 0x00007ffde5559000 	C:\Users\promise.okere\.vscode\extensions\redhat.java-1.30.0-win32-x64\jre\17.0.10-win32-x86_64\bin\extnet.dll
0x00007ffdc8930000 - 0x00007ffdc8957000 	C:\Users\promise.okere\.gradle\native\c067742578af261105cb4f569cf0c3c89f3d7b1fecec35dd04571415982c5e48\windows-amd64\native-platform.dll
0x00007ffdf6790000 - 0x00007ffdf6799000 	C:\Users\promise.okere\.vscode\extensions\redhat.java-1.30.0-win32-x64\jre\17.0.10-win32-x86_64\bin\management.dll
0x00007ffde5540000 - 0x00007ffde554b000 	C:\Users\promise.okere\.vscode\extensions\redhat.java-1.30.0-win32-x64\jre\17.0.10-win32-x86_64\bin\management_ext.dll
0x00007ffdee5f0000 - 0x00007ffdee5f7000 	C:\Windows\system32\wshunix.dll

dbghelp: loaded successfully - version: 4.0.5 - missing functions: none
symbol engine: initialized successfully - sym options: 0x614 - pdb path: .;c:\Users\promise.okere\.vscode\extensions\redhat.java-1.30.0-win32-x64\jre\17.0.10-win32-x86_64\bin;C:\Windows\SYSTEM32;C:\Windows\WinSxS\amd64_microsoft.windows.common-controls_6595b64144ccf1df_6.0.19041.3636_none_60b6a03d71f818d5;C:\Windows\system32\tmumh\20019\AddOn\8.55.0.1129;C:\Windows\system32\tmumh\20019\TmMon\2.9.0.1048;c:\Users\promise.okere\.vscode\extensions\redhat.java-1.30.0-win32-x64\jre\17.0.10-win32-x86_64\bin\server;C:\Users\promise.okere\AppData\Roaming\Code\User\globalStorage\redhat.java\1.30.0\config_win\org.eclipse.equinox.launcher\org.eclipse.equinox.launcher.win32.win32.x86_64_1.2.900.v20240213-1244;C:\Users\promise.okere\AppData\Local\Temp\jna-882164521;C:\Users\promise.okere\.gradle\native\c067742578af261105cb4f569cf0c3c89f3d7b1fecec35dd04571415982c5e48\windows-amd64

VM Arguments:
jvm_args: --add-modules=ALL-SYSTEM --add-opens=java.base/java.util=ALL-UNNAMED --add-opens=java.base/java.lang=ALL-UNNAMED --add-opens=java.base/sun.nio.fs=ALL-UNNAMED -Declipse.application=org.eclipse.jdt.ls.core.id1 -Dosgi.bundles.defaultStartLevel=4 -Declipse.product=org.eclipse.jdt.ls.core.product -Djava.import.generatesMetadataFilesAtProjectRoot=false -DDetectVMInstallationsJob.disabled=true -Dfile.encoding=utf8 -XX:+UseParallelGC -XX:GCTimeRatio=4 -XX:AdaptiveSizePolicyWeight=90 -Dsun.zip.disableMemoryMapping=true -Xmx1G -Xms100m -Xlog:disable -javaagent:c:\Users\promise.okere\.vscode\extensions\redhat.java-1.30.0-win32-x64\lombok\lombok-1.18.32.jar -XX:+HeapDumpOnOutOfMemoryError -XX:HeapDumpPath=c:\Users\promise.okere\AppData\Roaming\Code\User\workspaceStorage\6a28a62b7e19d4048e74317d9b5b523a\redhat.java -Daether.dependencyCollector.impl=bf 
java_command: c:\Users\promise.okere\.vscode\extensions\redhat.java-1.30.0-win32-x64\server\plugins\org.eclipse.equinox.launcher_1.6.800.v20240330-1250.jar -configuration c:\Users\promise.okere\AppData\Roaming\Code\User\globalStorage\redhat.java\1.30.0\config_win -data c:\Users\promise.okere\AppData\Roaming\Code\User\workspaceStorage\6a28a62b7e19d4048e74317d9b5b523a\redhat.java\jdt_ws --pipe=\\.\pipe\lsp-717f318c5a8fcfb768aec9ab131949ea-sock
java_class_path (initial): c:\Users\promise.okere\.vscode\extensions\redhat.java-1.30.0-win32-x64\server\plugins\org.eclipse.equinox.launcher_1.6.800.v20240330-1250.jar
Launcher Type: SUN_STANDARD

[Global flags]
    uintx AdaptiveSizePolicyWeight                 = 90                                        {product} {command line}
     intx CICompilerCount                          = 4                                         {product} {ergonomic}
    uintx GCTimeRatio                              = 4                                         {product} {command line}
     bool HeapDumpOnOutOfMemoryError               = true                                   {manageable} {command line}
    ccstr HeapDumpPath                             = c:\Users\promise.okere\AppData\Roaming\Code\User\workspaceStorage\6a28a62b7e19d4048e74317d9b5b523a\redhat.java         {manageable} {command line}
   size_t InitialHeapSize                          = 104857600                                 {product} {command line}
   size_t MaxHeapSize                              = 1073741824                                {product} {command line}
   size_t MaxNewSize                               = 357564416                                 {product} {ergonomic}
   size_t MinHeapDeltaBytes                        = 524288                                    {product} {ergonomic}
   size_t MinHeapSize                              = 104857600                                 {product} {command line}
   size_t NewSize                                  = 34603008                                  {product} {ergonomic}
    uintx NonNMethodCodeHeapSize                   = 5839372                                {pd product} {ergonomic}
    uintx NonProfiledCodeHeapSize                  = 122909434                              {pd product} {ergonomic}
   size_t OldSize                                  = 70254592                                  {product} {ergonomic}
    uintx ProfiledCodeHeapSize                     = 122909434                              {pd product} {ergonomic}
    uintx ReservedCodeCacheSize                    = 251658240                              {pd product} {ergonomic}
     bool SegmentedCodeCache                       = true                                      {product} {ergonomic}
   size_t SoftMaxHeapSize                          = 1073741824                             {manageable} {ergonomic}
     bool UseCompressedClassPointers               = true                           {product lp64_product} {ergonomic}
     bool UseCompressedOops                        = true                           {product lp64_product} {ergonomic}
     bool UseLargePagesIndividualAllocation        = false                                  {pd product} {ergonomic}
     bool UseParallelGC                            = true                                      {product} {command line}

Logging:
Log output configuration:
 #0: stdout all=off uptime,level,tags
 #1: stderr all=off uptime,level,tags

Environment Variables:
PATH=C:\Program Files\Common Files\Oracle\Java\javapath;C:\Windows\system32;C:\Windows;C:\Windows\System32\Wbem;C:\Windows\System32\WindowsPowerShell\v1.0\;C:\Windows\System32\OpenSSH\;environmnet variables;C:\Program Files\MySQL\MySQL Server 8.0\bin;C:\Program Files\Git\cmd;C:\Users\promise.okere\AppData\Local\Android\Sdk\platform-tools;C:\Program Files\nodejs\;C:\Program Files\MySQL\MySQL Shell 8.0\bin\;C:\Users\promise.okere\AppData\Local\Microsoft\WindowsApps;;C:\Users\promise.okere\AppData\Local\Programs\Microsoft VS Code\bin;C:\Program Files\heroku\bin;C:\Users\promise.okere\AppData\Roaming\npm
USERNAME=Promise.Okere
OS=Windows_NT
PROCESSOR_IDENTIFIER=Intel64 Family 6 Model 154 Stepping 4, GenuineIntel
TMP=C:\Users\PROMIS~1.OKE\AppData\Local\Temp
TEMP=C:\Users\PROMIS~1.OKE\AppData\Local\Temp



Periodic native trim disabled


---------------  S Y S T E M  ---------------

OS:
 Windows 10 , 64 bit Build 19041 (10.0.19041.3636)
OS uptime: 4 days 3:33 hours
Hyper-V role detected

CPU: total 12 (initial active 12) (6 cores per cpu, 2 threads per core) family 6 model 154 stepping 4 microcode 0x0, cx8, cmov, fxsr, ht, mmx, 3dnowpref, sse, sse2, sse3, ssse3, sse4.1, sse4.2, popcnt, lzcnt, tsc, tscinvbit, avx, avx2, aes, erms, clmul, bmi1, bmi2, adx, sha, fma, vzeroupper, clflush, clflushopt, clwb, hv
Processor Information for all 12 processors :
  Max Mhz: 1600, Current Mhz: 1600, Mhz Limit: 1600

Memory: 4k page, system-wide physical 16049M (1275M free)
TotalPageFile size 28337M (AvailPageFile size 122M)
current process WorkingSet (physical memory assigned to process): 278M, peak: 300M
current process commit charge ("private bytes"): 339M, peak: 363M

vm_info: OpenJDK 64-Bit Server VM (17.0.10+7) for windows-amd64 JRE (17.0.10+7), built on Jan 16 2024 23:25:11 by "admin" with MS VC++ 16.10 / 16.11 (VS2019)

END.
