#
# There is insufficient memory for the Java Runtime Environment to continue.
# Native memory allocation (mmap) failed to map 198180864 bytes for G1 virtual space
# Possible reasons:
#   The system is out of physical RAM or swap space
#   The process is running with CompressedOops enabled, and the Java Heap may be blocking the growth of the native heap
# Possible solutions:
#   Reduce memory load on the system
#   Increase physical memory or swap space
#   Check if swap backing store is full
#   Decrease Java heap size (-Xmx/-Xms)
#   Decrease number of Java threads
#   Decrease Java thread stack sizes (-Xss)
#   Set larger code cache with -XX:ReservedCodeCacheSize=
#   JVM is running with Unscaled Compressed Oops mode in which the Java heap is
#     placed in the first 4GB address space. The Java Heap base address is the
#     maximum limit for the native heap growth. Please use -XX:HeapBaseMinAddress
#     to set the Java Heap base and to place the Java Heap above 4GB virtual address.
# This output file may be truncated or incomplete.
#
#  Out of Memory Error (os_windows.cpp:3613), pid=21864, tid=33632
#
# JRE version: OpenJDK Runtime Environment Temurin-17.0.10+7 (17.0.10+7) (build 17.0.10+7)
# Java VM: OpenJDK 64-Bit Server VM Temurin-17.0.10+7 (17.0.10+7, mixed mode, tiered, compressed oops, compressed class ptrs, g1 gc, windows-amd64)
# No core dump will be written. Minidumps are not enabled by default on client versions of Windows
#

---------------  S U M M A R Y ------------

Command Line: -XX:MaxMetaspaceSize=512m --add-opens=java.base/java.util=ALL-UNNAMED --add-opens=java.base/java.lang=ALL-UNNAMED --add-opens=java.base/java.lang.invoke=ALL-UNNAMED --add-opens=java.prefs/java.util.prefs=ALL-UNNAMED --add-opens=java.base/java.nio.charset=ALL-UNNAMED --add-opens=java.base/java.net=ALL-UNNAMED --add-opens=java.base/java.util.concurrent.atomic=ALL-UNNAMED -Xmx2048m -Dfile.encoding=utf8 -Duser.country=GB -Duser.language=en -Duser.variant -javaagent:C:\Users\promise.okere\.gradle\wrapper\dists\gradle-8.6-all\3mbtmo166bl6vumsh5k2lkq5h\gradle-8.6\lib\agents\gradle-instrumentation-agent-8.6.jar org.gradle.launcher.daemon.bootstrap.GradleDaemon 8.6

Host: 12th Gen Intel(R) Core(TM) i5-1245U, 12 cores, 15G,  Windows 10 , 64 bit Build 19041 (10.0.19041.3636)
Time: Mon May 27 15:11:46 2024 W. Central Africa Standard Time elapsed time: 62.861045 seconds (0d 0h 1m 2s)

---------------  T H R E A D  ---------------

Current thread (0x000002ca59f8cd00):  VMThread "VM Thread" [stack: 0x000000fe06f00000,0x000000fe07000000] [id=33632]

Stack: [0x000000fe06f00000,0x000000fe07000000]
Native frames: (J=compiled Java code, j=interpreted, Vv=VM code, C=native code)
V  [jvm.dll+0x67d2c9]
V  [jvm.dll+0x834afa]
V  [jvm.dll+0x8365be]
V  [jvm.dll+0x836c23]
V  [jvm.dll+0x2477ff]
V  [jvm.dll+0x67a109]
V  [jvm.dll+0x66eb7a]
V  [jvm.dll+0x30764b]
V  [jvm.dll+0x30eaf6]
V  [jvm.dll+0x35e83e]
V  [jvm.dll+0x35ea6f]
V  [jvm.dll+0x2de248]
V  [jvm.dll+0x2dc424]
V  [jvm.dll+0x2dba2c]
V  [jvm.dll+0x31faeb]
V  [jvm.dll+0x83b11b]
V  [jvm.dll+0x83be61]
V  [jvm.dll+0x83c37d]
V  [jvm.dll+0x83c754]
V  [jvm.dll+0x83c820]
V  [jvm.dll+0x7e3fba]
V  [jvm.dll+0x67c1b5]
C  [ucrtbase.dll+0x21bb2]
C  [KERNEL32.DLL+0x17344]
C  [ntdll.dll+0x526b1]

VM_Operation (0x000000fe0dcf9460): G1CollectForAllocation, mode: safepoint, requested by thread 0x000002ca63a3eed0


---------------  P R O C E S S  ---------------

Threads class SMR info:
_java_thread_list=0x000002ca657d4470, length=110, elements={
0x000002ca43004a90, 0x000002ca5cb013a0, 0x000002ca5cb02130, 0x000002ca5cb36ab0,
0x000002ca5cb37580, 0x000002ca5cb39f60, 0x000002ca5cb3a830, 0x000002ca5cb3b430,
0x000002ca5cb3bd40, 0x000002ca5cb3e660, 0x000002ca5cac0c00, 0x000002ca5cd5aac0,
0x000002ca635d3910, 0x000002ca62385aa0, 0x000002ca62595080, 0x000002ca633fd040,
0x000002ca633fd520, 0x000002ca635cb3a0, 0x000002ca628f17a0, 0x000002ca6335cdc0,
0x000002ca62849cb0, 0x000002ca6211d2e0, 0x000002ca6211a040, 0x000002ca6211aa60,
0x000002ca6211bea0, 0x000002ca6211a550, 0x000002ca6211cdd0, 0x000002ca6211b480,
0x000002ca6211c3b0, 0x000002ca63fbc4f0, 0x000002ca63fc2a30, 0x000002ca63fbd420,
0x000002ca63fc2520, 0x000002ca63fbca00, 0x000002ca63fbd930, 0x000002ca63fbe860,
0x000002ca63fc2f40, 0x000002ca63fc3450, 0x000002ca63fbfca0, 0x000002ca63fbbfe0,
0x000002ca63fc15f0, 0x000002ca63fbcf10, 0x000002ca63fc0bd0, 0x000002ca63fc06c0,
0x000002ca63fc10e0, 0x000002ca63fc1b00, 0x000002ca63fc2010, 0x000002ca61dedb50,
0x000002ca61dea8b0, 0x000002ca61deef90, 0x000002ca61dec200, 0x000002ca61deb2d0,
0x000002ca61dea3a0, 0x000002ca61deea80, 0x000002ca61dee570, 0x000002ca61deb7e0,
0x000002ca61df1300, 0x000002ca61defec0, 0x000002ca61debcf0, 0x000002ca61deadc0,
0x000002ca61def9b0, 0x000002ca61ded130, 0x000002ca61df03d0, 0x000002ca61decc20,
0x000002ca65309800, 0x000002ca61ded640, 0x000002ca61de9e90, 0x000002ca61df1810,
0x000002ca672ddfa0, 0x000002ca672e5410, 0x000002ca672e3fd0, 0x000002ca672e1c60,
0x000002ca672de9c0, 0x000002ca672e2680, 0x000002ca672e30a0, 0x000002ca672e35b0,
0x000002ca672e4f00, 0x000002ca672e0d30, 0x000002ca672df3e0, 0x000002ca672df8f0,
0x000002ca672e0820, 0x000002ca672e1240, 0x000002ca672e3ac0, 0x000002ca672e44e0,
0x000002ca672e2b90, 0x000002ca672e0310, 0x000002ca672e1750, 0x000002ca672e49f0,
0x000002ca672e2170, 0x000002ca672e5920, 0x000002ca672dfe00, 0x000002ca672de4b0,
0x000002ca672deed0, 0x000002ca63a3e9c0, 0x000002ca63a3fe00, 0x000002ca63a430a0,
0x000002ca63a41750, 0x000002ca63a40d30, 0x000002ca63a3eed0, 0x000002ca63a3da90,
0x000002ca63a3f3e0, 0x000002ca63a42680, 0x000002ca63a41240, 0x000002ca63a40820,
0x000002ca63a444e0, 0x000002ca63a3f8f0, 0x000002ca63a3dfa0, 0x000002ca63a3e4b0,
0x000002ca63a41c60, 0x000002ca65307d70
}

Java Threads: ( => current thread )
  0x000002ca43004a90 JavaThread "main" [_thread_blocked, id=19564, stack(0x000000fe06900000,0x000000fe06a00000)]
  0x000002ca5cb013a0 JavaThread "Reference Handler" daemon [_thread_blocked, id=13912, stack(0x000000fe07000000,0x000000fe07100000)]
  0x000002ca5cb02130 JavaThread "Finalizer" daemon [_thread_blocked, id=19640, stack(0x000000fe07100000,0x000000fe07200000)]
  0x000002ca5cb36ab0 JavaThread "Signal Dispatcher" daemon [_thread_blocked, id=34752, stack(0x000000fe07200000,0x000000fe07300000)]
  0x000002ca5cb37580 JavaThread "Attach Listener" daemon [_thread_blocked, id=1628, stack(0x000000fe07300000,0x000000fe07400000)]
  0x000002ca5cb39f60 JavaThread "Service Thread" daemon [_thread_blocked, id=6572, stack(0x000000fe07400000,0x000000fe07500000)]
  0x000002ca5cb3a830 JavaThread "Monitor Deflation Thread" daemon [_thread_blocked, id=25720, stack(0x000000fe07500000,0x000000fe07600000)]
  0x000002ca5cb3b430 JavaThread "C2 CompilerThread0" daemon [_thread_blocked, id=7332, stack(0x000000fe07600000,0x000000fe07700000)]
  0x000002ca5cb3bd40 JavaThread "C1 CompilerThread0" daemon [_thread_blocked, id=8312, stack(0x000000fe07700000,0x000000fe07800000)]
  0x000002ca5cb3e660 JavaThread "Sweeper thread" daemon [_thread_blocked, id=29044, stack(0x000000fe07800000,0x000000fe07900000)]
  0x000002ca5cac0c00 JavaThread "Common-Cleaner" daemon [_thread_blocked, id=19524, stack(0x000000fe07900000,0x000000fe07a00000)]
  0x000002ca5cd5aac0 JavaThread "Notification Thread" daemon [_thread_blocked, id=19460, stack(0x000000fe07a00000,0x000000fe07b00000)]
  0x000002ca635d3910 JavaThread "Daemon health stats" [_thread_blocked, id=19968, stack(0x000000fe08300000,0x000000fe08400000)]
  0x000002ca62385aa0 JavaThread "Incoming local TCP Connector on port 59635" [_thread_in_native, id=34564, stack(0x000000fe08200000,0x000000fe08300000)]
  0x000002ca62595080 JavaThread "Daemon periodic checks" [_thread_blocked, id=22524, stack(0x000000fe08400000,0x000000fe08500000)]
  0x000002ca633fd040 JavaThread "Daemon" [_thread_blocked, id=20852, stack(0x000000fe08500000,0x000000fe08600000)]
  0x000002ca633fd520 JavaThread "Handler for socket connection from /127.0.0.1:59635 to /127.0.0.1:59636" [_thread_in_native, id=14708, stack(0x000000fe08600000,0x000000fe08700000)]
  0x000002ca635cb3a0 JavaThread "Cancel handler" [_thread_blocked, id=12348, stack(0x000000fe07c00000,0x000000fe07d00000)]
  0x000002ca628f17a0 JavaThread "Daemon worker" [_thread_blocked, id=23860, stack(0x000000fe08700000,0x000000fe08800000)]
  0x000002ca6335cdc0 JavaThread "Asynchronous log dispatcher for DefaultDaemonConnection: socket connection from /127.0.0.1:59635 to /127.0.0.1:59636" [_thread_blocked, id=15392, stack(0x000000fe08800000,0x000000fe08900000)]
  0x000002ca62849cb0 JavaThread "Stdin handler" [_thread_blocked, id=19980, stack(0x000000fe08900000,0x000000fe08a00000)]
  0x000002ca6211d2e0 JavaThread "Daemon client event forwarder" [_thread_blocked, id=6592, stack(0x000000fe08a00000,0x000000fe08b00000)]
  0x000002ca6211a040 JavaThread "Cache worker for journal cache (C:\Users\promise.okere\.gradle\caches\journal-1)" [_thread_blocked, id=16468, stack(0x000000fe09100000,0x000000fe09200000)]
  0x000002ca6211aa60 JavaThread "File lock request listener" [_thread_in_native, id=23748, stack(0x000000fe09200000,0x000000fe09300000)]
  0x000002ca6211bea0 JavaThread "Cache worker for file hash cache (C:\Users\promise.okere\.gradle\caches\8.6\fileHashes)" [_thread_blocked, id=16368, stack(0x000000fe09300000,0x000000fe09400000)]
  0x000002ca6211a550 JavaThread "File watcher server" daemon [_thread_in_native, id=18384, stack(0x000000fe09500000,0x000000fe09600000)]
  0x000002ca6211cdd0 JavaThread "File watcher consumer" daemon [_thread_blocked, id=25236, stack(0x000000fe09600000,0x000000fe09700000)]
  0x000002ca6211b480 JavaThread "jar transforms" [_thread_blocked, id=3496, stack(0x000000fe09700000,0x000000fe09800000)]
  0x000002ca6211c3b0 JavaThread "jar transforms Thread 2" [_thread_blocked, id=15868, stack(0x000000fe09800000,0x000000fe09900000)]
  0x000002ca63fbc4f0 JavaThread "jar transforms Thread 3" [_thread_blocked, id=27784, stack(0x000000fe09900000,0x000000fe09a00000)]
  0x000002ca63fc2a30 JavaThread "Cache worker for checksums cache (C:\Users\promise.okere\OneDrive - Interswitch Limited\Documents\INTERSWITCH\STRATEGIC INITIATIVES\VMS PROJECT\RESIDENT\VMS Test\VMS Resident-Mobile-App\android\.gradle\8.6\checksums)" [_thread_blocked, id=27008, stack(0x000000fe09a00000,0x000000fe09b00000)]
  0x000002ca63fbd420 JavaThread "Cache worker for file hash cache (C:\Users\promise.okere\OneDrive - Interswitch Limited\Documents\INTERSWITCH\STRATEGIC INITIATIVES\VMS PROJECT\RESIDENT\VMS Test\VMS Resident-Mobile-App\android\.gradle\8.6\fileHashes)" [_thread_blocked, id=26500, stack(0x000000fe09b00000,0x000000fe09c00000)]
  0x000002ca63fc2520 JavaThread "Cache worker for cache directory md-supplier (C:\Users\promise.okere\.gradle\caches\8.6\md-supplier)" [_thread_blocked, id=28540, stack(0x000000fe09c00000,0x000000fe09d00000)]
  0x000002ca63fbca00 JavaThread "Cache worker for cache directory md-rule (C:\Users\promise.okere\.gradle\caches\8.6\md-rule)" [_thread_blocked, id=32060, stack(0x000000fe09d00000,0x000000fe09e00000)]
  0x000002ca63fbd930 JavaThread "Cache worker for file content cache (C:\Users\promise.okere\.gradle\caches\8.6\fileContent)" [_thread_blocked, id=29936, stack(0x000000fe09e00000,0x000000fe09f00000)]
  0x000002ca63fbe860 JavaThread "jar transforms Thread 4" [_thread_blocked, id=20680, stack(0x000000fe09400000,0x000000fe09500000)]
  0x000002ca63fc2f40 JavaThread "jar transforms Thread 5" [_thread_blocked, id=12872, stack(0x000000fe09f00000,0x000000fe0a000000)]
  0x000002ca63fc3450 JavaThread "jar transforms Thread 6" [_thread_blocked, id=3792, stack(0x000000fe0a200000,0x000000fe0a300000)]
  0x000002ca63fbfca0 JavaThread "jar transforms Thread 7" [_thread_blocked, id=11564, stack(0x000000fe0a300000,0x000000fe0a400000)]
  0x000002ca63fbbfe0 JavaThread "jar transforms Thread 8" [_thread_blocked, id=33288, stack(0x000000fe0a400000,0x000000fe0a500000)]
  0x000002ca63fc15f0 JavaThread "jar transforms Thread 9" [_thread_blocked, id=12828, stack(0x000000fe0a500000,0x000000fe0a600000)]
  0x000002ca63fbcf10 JavaThread "jar transforms Thread 10" [_thread_blocked, id=6476, stack(0x000000fe0a600000,0x000000fe0a700000)]
  0x000002ca63fc0bd0 JavaThread "jar transforms Thread 11" [_thread_blocked, id=12972, stack(0x000000fe0a700000,0x000000fe0a800000)]
  0x000002ca63fc06c0 JavaThread "jar transforms Thread 12" [_thread_blocked, id=19020, stack(0x000000fe0a000000,0x000000fe0a100000)]
  0x000002ca63fc10e0 JavaThread "Exec process" [_thread_blocked, id=30932, stack(0x000000fe0a900000,0x000000fe0aa00000)]
  0x000002ca63fc1b00 JavaThread "Exec process Thread 2" [_thread_blocked, id=19788, stack(0x000000fe0aa00000,0x000000fe0ab00000)]
  0x000002ca63fc2010 JavaThread "Exec process Thread 3" [_thread_blocked, id=30136, stack(0x000000fe0ab00000,0x000000fe0ac00000)]
  0x000002ca61dedb50 JavaThread "Unconstrained build operations" [_thread_blocked, id=24980, stack(0x000000fe0a100000,0x000000fe0a200000)]
  0x000002ca61dea8b0 JavaThread "Unconstrained build operations Thread 2" [_thread_blocked, id=18616, stack(0x000000fe0a800000,0x000000fe0a900000)]
  0x000002ca61deef90 JavaThread "Cache worker for Build Output Cleanup Cache (C:\Users\promise.okere\OneDrive - Interswitch Limited\Documents\INTERSWITCH\STRATEGIC INITIATIVES\VMS PROJECT\RESIDENT\VMS Test\VMS Resident-Mobile-App\node_modules\@react-native\gradle-plugin\.gradle\buildOutputCleanup)" [_thread_blocked, id=34512, stack(0x000000fe0ad00000,0x000000fe0ae00000)]
  0x000002ca61dec200 JavaThread "Unconstrained build operations Thread 3" [_thread_blocked, id=26948, stack(0x000000fe0ae00000,0x000000fe0af00000)]
  0x000002ca61deb2d0 JavaThread "Unconstrained build operations Thread 4" [_thread_blocked, id=25708, stack(0x000000fe0af00000,0x000000fe0b000000)]
  0x000002ca61dea3a0 JavaThread "Unconstrained build operations Thread 5" [_thread_blocked, id=4884, stack(0x000000fe0b000000,0x000000fe0b100000)]
  0x000002ca61deea80 JavaThread "Unconstrained build operations Thread 6" [_thread_blocked, id=3908, stack(0x000000fe0b100000,0x000000fe0b200000)]
  0x000002ca61dee570 JavaThread "Unconstrained build operations Thread 7" [_thread_blocked, id=21760, stack(0x000000fe0b200000,0x000000fe0b300000)]
  0x000002ca61deb7e0 JavaThread "Unconstrained build operations Thread 8" [_thread_blocked, id=30128, stack(0x000000fe0b300000,0x000000fe0b400000)]
  0x000002ca61df1300 JavaThread "Unconstrained build operations Thread 9" [_thread_blocked, id=22572, stack(0x000000fe0b400000,0x000000fe0b500000)]
  0x000002ca61defec0 JavaThread "Unconstrained build operations Thread 10" [_thread_blocked, id=19316, stack(0x000000fe0b500000,0x000000fe0b600000)]
  0x000002ca61debcf0 JavaThread "Unconstrained build operations Thread 11" [_thread_blocked, id=29320, stack(0x000000fe0b600000,0x000000fe0b700000)]
  0x000002ca61deadc0 JavaThread "Unconstrained build operations Thread 12" [_thread_blocked, id=27064, stack(0x000000fe0b700000,0x000000fe0b800000)]
  0x000002ca61def9b0 JavaThread "Unconstrained build operations Thread 13" [_thread_blocked, id=26080, stack(0x000000fe0b800000,0x000000fe0b900000)]
  0x000002ca61ded130 JavaThread "build event listener" [_thread_blocked, id=17024, stack(0x000000fe0b900000,0x000000fe0ba00000)]
  0x000002ca61df03d0 JavaThread "Memory manager" [_thread_blocked, id=20292, stack(0x000000fe0ac00000,0x000000fe0ad00000)]
  0x000002ca61decc20 JavaThread "Cache worker for Build Output Cleanup Cache (C:\Users\promise.okere\OneDrive - Interswitch Limited\Documents\INTERSWITCH\STRATEGIC INITIATIVES\VMS PROJECT\RESIDENT\VMS Test\VMS Resident-Mobile-App\android\.gradle\buildOutputCleanup)" [_thread_blocked, id=10768, stack(0x000000fe0ba00000,0x000000fe0bb00000)]
  0x000002ca65309800 JavaThread "C2 CompilerThread1" daemon [_thread_blocked, id=19308, stack(0x000000fe06800000,0x000000fe06900000)]
  0x000002ca61ded640 JavaThread "ForkJoinPool.commonPool-worker-1" daemon [_thread_blocked, id=25580, stack(0x000000fe0bc00000,0x000000fe0bd00000)]
  0x000002ca61de9e90 JavaThread "ForkJoinPool.commonPool-worker-2" daemon [_thread_blocked, id=23872, stack(0x000000fe0bd00000,0x000000fe0be00000)]
  0x000002ca61df1810 JavaThread "ForkJoinPool.commonPool-worker-3" daemon [_thread_blocked, id=4276, stack(0x000000fe0be00000,0x000000fe0bf00000)]
  0x000002ca672ddfa0 JavaThread "ForkJoinPool.commonPool-worker-4" daemon [_thread_blocked, id=10256, stack(0x000000fe0bf00000,0x000000fe0c000000)]
  0x000002ca672e5410 JavaThread "ForkJoinPool.commonPool-worker-5" daemon [_thread_blocked, id=25104, stack(0x000000fe0c000000,0x000000fe0c100000)]
  0x000002ca672e3fd0 JavaThread "ForkJoinPool.commonPool-worker-6" daemon [_thread_blocked, id=28292, stack(0x000000fe0c100000,0x000000fe0c200000)]
  0x000002ca672e1c60 JavaThread "ForkJoinPool.commonPool-worker-7" daemon [_thread_blocked, id=15656, stack(0x000000fe0c200000,0x000000fe0c300000)]
  0x000002ca672de9c0 JavaThread "ForkJoinPool.commonPool-worker-8" daemon [_thread_blocked, id=16968, stack(0x000000fe0c300000,0x000000fe0c400000)]
  0x000002ca672e2680 JavaThread "ForkJoinPool.commonPool-worker-9" daemon [_thread_blocked, id=13892, stack(0x000000fe0c400000,0x000000fe0c500000)]
  0x000002ca672e30a0 JavaThread "included builds" [_thread_blocked, id=13184, stack(0x000000fe0bb00000,0x000000fe0bc00000)]
  0x000002ca672e35b0 JavaThread "Execution worker" [_thread_blocked, id=8420, stack(0x000000fe0c500000,0x000000fe0c600000)]
  0x000002ca672e4f00 JavaThread "Execution worker Thread 2" [_thread_blocked, id=18124, stack(0x000000fe0c600000,0x000000fe0c700000)]
  0x000002ca672e0d30 JavaThread "Execution worker Thread 3" [_thread_blocked, id=27788, stack(0x000000fe0c700000,0x000000fe0c800000)]
  0x000002ca672df3e0 JavaThread "Execution worker Thread 4" [_thread_blocked, id=15952, stack(0x000000fe0c800000,0x000000fe0c900000)]
  0x000002ca672df8f0 JavaThread "Execution worker Thread 5" [_thread_blocked, id=28732, stack(0x000000fe0c900000,0x000000fe0ca00000)]
  0x000002ca672e0820 JavaThread "Execution worker Thread 6" [_thread_blocked, id=26212, stack(0x000000fe0ca00000,0x000000fe0cb00000)]
  0x000002ca672e1240 JavaThread "Execution worker Thread 7" [_thread_blocked, id=28280, stack(0x000000fe0cb00000,0x000000fe0cc00000)]
  0x000002ca672e3ac0 JavaThread "Execution worker Thread 8" [_thread_blocked, id=4832, stack(0x000000fe0cc00000,0x000000fe0cd00000)]
  0x000002ca672e44e0 JavaThread "Execution worker Thread 9" [_thread_blocked, id=29880, stack(0x000000fe0cd00000,0x000000fe0ce00000)]
  0x000002ca672e2b90 JavaThread "Execution worker Thread 10" [_thread_blocked, id=25660, stack(0x000000fe0ce00000,0x000000fe0cf00000)]
  0x000002ca672e0310 JavaThread "Execution worker Thread 11" [_thread_blocked, id=33260, stack(0x000000fe0cf00000,0x000000fe0d000000)]
  0x000002ca672e1750 JavaThread "Cache worker for execution history cache (C:\Users\promise.okere\OneDrive - Interswitch Limited\Documents\INTERSWITCH\STRATEGIC INITIATIVES\VMS PROJECT\RESIDENT\VMS Test\VMS Resident-Mobile-App\node_modules\@react-native\gradle-plugin\.gradle\8.6\executionHistory)" [_thread_blocked, id=4388, stack(0x000000fe0d000000,0x000000fe0d100000)]
  0x000002ca672e49f0 JavaThread "Unconstrained build operations Thread 14" [_thread_blocked, id=20412, stack(0x000000fe0d100000,0x000000fe0d200000)]
  0x000002ca672e2170 JavaThread "Unconstrained build operations Thread 15" [_thread_blocked, id=34196, stack(0x000000fe0d200000,0x000000fe0d300000)]
  0x000002ca672e5920 JavaThread "Unconstrained build operations Thread 16" [_thread_blocked, id=21684, stack(0x000000fe0d300000,0x000000fe0d400000)]
  0x000002ca672dfe00 JavaThread "Unconstrained build operations Thread 17" [_thread_blocked, id=21404, stack(0x000000fe0d400000,0x000000fe0d500000)]
  0x000002ca672de4b0 JavaThread "Unconstrained build operations Thread 18" [_thread_blocked, id=20008, stack(0x000000fe0d500000,0x000000fe0d600000)]
  0x000002ca672deed0 JavaThread "Unconstrained build operations Thread 19" [_thread_blocked, id=31404, stack(0x000000fe0d600000,0x000000fe0d700000)]
  0x000002ca63a3e9c0 JavaThread "Unconstrained build operations Thread 20" [_thread_blocked, id=25184, stack(0x000000fe0d700000,0x000000fe0d800000)]
  0x000002ca63a3fe00 JavaThread "Unconstrained build operations Thread 21" [_thread_blocked, id=32788, stack(0x000000fe0d800000,0x000000fe0d900000)]
  0x000002ca63a430a0 JavaThread "Unconstrained build operations Thread 22" [_thread_blocked, id=22920, stack(0x000000fe0d900000,0x000000fe0da00000)]
  0x000002ca63a41750 JavaThread "Unconstrained build operations Thread 23" [_thread_blocked, id=20516, stack(0x000000fe0da00000,0x000000fe0db00000)]
  0x000002ca63a40d30 JavaThread "Unconstrained build operations Thread 24" [_thread_blocked, id=22768, stack(0x000000fe0db00000,0x000000fe0dc00000)]
  0x000002ca63a3eed0 JavaThread "Unconstrained build operations Thread 25" [_thread_blocked, id=2544, stack(0x000000fe0dc00000,0x000000fe0dd00000)]
  0x000002ca63a3da90 JavaThread "Unconstrained build operations Thread 26" [_thread_blocked, id=22108, stack(0x000000fe0dd00000,0x000000fe0de00000)]
  0x000002ca63a3f3e0 JavaThread "Unconstrained build operations Thread 27" [_thread_blocked, id=30432, stack(0x000000fe0de00000,0x000000fe0df00000)]
  0x000002ca63a42680 JavaThread "Unconstrained build operations Thread 28" [_thread_blocked, id=18304, stack(0x000000fe0df00000,0x000000fe0e000000)]
  0x000002ca63a41240 JavaThread "Unconstrained build operations Thread 29" [_thread_blocked, id=18728, stack(0x000000fe0e000000,0x000000fe0e100000)]
  0x000002ca63a40820 JavaThread "Unconstrained build operations Thread 30" [_thread_blocked, id=33708, stack(0x000000fe0e100000,0x000000fe0e200000)]
  0x000002ca63a444e0 JavaThread "Unconstrained build operations Thread 31" [_thread_blocked, id=24184, stack(0x000000fe0e200000,0x000000fe0e300000)]
  0x000002ca63a3f8f0 JavaThread "Unconstrained build operations Thread 32" [_thread_blocked, id=28476, stack(0x000000fe0e300000,0x000000fe0e400000)]
  0x000002ca63a3dfa0 JavaThread "Unconstrained build operations Thread 33" [_thread_blocked, id=8252, stack(0x000000fe0e400000,0x000000fe0e500000)]
  0x000002ca63a3e4b0 JavaThread "Unconstrained build operations Thread 34" [_thread_blocked, id=32516, stack(0x000000fe0e500000,0x000000fe0e600000)]
  0x000002ca63a41c60 JavaThread "Unconstrained build operations Thread 35" [_thread_blocked, id=19644, stack(0x000000fe0e600000,0x000000fe0e700000)]
  0x000002ca65307d70 JavaThread "C2 CompilerThread2" daemon [_thread_blocked, id=34772, stack(0x000000fe0e700000,0x000000fe0e800000)]

Other Threads:
=>0x000002ca59f8cd00 VMThread "VM Thread" [stack: 0x000000fe06f00000,0x000000fe07000000] [id=33632]
  0x000002ca43006870 WatcherThread [stack: 0x000000fe07b00000,0x000000fe07c00000] [id=20996]
  0x000002ca59db19b0 GCTaskThread "GC Thread#0" [stack: 0x000000fe06a00000,0x000000fe06b00000] [id=18828]
  0x000002ca613b4520 GCTaskThread "GC Thread#1" [stack: 0x000000fe07d00000,0x000000fe07e00000] [id=2644]
  0x000002ca613b47e0 GCTaskThread "GC Thread#2" [stack: 0x000000fe07e00000,0x000000fe07f00000] [id=18076]
  0x000002ca61d10af0 GCTaskThread "GC Thread#3" [stack: 0x000000fe07f00000,0x000000fe08000000] [id=6800]
  0x000002ca61d10db0 GCTaskThread "GC Thread#4" [stack: 0x000000fe08000000,0x000000fe08100000] [id=9820]
  0x000002ca61d11070 GCTaskThread "GC Thread#5" [stack: 0x000000fe08100000,0x000000fe08200000] [id=21176]
  0x000002ca6211e890 GCTaskThread "GC Thread#6" [stack: 0x000000fe08b00000,0x000000fe08c00000] [id=7392]
  0x000002ca6211eb50 GCTaskThread "GC Thread#7" [stack: 0x000000fe08c00000,0x000000fe08d00000] [id=34416]
  0x000002ca6211f650 GCTaskThread "GC Thread#8" [stack: 0x000000fe08d00000,0x000000fe08e00000] [id=31884]
  0x000002ca6211e310 GCTaskThread "GC Thread#9" [stack: 0x000000fe08e00000,0x000000fe08f00000] [id=33080]
  0x000002ca59db5fe0 ConcurrentGCThread "G1 Main Marker" [stack: 0x000000fe06b00000,0x000000fe06c00000] [id=33004]
  0x000002ca59db6a00 ConcurrentGCThread "G1 Conc#0" [stack: 0x000000fe06c00000,0x000000fe06d00000] [id=32528]
  0x000002ca6211e5d0 ConcurrentGCThread "G1 Conc#1" [stack: 0x000000fe08f00000,0x000000fe09000000] [id=29036]
  0x000002ca6211ee10 ConcurrentGCThread "G1 Conc#2" [stack: 0x000000fe09000000,0x000000fe09100000] [id=3308]
  0x000002ca59e9fa60 ConcurrentGCThread "G1 Refine#0" [stack: 0x000000fe06d00000,0x000000fe06e00000] [id=31484]
  0x000002ca65910f20 ConcurrentGCThread "G1 Refine#1" [stack: 0x000000fe0e800000,0x000000fe0e900000] [id=27280]
  0x000002ca65911210 ConcurrentGCThread "G1 Refine#2" [stack: 0x000000fe0e900000,0x000000fe0ea00000] [id=12572]
  0x000002ca659123b0 ConcurrentGCThread "G1 Refine#3" [stack: 0x000000fe0ea00000,0x000000fe0eb00000] [id=17048]
  0x000002ca59ea0490 ConcurrentGCThread "G1 Service" [stack: 0x000000fe06e00000,0x000000fe06f00000] [id=6468]

Threads with active compile tasks:
C2 CompilerThread0    63116 9815       4       org.jetbrains.org.objectweb.asm.ClassReader::accept (1381 bytes)
C2 CompilerThread1    63116 9757       4       org.jetbrains.org.objectweb.asm.ClassReader::readMethod (1061 bytes)
C2 CompilerThread2    63116 9596       4       jdk.internal.loader.URLClassPath::getResource (74 bytes)

VM state: at safepoint (normal execution)

VM Mutex/Monitor currently owned by a thread:  ([mutex/lock_event])
[0x000002ca42fffd50] Threads_lock - owner thread: 0x000002ca59f8cd00
[0x000002ca42fffde0] Heap_lock - owner thread: 0x000002ca63a3eed0

Heap address: 0x0000000080000000, size: 2048 MB, Compressed Oops mode: 32-bit

CDS archive(s) not mapped
Compressed class space mapped at: 0x0000000100000000-0x000000011a000000, reserved size: 436207616
Narrow klass base: 0x0000000000000000, Narrow klass shift: 3, Narrow klass range: 0x11a000000

GC Precious Log:
 CPUs: 12 total, 12 available
 Memory: 16049M
 Large Page Support: Disabled
 NUMA Support: Disabled
 Compressed Oops: Enabled (32-bit)
 Heap Region Size: 1M
 Heap Min Capacity: 8M
 Heap Initial Capacity: 252M
 Heap Max Capacity: 2G
 Pre-touch: Disabled
 Parallel Workers: 10
 Concurrent Workers: 3
 Concurrent Refinement Workers: 10
 Periodic GC: Disabled

Heap:
 garbage-first heap   total 258048K, used 114924K [0x0000000080000000, 0x0000000100000000)
  region size 1024K, 2 young (2048K), 2 survivors (2048K)
 Metaspace       used 80350K, committed 81280K, reserved 557056K
  class space    used 11145K, committed 11584K, reserved 425984K

Heap Regions: E=young(eden), S=young(survivor), O=old, HS=humongous(starts), HC=humongous(continues), CS=collection set, F=free, OA=open archive, CA=closed archive, TAMS=top-at-mark-start (previous, next)
|   0|0x0000000080000000, 0x0000000080100000, 0x0000000080100000|100%|HS|  |TAMS 0x0000000080100000, 0x0000000080100000| Complete 
|   1|0x0000000080100000, 0x0000000080200000, 0x0000000080200000|100%|HC|  |TAMS 0x0000000080200000, 0x0000000080200000| Complete 
|   2|0x0000000080200000, 0x0000000080300000, 0x0000000080300000|100%|HC|  |TAMS 0x0000000080300000, 0x0000000080300000| Complete 
|   3|0x0000000080300000, 0x0000000080400000, 0x0000000080400000|100%|HC|  |TAMS 0x0000000080400000, 0x0000000080400000| Complete 
|   4|0x0000000080400000, 0x0000000080500000, 0x0000000080500000|100%| O|  |TAMS 0x0000000080500000, 0x0000000080500000| Untracked 
|   5|0x0000000080500000, 0x0000000080600000, 0x0000000080600000|100%| O|  |TAMS 0x0000000080600000, 0x0000000080600000| Untracked 
|   6|0x0000000080600000, 0x0000000080700000, 0x0000000080700000|100%| O|  |TAMS 0x0000000080700000, 0x0000000080700000| Untracked 
|   7|0x0000000080700000, 0x0000000080800000, 0x0000000080800000|100%| O|  |TAMS 0x0000000080800000, 0x0000000080800000| Untracked 
|   8|0x0000000080800000, 0x0000000080900000, 0x0000000080900000|100%| O|  |TAMS 0x0000000080900000, 0x0000000080900000| Untracked 
|   9|0x0000000080900000, 0x0000000080a00000, 0x0000000080a00000|100%| O|  |TAMS 0x0000000080a00000, 0x0000000080a00000| Untracked 
|  10|0x0000000080a00000, 0x0000000080b00000, 0x0000000080b00000|100%| O|  |TAMS 0x0000000080b00000, 0x0000000080b00000| Untracked 
|  11|0x0000000080b00000, 0x0000000080c00000, 0x0000000080c00000|100%| O|  |TAMS 0x0000000080c00000, 0x0000000080c00000| Untracked 
|  12|0x0000000080c00000, 0x0000000080d00000, 0x0000000080d00000|100%| O|  |TAMS 0x0000000080d00000, 0x0000000080d00000| Untracked 
|  13|0x0000000080d00000, 0x0000000080e00000, 0x0000000080e00000|100%| O|  |TAMS 0x0000000080e00000, 0x0000000080e00000| Untracked 
|  14|0x0000000080e00000, 0x0000000080f00000, 0x0000000080f00000|100%| O|  |TAMS 0x0000000080f00000, 0x0000000080f00000| Untracked 
|  15|0x0000000080f00000, 0x0000000081000000, 0x0000000081000000|100%| O|  |TAMS 0x0000000081000000, 0x0000000081000000| Untracked 
|  16|0x0000000081000000, 0x0000000081100000, 0x0000000081100000|100%| O|  |TAMS 0x0000000081100000, 0x0000000081100000| Untracked 
|  17|0x0000000081100000, 0x0000000081200000, 0x0000000081200000|100%| O|  |TAMS 0x0000000081200000, 0x0000000081200000| Untracked 
|  18|0x0000000081200000, 0x0000000081300000, 0x0000000081300000|100%| O|  |TAMS 0x0000000081300000, 0x0000000081300000| Untracked 
|  19|0x0000000081300000, 0x0000000081400000, 0x0000000081400000|100%| O|  |TAMS 0x0000000081400000, 0x0000000081400000| Untracked 
|  20|0x0000000081400000, 0x0000000081500000, 0x0000000081500000|100%| O|  |TAMS 0x0000000081500000, 0x0000000081500000| Untracked 
|  21|0x0000000081500000, 0x0000000081600000, 0x0000000081600000|100%| O|  |TAMS 0x0000000081600000, 0x0000000081600000| Untracked 
|  22|0x0000000081600000, 0x0000000081700000, 0x0000000081700000|100%| O|  |TAMS 0x0000000081700000, 0x0000000081700000| Untracked 
|  23|0x0000000081700000, 0x0000000081800000, 0x0000000081800000|100%| O|  |TAMS 0x0000000081800000, 0x0000000081800000| Untracked 
|  24|0x0000000081800000, 0x0000000081800000, 0x0000000081900000|  0%| F|  |TAMS 0x0000000081800000, 0x0000000081800000| Untracked 
|  25|0x0000000081900000, 0x0000000081a00000, 0x0000000081a00000|100%| O|  |TAMS 0x0000000081a00000, 0x0000000081a00000| Untracked 
|  26|0x0000000081a00000, 0x0000000081b00000, 0x0000000081b00000|100%| O|  |TAMS 0x0000000081b00000, 0x0000000081b00000| Untracked 
|  27|0x0000000081b00000, 0x0000000081c00000, 0x0000000081c00000|100%| O|  |TAMS 0x0000000081c00000, 0x0000000081c00000| Untracked 
|  28|0x0000000081c00000, 0x0000000081d00000, 0x0000000081d00000|100%| O|  |TAMS 0x0000000081d00000, 0x0000000081d00000| Untracked 
|  29|0x0000000081d00000, 0x0000000081e00000, 0x0000000081e00000|100%| O|  |TAMS 0x0000000081e00000, 0x0000000081e00000| Untracked 
|  30|0x0000000081e00000, 0x0000000081f00000, 0x0000000081f00000|100%| O|  |TAMS 0x0000000081f00000, 0x0000000081f00000| Untracked 
|  31|0x0000000081f00000, 0x0000000082000000, 0x0000000082000000|100%| O|  |TAMS 0x0000000082000000, 0x0000000082000000| Untracked 
|  32|0x0000000082000000, 0x0000000082100000, 0x0000000082100000|100%| O|  |TAMS 0x0000000082100000, 0x0000000082100000| Untracked 
|  33|0x0000000082100000, 0x0000000082200000, 0x0000000082200000|100%| O|  |TAMS 0x0000000082200000, 0x0000000082200000| Untracked 
|  34|0x0000000082200000, 0x0000000082300000, 0x0000000082300000|100%| O|  |TAMS 0x0000000082300000, 0x0000000082300000| Untracked 
|  35|0x0000000082300000, 0x0000000082400000, 0x0000000082400000|100%| O|  |TAMS 0x0000000082400000, 0x0000000082400000| Untracked 
|  36|0x0000000082400000, 0x0000000082500000, 0x0000000082500000|100%| O|  |TAMS 0x0000000082500000, 0x0000000082500000| Untracked 
|  37|0x0000000082500000, 0x0000000082600000, 0x0000000082600000|100%| O|  |TAMS 0x0000000082600000, 0x0000000082600000| Untracked 
|  38|0x0000000082600000, 0x0000000082700000, 0x0000000082700000|100%| O|  |TAMS 0x0000000082700000, 0x0000000082700000| Untracked 
|  39|0x0000000082700000, 0x0000000082800000, 0x0000000082800000|100%| O|  |TAMS 0x0000000082800000, 0x0000000082800000| Untracked 
|  40|0x0000000082800000, 0x0000000082900000, 0x0000000082900000|100%| O|  |TAMS 0x0000000082900000, 0x0000000082900000| Untracked 
|  41|0x0000000082900000, 0x0000000082a00000, 0x0000000082a00000|100%| O|  |TAMS 0x0000000082a00000, 0x0000000082a00000| Untracked 
|  42|0x0000000082a00000, 0x0000000082b00000, 0x0000000082b00000|100%|HS|  |TAMS 0x0000000082b00000, 0x0000000082b00000| Complete 
|  43|0x0000000082b00000, 0x0000000082c00000, 0x0000000082c00000|100%|HC|  |TAMS 0x0000000082c00000, 0x0000000082c00000| Complete 
|  44|0x0000000082c00000, 0x0000000082d00000, 0x0000000082d00000|100%| O|  |TAMS 0x0000000082d00000, 0x0000000082d00000| Untracked 
|  45|0x0000000082d00000, 0x0000000082e00000, 0x0000000082e00000|100%| O|  |TAMS 0x0000000082e00000, 0x0000000082e00000| Untracked 
|  46|0x0000000082e00000, 0x0000000082f00000, 0x0000000082f00000|100%|HS|  |TAMS 0x0000000082f00000, 0x0000000082f00000| Complete 
|  47|0x0000000082f00000, 0x0000000083000000, 0x0000000083000000|100%|HC|  |TAMS 0x0000000083000000, 0x0000000083000000| Complete 
|  48|0x0000000083000000, 0x0000000083100000, 0x0000000083100000|100%|HS|  |TAMS 0x0000000083100000, 0x0000000083100000| Complete 
|  49|0x0000000083100000, 0x0000000083200000, 0x0000000083200000|100%|HC|  |TAMS 0x0000000083200000, 0x0000000083200000| Complete 
|  50|0x0000000083200000, 0x0000000083300000, 0x0000000083300000|100%|HC|  |TAMS 0x0000000083300000, 0x0000000083300000| Complete 
|  51|0x0000000083300000, 0x0000000083400000, 0x0000000083400000|100%|HC|  |TAMS 0x0000000083400000, 0x0000000083400000| Complete 
|  52|0x0000000083400000, 0x0000000083500000, 0x0000000083500000|100%|HS|  |TAMS 0x0000000083500000, 0x0000000083500000| Complete 
|  53|0x0000000083500000, 0x0000000083600000, 0x0000000083600000|100%|HC|  |TAMS 0x0000000083600000, 0x0000000083600000| Complete 
|  54|0x0000000083600000, 0x0000000083700000, 0x0000000083700000|100%|HC|  |TAMS 0x0000000083700000, 0x0000000083700000| Complete 
|  55|0x0000000083700000, 0x0000000083800000, 0x0000000083800000|100%|HC|  |TAMS 0x0000000083800000, 0x0000000083800000| Complete 
|  56|0x0000000083800000, 0x0000000083900000, 0x0000000083900000|100%| O|  |TAMS 0x0000000083900000, 0x0000000083900000| Untracked 
|  57|0x0000000083900000, 0x0000000083a00000, 0x0000000083a00000|100%| O|  |TAMS 0x0000000083a00000, 0x0000000083a00000| Untracked 
|  58|0x0000000083a00000, 0x0000000083b00000, 0x0000000083b00000|100%| O|  |TAMS 0x0000000083b00000, 0x0000000083b00000| Untracked 
|  59|0x0000000083b00000, 0x0000000083c00000, 0x0000000083c00000|100%| O|  |TAMS 0x0000000083c00000, 0x0000000083c00000| Untracked 
|  60|0x0000000083c00000, 0x0000000083d00000, 0x0000000083d00000|100%| O|  |TAMS 0x0000000083d00000, 0x0000000083d00000| Untracked 
|  61|0x0000000083d00000, 0x0000000083e00000, 0x0000000083e00000|100%| O|  |TAMS 0x0000000083e00000, 0x0000000083e00000| Untracked 
|  62|0x0000000083e00000, 0x0000000083f00000, 0x0000000083f00000|100%| O|  |TAMS 0x0000000083f00000, 0x0000000083f00000| Untracked 
|  63|0x0000000083f00000, 0x0000000084000000, 0x0000000084000000|100%| O|  |TAMS 0x0000000084000000, 0x0000000084000000| Untracked 
|  64|0x0000000084000000, 0x0000000084100000, 0x0000000084100000|100%| O|  |TAMS 0x0000000084100000, 0x0000000084100000| Untracked 
|  65|0x0000000084100000, 0x0000000084200000, 0x0000000084200000|100%| O|  |TAMS 0x0000000084200000, 0x0000000084200000| Untracked 
|  66|0x0000000084200000, 0x0000000084300000, 0x0000000084300000|100%| O|  |TAMS 0x0000000084300000, 0x0000000084300000| Untracked 
|  67|0x0000000084300000, 0x0000000084400000, 0x0000000084400000|100%| O|  |TAMS 0x0000000084400000, 0x0000000084400000| Untracked 
|  68|0x0000000084400000, 0x0000000084500000, 0x0000000084500000|100%| O|  |TAMS 0x0000000084500000, 0x0000000084500000| Untracked 
|  69|0x0000000084500000, 0x0000000084600000, 0x0000000084600000|100%| O|  |TAMS 0x0000000084600000, 0x0000000084600000| Untracked 
|  70|0x0000000084600000, 0x0000000084700000, 0x0000000084700000|100%| O|  |TAMS 0x0000000084700000, 0x0000000084700000| Untracked 
|  71|0x0000000084700000, 0x0000000084800000, 0x0000000084800000|100%|HS|  |TAMS 0x0000000084800000, 0x0000000084800000| Complete 
|  72|0x0000000084800000, 0x0000000084900000, 0x0000000084900000|100%|HS|  |TAMS 0x0000000084900000, 0x0000000084900000| Complete 
|  73|0x0000000084900000, 0x0000000084a00000, 0x0000000084a00000|100%|HC|  |TAMS 0x0000000084a00000, 0x0000000084a00000| Complete 
|  74|0x0000000084a00000, 0x0000000084b00000, 0x0000000084b00000|100%|HC|  |TAMS 0x0000000084b00000, 0x0000000084b00000| Complete 
|  75|0x0000000084b00000, 0x0000000084c00000, 0x0000000084c00000|100%|HC|  |TAMS 0x0000000084c00000, 0x0000000084c00000| Complete 
|  76|0x0000000084c00000, 0x0000000084d00000, 0x0000000084d00000|100%|HC|  |TAMS 0x0000000084d00000, 0x0000000084d00000| Complete 
|  77|0x0000000084d00000, 0x0000000084e00000, 0x0000000084e00000|100%|HC|  |TAMS 0x0000000084e00000, 0x0000000084e00000| Complete 
|  78|0x0000000084e00000, 0x0000000084f00000, 0x0000000084f00000|100%|HS|  |TAMS 0x0000000084f00000, 0x0000000084f00000| Complete 
|  79|0x0000000084f00000, 0x0000000085000000, 0x0000000085000000|100%| O|  |TAMS 0x0000000085000000, 0x0000000085000000| Untracked 
|  80|0x0000000085000000, 0x0000000085100000, 0x0000000085100000|100%| O|  |TAMS 0x0000000085100000, 0x0000000085100000| Untracked 
|  81|0x0000000085100000, 0x0000000085200000, 0x0000000085200000|100%| O|  |TAMS 0x0000000085200000, 0x0000000085200000| Untracked 
|  82|0x0000000085200000, 0x0000000085300000, 0x0000000085300000|100%| O|  |TAMS 0x0000000085300000, 0x0000000085300000| Untracked 
|  83|0x0000000085300000, 0x0000000085400000, 0x0000000085400000|100%| O|  |TAMS 0x0000000085400000, 0x0000000085400000| Untracked 
|  84|0x0000000085400000, 0x0000000085500000, 0x0000000085500000|100%| O|  |TAMS 0x0000000085500000, 0x0000000085500000| Untracked 
|  85|0x0000000085500000, 0x0000000085600000, 0x0000000085600000|100%| O|  |TAMS 0x0000000085600000, 0x0000000085600000| Untracked 
|  86|0x0000000085600000, 0x0000000085700000, 0x0000000085700000|100%| O|  |TAMS 0x0000000085700000, 0x0000000085700000| Untracked 
|  87|0x0000000085700000, 0x0000000085800000, 0x0000000085800000|100%| O|  |TAMS 0x0000000085800000, 0x0000000085800000| Untracked 
|  88|0x0000000085800000, 0x0000000085900000, 0x0000000085900000|100%| O|  |TAMS 0x0000000085900000, 0x0000000085900000| Untracked 
|  89|0x0000000085900000, 0x0000000085a00000, 0x0000000085a00000|100%| O|  |TAMS 0x0000000085a00000, 0x0000000085a00000| Untracked 
|  90|0x0000000085a00000, 0x0000000085b00000, 0x0000000085b00000|100%| O|  |TAMS 0x0000000085b00000, 0x0000000085b00000| Untracked 
|  91|0x0000000085b00000, 0x0000000085c00000, 0x0000000085c00000|100%| O|  |TAMS 0x0000000085c00000, 0x0000000085c00000| Untracked 
|  92|0x0000000085c00000, 0x0000000085d00000, 0x0000000085d00000|100%| O|  |TAMS 0x0000000085d00000, 0x0000000085d00000| Untracked 
|  93|0x0000000085d00000, 0x0000000085e00000, 0x0000000085e00000|100%| O|  |TAMS 0x0000000085d00000, 0x0000000085e00000| Untracked 
|  94|0x0000000085e00000, 0x0000000085f00000, 0x0000000085f00000|100%| O|  |TAMS 0x0000000085f00000, 0x0000000085f00000| Untracked 
|  95|0x0000000085f00000, 0x0000000086000000, 0x0000000086000000|100%| O|  |TAMS 0x0000000086000000, 0x0000000086000000| Untracked 
|  96|0x0000000086000000, 0x0000000086100000, 0x0000000086100000|100%| O|  |TAMS 0x0000000086100000, 0x0000000086100000| Untracked 
|  97|0x0000000086100000, 0x0000000086200000, 0x0000000086200000|100%| O|  |TAMS 0x0000000086200000, 0x0000000086200000| Untracked 
|  98|0x0000000086200000, 0x0000000086300000, 0x0000000086300000|100%| O|  |TAMS 0x0000000086300000, 0x0000000086300000| Untracked 
|  99|0x0000000086300000, 0x0000000086400000, 0x0000000086400000|100%| O|  |TAMS 0x0000000086400000, 0x0000000086400000| Untracked 
| 100|0x0000000086400000, 0x0000000086500000, 0x0000000086500000|100%| O|  |TAMS 0x0000000086500000, 0x0000000086500000| Untracked 
| 101|0x0000000086500000, 0x0000000086600000, 0x0000000086600000|100%| O|  |TAMS 0x0000000086600000, 0x0000000086600000| Untracked 
| 102|0x0000000086600000, 0x0000000086700000, 0x0000000086700000|100%| O|  |TAMS 0x0000000086700000, 0x0000000086700000| Untracked 
| 103|0x0000000086700000, 0x0000000086800000, 0x0000000086800000|100%| O|  |TAMS 0x0000000086800000, 0x0000000086800000| Untracked 
| 104|0x0000000086800000, 0x0000000086900000, 0x0000000086900000|100%| O|  |TAMS 0x0000000086900000, 0x0000000086900000| Untracked 
| 105|0x0000000086900000, 0x0000000086a00000, 0x0000000086a00000|100%| O|  |TAMS 0x0000000086a00000, 0x0000000086a00000| Untracked 
| 106|0x0000000086a00000, 0x0000000086b00000, 0x0000000086b00000|100%| O|  |TAMS 0x0000000086b00000, 0x0000000086b00000| Untracked 
| 107|0x0000000086b00000, 0x0000000086c00000, 0x0000000086c00000|100%| O|  |TAMS 0x0000000086c00000, 0x0000000086c00000| Untracked 
| 108|0x0000000086c00000, 0x0000000086d00000, 0x0000000086d00000|100%| O|  |TAMS 0x0000000086d00000, 0x0000000086d00000| Untracked 
| 109|0x0000000086d00000, 0x0000000086e00000, 0x0000000086e00000|100%| O|  |TAMS 0x0000000086e00000, 0x0000000086e00000| Untracked 
| 110|0x0000000086e00000, 0x0000000086f00000, 0x0000000086f00000|100%| O|  |TAMS 0x0000000086f00000, 0x0000000086f00000| Untracked 
| 111|0x0000000086f00000, 0x0000000086f00000, 0x0000000087000000|  0%| F|  |TAMS 0x0000000086f00000, 0x0000000086f00000| Untracked 
| 112|0x0000000087000000, 0x0000000087100000, 0x0000000087100000|100%| O|  |TAMS 0x0000000087067e00, 0x0000000087100000| Untracked 
| 113|0x0000000087100000, 0x000000008711f800, 0x0000000087200000| 12%| O|  |TAMS 0x0000000087100000, 0x000000008711f800| Untracked 
| 114|0x0000000087200000, 0x0000000087200000, 0x0000000087300000|  0%| F|  |TAMS 0x0000000087200000, 0x0000000087200000| Untracked 
| 115|0x0000000087300000, 0x0000000087300000, 0x0000000087400000|  0%| F|  |TAMS 0x0000000087300000, 0x0000000087300000| Untracked 
| 116|0x0000000087400000, 0x0000000087400000, 0x0000000087500000|  0%| F|  |TAMS 0x0000000087400000, 0x0000000087400000| Untracked 
| 117|0x0000000087500000, 0x0000000087500000, 0x0000000087600000|  0%| F|  |TAMS 0x0000000087500000, 0x0000000087500000| Untracked 
| 118|0x0000000087600000, 0x0000000087600000, 0x0000000087700000|  0%| F|  |TAMS 0x0000000087600000, 0x0000000087600000| Untracked 
| 119|0x0000000087700000, 0x0000000087700000, 0x0000000087800000|  0%| F|  |TAMS 0x0000000087700000, 0x0000000087700000| Untracked 
| 120|0x0000000087800000, 0x0000000087800000, 0x0000000087900000|  0%| F|  |TAMS 0x0000000087800000, 0x0000000087800000| Untracked 
| 121|0x0000000087900000, 0x0000000087900000, 0x0000000087a00000|  0%| F|  |TAMS 0x0000000087900000, 0x0000000087900000| Untracked 
| 122|0x0000000087a00000, 0x0000000087a00000, 0x0000000087b00000|  0%| F|  |TAMS 0x0000000087a00000, 0x0000000087a00000| Untracked 
| 123|0x0000000087b00000, 0x0000000087b00000, 0x0000000087c00000|  0%| F|  |TAMS 0x0000000087b00000, 0x0000000087b00000| Untracked 
| 124|0x0000000087c00000, 0x0000000087c00000, 0x0000000087d00000|  0%| F|  |TAMS 0x0000000087c00000, 0x0000000087c00000| Untracked 
| 125|0x0000000087d00000, 0x0000000087d00000, 0x0000000087e00000|  0%| F|  |TAMS 0x0000000087d00000, 0x0000000087d00000| Untracked 
| 126|0x0000000087e00000, 0x0000000087e00000, 0x0000000087f00000|  0%| F|  |TAMS 0x0000000087e00000, 0x0000000087e00000| Untracked 
| 127|0x0000000087f00000, 0x0000000087f00000, 0x0000000088000000|  0%| F|  |TAMS 0x0000000087f00000, 0x0000000087f00000| Untracked 
| 128|0x0000000088000000, 0x0000000088000000, 0x0000000088100000|  0%| F|  |TAMS 0x0000000088000000, 0x0000000088000000| Untracked 
| 129|0x0000000088100000, 0x0000000088100000, 0x0000000088200000|  0%| F|  |TAMS 0x0000000088100000, 0x0000000088100000| Untracked 
| 130|0x0000000088200000, 0x0000000088200000, 0x0000000088300000|  0%| F|  |TAMS 0x0000000088200000, 0x0000000088200000| Untracked 
| 131|0x0000000088300000, 0x0000000088300000, 0x0000000088400000|  0%| F|  |TAMS 0x0000000088300000, 0x0000000088300000| Untracked 
| 132|0x0000000088400000, 0x0000000088400000, 0x0000000088500000|  0%| F|  |TAMS 0x0000000088400000, 0x0000000088400000| Untracked 
| 133|0x0000000088500000, 0x0000000088500000, 0x0000000088600000|  0%| F|  |TAMS 0x0000000088500000, 0x0000000088500000| Untracked 
| 134|0x0000000088600000, 0x0000000088600000, 0x0000000088700000|  0%| F|  |TAMS 0x0000000088600000, 0x0000000088600000| Untracked 
| 135|0x0000000088700000, 0x0000000088700000, 0x0000000088800000|  0%| F|  |TAMS 0x0000000088700000, 0x0000000088700000| Untracked 
| 136|0x0000000088800000, 0x0000000088800000, 0x0000000088900000|  0%| F|  |TAMS 0x0000000088800000, 0x0000000088800000| Untracked 
| 137|0x0000000088900000, 0x0000000088900000, 0x0000000088a00000|  0%| F|  |TAMS 0x0000000088900000, 0x0000000088900000| Untracked 
| 138|0x0000000088a00000, 0x0000000088a00000, 0x0000000088b00000|  0%| F|  |TAMS 0x0000000088a00000, 0x0000000088a00000| Untracked 
| 139|0x0000000088b00000, 0x0000000088b00000, 0x0000000088c00000|  0%| F|  |TAMS 0x0000000088b00000, 0x0000000088b00000| Untracked 
| 140|0x0000000088c00000, 0x0000000088c00000, 0x0000000088d00000|  0%| F|  |TAMS 0x0000000088c00000, 0x0000000088c00000| Untracked 
| 141|0x0000000088d00000, 0x0000000088d00000, 0x0000000088e00000|  0%| F|  |TAMS 0x0000000088d00000, 0x0000000088d00000| Untracked 
| 142|0x0000000088e00000, 0x0000000088e00000, 0x0000000088f00000|  0%| F|  |TAMS 0x0000000088e00000, 0x0000000088e00000| Untracked 
| 143|0x0000000088f00000, 0x0000000088f00000, 0x0000000089000000|  0%| F|  |TAMS 0x0000000088f00000, 0x0000000088f00000| Untracked 
| 144|0x0000000089000000, 0x0000000089000000, 0x0000000089100000|  0%| F|  |TAMS 0x0000000089000000, 0x0000000089000000| Untracked 
| 145|0x0000000089100000, 0x0000000089100000, 0x0000000089200000|  0%| F|  |TAMS 0x0000000089100000, 0x0000000089100000| Untracked 
| 146|0x0000000089200000, 0x0000000089200000, 0x0000000089300000|  0%| F|  |TAMS 0x0000000089200000, 0x0000000089200000| Untracked 
| 147|0x0000000089300000, 0x0000000089300000, 0x0000000089400000|  0%| F|  |TAMS 0x0000000089300000, 0x0000000089300000| Untracked 
| 148|0x0000000089400000, 0x0000000089400000, 0x0000000089500000|  0%| F|  |TAMS 0x0000000089400000, 0x0000000089400000| Untracked 
| 149|0x0000000089500000, 0x0000000089500000, 0x0000000089600000|  0%| F|  |TAMS 0x0000000089500000, 0x0000000089500000| Untracked 
| 150|0x0000000089600000, 0x0000000089600000, 0x0000000089700000|  0%| F|  |TAMS 0x0000000089600000, 0x0000000089600000| Untracked 
| 151|0x0000000089700000, 0x0000000089700000, 0x0000000089800000|  0%| F|  |TAMS 0x0000000089700000, 0x0000000089700000| Untracked 
| 152|0x0000000089800000, 0x0000000089800000, 0x0000000089900000|  0%| F|  |TAMS 0x0000000089800000, 0x0000000089800000| Untracked 
| 153|0x0000000089900000, 0x0000000089900000, 0x0000000089a00000|  0%| F|  |TAMS 0x0000000089900000, 0x0000000089900000| Untracked 
| 154|0x0000000089a00000, 0x0000000089a00000, 0x0000000089b00000|  0%| F|  |TAMS 0x0000000089a00000, 0x0000000089a00000| Untracked 
| 155|0x0000000089b00000, 0x0000000089b00000, 0x0000000089c00000|  0%| F|  |TAMS 0x0000000089b00000, 0x0000000089b00000| Untracked 
| 156|0x0000000089c00000, 0x0000000089c00000, 0x0000000089d00000|  0%| F|  |TAMS 0x0000000089c00000, 0x0000000089c00000| Untracked 
| 157|0x0000000089d00000, 0x0000000089d1b9d8, 0x0000000089e00000| 10%| S|CS|TAMS 0x0000000089d00000, 0x0000000089d00000| Complete 
| 158|0x0000000089e00000, 0x0000000089f00000, 0x0000000089f00000|100%| S|CS|TAMS 0x0000000089e00000, 0x0000000089e00000| Complete 
| 159|0x0000000089f00000, 0x0000000089f00000, 0x000000008a000000|  0%| F|  |TAMS 0x0000000089f00000, 0x0000000089f00000| Untracked 
| 160|0x000000008a000000, 0x000000008a000000, 0x000000008a100000|  0%| F|  |TAMS 0x000000008a000000, 0x000000008a000000| Untracked 
| 161|0x000000008a100000, 0x000000008a100000, 0x000000008a200000|  0%| F|  |TAMS 0x000000008a100000, 0x000000008a100000| Untracked 
| 162|0x000000008a200000, 0x000000008a200000, 0x000000008a300000|  0%| F|  |TAMS 0x000000008a200000, 0x000000008a200000| Untracked 
| 163|0x000000008a300000, 0x000000008a300000, 0x000000008a400000|  0%| F|  |TAMS 0x000000008a300000, 0x000000008a300000| Untracked 
| 164|0x000000008a400000, 0x000000008a400000, 0x000000008a500000|  0%| F|  |TAMS 0x000000008a400000, 0x000000008a400000| Untracked 
| 165|0x000000008a500000, 0x000000008a500000, 0x000000008a600000|  0%| F|  |TAMS 0x000000008a500000, 0x000000008a500000| Untracked 
| 166|0x000000008a600000, 0x000000008a600000, 0x000000008a700000|  0%| F|  |TAMS 0x000000008a600000, 0x000000008a600000| Untracked 
| 167|0x000000008a700000, 0x000000008a700000, 0x000000008a800000|  0%| F|  |TAMS 0x000000008a700000, 0x000000008a700000| Untracked 
| 168|0x000000008a800000, 0x000000008a800000, 0x000000008a900000|  0%| F|  |TAMS 0x000000008a800000, 0x000000008a800000| Untracked 
| 169|0x000000008a900000, 0x000000008a900000, 0x000000008aa00000|  0%| F|  |TAMS 0x000000008a900000, 0x000000008a900000| Untracked 
| 170|0x000000008aa00000, 0x000000008aa00000, 0x000000008ab00000|  0%| F|  |TAMS 0x000000008aa00000, 0x000000008aa00000| Untracked 
| 171|0x000000008ab00000, 0x000000008ab00000, 0x000000008ac00000|  0%| F|  |TAMS 0x000000008ab00000, 0x000000008ab00000| Untracked 
| 172|0x000000008ac00000, 0x000000008ac00000, 0x000000008ad00000|  0%| F|  |TAMS 0x000000008ac00000, 0x000000008ac00000| Untracked 
| 173|0x000000008ad00000, 0x000000008ad00000, 0x000000008ae00000|  0%| F|  |TAMS 0x000000008ad00000, 0x000000008ad00000| Untracked 
| 174|0x000000008ae00000, 0x000000008ae00000, 0x000000008af00000|  0%| F|  |TAMS 0x000000008ae00000, 0x000000008ae00000| Untracked 
| 175|0x000000008af00000, 0x000000008af00000, 0x000000008b000000|  0%| F|  |TAMS 0x000000008af00000, 0x000000008af00000| Untracked 
| 176|0x000000008b000000, 0x000000008b000000, 0x000000008b100000|  0%| F|  |TAMS 0x000000008b000000, 0x000000008b000000| Untracked 
| 177|0x000000008b100000, 0x000000008b100000, 0x000000008b200000|  0%| F|  |TAMS 0x000000008b100000, 0x000000008b100000| Untracked 
| 178|0x000000008b200000, 0x000000008b200000, 0x000000008b300000|  0%| F|  |TAMS 0x000000008b200000, 0x000000008b200000| Untracked 
| 179|0x000000008b300000, 0x000000008b300000, 0x000000008b400000|  0%| F|  |TAMS 0x000000008b300000, 0x000000008b300000| Untracked 
| 180|0x000000008b400000, 0x000000008b400000, 0x000000008b500000|  0%| F|  |TAMS 0x000000008b400000, 0x000000008b400000| Untracked 
| 181|0x000000008b500000, 0x000000008b500000, 0x000000008b600000|  0%| F|  |TAMS 0x000000008b500000, 0x000000008b500000| Untracked 
| 182|0x000000008b600000, 0x000000008b600000, 0x000000008b700000|  0%| F|  |TAMS 0x000000008b600000, 0x000000008b600000| Untracked 
| 183|0x000000008b700000, 0x000000008b700000, 0x000000008b800000|  0%| F|  |TAMS 0x000000008b700000, 0x000000008b700000| Untracked 
| 184|0x000000008b800000, 0x000000008b800000, 0x000000008b900000|  0%| F|  |TAMS 0x000000008b800000, 0x000000008b800000| Untracked 
| 185|0x000000008b900000, 0x000000008b900000, 0x000000008ba00000|  0%| F|  |TAMS 0x000000008b900000, 0x000000008b900000| Untracked 
| 186|0x000000008ba00000, 0x000000008ba00000, 0x000000008bb00000|  0%| F|  |TAMS 0x000000008ba00000, 0x000000008ba00000| Untracked 
| 187|0x000000008bb00000, 0x000000008bb00000, 0x000000008bc00000|  0%| F|  |TAMS 0x000000008bb00000, 0x000000008bb00000| Untracked 
| 188|0x000000008bc00000, 0x000000008bc00000, 0x000000008bd00000|  0%| F|  |TAMS 0x000000008bc00000, 0x000000008bc00000| Untracked 
| 189|0x000000008bd00000, 0x000000008bd00000, 0x000000008be00000|  0%| F|  |TAMS 0x000000008bd00000, 0x000000008bd00000| Untracked 
| 190|0x000000008be00000, 0x000000008be00000, 0x000000008bf00000|  0%| F|  |TAMS 0x000000008be00000, 0x000000008be00000| Untracked 
| 191|0x000000008bf00000, 0x000000008bf00000, 0x000000008c000000|  0%| F|  |TAMS 0x000000008bf00000, 0x000000008bf00000| Untracked 
| 192|0x000000008c000000, 0x000000008c000000, 0x000000008c100000|  0%| F|  |TAMS 0x000000008c000000, 0x000000008c000000| Untracked 
| 193|0x000000008c100000, 0x000000008c100000, 0x000000008c200000|  0%| F|  |TAMS 0x000000008c100000, 0x000000008c100000| Untracked 
| 194|0x000000008c200000, 0x000000008c200000, 0x000000008c300000|  0%| F|  |TAMS 0x000000008c200000, 0x000000008c200000| Untracked 
| 195|0x000000008c300000, 0x000000008c300000, 0x000000008c400000|  0%| F|  |TAMS 0x000000008c300000, 0x000000008c300000| Untracked 
| 196|0x000000008c400000, 0x000000008c400000, 0x000000008c500000|  0%| F|  |TAMS 0x000000008c400000, 0x000000008c400000| Untracked 
| 197|0x000000008c500000, 0x000000008c500000, 0x000000008c600000|  0%| F|  |TAMS 0x000000008c500000, 0x000000008c500000| Untracked 
| 198|0x000000008c600000, 0x000000008c600000, 0x000000008c700000|  0%| F|  |TAMS 0x000000008c600000, 0x000000008c600000| Untracked 
| 199|0x000000008c700000, 0x000000008c700000, 0x000000008c800000|  0%| F|  |TAMS 0x000000008c700000, 0x000000008c700000| Untracked 
| 200|0x000000008c800000, 0x000000008c800000, 0x000000008c900000|  0%| F|  |TAMS 0x000000008c800000, 0x000000008c800000| Untracked 
| 201|0x000000008c900000, 0x000000008c900000, 0x000000008ca00000|  0%| F|  |TAMS 0x000000008c900000, 0x000000008c900000| Untracked 
| 202|0x000000008ca00000, 0x000000008ca00000, 0x000000008cb00000|  0%| F|  |TAMS 0x000000008ca00000, 0x000000008ca00000| Untracked 
| 203|0x000000008cb00000, 0x000000008cb00000, 0x000000008cc00000|  0%| F|  |TAMS 0x000000008cb00000, 0x000000008cb00000| Untracked 
| 204|0x000000008cc00000, 0x000000008cc00000, 0x000000008cd00000|  0%| F|  |TAMS 0x000000008cc00000, 0x000000008cc00000| Untracked 
| 205|0x000000008cd00000, 0x000000008cd00000, 0x000000008ce00000|  0%| F|  |TAMS 0x000000008cd00000, 0x000000008cd00000| Untracked 
| 206|0x000000008ce00000, 0x000000008ce00000, 0x000000008cf00000|  0%| F|  |TAMS 0x000000008ce00000, 0x000000008ce00000| Untracked 
| 207|0x000000008cf00000, 0x000000008cf00000, 0x000000008d000000|  0%| F|  |TAMS 0x000000008cf00000, 0x000000008cf00000| Untracked 
| 208|0x000000008d000000, 0x000000008d000000, 0x000000008d100000|  0%| F|  |TAMS 0x000000008d000000, 0x000000008d000000| Untracked 
| 209|0x000000008d100000, 0x000000008d100000, 0x000000008d200000|  0%| F|  |TAMS 0x000000008d100000, 0x000000008d100000| Untracked 
| 210|0x000000008d200000, 0x000000008d200000, 0x000000008d300000|  0%| F|  |TAMS 0x000000008d200000, 0x000000008d200000| Untracked 
| 211|0x000000008d300000, 0x000000008d300000, 0x000000008d400000|  0%| F|  |TAMS 0x000000008d300000, 0x000000008d300000| Untracked 
| 212|0x000000008d400000, 0x000000008d400000, 0x000000008d500000|  0%| F|  |TAMS 0x000000008d400000, 0x000000008d400000| Untracked 
| 213|0x000000008d500000, 0x000000008d500000, 0x000000008d600000|  0%| F|  |TAMS 0x000000008d500000, 0x000000008d500000| Untracked 
| 214|0x000000008d600000, 0x000000008d600000, 0x000000008d700000|  0%| F|  |TAMS 0x000000008d600000, 0x000000008d600000| Untracked 
| 215|0x000000008d700000, 0x000000008d700000, 0x000000008d800000|  0%| F|  |TAMS 0x000000008d700000, 0x000000008d700000| Untracked 
| 216|0x000000008d800000, 0x000000008d800000, 0x000000008d900000|  0%| F|  |TAMS 0x000000008d800000, 0x000000008d800000| Untracked 
| 217|0x000000008d900000, 0x000000008d900000, 0x000000008da00000|  0%| F|  |TAMS 0x000000008d900000, 0x000000008d900000| Untracked 
| 218|0x000000008da00000, 0x000000008da00000, 0x000000008db00000|  0%| F|  |TAMS 0x000000008da00000, 0x000000008da00000| Untracked 
| 219|0x000000008db00000, 0x000000008db00000, 0x000000008dc00000|  0%| F|  |TAMS 0x000000008db00000, 0x000000008db00000| Untracked 
| 220|0x000000008dc00000, 0x000000008dc00000, 0x000000008dd00000|  0%| F|  |TAMS 0x000000008dc00000, 0x000000008dc00000| Untracked 
| 221|0x000000008dd00000, 0x000000008dd00000, 0x000000008de00000|  0%| F|  |TAMS 0x000000008dd00000, 0x000000008dd00000| Untracked 
| 222|0x000000008de00000, 0x000000008de00000, 0x000000008df00000|  0%| F|  |TAMS 0x000000008de00000, 0x000000008de00000| Untracked 
| 223|0x000000008df00000, 0x000000008df00000, 0x000000008e000000|  0%| F|  |TAMS 0x000000008df00000, 0x000000008df00000| Untracked 
| 224|0x000000008e000000, 0x000000008e000000, 0x000000008e100000|  0%| F|  |TAMS 0x000000008e000000, 0x000000008e000000| Untracked 
| 225|0x000000008e100000, 0x000000008e100000, 0x000000008e200000|  0%| F|  |TAMS 0x000000008e100000, 0x000000008e100000| Untracked 
| 226|0x000000008e200000, 0x000000008e200000, 0x000000008e300000|  0%| F|  |TAMS 0x000000008e200000, 0x000000008e200000| Untracked 
| 227|0x000000008e300000, 0x000000008e300000, 0x000000008e400000|  0%| F|  |TAMS 0x000000008e300000, 0x000000008e300000| Untracked 
| 228|0x000000008e400000, 0x000000008e400000, 0x000000008e500000|  0%| F|  |TAMS 0x000000008e400000, 0x000000008e400000| Untracked 
| 229|0x000000008e500000, 0x000000008e500000, 0x000000008e600000|  0%| F|  |TAMS 0x000000008e500000, 0x000000008e500000| Untracked 
| 230|0x000000008e600000, 0x000000008e600000, 0x000000008e700000|  0%| F|  |TAMS 0x000000008e600000, 0x000000008e600000| Untracked 
| 231|0x000000008e700000, 0x000000008e700000, 0x000000008e800000|  0%| F|  |TAMS 0x000000008e700000, 0x000000008e700000| Untracked 
| 232|0x000000008e800000, 0x000000008e800000, 0x000000008e900000|  0%| F|  |TAMS 0x000000008e800000, 0x000000008e800000| Untracked 
| 233|0x000000008e900000, 0x000000008e900000, 0x000000008ea00000|  0%| F|  |TAMS 0x000000008e900000, 0x000000008e900000| Untracked 
| 234|0x000000008ea00000, 0x000000008ea00000, 0x000000008eb00000|  0%| F|  |TAMS 0x000000008ea00000, 0x000000008ea00000| Untracked 
| 235|0x000000008eb00000, 0x000000008eb00000, 0x000000008ec00000|  0%| F|  |TAMS 0x000000008eb00000, 0x000000008eb00000| Untracked 
| 236|0x000000008ec00000, 0x000000008ec00000, 0x000000008ed00000|  0%| F|  |TAMS 0x000000008ec00000, 0x000000008ec00000| Untracked 
| 237|0x000000008ed00000, 0x000000008ed00000, 0x000000008ee00000|  0%| F|  |TAMS 0x000000008ed00000, 0x000000008ed00000| Untracked 
| 238|0x000000008ee00000, 0x000000008ee00000, 0x000000008ef00000|  0%| F|  |TAMS 0x000000008ee00000, 0x000000008ee00000| Untracked 
| 239|0x000000008ef00000, 0x000000008ef00000, 0x000000008f000000|  0%| F|  |TAMS 0x000000008ef00000, 0x000000008ef00000| Untracked 
| 240|0x000000008f000000, 0x000000008f000000, 0x000000008f100000|  0%| F|  |TAMS 0x000000008f000000, 0x000000008f000000| Untracked 
| 241|0x000000008f100000, 0x000000008f100000, 0x000000008f200000|  0%| F|  |TAMS 0x000000008f100000, 0x000000008f100000| Untracked 
| 242|0x000000008f200000, 0x000000008f200000, 0x000000008f300000|  0%| F|  |TAMS 0x000000008f200000, 0x000000008f200000| Untracked 
| 243|0x000000008f300000, 0x000000008f300000, 0x000000008f400000|  0%| F|  |TAMS 0x000000008f300000, 0x000000008f300000| Untracked 
| 244|0x000000008f400000, 0x000000008f400000, 0x000000008f500000|  0%| F|  |TAMS 0x000000008f400000, 0x000000008f400000| Untracked 
| 245|0x000000008f500000, 0x000000008f500000, 0x000000008f600000|  0%| F|  |TAMS 0x000000008f500000, 0x000000008f500000| Untracked 
| 246|0x000000008f600000, 0x000000008f600000, 0x000000008f700000|  0%| F|  |TAMS 0x000000008f600000, 0x000000008f600000| Untracked 
| 247|0x000000008f700000, 0x000000008f700000, 0x000000008f800000|  0%| F|  |TAMS 0x000000008f700000, 0x000000008f700000| Untracked 
| 248|0x000000008f800000, 0x000000008f800000, 0x000000008f900000|  0%| F|  |TAMS 0x000000008f800000, 0x000000008f800000| Untracked 
| 249|0x000000008f900000, 0x000000008f900000, 0x000000008fa00000|  0%| F|  |TAMS 0x000000008f900000, 0x000000008f900000| Untracked 
| 250|0x000000008fa00000, 0x000000008fa00000, 0x000000008fb00000|  0%| F|  |TAMS 0x000000008fa00000, 0x000000008fa00000| Untracked 
| 251|0x000000008fb00000, 0x000000008fb00000, 0x000000008fc00000|  0%| F|  |TAMS 0x000000008fb00000, 0x000000008fb00000| Untracked 

Card table byte_map: [0x000002ca55590000,0x000002ca55990000] _byte_map_base: 0x000002ca55190000

Marking Bits (Prev, Next): (CMBitMap*) 0x000002ca4303f270, (CMBitMap*) 0x000002ca4303f2b0
 Prev Bits: [0x000002ca55d90000, 0x000002ca57d90000)
 Next Bits: [0x000002ca57d90000, 0x000002ca59d90000)

Polling page: 0x000002ca42750000

Metaspace:

Usage:
  Non-class:     67.58 MB used.
      Class:     10.88 MB used.
       Both:     78.47 MB used.

Virtual space:
  Non-class space:      128.00 MB reserved,      68.06 MB ( 53%) committed,  2 nodes.
      Class space:      416.00 MB reserved,      11.31 MB (  3%) committed,  1 nodes.
             Both:      544.00 MB reserved,      79.38 MB ( 15%) committed. 

Chunk freelists:
   Non-Class:  11.97 MB
       Class:  4.53 MB
        Both:  16.50 MB

MaxMetaspaceSize: 512.00 MB
CompressedClassSpaceSize: 416.00 MB
Initial GC threshold: 21.00 MB
Current GC threshold: 131.50 MB
CDS: off
MetaspaceReclaimPolicy: balanced
 - commit_granule_bytes: 65536.
 - commit_granule_words: 8192.
 - virtual_space_node_default_size: 8388608.
 - enlarge_chunks_in_place: 1.
 - new_chunks_are_fully_committed: 0.
 - uncommit_free_chunks: 1.
 - use_allocation_guard: 0.
 - handle_deallocations: 1.


Internal statistics:

num_allocs_failed_limit: 6.
num_arena_births: 1166.
num_arena_deaths: 0.
num_vsnodes_births: 3.
num_vsnodes_deaths: 0.
num_space_committed: 1270.
num_space_uncommitted: 0.
num_chunks_returned_to_freelist: 6.
num_chunks_taken_from_freelist: 4434.
num_chunk_merges: 6.
num_chunk_splits: 2755.
num_chunks_enlarged: 1641.
num_inconsistent_stats: 0.

CodeHeap 'non-profiled nmethods': size=120000Kb used=5016Kb max_used=5821Kb free=114983Kb
 bounds [0x000002ca4d700000, 0x000002ca4dcb0000, 0x000002ca54c30000]
CodeHeap 'profiled nmethods': size=120000Kb used=16046Kb max_used=17175Kb free=103953Kb
 bounds [0x000002ca45c30000, 0x000002ca46d10000, 0x000002ca4d160000]
CodeHeap 'non-nmethods': size=5760Kb used=2372Kb max_used=2444Kb free=3387Kb
 bounds [0x000002ca4d160000, 0x000002ca4d3d0000, 0x000002ca4d700000]
 total_blobs=9279 nmethods=8374 adapters=815
 compilation: enabled
              stopped_count=0, restarted_count=0
 full_count=0

Compilation events (20 events):
Event: 62.845 Thread 0x000002ca5cb3bd40 9877       2       org.jetbrains.kotlin.protobuf.SmallSortedMap::<init> (24 bytes)
Event: 62.845 Thread 0x000002ca5cb3bd40 nmethod 9877 0x000002ca4661f290 code [0x000002ca4661f420, 0x000002ca4661f5f8]
Event: 62.845 Thread 0x000002ca5cb3bd40 9879       2       org.jetbrains.kotlin.metadata.ProtoBuf$Type::initFields (79 bytes)
Event: 62.845 Thread 0x000002ca5cb3bd40 nmethod 9879 0x000002ca466db110 code [0x000002ca466db2c0, 0x000002ca466db5d8]
Event: 62.845 Thread 0x000002ca5cb3bd40 9880       2       org.jetbrains.kotlin.metadata.ProtoBuf$Type$1::parsePartialFrom (7 bytes)
Event: 62.845 Thread 0x000002ca5cb3bd40 nmethod 9880 0x000002ca46420f90 code [0x000002ca46421120, 0x000002ca46421248]
Event: 62.845 Thread 0x000002ca5cb3bd40 9872       1       org.jetbrains.kotlin.metadata.ProtoBuf$Type$Argument::getType (5 bytes)
Event: 62.845 Thread 0x000002ca5cb3bd40 nmethod 9872 0x000002ca4d9c0810 code [0x000002ca4d9c09a0, 0x000002ca4d9c0a78]
Event: 62.845 Thread 0x000002ca5cb3bd40 9868       1       org.jetbrains.kotlin.protobuf.GeneratedMessageLite$Builder::getUnknownFields (5 bytes)
Event: 62.845 Thread 0x000002ca5cb3bd40 nmethod 9868 0x000002ca4d9c0490 code [0x000002ca4d9c0620, 0x000002ca4d9c06f8]
Event: 62.845 Thread 0x000002ca5cb3bd40 9881       1       org.jetbrains.kotlin.protobuf.SmallSortedMap$Entry::getValue (5 bytes)
Event: 62.845 Thread 0x000002ca5cb3bd40 nmethod 9881 0x000002ca4da05010 code [0x000002ca4da051a0, 0x000002ca4da05278]
Event: 62.845 Thread 0x000002ca5cb3bd40 9883       1       org.jetbrains.kotlin.metadata.ProtoBuf$ValueParameter::getType (5 bytes)
Event: 62.845 Thread 0x000002ca5cb3bd40 nmethod 9883 0x000002ca4da04c90 code [0x000002ca4da04e20, 0x000002ca4da04ef8]
Event: 62.845 Thread 0x000002ca5cb3bd40 9884       1       org.jetbrains.kotlin.metadata.deserialization.BinaryVersion::getMajor (5 bytes)
Event: 62.845 Thread 0x000002ca5cb3bd40 nmethod 9884 0x000002ca4da37110 code [0x000002ca4da372a0, 0x000002ca4da37378]
Event: 62.848 Thread 0x000002ca5cb3bd40 9885   !   2       java.lang.ClassLoader::addClass (27 bytes)
Event: 62.848 Thread 0x000002ca5cb3bd40 nmethod 9885 0x000002ca46145090 code [0x000002ca46145240, 0x000002ca46145448]
Event: 62.849 Thread 0x000002ca5cb3b430 nmethod 9807 0x000002ca4d956c10 code [0x000002ca4d956da0, 0x000002ca4d957258]
Event: 62.849 Thread 0x000002ca5cb3b430 9815       4       org.jetbrains.org.objectweb.asm.ClassReader::accept (1381 bytes)

GC Heap History (20 events):
Event: 62.333 GC heap after
{Heap after GC invocations=40 (full 0):
 garbage-first heap   total 122880K, used 74202K [0x0000000080000000, 0x0000000100000000)
  region size 1024K, 3 young (3072K), 3 survivors (3072K)
 Metaspace       used 77896K, committed 78784K, reserved 557056K
  class space    used 10916K, committed 11328K, reserved 425984K
}
Event: 62.464 GC heap before
{Heap before GC invocations=41 (full 0):
 garbage-first heap   total 130048K, used 110042K [0x0000000080000000, 0x0000000100000000)
  region size 1024K, 30 young (30720K), 3 survivors (3072K)
 Metaspace       used 78220K, committed 79104K, reserved 557056K
  class space    used 10948K, committed 11392K, reserved 425984K
}
Event: 62.469 GC heap after
{Heap after GC invocations=42 (full 0):
 garbage-first heap   total 130048K, used 94334K [0x0000000080000000, 0x0000000100000000)
  region size 1024K, 4 young (4096K), 4 survivors (4096K)
 Metaspace       used 78220K, committed 79104K, reserved 557056K
  class space    used 10948K, committed 11392K, reserved 425984K
}
Event: 62.475 GC heap before
{Heap before GC invocations=42 (full 0):
 garbage-first heap   total 130048K, used 96382K [0x0000000080000000, 0x0000000100000000)
  region size 1024K, 6 young (6144K), 4 survivors (4096K)
 Metaspace       used 78245K, committed 79168K, reserved 557056K
  class space    used 10950K, committed 11392K, reserved 425984K
}
Event: 62.480 GC heap after
{Heap after GC invocations=43 (full 0):
 garbage-first heap   total 130048K, used 96236K [0x0000000080000000, 0x0000000100000000)
  region size 1024K, 1 young (1024K), 1 survivors (1024K)
 Metaspace       used 78245K, committed 79168K, reserved 557056K
  class space    used 10950K, committed 11392K, reserved 425984K
}
Event: 62.499 GC heap before
{Heap before GC invocations=43 (full 0):
 garbage-first heap   total 130048K, used 106476K [0x0000000080000000, 0x0000000100000000)
  region size 1024K, 12 young (12288K), 1 survivors (1024K)
 Metaspace       used 78424K, committed 79296K, reserved 557056K
  class space    used 10969K, committed 11392K, reserved 425984K
}
Event: 62.501 GC heap after
{Heap after GC invocations=44 (full 0):
 garbage-first heap   total 130048K, used 100561K [0x0000000080000000, 0x0000000100000000)
  region size 1024K, 2 young (2048K), 2 survivors (2048K)
 Metaspace       used 78424K, committed 79296K, reserved 557056K
  class space    used 10969K, committed 11392K, reserved 425984K
}
Event: 62.514 GC heap before
{Heap before GC invocations=44 (full 0):
 garbage-first heap   total 130048K, used 108753K [0x0000000080000000, 0x0000000100000000)
  region size 1024K, 10 young (10240K), 2 survivors (2048K)
 Metaspace       used 78475K, committed 79360K, reserved 557056K
  class space    used 10975K, committed 11392K, reserved 425984K
}
Event: 62.518 GC heap after
{Heap after GC invocations=45 (full 0):
 garbage-first heap   total 156672K, used 103784K [0x0000000080000000, 0x0000000100000000)
  region size 1024K, 2 young (2048K), 2 survivors (2048K)
 Metaspace       used 78475K, committed 79360K, reserved 557056K
  class space    used 10975K, committed 11392K, reserved 425984K
}
Event: 62.574 GC heap before
{Heap before GC invocations=46 (full 0):
 garbage-first heap   total 196608K, used 121192K [0x0000000080000000, 0x0000000100000000)
  region size 1024K, 20 young (20480K), 2 survivors (2048K)
 Metaspace       used 78949K, committed 79808K, reserved 557056K
  class space    used 11030K, committed 11456K, reserved 425984K
}
Event: 62.578 GC heap after
{Heap after GC invocations=47 (full 0):
 garbage-first heap   total 196608K, used 114069K [0x0000000080000000, 0x0000000100000000)
  region size 1024K, 3 young (3072K), 3 survivors (3072K)
 Metaspace       used 78949K, committed 79808K, reserved 557056K
  class space    used 11030K, committed 11456K, reserved 425984K
}
Event: 62.594 GC heap before
{Heap before GC invocations=47 (full 0):
 garbage-first heap   total 196608K, used 119189K [0x0000000080000000, 0x0000000100000000)
  region size 1024K, 9 young (9216K), 3 survivors (3072K)
 Metaspace       used 79153K, committed 80000K, reserved 557056K
  class space    used 11043K, committed 11456K, reserved 425984K
}
Event: 62.597 GC heap after
{Heap after GC invocations=48 (full 0):
 garbage-first heap   total 196608K, used 114376K [0x0000000080000000, 0x0000000100000000)
  region size 1024K, 1 young (1024K), 1 survivors (1024K)
 Metaspace       used 79153K, committed 80000K, reserved 557056K
  class space    used 11043K, committed 11456K, reserved 425984K
}
Event: 62.679 GC heap before
{Heap before GC invocations=48 (full 0):
 garbage-first heap   total 196608K, used 144072K [0x0000000080000000, 0x0000000100000000)
  region size 1024K, 31 young (31744K), 1 survivors (1024K)
 Metaspace       used 79790K, committed 80704K, reserved 557056K
  class space    used 11087K, committed 11520K, reserved 425984K
}
Event: 62.681 GC heap after
{Heap after GC invocations=49 (full 0):
 garbage-first heap   total 196608K, used 114836K [0x0000000080000000, 0x0000000100000000)
  region size 1024K, 1 young (1024K), 1 survivors (1024K)
 Metaspace       used 79790K, committed 80704K, reserved 557056K
  class space    used 11087K, committed 11520K, reserved 425984K
}
Event: 62.781 GC heap before
{Heap before GC invocations=50 (full 0):
 garbage-first heap   total 209920K, used 148628K [0x0000000080000000, 0x0000000100000000)
  region size 1024K, 34 young (34816K), 1 survivors (1024K)
 Metaspace       used 80037K, committed 80960K, reserved 557056K
  class space    used 11114K, committed 11520K, reserved 425984K
}
Event: 62.783 GC heap after
{Heap after GC invocations=51 (full 0):
 garbage-first heap   total 209920K, used 115240K [0x0000000080000000, 0x0000000100000000)
  region size 1024K, 2 young (2048K), 2 survivors (2048K)
 Metaspace       used 80037K, committed 80960K, reserved 557056K
  class space    used 11114K, committed 11520K, reserved 425984K
}
Event: 62.795 GC heap before
{Heap before GC invocations=51 (full 0):
 garbage-first heap   total 209920K, used 123432K [0x0000000080000000, 0x0000000100000000)
  region size 1024K, 10 young (10240K), 2 survivors (2048K)
 Metaspace       used 80081K, committed 81024K, reserved 557056K
  class space    used 11119K, committed 11584K, reserved 425984K
}
Event: 62.797 GC heap after
{Heap after GC invocations=52 (full 0):
 garbage-first heap   total 209920K, used 114406K [0x0000000080000000, 0x0000000100000000)
  region size 1024K, 1 young (1024K), 1 survivors (1024K)
 Metaspace       used 80081K, committed 81024K, reserved 557056K
  class space    used 11119K, committed 11584K, reserved 425984K
}
Event: 62.855 GC heap before
{Heap before GC invocations=52 (full 0):
 garbage-first heap   total 209920K, used 159462K [0x0000000080000000, 0x0000000100000000)
  region size 1024K, 46 young (47104K), 1 survivors (1024K)
 Metaspace       used 80350K, committed 81280K, reserved 557056K
  class space    used 11145K, committed 11584K, reserved 425984K
}

Dll operation events (14 events):
Event: 0.044 Loaded shared library C:\Users\promise.okere\.vscode\extensions\redhat.java-1.30.0-win32-x64\jre\17.0.10-win32-x86_64\bin\java.dll
Event: 0.230 Loaded shared library C:\Users\promise.okere\.vscode\extensions\redhat.java-1.30.0-win32-x64\jre\17.0.10-win32-x86_64\bin\zip.dll
Event: 0.236 Loaded shared library C:\Users\promise.okere\.vscode\extensions\redhat.java-1.30.0-win32-x64\jre\17.0.10-win32-x86_64\bin\instrument.dll
Event: 0.263 Loaded shared library C:\Users\promise.okere\.vscode\extensions\redhat.java-1.30.0-win32-x64\jre\17.0.10-win32-x86_64\bin\net.dll
Event: 0.276 Loaded shared library C:\Users\promise.okere\.vscode\extensions\redhat.java-1.30.0-win32-x64\jre\17.0.10-win32-x86_64\bin\nio.dll
Event: 0.289 Loaded shared library C:\Users\promise.okere\.vscode\extensions\redhat.java-1.30.0-win32-x64\jre\17.0.10-win32-x86_64\bin\zip.dll
Event: 0.670 Loaded shared library C:\Users\promise.okere\.vscode\extensions\redhat.java-1.30.0-win32-x64\jre\17.0.10-win32-x86_64\bin\jimage.dll
Event: 0.822 Loaded shared library C:\Users\promise.okere\.vscode\extensions\redhat.java-1.30.0-win32-x64\jre\17.0.10-win32-x86_64\bin\verify.dll
Event: 1.187 Loaded shared library C:\Users\promise.okere\.gradle\native\c067742578af261105cb4f569cf0c3c89f3d7b1fecec35dd04571415982c5e48\windows-amd64\native-platform.dll
Event: 1.207 Loaded shared library C:\Users\promise.okere\.gradle\native\38dada09dfb8b06ba9b0570ebf7e218e3eb74d4ef43ca46872605cf95ebc2f47\windows-amd64\native-platform-file-events.dll
Event: 3.068 Loaded shared library C:\Users\promise.okere\.vscode\extensions\redhat.java-1.30.0-win32-x64\jre\17.0.10-win32-x86_64\bin\management.dll
Event: 3.079 Loaded shared library C:\Users\promise.okere\.vscode\extensions\redhat.java-1.30.0-win32-x64\jre\17.0.10-win32-x86_64\bin\management_ext.dll
Event: 3.513 Loaded shared library C:\Users\promise.okere\.vscode\extensions\redhat.java-1.30.0-win32-x64\jre\17.0.10-win32-x86_64\bin\extnet.dll
Event: 3.931 Loaded shared library C:\Users\promise.okere\.vscode\extensions\redhat.java-1.30.0-win32-x64\jre\17.0.10-win32-x86_64\bin\sunmscapi.dll

Deoptimization events (20 events):
Event: 62.794 Thread 0x000002ca63a3eed0 DEOPT PACKING pc=0x000002ca45c80191 sp=0x000000fe0dcfab60
Event: 62.794 Thread 0x000002ca63a3eed0 DEOPT UNPACKING pc=0x000002ca4d1b7143 sp=0x000000fe0dcfa070 mode 0
Event: 62.797 Thread 0x000002ca63a41c60 DEOPT PACKING pc=0x000002ca45c80191 sp=0x000000fe0e6faac0
Event: 62.797 Thread 0x000002ca63a41c60 DEOPT UNPACKING pc=0x000002ca4d1b7143 sp=0x000000fe0e6f9fd0 mode 0
Event: 62.799 Thread 0x000002ca63a41c60 DEOPT PACKING pc=0x000002ca45c80191 sp=0x000000fe0e6fa9a0
Event: 62.799 Thread 0x000002ca63a41c60 DEOPT UNPACKING pc=0x000002ca4d1b7143 sp=0x000000fe0e6f9eb0 mode 0
Event: 62.801 Thread 0x000002ca63a3eed0 DEOPT PACKING pc=0x000002ca45c80191 sp=0x000000fe0dcfab60
Event: 62.801 Thread 0x000002ca63a3eed0 DEOPT UNPACKING pc=0x000002ca4d1b7143 sp=0x000000fe0dcfa070 mode 0
Event: 62.802 Thread 0x000002ca63a41c60 DEOPT PACKING pc=0x000002ca45c80191 sp=0x000000fe0e6fa9c0
Event: 62.802 Thread 0x000002ca63a41c60 DEOPT UNPACKING pc=0x000002ca4d1b7143 sp=0x000000fe0e6f9ed0 mode 0
Event: 62.803 Thread 0x000002ca63a41c60 DEOPT PACKING pc=0x000002ca45c80191 sp=0x000000fe0e6fa9c0
Event: 62.803 Thread 0x000002ca63a41c60 DEOPT UNPACKING pc=0x000002ca4d1b7143 sp=0x000000fe0e6f9ed0 mode 0
Event: 62.804 Thread 0x000002ca63a41c60 DEOPT PACKING pc=0x000002ca45c80191 sp=0x000000fe0e6fab30
Event: 62.804 Thread 0x000002ca63a41c60 DEOPT UNPACKING pc=0x000002ca4d1b7143 sp=0x000000fe0e6fa040 mode 0
Event: 62.806 Thread 0x000002ca63a3eed0 DEOPT PACKING pc=0x000002ca45c80191 sp=0x000000fe0dcfab60
Event: 62.806 Thread 0x000002ca63a3eed0 DEOPT UNPACKING pc=0x000002ca4d1b7143 sp=0x000000fe0dcfa070 mode 0
Event: 62.808 Thread 0x000002ca63a41c60 DEOPT PACKING pc=0x000002ca45c80191 sp=0x000000fe0e6fa9c0
Event: 62.808 Thread 0x000002ca63a41c60 DEOPT UNPACKING pc=0x000002ca4d1b7143 sp=0x000000fe0e6f9ed0 mode 0
Event: 62.809 Thread 0x000002ca63a41c60 DEOPT PACKING pc=0x000002ca45c80191 sp=0x000000fe0e6fa9c0
Event: 62.809 Thread 0x000002ca63a41c60 DEOPT UNPACKING pc=0x000002ca4d1b7143 sp=0x000000fe0e6f9ed0 mode 0

Classes unloaded (0 events):
No events

Classes redefined (0 events):
No events

Internal exceptions (20 events):
Event: 61.640 Thread 0x000002ca628f17a0 Exception <a 'java/lang/NoSuchMethodError'{0x000000008bb88248}: 'java.lang.Object java.lang.invoke.DirectMethodHandle$Holder.invokeSpecial(java.lang.Object, java.lang.Object, java.lang.Object, java.lang.Object, java.lang.Object, java.lang.Object, java.lang.Object, int)'> (0x000000008bb88248) 
thrown [s\src\hotspot\share\interpreter\linkResolver.cpp, line 759]
Event: 61.640 Thread 0x000002ca628f17a0 Exception <a 'java/lang/NoSuchMethodError'{0x000000008bb8de18}: 'java.lang.Object java.lang.invoke.Invokers$Holder.linkToTargetMethod(java.lang.Object, java.lang.Object, java.lang.Object, java.lang.Object, java.lang.Object, int, java.lang.Object)'> (0x000000008bb8de18) 
thrown [s\src\hotspot\share\interpreter\linkResolver.cpp, line 759]
Event: 61.649 Thread 0x000002ca61ded640 Implicit null exception at 0x000002ca4da0845d to 0x000002ca4da085b0
Event: 61.649 Thread 0x000002ca61ded640 Implicit null exception at 0x000002ca4db94e9e to 0x000002ca4db955ec
Event: 61.652 Thread 0x000002ca672e5410 Implicit null exception at 0x000002ca4d94f8cb to 0x000002ca4d94f8f0
Event: 61.976 Thread 0x000002ca628f17a0 Implicit null exception at 0x000002ca4dc3d7ec to 0x000002ca4dc45114
Event: 62.106 Thread 0x000002ca6211d2e0 Exception <a 'java/lang/NoSuchMethodError'{0x00000000867e4790}: static Lorg/gradle/internal/build/event/types/DefaultTaskStartedProgressEvent;.<clinit>()V> (0x00000000867e4790) 
thrown [s\src\hotspot\share\prims\jni.cpp, line 1107]
Event: 62.108 Thread 0x000002ca6211d2e0 Exception <a 'java/lang/NoSuchMethodError'{0x0000000086602010}: static Lorg/gradle/internal/build/event/types/DefaultTaskDescriptor;.<clinit>()V> (0x0000000086602010) 
thrown [s\src\hotspot\share\prims\jni.cpp, line 1107]
Event: 62.128 Thread 0x000002ca672e35b0 Exception <a 'java/lang/NoSuchMethodError'{0x00000000866ff8a0}: 'void java.lang.invoke.DirectMethodHandle$Holder.invokeVirtual(java.lang.Object, java.lang.Object)'> (0x00000000866ff8a0) 
thrown [s\src\hotspot\share\interpreter\linkResolver.cpp, line 759]
Event: 62.142 Thread 0x000002ca6211d2e0 Exception <a 'java/lang/NoSuchMethodError'{0x00000000865e0c80}: static Lorg/gradle/internal/build/event/types/DefaultTaskFinishedProgressEvent;.<clinit>()V> (0x00000000865e0c80) 
thrown [s\src\hotspot\share\prims\jni.cpp, line 1107]
Event: 62.144 Thread 0x000002ca6211d2e0 Exception <a 'java/lang/NoSuchMethodError'{0x00000000865f9140}: static Lorg/gradle/internal/build/event/types/DefaultTaskSuccessResult;.<clinit>()V> (0x00000000865f9140) 
thrown [s\src\hotspot\share\prims\jni.cpp, line 1107]
Event: 62.144 Thread 0x000002ca6211d2e0 Exception <a 'java/lang/NoSuchMethodError'{0x00000000865fa618}: static Lorg/gradle/internal/build/event/types/AbstractTaskResult;.<clinit>()V> (0x00000000865fa618) 
thrown [s\src\hotspot\share\prims\jni.cpp, line 1107]
Event: 62.147 Thread 0x000002ca672e35b0 Exception <a 'java/lang/NoSuchMethodError'{0x00000000864101f8}: 'void java.lang.invoke.DirectMethodHandle$Holder.invokeSpecial(java.lang.Object, java.lang.Object, java.lang.Object, java.lang.Object, int, java.lang.Object, java.lang.Object)'> (0x00000000864101f8) 
thrown [s\src\hotspot\share\interpreter\linkResolver.cpp, line 759]
Event: 62.160 Thread 0x000002ca672e35b0 Exception <a 'java/lang/NoSuchMethodError'{0x00000000864f25d8}: 'void java.lang.invoke.DirectMethodHandle$Holder.invokeInterface(java.lang.Object, java.lang.Object, java.lang.Object, java.lang.Object)'> (0x00000000864f25d8) 
thrown [s\src\hotspot\share\interpreter\linkResolver.cpp, line 759]
Event: 62.173 Thread 0x000002ca672e35b0 Exception <a 'sun/nio/fs/WindowsException'{0x000000008636cdf8}> (0x000000008636cdf8) 
thrown [s\src\hotspot\share\prims\jni.cpp, line 516]
Event: 62.173 Thread 0x000002ca672e35b0 Exception <a 'sun/nio/fs/WindowsException'{0x000000008636f938}> (0x000000008636f938) 
thrown [s\src\hotspot\share\prims\jni.cpp, line 516]
Event: 62.174 Thread 0x000002ca672e35b0 Exception <a 'sun/nio/fs/WindowsException'{0x00000000863ae668}> (0x00000000863ae668) 
thrown [s\src\hotspot\share\prims\jni.cpp, line 516]
Event: 62.191 Thread 0x000002ca672e35b0 Exception <a 'java/lang/NoSuchMethodError'{0x000000008620d298}: 'int java.lang.invoke.DirectMethodHandle$Holder.invokeSpecial(java.lang.Object, java.lang.Object, java.lang.Object, java.lang.Object, java.lang.Object)'> (0x000000008620d298) 
thrown [s\src\hotspot\share\interpreter\linkResolver.cpp, line 759]
Event: 62.229 Thread 0x000002ca672e35b0 Exception <a 'java/lang/IncompatibleClassChangeError'{0x00000000861600b0}: Found class java.lang.Object, but interface was expected> (0x00000000861600b0) 
thrown [s\src\hotspot\share\interpreter\linkResolver.cpp, line 826]
Event: 62.343 Thread 0x000002ca63a41c60 Implicit null exception at 0x000002ca4d894a05 to 0x000002ca4d89ad14

VM Operations (20 events):
Event: 62.625 Executing VM operation: HandshakeAllThreads done
Event: 62.626 Executing VM operation: HandshakeAllThreads
Event: 62.627 Executing VM operation: HandshakeAllThreads done
Event: 62.635 Executing VM operation: HandshakeAllThreads
Event: 62.635 Executing VM operation: HandshakeAllThreads done
Event: 62.679 Executing VM operation: G1CollectForAllocation
Event: 62.682 Executing VM operation: G1CollectForAllocation done
Event: 62.726 Executing VM operation: G1PauseRemark
Event: 62.730 Executing VM operation: G1PauseRemark done
Event: 62.751 Executing VM operation: G1PauseCleanup
Event: 62.751 Executing VM operation: G1PauseCleanup done
Event: 62.767 Executing VM operation: HandshakeAllThreads
Event: 62.767 Executing VM operation: HandshakeAllThreads done
Event: 62.781 Executing VM operation: G1CollectForAllocation
Event: 62.781 Executing VM operation: G1CollectForAllocation done
Event: 62.781 Executing VM operation: G1CollectForAllocation
Event: 62.783 Executing VM operation: G1CollectForAllocation done
Event: 62.795 Executing VM operation: G1CollectForAllocation
Event: 62.797 Executing VM operation: G1CollectForAllocation done
Event: 62.855 Executing VM operation: G1CollectForAllocation

Events (20 events):
Event: 62.649 Thread 0x000002ca5cb3e660 flushing nmethod 0x000002ca46c91410
Event: 62.649 Thread 0x000002ca5cb3e660 flushing nmethod 0x000002ca46c92590
Event: 62.649 Thread 0x000002ca5cb3e660 flushing nmethod 0x000002ca46c93490
Event: 62.649 Thread 0x000002ca5cb3e660 flushing nmethod 0x000002ca46c93910
Event: 62.649 Thread 0x000002ca5cb3e660 flushing nmethod 0x000002ca46c93f10
Event: 62.649 Thread 0x000002ca5cb3e660 flushing nmethod 0x000002ca46c95990
Event: 62.649 Thread 0x000002ca5cb3e660 flushing nmethod 0x000002ca46c95e10
Event: 62.649 Thread 0x000002ca5cb3e660 flushing nmethod 0x000002ca46c97910
Event: 62.649 Thread 0x000002ca5cb3e660 flushing nmethod 0x000002ca46c99b10
Event: 62.649 Thread 0x000002ca5cb3e660 flushing nmethod 0x000002ca46c9ae10
Event: 62.649 Thread 0x000002ca5cb3e660 flushing nmethod 0x000002ca46c9b390
Event: 62.649 Thread 0x000002ca5cb3e660 flushing nmethod 0x000002ca46c9c590
Event: 62.649 Thread 0x000002ca5cb3e660 flushing nmethod 0x000002ca46c9dd90
Event: 62.649 Thread 0x000002ca5cb3e660 flushing nmethod 0x000002ca46c9f490
Event: 62.649 Thread 0x000002ca5cb3e660 flushing nmethod 0x000002ca46ca0c90
Event: 62.649 Thread 0x000002ca5cb3e660 flushing nmethod 0x000002ca46ca1710
Event: 62.649 Thread 0x000002ca5cb3e660 flushing nmethod 0x000002ca46cbed10
Event: 62.649 Thread 0x000002ca5cb3e660 flushing nmethod 0x000002ca46cc6b10
Event: 62.791 loading class java/io/UTFDataFormatException
Event: 62.791 loading class java/io/UTFDataFormatException done


Dynamic libraries:
0x00007ff7986b0000 - 0x00007ff7986be000 	C:\Users\promise.okere\.vscode\extensions\redhat.java-1.30.0-win32-x64\jre\17.0.10-win32-x86_64\bin\java.exe
0x00007ffe0ebb0000 - 0x00007ffe0eda8000 	C:\Windows\SYSTEM32\ntdll.dll
0x00007ffe0cef0000 - 0x00007ffe0cfad000 	C:\Windows\System32\KERNEL32.DLL
0x00007ffe0c440000 - 0x00007ffe0c736000 	C:\Windows\System32\KERNELBASE.dll
0x00007ffe0c900000 - 0x00007ffe0ca00000 	C:\Windows\System32\ucrtbase.dll
0x00007ffdcfac0000 - 0x00007ffdcfad7000 	C:\Users\promise.okere\.vscode\extensions\redhat.java-1.30.0-win32-x64\jre\17.0.10-win32-x86_64\bin\jli.dll
0x00007ffddd740000 - 0x00007ffddd75b000 	C:\Users\promise.okere\.vscode\extensions\redhat.java-1.30.0-win32-x64\jre\17.0.10-win32-x86_64\bin\VCRUNTIME140.dll
0x00007ffe0d220000 - 0x00007ffe0d3be000 	C:\Windows\System32\USER32.dll
0x00007ffe0c740000 - 0x00007ffe0c762000 	C:\Windows\System32\win32u.dll
0x00007ffe0d580000 - 0x00007ffe0d5ac000 	C:\Windows\System32\GDI32.dll
0x00007ffe0c7e0000 - 0x00007ffe0c8fa000 	C:\Windows\System32\gdi32full.dll
0x00007ffe0cb70000 - 0x00007ffe0cc0d000 	C:\Windows\System32\msvcp_win.dll
0x00007ffdec420000 - 0x00007ffdec6ba000 	C:\Windows\WinSxS\amd64_microsoft.windows.common-controls_6595b64144ccf1df_6.0.19041.3636_none_60b6a03d71f818d5\COMCTL32.dll
0x00007ffe0cc40000 - 0x00007ffe0ccde000 	C:\Windows\System32\msvcrt.dll
0x00007ffe0e0c0000 - 0x00007ffe0e0f0000 	C:\Windows\System32\IMM32.DLL
0x00007ffde5790000 - 0x00007ffde58fb000 	C:\Windows\system32\tmumh\20019\AddOn\8.55.0.1129\TmUmEvt64.dll
0x00007ffe0de80000 - 0x00007ffe0de88000 	C:\Windows\System32\PSAPI.DLL
0x00007ffe0df60000 - 0x00007ffe0e00f000 	C:\Windows\System32\ADVAPI32.dll
0x00007ffe0dd80000 - 0x00007ffe0de1c000 	C:\Windows\System32\sechost.dll
0x00007ffe0d450000 - 0x00007ffe0d576000 	C:\Windows\System32\RPCRT4.dll
0x00000000605b0000 - 0x0000000060723000 	C:\Windows\system32\tmumh\20019\TmMon\2.9.0.1048\tmmon64.dll
0x00007ffdffd50000 - 0x00007ffdffd5c000 	C:\Users\promise.okere\.vscode\extensions\redhat.java-1.30.0-win32-x64\jre\17.0.10-win32-x86_64\bin\vcruntime140_1.dll
0x00007ffdbb300000 - 0x00007ffdbb38d000 	C:\Users\promise.okere\.vscode\extensions\redhat.java-1.30.0-win32-x64\jre\17.0.10-win32-x86_64\bin\msvcp140.dll
0x00007ffd4cb30000 - 0x00007ffd4d792000 	C:\Users\promise.okere\.vscode\extensions\redhat.java-1.30.0-win32-x64\jre\17.0.10-win32-x86_64\bin\server\jvm.dll
0x00007ffe0c040000 - 0x00007ffe0c08b000 	C:\Windows\SYSTEM32\POWRPROF.dll
0x00007ffdedf50000 - 0x00007ffdedf59000 	C:\Windows\SYSTEM32\WSOCK32.dll
0x00007ffe0e9e0000 - 0x00007ffe0ea4b000 	C:\Windows\System32\WS2_32.dll
0x00007ffe09a10000 - 0x00007ffe09a37000 	C:\Windows\SYSTEM32\WINMM.dll
0x00007ffdf5600000 - 0x00007ffdf560a000 	C:\Windows\SYSTEM32\VERSION.dll
0x00007ffe0bfb0000 - 0x00007ffe0bfc2000 	C:\Windows\SYSTEM32\UMPDC.dll
0x00007ffe0a120000 - 0x00007ffe0a132000 	C:\Windows\SYSTEM32\kernel.appcore.dll
0x00007ffdf6790000 - 0x00007ffdf679a000 	C:\Users\promise.okere\.vscode\extensions\redhat.java-1.30.0-win32-x64\jre\17.0.10-win32-x86_64\bin\jimage.dll
0x00007ffe09780000 - 0x00007ffe09964000 	C:\Windows\SYSTEM32\DBGHELP.DLL
0x00007ffe099b0000 - 0x00007ffe099e4000 	C:\Windows\SYSTEM32\dbgcore.DLL
0x00007ffe0ca00000 - 0x00007ffe0ca82000 	C:\Windows\System32\bcryptPrimitives.dll
0x00007ffde5350000 - 0x00007ffde535e000 	C:\Users\promise.okere\.vscode\extensions\redhat.java-1.30.0-win32-x64\jre\17.0.10-win32-x86_64\bin\instrument.dll
0x00007ffdcb200000 - 0x00007ffdcb225000 	C:\Users\promise.okere\.vscode\extensions\redhat.java-1.30.0-win32-x64\jre\17.0.10-win32-x86_64\bin\java.dll
0x00007ffdcb9b0000 - 0x00007ffdcb9c8000 	C:\Users\promise.okere\.vscode\extensions\redhat.java-1.30.0-win32-x64\jre\17.0.10-win32-x86_64\bin\zip.dll
0x00007ffe0e0f0000 - 0x00007ffe0e834000 	C:\Windows\System32\SHELL32.dll
0x00007ffe0a140000 - 0x00007ffe0a8db000 	C:\Windows\SYSTEM32\windows.storage.dll
0x00007ffe0da20000 - 0x00007ffe0dd74000 	C:\Windows\System32\combase.dll
0x00007ffe0bb20000 - 0x00007ffe0bb4d000 	C:\Windows\SYSTEM32\Wldp.dll
0x00007ffe0e930000 - 0x00007ffe0e9dd000 	C:\Windows\System32\SHCORE.dll
0x00007ffe0d010000 - 0x00007ffe0d065000 	C:\Windows\System32\shlwapi.dll
0x00007ffe0c1c0000 - 0x00007ffe0c1e5000 	C:\Windows\SYSTEM32\profapi.dll
0x00007ffdcb830000 - 0x00007ffdcb849000 	C:\Users\promise.okere\.vscode\extensions\redhat.java-1.30.0-win32-x64\jre\17.0.10-win32-x86_64\bin\net.dll
0x00007ffe03d30000 - 0x00007ffe03e3a000 	C:\Windows\SYSTEM32\WINHTTP.dll
0x00007ffe0b900000 - 0x00007ffe0b96a000 	C:\Windows\system32\mswsock.dll
0x00007ffdc58e0000 - 0x00007ffdc58f6000 	C:\Users\promise.okere\.vscode\extensions\redhat.java-1.30.0-win32-x64\jre\17.0.10-win32-x86_64\bin\nio.dll
0x00007ffde20d0000 - 0x00007ffde20e0000 	C:\Users\promise.okere\.vscode\extensions\redhat.java-1.30.0-win32-x64\jre\17.0.10-win32-x86_64\bin\verify.dll
0x00007ffddd660000 - 0x00007ffddd687000 	C:\Users\promise.okere\.gradle\native\c067742578af261105cb4f569cf0c3c89f3d7b1fecec35dd04571415982c5e48\windows-amd64\native-platform.dll
0x00007ffd93e50000 - 0x00007ffd93f94000 	C:\Users\promise.okere\.gradle\native\38dada09dfb8b06ba9b0570ebf7e218e3eb74d4ef43ca46872605cf95ebc2f47\windows-amd64\native-platform-file-events.dll
0x00007ffe04960000 - 0x00007ffe04969000 	C:\Users\promise.okere\.vscode\extensions\redhat.java-1.30.0-win32-x64\jre\17.0.10-win32-x86_64\bin\management.dll
0x00007ffde5550000 - 0x00007ffde555b000 	C:\Users\promise.okere\.vscode\extensions\redhat.java-1.30.0-win32-x64\jre\17.0.10-win32-x86_64\bin\management_ext.dll
0x00007ffe0bb60000 - 0x00007ffe0bb78000 	C:\Windows\SYSTEM32\CRYPTSP.dll
0x00007ffe0b250000 - 0x00007ffe0b284000 	C:\Windows\system32\rsaenh.dll
0x00007ffe0ca90000 - 0x00007ffe0cab7000 	C:\Windows\System32\bcrypt.dll
0x00007ffe0c140000 - 0x00007ffe0c16e000 	C:\Windows\SYSTEM32\USERENV.dll
0x00007ffe0ba90000 - 0x00007ffe0ba9c000 	C:\Windows\SYSTEM32\CRYPTBASE.dll
0x00007ffe0b610000 - 0x00007ffe0b64b000 	C:\Windows\SYSTEM32\IPHLPAPI.DLL
0x00007ffe0cc30000 - 0x00007ffe0cc38000 	C:\Windows\System32\NSI.dll
0x00007ffe020b0000 - 0x00007ffe020c7000 	C:\Windows\SYSTEM32\dhcpcsvc6.DLL
0x00007ffe02010000 - 0x00007ffe0202d000 	C:\Windows\SYSTEM32\dhcpcsvc.DLL
0x00007ffe0b650000 - 0x00007ffe0b71a000 	C:\Windows\SYSTEM32\DNSAPI.dll
0x00007ffde5540000 - 0x00007ffde5549000 	C:\Users\promise.okere\.vscode\extensions\redhat.java-1.30.0-win32-x64\jre\17.0.10-win32-x86_64\bin\extnet.dll
0x00007ffde4f90000 - 0x00007ffde4f9e000 	C:\Users\promise.okere\.vscode\extensions\redhat.java-1.30.0-win32-x64\jre\17.0.10-win32-x86_64\bin\sunmscapi.dll
0x00007ffe0c290000 - 0x00007ffe0c3ed000 	C:\Windows\System32\CRYPT32.dll
0x00007ffe0bcd0000 - 0x00007ffe0bcf7000 	C:\Windows\SYSTEM32\ncrypt.dll
0x00007ffe0bc90000 - 0x00007ffe0bccb000 	C:\Windows\SYSTEM32\NTASN1.dll
0x00007ffdee5f0000 - 0x00007ffdee5f7000 	C:\Windows\system32\wshunix.dll
0x00007ffddac90000 - 0x00007ffddaca7000 	C:\Windows\system32\napinsp.dll
0x00007ffddac70000 - 0x00007ffddac8b000 	C:\Windows\system32\pnrpnsp.dll
0x00007ffe041d0000 - 0x00007ffe041e5000 	C:\Windows\system32\wshbth.dll
0x00007ffe04840000 - 0x00007ffe0485d000 	C:\Windows\system32\NLAapi.dll
0x00007ffddac50000 - 0x00007ffddac62000 	C:\Windows\System32\winrnr.dll
0x00007ffe00b70000 - 0x00007ffe00b7a000 	C:\Windows\System32\rasadhlp.dll
0x00007ffe02a40000 - 0x00007ffe02ac0000 	C:\Windows\System32\fwpuclnt.dll

dbghelp: loaded successfully - version: 4.0.5 - missing functions: none
symbol engine: initialized successfully - sym options: 0x614 - pdb path: .;C:\Users\promise.okere\.vscode\extensions\redhat.java-1.30.0-win32-x64\jre\17.0.10-win32-x86_64\bin;C:\Windows\SYSTEM32;C:\Windows\WinSxS\amd64_microsoft.windows.common-controls_6595b64144ccf1df_6.0.19041.3636_none_60b6a03d71f818d5;C:\Windows\system32\tmumh\20019\AddOn\8.55.0.1129;C:\Windows\system32\tmumh\20019\TmMon\2.9.0.1048;C:\Users\promise.okere\.vscode\extensions\redhat.java-1.30.0-win32-x64\jre\17.0.10-win32-x86_64\bin\server;C:\Users\promise.okere\.gradle\native\c067742578af261105cb4f569cf0c3c89f3d7b1fecec35dd04571415982c5e48\windows-amd64;C:\Users\promise.okere\.gradle\native\38dada09dfb8b06ba9b0570ebf7e218e3eb74d4ef43ca46872605cf95ebc2f47\windows-amd64

VM Arguments:
jvm_args: -XX:MaxMetaspaceSize=512m --add-opens=java.base/java.util=ALL-UNNAMED --add-opens=java.base/java.lang=ALL-UNNAMED --add-opens=java.base/java.lang.invoke=ALL-UNNAMED --add-opens=java.prefs/java.util.prefs=ALL-UNNAMED --add-opens=java.base/java.nio.charset=ALL-UNNAMED --add-opens=java.base/java.net=ALL-UNNAMED --add-opens=java.base/java.util.concurrent.atomic=ALL-UNNAMED -Xmx2048m -Dfile.encoding=utf8 -Duser.country=GB -Duser.language=en -Duser.variant -javaagent:C:\Users\promise.okere\.gradle\wrapper\dists\gradle-8.6-all\3mbtmo166bl6vumsh5k2lkq5h\gradle-8.6\lib\agents\gradle-instrumentation-agent-8.6.jar 
java_command: org.gradle.launcher.daemon.bootstrap.GradleDaemon 8.6
java_class_path (initial): C:\Users\promise.okere\.gradle\wrapper\dists\gradle-8.6-all\3mbtmo166bl6vumsh5k2lkq5h\gradle-8.6\lib\gradle-launcher-8.6.jar
Launcher Type: SUN_STANDARD

[Global flags]
     intx CICompilerCount                          = 4                                         {product} {ergonomic}
   size_t CompressedClassSpaceSize                 = 436207616                                 {product} {ergonomic}
     uint ConcGCThreads                            = 3                                         {product} {ergonomic}
     uint G1ConcRefinementThreads                  = 10                                        {product} {ergonomic}
   size_t G1HeapRegionSize                         = 1048576                                   {product} {ergonomic}
    uintx GCDrainStackTargetSize                   = 64                                        {product} {ergonomic}
   size_t InitialHeapSize                          = 264241152                                 {product} {ergonomic}
   size_t MarkStackSize                            = 4194304                                   {product} {ergonomic}
   size_t MaxHeapSize                              = 2147483648                                {product} {command line}
   size_t MaxMetaspaceSize                         = 536870912                                 {product} {command line}
   size_t MaxNewSize                               = 1287651328                                {product} {ergonomic}
   size_t MinHeapDeltaBytes                        = 1048576                                   {product} {ergonomic}
   size_t MinHeapSize                              = 8388608                                   {product} {ergonomic}
    uintx NonNMethodCodeHeapSize                   = 5839372                                {pd product} {ergonomic}
    uintx NonProfiledCodeHeapSize                  = 122909434                              {pd product} {ergonomic}
    uintx ProfiledCodeHeapSize                     = 122909434                              {pd product} {ergonomic}
    uintx ReservedCodeCacheSize                    = 251658240                              {pd product} {ergonomic}
     bool SegmentedCodeCache                       = true                                      {product} {ergonomic}
   size_t SoftMaxHeapSize                          = 2147483648                             {manageable} {ergonomic}
     bool UseCompressedClassPointers               = true                           {product lp64_product} {ergonomic}
     bool UseCompressedOops                        = true                           {product lp64_product} {ergonomic}
     bool UseG1GC                                  = true                                      {product} {ergonomic}
     bool UseLargePagesIndividualAllocation        = false                                  {pd product} {ergonomic}

Logging:
Log output configuration:
 #0: stdout all=warning uptime,level,tags
 #1: stderr all=off uptime,level,tags

Environment Variables:
PATH=C:\Program Files\Common Files\Oracle\Java\javapath;C:\Windows\system32;C:\Windows;C:\Windows\System32\Wbem;C:\Windows\System32\WindowsPowerShell\v1.0\;C:\Windows\System32\OpenSSH\;environmnet variables;C:\Program Files\MySQL\MySQL Server 8.0\bin;C:\Program Files\Git\cmd;C:\Users\promise.okere\AppData\Local\Android\Sdk\platform-tools;C:\Program Files\nodejs\;C:\Program Files\MySQL\MySQL Shell 8.0\bin\;C:\Users\promise.okere\AppData\Local\Microsoft\WindowsApps;;C:\Users\promise.okere\AppData\Local\Programs\Microsoft VS Code\bin;C:\Program Files\heroku\bin;C:\Users\promise.okere\AppData\Roaming\npm
USERNAME=Promise.Okere
OS=Windows_NT
PROCESSOR_IDENTIFIER=Intel64 Family 6 Model 154 Stepping 4, GenuineIntel
TMP=C:\Users\PROMIS~1.OKE\AppData\Local\Temp
TEMP=C:\Users\PROMIS~1.OKE\AppData\Local\Temp



Periodic native trim disabled


---------------  S Y S T E M  ---------------

OS:
 Windows 10 , 64 bit Build 19041 (10.0.19041.3636)
OS uptime: 4 days 3:55 hours
Hyper-V role detected

CPU: total 12 (initial active 12) (6 cores per cpu, 2 threads per core) family 6 model 154 stepping 4 microcode 0x0, cx8, cmov, fxsr, ht, mmx, 3dnowpref, sse, sse2, sse3, ssse3, sse4.1, sse4.2, popcnt, lzcnt, tsc, tscinvbit, avx, avx2, aes, erms, clmul, bmi1, bmi2, adx, sha, fma, vzeroupper, clflush, clflushopt, clwb, hv
Processor Information for all 12 processors :
  Max Mhz: 1600, Current Mhz: 1600, Mhz Limit: 1600

Memory: 4k page, system-wide physical 16049M (1369M free)
TotalPageFile size 28337M (AvailPageFile size 195M)
current process WorkingSet (physical memory assigned to process): 414M, peak: 414M
current process commit charge ("private bytes"): 541M, peak: 730M

vm_info: OpenJDK 64-Bit Server VM (17.0.10+7) for windows-amd64 JRE (17.0.10+7), built on Jan 16 2024 23:25:11 by "admin" with MS VC++ 16.10 / 16.11 (VS2019)

END.
