#
# There is insufficient memory for the Java Runtime Environment to continue.
# Native memory allocation (mmap) failed to map 91226112 bytes for G1 virtual space
# Possible reasons:
#   The system is out of physical RAM or swap space
#   The process is running with CompressedOops enabled, and the Java Heap may be blocking the growth of the native heap
# Possible solutions:
#   Reduce memory load on the system
#   Increase physical memory or swap space
#   Check if swap backing store is full
#   Decrease Java heap size (-Xmx/-Xms)
#   Decrease number of Java threads
#   Decrease Java thread stack sizes (-Xss)
#   Set larger code cache with -XX:ReservedCodeCacheSize=
#   JVM is running with Unscaled Compressed Oops mode in which the Java heap is
#     placed in the first 4GB address space. The Java Heap base address is the
#     maximum limit for the native heap growth. Please use -XX:HeapBaseMinAddress
#     to set the Java Heap base and to place the Java Heap above 4GB virtual address.
# This output file may be truncated or incomplete.
#
#  Out of Memory Error (os_windows.cpp:3613), pid=27108, tid=15804
#
# JRE version: OpenJDK Runtime Environment Temurin-17.0.10+7 (17.0.10+7) (build 17.0.10+7)
# Java VM: OpenJDK 64-Bit Server VM Temurin-17.0.10+7 (17.0.10+7, mixed mode, tiered, compressed oops, compressed class ptrs, g1 gc, windows-amd64)
# No core dump will be written. Minidumps are not enabled by default on client versions of Windows
#

---------------  S U M M A R Y ------------

Command Line: -XX:MaxMetaspaceSize=512m --add-opens=java.base/java.util=ALL-UNNAMED --add-opens=java.base/java.lang=ALL-UNNAMED --add-opens=java.base/java.lang.invoke=ALL-UNNAMED --add-opens=java.prefs/java.util.prefs=ALL-UNNAMED --add-opens=java.base/java.nio.charset=ALL-UNNAMED --add-opens=java.base/java.net=ALL-UNNAMED --add-opens=java.base/java.util.concurrent.atomic=ALL-UNNAMED -Xmx2048m -Dfile.encoding=utf8 -Duser.country=GB -Duser.language=en -Duser.variant -javaagent:C:\Users\promise.okere\.gradle\wrapper\dists\gradle-8.6-all\3mbtmo166bl6vumsh5k2lkq5h\gradle-8.6\lib\agents\gradle-instrumentation-agent-8.6.jar org.gradle.launcher.daemon.bootstrap.GradleDaemon 8.6

Host: 12th Gen Intel(R) Core(TM) i5-1245U, 12 cores, 15G,  Windows 10 , 64 bit Build 19041 (10.0.19041.3636)
Time: Mon May 27 15:10:31 2024 W. Central Africa Standard Time elapsed time: 32.121413 seconds (0d 0h 0m 32s)

---------------  T H R E A D  ---------------

Current thread (0x000002c37ebae6c0):  VMThread "VM Thread" [stack: 0x000000f6ebc00000,0x000000f6ebd00000] [id=15804]

Stack: [0x000000f6ebc00000,0x000000f6ebd00000]
Native frames: (J=compiled Java code, j=interpreted, Vv=VM code, C=native code)
V  [jvm.dll+0x67d2c9]
V  [jvm.dll+0x834afa]
V  [jvm.dll+0x8365be]
V  [jvm.dll+0x836c23]
V  [jvm.dll+0x2477ff]
V  [jvm.dll+0x67a109]
V  [jvm.dll+0x66eb7a]
V  [jvm.dll+0x30764b]
V  [jvm.dll+0x30eaf6]
V  [jvm.dll+0x35e83e]
V  [jvm.dll+0x35ea6f]
V  [jvm.dll+0x2de248]
V  [jvm.dll+0x2dc424]
V  [jvm.dll+0x2dba2c]
V  [jvm.dll+0x31faeb]
V  [jvm.dll+0x83b11b]
V  [jvm.dll+0x83be61]
V  [jvm.dll+0x83c37d]
V  [jvm.dll+0x83c754]
V  [jvm.dll+0x83c820]
V  [jvm.dll+0x7e3fba]
V  [jvm.dll+0x67c1b5]
C  [ucrtbase.dll+0x21bb2]
C  [KERNEL32.DLL+0x17344]
C  [ntdll.dll+0x526b1]

VM_Operation (0x000000f6ed4f8540): G1CollectForAllocation, mode: safepoint, requested by thread 0x000002c3164130f0


---------------  P R O C E S S  ---------------

Threads class SMR info:
_java_thread_list=0x000002c31a3bbdb0, length=43, elements={
0x000002c376c34aa0, 0x000002c37eba0020, 0x000002c37f713670, 0x000002c37f72b670,
0x000002c37f72bf40, 0x000002c37f72c810, 0x000002c37f72d0e0, 0x000002c37f73ae80,
0x000002c37f73b790, 0x000002c37f73e0b0, 0x000002c37f81a340, 0x000002c37f9ea510,
0x000002c317286830, 0x000002c316bffbe0, 0x000002c3175926e0, 0x000002c317447fe0,
0x000002c3171bde50, 0x000002c316412c10, 0x000002c3164130f0, 0x000002c31742b300,
0x000002c31742c740, 0x000002c31742bd20, 0x000002c31742c230, 0x000002c31742d160,
0x000002c31742e090, 0x000002c31742e5a0, 0x000002c31742b810, 0x000002c31742d670,
0x000002c31742db80, 0x000002c31742adf0, 0x000002c31758c460, 0x000002c31758c970,
0x000002c31758b530, 0x000002c3175891c0, 0x000002c31758ab10, 0x000002c31758b020,
0x000002c31758bf50, 0x000002c3174dc250, 0x000002c3174dc7a0, 0x000002c31758a600,
0x000002c31758ba40, 0x000002c3156c49d0, 0x000002c3156c4ee0
}

Java Threads: ( => current thread )
  0x000002c376c34aa0 JavaThread "main" [_thread_blocked, id=24240, stack(0x000000f6eb600000,0x000000f6eb700000)]
  0x000002c37eba0020 JavaThread "Reference Handler" daemon [_thread_blocked, id=30576, stack(0x000000f6ebd00000,0x000000f6ebe00000)]
  0x000002c37f713670 JavaThread "Finalizer" daemon [_thread_blocked, id=17200, stack(0x000000f6ebe00000,0x000000f6ebf00000)]
  0x000002c37f72b670 JavaThread "Signal Dispatcher" daemon [_thread_blocked, id=18892, stack(0x000000f6ebf00000,0x000000f6ec000000)]
  0x000002c37f72bf40 JavaThread "Attach Listener" daemon [_thread_blocked, id=7464, stack(0x000000f6ec000000,0x000000f6ec100000)]
  0x000002c37f72c810 JavaThread "Service Thread" daemon [_thread_blocked, id=23432, stack(0x000000f6ec100000,0x000000f6ec200000)]
  0x000002c37f72d0e0 JavaThread "Monitor Deflation Thread" daemon [_thread_blocked, id=30252, stack(0x000000f6ec200000,0x000000f6ec300000)]
  0x000002c37f73ae80 JavaThread "C2 CompilerThread0" daemon [_thread_blocked, id=3128, stack(0x000000f6ec300000,0x000000f6ec400000)]
  0x000002c37f73b790 JavaThread "C1 CompilerThread0" daemon [_thread_blocked, id=26700, stack(0x000000f6ec400000,0x000000f6ec500000)]
  0x000002c37f73e0b0 JavaThread "Sweeper thread" daemon [_thread_blocked, id=12136, stack(0x000000f6ec500000,0x000000f6ec600000)]
  0x000002c37f81a340 JavaThread "Common-Cleaner" daemon [_thread_blocked, id=19308, stack(0x000000f6ec600000,0x000000f6ec700000)]
  0x000002c37f9ea510 JavaThread "Notification Thread" daemon [_thread_blocked, id=476, stack(0x000000f6ec700000,0x000000f6ec800000)]
  0x000002c317286830 JavaThread "Daemon health stats" [_thread_blocked, id=29872, stack(0x000000f6ed000000,0x000000f6ed100000)]
  0x000002c316bffbe0 JavaThread "Incoming local TCP Connector on port 59589" [_thread_in_native, id=32224, stack(0x000000f6ec900000,0x000000f6eca00000)]
  0x000002c3175926e0 JavaThread "Daemon periodic checks" [_thread_blocked, id=17828, stack(0x000000f6ecf00000,0x000000f6ed000000)]
  0x000002c317447fe0 JavaThread "Daemon" [_thread_blocked, id=17336, stack(0x000000f6ed100000,0x000000f6ed200000)]
  0x000002c3171bde50 JavaThread "Handler for socket connection from /127.0.0.1:59589 to /127.0.0.1:59590" [_thread_in_native, id=22556, stack(0x000000f6ed200000,0x000000f6ed300000)]
  0x000002c316412c10 JavaThread "Cancel handler" [_thread_blocked, id=29676, stack(0x000000f6ed300000,0x000000f6ed400000)]
  0x000002c3164130f0 JavaThread "Daemon worker" [_thread_blocked, id=28100, stack(0x000000f6ed400000,0x000000f6ed500000)]
  0x000002c31742b300 JavaThread "Asynchronous log dispatcher for DefaultDaemonConnection: socket connection from /127.0.0.1:59589 to /127.0.0.1:59590" [_thread_blocked, id=18572, stack(0x000000f6ed500000,0x000000f6ed600000)]
  0x000002c31742c740 JavaThread "Stdin handler" [_thread_blocked, id=33396, stack(0x000000f6ed600000,0x000000f6ed700000)]
  0x000002c31742bd20 JavaThread "Daemon client event forwarder" [_thread_blocked, id=12148, stack(0x000000f6ed700000,0x000000f6ed800000)]
  0x000002c31742c230 JavaThread "Cache worker for journal cache (C:\Users\promise.okere\.gradle\caches\journal-1)" [_thread_blocked, id=34148, stack(0x000000f6ede00000,0x000000f6edf00000)]
  0x000002c31742d160 JavaThread "File lock request listener" [_thread_in_native, id=13368, stack(0x000000f6edf00000,0x000000f6ee000000)]
  0x000002c31742e090 JavaThread "Cache worker for file hash cache (C:\Users\promise.okere\.gradle\caches\8.6\fileHashes)" [_thread_blocked, id=30804, stack(0x000000f6ee000000,0x000000f6ee100000)]
  0x000002c31742e5a0 JavaThread "File watcher server" daemon [_thread_in_native, id=15424, stack(0x000000f6ee100000,0x000000f6ee200000)]
  0x000002c31742b810 JavaThread "File watcher consumer" daemon [_thread_blocked, id=24328, stack(0x000000f6ee200000,0x000000f6ee300000)]
  0x000002c31742d670 JavaThread "jar transforms" [_thread_blocked, id=25580, stack(0x000000f6ee300000,0x000000f6ee400000)]
  0x000002c31742db80 JavaThread "jar transforms Thread 2" [_thread_blocked, id=23872, stack(0x000000f6ee400000,0x000000f6ee500000)]
  0x000002c31742adf0 JavaThread "jar transforms Thread 3" [_thread_blocked, id=34796, stack(0x000000f6ee500000,0x000000f6ee600000)]
  0x000002c31758c460 JavaThread "Cache worker for checksums cache (C:\Users\promise.okere\OneDrive - Interswitch Limited\Documents\INTERSWITCH\STRATEGIC INITIATIVES\VMS PROJECT\RESIDENT\VMS Test\VMS Resident-Mobile-App\android\.gradle\8.6\checksums)" [_thread_blocked, id=10256, stack(0x000000f6ee700000,0x000000f6ee800000)]
  0x000002c31758c970 JavaThread "Cache worker for file hash cache (C:\Users\promise.okere\OneDrive - Interswitch Limited\Documents\INTERSWITCH\STRATEGIC INITIATIVES\VMS PROJECT\RESIDENT\VMS Test\VMS Resident-Mobile-App\android\.gradle\8.6\fileHashes)" [_thread_blocked, id=25104, stack(0x000000f6ee800000,0x000000f6ee900000)]
  0x000002c31758b530 JavaThread "Cache worker for cache directory md-supplier (C:\Users\promise.okere\.gradle\caches\8.6\md-supplier)" [_thread_blocked, id=4276, stack(0x000000f6ee900000,0x000000f6eea00000)]
  0x000002c3175891c0 JavaThread "Cache worker for cache directory md-rule (C:\Users\promise.okere\.gradle\caches\8.6\md-rule)" [_thread_blocked, id=28292, stack(0x000000f6eea00000,0x000000f6eeb00000)]
  0x000002c31758ab10 JavaThread "Cache worker for file content cache (C:\Users\promise.okere\.gradle\caches\8.6\fileContent)" [_thread_blocked, id=15656, stack(0x000000f6eeb00000,0x000000f6eec00000)]
  0x000002c31758b020 JavaThread "jar transforms Thread 4" [_thread_blocked, id=16968, stack(0x000000f6ee600000,0x000000f6ee700000)]
  0x000002c31758bf50 JavaThread "jar transforms Thread 5" [_thread_blocked, id=13892, stack(0x000000f6eec00000,0x000000f6eed00000)]
  0x000002c3174dc250 JavaThread "C2 CompilerThread1" daemon [_thread_blocked, id=19684, stack(0x000000f6eed00000,0x000000f6eee00000)]
  0x000002c3174dc7a0 JavaThread "C2 CompilerThread2" daemon [_thread_blocked, id=26260, stack(0x000000f6eb300000,0x000000f6eb400000)]
  0x000002c31758a600 JavaThread "jar transforms Thread 6" [_thread_blocked, id=33652, stack(0x000000f6eb400000,0x000000f6eb500000)]
  0x000002c31758ba40 JavaThread "jar transforms Thread 7" [_thread_blocked, id=32628, stack(0x000000f6eb500000,0x000000f6eb600000)]
  0x000002c3156c49d0 JavaThread "jar transforms Thread 8" [_thread_blocked, id=10276, stack(0x000000f6eee00000,0x000000f6eef00000)]
  0x000002c3156c4ee0 JavaThread "jar transforms Thread 9" [_thread_blocked, id=27692, stack(0x000000f6eef00000,0x000000f6ef000000)]

Other Threads:
=>0x000002c37ebae6c0 VMThread "VM Thread" [stack: 0x000000f6ebc00000,0x000000f6ebd00000] [id=15804]
  0x000002c376c36980 WatcherThread [stack: 0x000000f6ec800000,0x000000f6ec900000] [id=24340]
  0x000002c37e9d19b0 GCTaskThread "GC Thread#0" [stack: 0x000000f6eb700000,0x000000f6eb800000] [id=10832]
  0x000002c3154b19f0 GCTaskThread "GC Thread#1" [stack: 0x000000f6eca00000,0x000000f6ecb00000] [id=18032]
  0x000002c31582c510 GCTaskThread "GC Thread#2" [stack: 0x000000f6ecb00000,0x000000f6ecc00000] [id=1248]
  0x000002c31582c7d0 GCTaskThread "GC Thread#3" [stack: 0x000000f6ecc00000,0x000000f6ecd00000] [id=32704]
  0x000002c315b30370 GCTaskThread "GC Thread#4" [stack: 0x000000f6ecd00000,0x000000f6ece00000] [id=17948]
  0x000002c315b30630 GCTaskThread "GC Thread#5" [stack: 0x000000f6ece00000,0x000000f6ecf00000] [id=5476]
  0x000002c315828ef0 GCTaskThread "GC Thread#6" [stack: 0x000000f6ed800000,0x000000f6ed900000] [id=16456]
  0x000002c315828c30 GCTaskThread "GC Thread#7" [stack: 0x000000f6ed900000,0x000000f6eda00000] [id=17848]
  0x000002c315828130 GCTaskThread "GC Thread#8" [stack: 0x000000f6eda00000,0x000000f6edb00000] [id=28644]
  0x000002c3158291b0 GCTaskThread "GC Thread#9" [stack: 0x000000f6edb00000,0x000000f6edc00000] [id=30640]
  0x000002c37e9d5fe0 ConcurrentGCThread "G1 Main Marker" [stack: 0x000000f6eb800000,0x000000f6eb900000] [id=20280]
  0x000002c37e9d6a00 ConcurrentGCThread "G1 Conc#0" [stack: 0x000000f6eb900000,0x000000f6eba00000] [id=10768]
  0x000002c3158283f0 ConcurrentGCThread "G1 Conc#1" [stack: 0x000000f6edc00000,0x000000f6edd00000] [id=34408]
  0x000002c315829730 ConcurrentGCThread "G1 Conc#2" [stack: 0x000000f6edd00000,0x000000f6ede00000] [id=32112]
  0x000002c37eac4250 ConcurrentGCThread "G1 Refine#0" [stack: 0x000000f6eba00000,0x000000f6ebb00000] [id=17096]
  0x000002c37eac4c80 ConcurrentGCThread "G1 Service" [stack: 0x000000f6ebb00000,0x000000f6ebc00000] [id=24220]

Threads with active compile tasks:
C2 CompilerThread1    32889 4141       4       org.objectweb.asm.Frame::execute (2318 bytes)
C2 CompilerThread2    32889 4096       4       groovy.lang.MetaClassImpl$1MOPIter::methodNameAction (325 bytes)

VM state: at safepoint (normal execution)

VM Mutex/Monitor currently owned by a thread:  ([mutex/lock_event])
[0x000002c376c30b70] Threads_lock - owner thread: 0x000002c37ebae6c0
[0x000002c376c30ae0] Heap_lock - owner thread: 0x000002c3164130f0

Heap address: 0x0000000080000000, size: 2048 MB, Compressed Oops mode: 32-bit

CDS archive(s) not mapped
Compressed class space mapped at: 0x0000000100000000-0x000000011a000000, reserved size: 436207616
Narrow klass base: 0x0000000000000000, Narrow klass shift: 3, Narrow klass range: 0x11a000000

GC Precious Log:
 CPUs: 12 total, 12 available
 Memory: 16049M
 Large Page Support: Disabled
 NUMA Support: Disabled
 Compressed Oops: Enabled (32-bit)
 Heap Region Size: 1M
 Heap Min Capacity: 8M
 Heap Initial Capacity: 252M
 Heap Max Capacity: 2G
 Pre-touch: Disabled
 Parallel Workers: 10
 Concurrent Workers: 3
 Concurrent Refinement Workers: 10
 Periodic GC: Disabled

Heap:
 garbage-first heap   total 75776K, used 32932K [0x0000000080000000, 0x0000000100000000)
  region size 1024K, 4 young (4096K), 4 survivors (4096K)
 Metaspace       used 43483K, committed 43904K, reserved 491520K
  class space    used 5815K, committed 6016K, reserved 425984K

Heap Regions: E=young(eden), S=young(survivor), O=old, HS=humongous(starts), HC=humongous(continues), CS=collection set, F=free, OA=open archive, CA=closed archive, TAMS=top-at-mark-start (previous, next)
|   0|0x0000000080000000, 0x0000000080100000, 0x0000000080100000|100%|HS|  |TAMS 0x0000000080100000, 0x0000000080000000| Complete 
|   1|0x0000000080100000, 0x0000000080200000, 0x0000000080200000|100%|HC|  |TAMS 0x0000000080200000, 0x0000000080100000| Complete 
|   2|0x0000000080200000, 0x0000000080300000, 0x0000000080300000|100%|HC|  |TAMS 0x0000000080300000, 0x0000000080200000| Complete 
|   3|0x0000000080300000, 0x0000000080400000, 0x0000000080400000|100%|HC|  |TAMS 0x0000000080400000, 0x0000000080300000| Complete 
|   4|0x0000000080400000, 0x0000000080500000, 0x0000000080500000|100%| O|  |TAMS 0x0000000080500000, 0x0000000080400000| Untracked 
|   5|0x0000000080500000, 0x0000000080600000, 0x0000000080600000|100%| O|  |TAMS 0x0000000080600000, 0x0000000080500000| Untracked 
|   6|0x0000000080600000, 0x0000000080700000, 0x0000000080700000|100%| O|  |TAMS 0x0000000080700000, 0x0000000080600000| Untracked 
|   7|0x0000000080700000, 0x0000000080800000, 0x0000000080800000|100%| O|  |TAMS 0x0000000080800000, 0x0000000080700000| Untracked 
|   8|0x0000000080800000, 0x0000000080900000, 0x0000000080900000|100%| O|  |TAMS 0x0000000080900000, 0x0000000080800000| Untracked 
|   9|0x0000000080900000, 0x0000000080a00000, 0x0000000080a00000|100%| O|  |TAMS 0x0000000080a00000, 0x0000000080900000| Untracked 
|  10|0x0000000080a00000, 0x0000000080b00000, 0x0000000080b00000|100%| O|  |TAMS 0x0000000080b00000, 0x0000000080a00000| Untracked 
|  11|0x0000000080b00000, 0x0000000080c00000, 0x0000000080c00000|100%| O|  |TAMS 0x0000000080c00000, 0x0000000080b00000| Untracked 
|  12|0x0000000080c00000, 0x0000000080d00000, 0x0000000080d00000|100%| O|  |TAMS 0x0000000080d00000, 0x0000000080c00000| Untracked 
|  13|0x0000000080d00000, 0x0000000080e00000, 0x0000000080e00000|100%| O|  |TAMS 0x0000000080e00000, 0x0000000080d00000| Untracked 
|  14|0x0000000080e00000, 0x0000000080f00000, 0x0000000080f00000|100%| O|  |TAMS 0x0000000080f00000, 0x0000000080e00000| Untracked 
|  15|0x0000000080f00000, 0x0000000081000000, 0x0000000081000000|100%| O|  |TAMS 0x0000000081000000, 0x0000000080f00000| Untracked 
|  16|0x0000000081000000, 0x0000000081100000, 0x0000000081100000|100%| O|  |TAMS 0x0000000081100000, 0x0000000081000000| Untracked 
|  17|0x0000000081100000, 0x0000000081200000, 0x0000000081200000|100%| O|  |TAMS 0x0000000081200000, 0x0000000081100000| Untracked 
|  18|0x0000000081200000, 0x0000000081300000, 0x0000000081300000|100%| O|  |TAMS 0x0000000081300000, 0x0000000081200000| Untracked 
|  19|0x0000000081300000, 0x0000000081400000, 0x0000000081400000|100%| O|  |TAMS 0x0000000081400000, 0x0000000081300000| Untracked 
|  20|0x0000000081400000, 0x0000000081500000, 0x0000000081500000|100%| O|  |TAMS 0x0000000081500000, 0x0000000081400000| Untracked 
|  21|0x0000000081500000, 0x0000000081500000, 0x0000000081600000|  0%| F|  |TAMS 0x0000000081500000, 0x0000000081500000| Untracked 
|  22|0x0000000081600000, 0x0000000081700000, 0x0000000081700000|100%| O|  |TAMS 0x0000000081700000, 0x0000000081600000| Untracked 
|  23|0x0000000081700000, 0x0000000081800000, 0x0000000081800000|100%| O|  |TAMS 0x00000000817e2200, 0x0000000081700000| Untracked 
|  24|0x0000000081800000, 0x0000000081900000, 0x0000000081900000|100%| O|  |TAMS 0x0000000081800000, 0x0000000081800000| Untracked 
|  25|0x0000000081900000, 0x0000000081a00000, 0x0000000081a00000|100%| O|  |TAMS 0x0000000081900000, 0x0000000081900000| Untracked 
|  26|0x0000000081a00000, 0x0000000081b00000, 0x0000000081b00000|100%| O|  |TAMS 0x0000000081a00000, 0x0000000081a00000| Untracked 
|  27|0x0000000081b00000, 0x0000000081c00000, 0x0000000081c00000|100%| O|  |TAMS 0x0000000081b00000, 0x0000000081b00000| Untracked 
|  28|0x0000000081c00000, 0x0000000081d00000, 0x0000000081d00000|100%| O|  |TAMS 0x0000000081c00000, 0x0000000081c00000| Untracked 
|  29|0x0000000081d00000, 0x0000000081dd8000, 0x0000000081e00000| 84%| O|  |TAMS 0x0000000081d00000, 0x0000000081d00000| Untracked 
|  30|0x0000000081e00000, 0x0000000081e00000, 0x0000000081f00000|  0%| F|  |TAMS 0x0000000081e00000, 0x0000000081e00000| Untracked 
|  31|0x0000000081f00000, 0x0000000081f00000, 0x0000000082000000|  0%| F|  |TAMS 0x0000000081f00000, 0x0000000081f00000| Untracked 
|  32|0x0000000082000000, 0x0000000082000000, 0x0000000082100000|  0%| F|  |TAMS 0x0000000082000000, 0x0000000082000000| Untracked 
|  33|0x0000000082100000, 0x0000000082100000, 0x0000000082200000|  0%| F|  |TAMS 0x0000000082100000, 0x0000000082100000| Untracked 
|  34|0x0000000082200000, 0x0000000082200000, 0x0000000082300000|  0%| F|  |TAMS 0x0000000082200000, 0x0000000082200000| Untracked 
|  35|0x0000000082300000, 0x0000000082300000, 0x0000000082400000|  0%| F|  |TAMS 0x0000000082300000, 0x0000000082300000| Untracked 
|  36|0x0000000082400000, 0x0000000082400000, 0x0000000082500000|  0%| F|  |TAMS 0x0000000082400000, 0x0000000082400000| Untracked 
|  37|0x0000000082500000, 0x0000000082500000, 0x0000000082600000|  0%| F|  |TAMS 0x0000000082500000, 0x0000000082500000| Untracked 
|  38|0x0000000082600000, 0x0000000082600000, 0x0000000082700000|  0%| F|  |TAMS 0x0000000082600000, 0x0000000082600000| Untracked 
|  39|0x0000000082700000, 0x0000000082700000, 0x0000000082800000|  0%| F|  |TAMS 0x0000000082700000, 0x0000000082700000| Untracked 
|  40|0x0000000082800000, 0x0000000082800000, 0x0000000082900000|  0%| F|  |TAMS 0x0000000082800000, 0x0000000082800000| Untracked 
|  41|0x0000000082900000, 0x0000000082900000, 0x0000000082a00000|  0%| F|  |TAMS 0x0000000082900000, 0x0000000082900000| Untracked 
|  42|0x0000000082a00000, 0x0000000082a51300, 0x0000000082b00000| 31%| S|CS|TAMS 0x0000000082a00000, 0x0000000082a00000| Complete 
|  43|0x0000000082b00000, 0x0000000082c00000, 0x0000000082c00000|100%| S|CS|TAMS 0x0000000082b00000, 0x0000000082b00000| Complete 
|  44|0x0000000082c00000, 0x0000000082d00000, 0x0000000082d00000|100%| S|CS|TAMS 0x0000000082c00000, 0x0000000082c00000| Complete 
|  45|0x0000000082d00000, 0x0000000082e00000, 0x0000000082e00000|100%| S|CS|TAMS 0x0000000082d00000, 0x0000000082d00000| Complete 
|  46|0x0000000082e00000, 0x0000000082e00000, 0x0000000082f00000|  0%| F|  |TAMS 0x0000000082e00000, 0x0000000082e00000| Untracked 
|  47|0x0000000082f00000, 0x0000000082f00000, 0x0000000083000000|  0%| F|  |TAMS 0x0000000082f00000, 0x0000000082f00000| Untracked 
|  48|0x0000000083000000, 0x0000000083000000, 0x0000000083100000|  0%| F|  |TAMS 0x0000000083000000, 0x0000000083000000| Untracked 
|  49|0x0000000083100000, 0x0000000083100000, 0x0000000083200000|  0%| F|  |TAMS 0x0000000083100000, 0x0000000083100000| Untracked 
|  50|0x0000000083200000, 0x0000000083200000, 0x0000000083300000|  0%| F|  |TAMS 0x0000000083200000, 0x0000000083200000| Untracked 
|  51|0x0000000083300000, 0x0000000083300000, 0x0000000083400000|  0%| F|  |TAMS 0x0000000083300000, 0x0000000083300000| Untracked 
|  52|0x0000000083400000, 0x0000000083400000, 0x0000000083500000|  0%| F|  |TAMS 0x0000000083400000, 0x0000000083400000| Untracked 
|  53|0x0000000083500000, 0x0000000083500000, 0x0000000083600000|  0%| F|  |TAMS 0x0000000083500000, 0x0000000083500000| Untracked 
|  54|0x0000000083600000, 0x0000000083600000, 0x0000000083700000|  0%| F|  |TAMS 0x0000000083600000, 0x0000000083600000| Untracked 
|  55|0x0000000083700000, 0x0000000083700000, 0x0000000083800000|  0%| F|  |TAMS 0x0000000083700000, 0x0000000083700000| Untracked 
|  56|0x0000000083800000, 0x0000000083800000, 0x0000000083900000|  0%| F|  |TAMS 0x0000000083800000, 0x0000000083800000| Untracked 
|  57|0x0000000083900000, 0x0000000083900000, 0x0000000083a00000|  0%| F|  |TAMS 0x0000000083900000, 0x0000000083900000| Untracked 
|  58|0x0000000083a00000, 0x0000000083a00000, 0x0000000083b00000|  0%| F|  |TAMS 0x0000000083a00000, 0x0000000083a00000| Untracked 
|  59|0x0000000083b00000, 0x0000000083b00000, 0x0000000083c00000|  0%| F|  |TAMS 0x0000000083b00000, 0x0000000083b00000| Untracked 
|  60|0x0000000083c00000, 0x0000000083c00000, 0x0000000083d00000|  0%| F|  |TAMS 0x0000000083c00000, 0x0000000083c00000| Untracked 
|  61|0x0000000083d00000, 0x0000000083d00000, 0x0000000083e00000|  0%| F|  |TAMS 0x0000000083d00000, 0x0000000083d00000| Untracked 
|  62|0x0000000083e00000, 0x0000000083e00000, 0x0000000083f00000|  0%| F|  |TAMS 0x0000000083e00000, 0x0000000083e00000| Untracked 
| 180|0x000000008b400000, 0x000000008b400000, 0x000000008b500000|  0%| F|  |TAMS 0x000000008b400000, 0x000000008b400000| Untracked 
| 181|0x000000008b500000, 0x000000008b500000, 0x000000008b600000|  0%| F|  |TAMS 0x000000008b500000, 0x000000008b500000| Untracked 
| 182|0x000000008b600000, 0x000000008b600000, 0x000000008b700000|  0%| F|  |TAMS 0x000000008b600000, 0x000000008b600000| Untracked 
| 183|0x000000008b700000, 0x000000008b700000, 0x000000008b800000|  0%| F|  |TAMS 0x000000008b700000, 0x000000008b700000| Untracked 
| 184|0x000000008b800000, 0x000000008b800000, 0x000000008b900000|  0%| F|  |TAMS 0x000000008b800000, 0x000000008b800000| Untracked 
| 185|0x000000008b900000, 0x000000008b900000, 0x000000008ba00000|  0%| F|  |TAMS 0x000000008b900000, 0x000000008b900000| Untracked 
| 186|0x000000008ba00000, 0x000000008ba00000, 0x000000008bb00000|  0%| F|  |TAMS 0x000000008ba00000, 0x000000008ba00000| Untracked 
| 187|0x000000008bb00000, 0x000000008bb00000, 0x000000008bc00000|  0%| F|  |TAMS 0x000000008bb00000, 0x000000008bb00000| Untracked 
| 188|0x000000008bc00000, 0x000000008bc00000, 0x000000008bd00000|  0%| F|  |TAMS 0x000000008bc00000, 0x000000008bc00000| Untracked 
| 189|0x000000008bd00000, 0x000000008bd00000, 0x000000008be00000|  0%| F|  |TAMS 0x000000008bd00000, 0x000000008bd00000| Untracked 
| 251|0x000000008fb00000, 0x000000008fb00000, 0x000000008fc00000|  0%| F|  |TAMS 0x000000008fb00000, 0x000000008fb00000| Untracked 

Card table byte_map: [0x000002c37a1b0000,0x000002c37a5b0000] _byte_map_base: 0x000002c379db0000

Marking Bits (Prev, Next): (CMBitMap*) 0x000002c376c70280, (CMBitMap*) 0x000002c376c702c0
 Prev Bits: [0x000002c37a9b0000, 0x000002c37c9b0000)
 Next Bits: [0x000002c37c9b0000, 0x000002c37e9b0000)

Polling page: 0x000002c376380000

Metaspace:

Usage:
  Non-class:     36.79 MB used.
      Class:      5.68 MB used.
       Both:     42.46 MB used.

Virtual space:
  Non-class space:       64.00 MB reserved,      37.00 MB ( 58%) committed,  1 nodes.
      Class space:      416.00 MB reserved,       5.88 MB (  1%) committed,  1 nodes.
             Both:      480.00 MB reserved,      42.88 MB (  9%) committed. 

Chunk freelists:
   Non-Class:  10.33 MB
       Class:  9.94 MB
        Both:  20.27 MB

MaxMetaspaceSize: 512.00 MB
CompressedClassSpaceSize: 416.00 MB
Initial GC threshold: 21.00 MB
Current GC threshold: 58.69 MB
CDS: off
MetaspaceReclaimPolicy: balanced
 - commit_granule_bytes: 65536.
 - commit_granule_words: 8192.
 - virtual_space_node_default_size: 8388608.
 - enlarge_chunks_in_place: 1.
 - new_chunks_are_fully_committed: 0.
 - uncommit_free_chunks: 1.
 - use_allocation_guard: 0.
 - handle_deallocations: 1.


Internal statistics:

num_allocs_failed_limit: 6.
num_arena_births: 428.
num_arena_deaths: 0.
num_vsnodes_births: 2.
num_vsnodes_deaths: 0.
num_space_committed: 686.
num_space_uncommitted: 0.
num_chunks_returned_to_freelist: 6.
num_chunks_taken_from_freelist: 1776.
num_chunk_merges: 6.
num_chunk_splits: 1135.
num_chunks_enlarged: 774.
num_inconsistent_stats: 0.

CodeHeap 'non-profiled nmethods': size=120000Kb used=2650Kb max_used=2650Kb free=117349Kb
 bounds [0x000002c307ad0000, 0x000002c307d70000, 0x000002c30f000000]
CodeHeap 'profiled nmethods': size=120000Kb used=8546Kb max_used=8546Kb free=111453Kb
 bounds [0x000002c300000000, 0x000002c300860000, 0x000002c307530000]
CodeHeap 'non-nmethods': size=5760Kb used=2291Kb max_used=2342Kb free=3468Kb
 bounds [0x000002c307530000, 0x000002c3077a0000, 0x000002c307ad0000]
 total_blobs=4954 nmethods=4152 adapters=714
 compilation: enabled
              stopped_count=0, restarted_count=0
 full_count=0

Compilation events (20 events):
Event: 31.975 Thread 0x000002c37f73b790 nmethod 4143 0x000002c300853610 code [0x000002c300853800, 0x000002c300853dc8]
Event: 31.981 Thread 0x000002c37f73b790 4145       3       java.lang.invoke.MethodHandles$Lookup::getDirectConstructorCommon (69 bytes)
Event: 31.983 Thread 0x000002c37f73b790 nmethod 4145 0x000002c300854010 code [0x000002c300854280, 0x000002c300854d98]
Event: 31.994 Thread 0x000002c37f73b790 4150       3       sun.invoke.util.Wrapper::isDoubleWord (15 bytes)
Event: 31.994 Thread 0x000002c37f73b790 nmethod 4150 0x000002c300855110 code [0x000002c3008552a0, 0x000002c300855418]
Event: 31.994 Thread 0x000002c37f73b790 4152       3       java.lang.invoke.MemberName$Factory::resolveOrNull (54 bytes)
Event: 31.995 Thread 0x000002c37f73b790 nmethod 4152 0x000002c300855490 code [0x000002c300855640, 0x000002c300855908]
Event: 32.012 Thread 0x000002c37f73ae80 nmethod 4084 0x000002c307d5f810 code [0x000002c307d5fbc0, 0x000002c307d63600]
Event: 32.013 Thread 0x000002c37f73ae80 4156       4       java.lang.Class::annotationData (44 bytes)
Event: 32.031 Thread 0x000002c37f73b790 4157       3       java.lang.invoke.LambdaFormEditor::bindArgumentType (101 bytes)
Event: 32.031 Thread 0x000002c37f73b790 nmethod 4157 0x000002c300855a10 code [0x000002c300855bc0, 0x000002c300855de8]
Event: 32.031 Thread 0x000002c37f73b790 4158       3       java.lang.invoke.LambdaFormEditor::bindArgumentForm (269 bytes)
Event: 32.035 Thread 0x000002c37f73b790 nmethod 4158 0x000002c300855f10 code [0x000002c3008562c0, 0x000002c300857ac8]
Event: 32.041 Thread 0x000002c37f73ae80 nmethod 4156 0x000002c307d64f90 code [0x000002c307d651c0, 0x000002c307d65a20]
Event: 32.042 Thread 0x000002c37f73ae80 4144       4       java.util.ArrayList::contains (14 bytes)
Event: 32.045 Thread 0x000002c37f73b790 4159       3       java.lang.invoke.BoundMethodHandle$Species_L::make (11 bytes)
Event: 32.046 Thread 0x000002c37f73b790 nmethod 4159 0x000002c300858510 code [0x000002c3008586c0, 0x000002c300858908]
Event: 32.047 Thread 0x000002c37f73ae80 nmethod 4144 0x000002c307d66290 code [0x000002c307d66420, 0x000002c307d66578]
Event: 32.055 Thread 0x000002c37f73b790 4160       1       org.slf4j.impl.StaticLoggerBinder::getLoggerFactory (5 bytes)
Event: 32.055 Thread 0x000002c37f73b790 nmethod 4160 0x000002c307d66690 code [0x000002c307d66820, 0x000002c307d668f8]

GC Heap History (20 events):
Event: 1.608 GC heap after
{Heap after GC invocations=1 (full 0):
 garbage-first heap   total 258048K, used 10337K [0x0000000080000000, 0x0000000100000000)
  region size 1024K, 3 young (3072K), 3 survivors (3072K)
 Metaspace       used 9136K, committed 9344K, reserved 491520K
  class space    used 1012K, committed 1088K, reserved 425984K
}
Event: 2.532 GC heap before
{Heap before GC invocations=1 (full 0):
 garbage-first heap   total 258048K, used 37985K [0x0000000080000000, 0x0000000100000000)
  region size 1024K, 30 young (30720K), 3 survivors (3072K)
 Metaspace       used 10111K, committed 10304K, reserved 491520K
  class space    used 1120K, committed 1216K, reserved 425984K
}
Event: 2.537 GC heap after
{Heap after GC invocations=2 (full 0):
 garbage-first heap   total 258048K, used 11155K [0x0000000080000000, 0x0000000100000000)
  region size 1024K, 1 young (1024K), 1 survivors (1024K)
 Metaspace       used 10111K, committed 10304K, reserved 491520K
  class space    used 1120K, committed 1216K, reserved 425984K
}
Event: 4.789 GC heap before
{Heap before GC invocations=2 (full 0):
 garbage-first heap   total 258048K, used 72595K [0x0000000080000000, 0x0000000100000000)
  region size 1024K, 62 young (63488K), 1 survivors (1024K)
 Metaspace       used 21236K, committed 21504K, reserved 491520K
  class space    used 2692K, committed 2816K, reserved 425984K
}
Event: 4.799 GC heap after
{Heap after GC invocations=3 (full 0):
 garbage-first heap   total 258048K, used 19915K [0x0000000080000000, 0x0000000100000000)
  region size 1024K, 10 young (10240K), 10 survivors (10240K)
 Metaspace       used 21236K, committed 21504K, reserved 491520K
  class space    used 2692K, committed 2816K, reserved 425984K
}
Event: 5.807 GC heap before
{Heap before GC invocations=4 (full 0):
 garbage-first heap   total 75776K, used 54731K [0x0000000080000000, 0x0000000100000000)
  region size 1024K, 44 young (45056K), 10 survivors (10240K)
 Metaspace       used 25749K, committed 25984K, reserved 491520K
  class space    used 3468K, committed 3584K, reserved 425984K
}
Event: 5.816 GC heap after
{Heap after GC invocations=5 (full 0):
 garbage-first heap   total 75776K, used 21489K [0x0000000080000000, 0x0000000100000000)
  region size 1024K, 3 young (3072K), 3 survivors (3072K)
 Metaspace       used 25749K, committed 25984K, reserved 491520K
  class space    used 3468K, committed 3584K, reserved 425984K
}
Event: 5.854 GC heap before
{Heap before GC invocations=5 (full 0):
 garbage-first heap   total 75776K, used 22513K [0x0000000080000000, 0x0000000100000000)
  region size 1024K, 4 young (4096K), 3 survivors (3072K)
 Metaspace       used 25922K, committed 26176K, reserved 491520K
  class space    used 3486K, committed 3584K, reserved 425984K
}
Event: 5.857 GC heap after
{Heap after GC invocations=6 (full 0):
 garbage-first heap   total 75776K, used 21789K [0x0000000080000000, 0x0000000100000000)
  region size 1024K, 1 young (1024K), 1 survivors (1024K)
 Metaspace       used 25922K, committed 26176K, reserved 491520K
  class space    used 3486K, committed 3584K, reserved 425984K
}
Event: 28.096 GC heap before
{Heap before GC invocations=6 (full 0):
 garbage-first heap   total 75776K, used 52509K [0x0000000080000000, 0x0000000100000000)
  region size 1024K, 32 young (32768K), 1 survivors (1024K)
 Metaspace       used 30138K, committed 30528K, reserved 491520K
  class space    used 4129K, committed 4288K, reserved 425984K
}
Event: 28.101 GC heap after
{Heap after GC invocations=7 (full 0):
 garbage-first heap   total 75776K, used 24538K [0x0000000080000000, 0x0000000100000000)
  region size 1024K, 4 young (4096K), 4 survivors (4096K)
 Metaspace       used 30138K, committed 30528K, reserved 491520K
  class space    used 4129K, committed 4288K, reserved 425984K
}
Event: 29.303 GC heap before
{Heap before GC invocations=7 (full 0):
 garbage-first heap   total 75776K, used 54234K [0x0000000080000000, 0x0000000100000000)
  region size 1024K, 33 young (33792K), 4 survivors (4096K)
 Metaspace       used 33730K, committed 34048K, reserved 491520K
  class space    used 4667K, committed 4800K, reserved 425984K
}
Event: 29.308 GC heap after
{Heap after GC invocations=8 (full 0):
 garbage-first heap   total 75776K, used 25796K [0x0000000080000000, 0x0000000100000000)
  region size 1024K, 2 young (2048K), 2 survivors (2048K)
 Metaspace       used 33730K, committed 34048K, reserved 491520K
  class space    used 4667K, committed 4800K, reserved 425984K
}
Event: 29.651 GC heap before
{Heap before GC invocations=8 (full 0):
 garbage-first heap   total 75776K, used 37060K [0x0000000080000000, 0x0000000100000000)
  region size 1024K, 15 young (15360K), 2 survivors (2048K)
 Metaspace       used 35543K, committed 35968K, reserved 491520K
  class space    used 4950K, committed 5184K, reserved 425984K
}
Event: 29.654 GC heap after
{Heap after GC invocations=9 (full 0):
 garbage-first heap   total 75776K, used 26132K [0x0000000080000000, 0x0000000100000000)
  region size 1024K, 2 young (2048K), 2 survivors (2048K)
 Metaspace       used 35543K, committed 35968K, reserved 491520K
  class space    used 4950K, committed 5184K, reserved 425984K
}
Event: 30.946 GC heap before
{Heap before GC invocations=10 (full 0):
 garbage-first heap   total 75776K, used 57876K [0x0000000080000000, 0x0000000100000000)
  region size 1024K, 34 young (34816K), 2 survivors (2048K)
 Metaspace       used 41193K, committed 41600K, reserved 491520K
  class space    used 5607K, committed 5824K, reserved 425984K
}
Event: 30.956 GC heap after
{Heap after GC invocations=11 (full 0):
 garbage-first heap   total 75776K, used 30168K [0x0000000080000000, 0x0000000100000000)
  region size 1024K, 5 young (5120K), 5 survivors (5120K)
 Metaspace       used 41193K, committed 41600K, reserved 491520K
  class space    used 5607K, committed 5824K, reserved 425984K
}
Event: 30.967 GC heap before
{Heap before GC invocations=11 (full 0):
 garbage-first heap   total 75776K, used 31192K [0x0000000080000000, 0x0000000100000000)
  region size 1024K, 6 young (6144K), 5 survivors (5120K)
 Metaspace       used 41193K, committed 41600K, reserved 491520K
  class space    used 5607K, committed 5824K, reserved 425984K
}
Event: 30.976 GC heap after
{Heap after GC invocations=12 (full 0):
 garbage-first heap   total 75776K, used 30052K [0x0000000080000000, 0x0000000100000000)
  region size 1024K, 1 young (1024K), 1 survivors (1024K)
 Metaspace       used 41193K, committed 41600K, reserved 491520K
  class space    used 5607K, committed 5824K, reserved 425984K
}
Event: 32.105 GC heap before
{Heap before GC invocations=12 (full 0):
 garbage-first heap   total 75776K, used 61796K [0x0000000080000000, 0x0000000100000000)
  region size 1024K, 28 young (28672K), 1 survivors (1024K)
 Metaspace       used 43483K, committed 43904K, reserved 491520K
  class space    used 5815K, committed 6016K, reserved 425984K
}

Dll operation events (14 events):
Event: 0.045 Loaded shared library C:\Users\promise.okere\.vscode\extensions\redhat.java-1.30.0-win32-x64\jre\17.0.10-win32-x86_64\bin\java.dll
Event: 0.240 Loaded shared library C:\Users\promise.okere\.vscode\extensions\redhat.java-1.30.0-win32-x64\jre\17.0.10-win32-x86_64\bin\zip.dll
Event: 0.249 Loaded shared library C:\Users\promise.okere\.vscode\extensions\redhat.java-1.30.0-win32-x64\jre\17.0.10-win32-x86_64\bin\instrument.dll
Event: 0.283 Loaded shared library C:\Users\promise.okere\.vscode\extensions\redhat.java-1.30.0-win32-x64\jre\17.0.10-win32-x86_64\bin\net.dll
Event: 0.298 Loaded shared library C:\Users\promise.okere\.vscode\extensions\redhat.java-1.30.0-win32-x64\jre\17.0.10-win32-x86_64\bin\nio.dll
Event: 0.313 Loaded shared library C:\Users\promise.okere\.vscode\extensions\redhat.java-1.30.0-win32-x64\jre\17.0.10-win32-x86_64\bin\zip.dll
Event: 0.708 Loaded shared library C:\Users\promise.okere\.vscode\extensions\redhat.java-1.30.0-win32-x64\jre\17.0.10-win32-x86_64\bin\jimage.dll
Event: 0.879 Loaded shared library C:\Users\promise.okere\.vscode\extensions\redhat.java-1.30.0-win32-x64\jre\17.0.10-win32-x86_64\bin\verify.dll
Event: 1.411 Loaded shared library C:\Users\promise.okere\.gradle\native\c067742578af261105cb4f569cf0c3c89f3d7b1fecec35dd04571415982c5e48\windows-amd64\native-platform.dll
Event: 1.455 Loaded shared library C:\Users\promise.okere\.gradle\native\38dada09dfb8b06ba9b0570ebf7e218e3eb74d4ef43ca46872605cf95ebc2f47\windows-amd64\native-platform-file-events.dll
Event: 3.221 Loaded shared library C:\Users\promise.okere\.vscode\extensions\redhat.java-1.30.0-win32-x64\jre\17.0.10-win32-x86_64\bin\management.dll
Event: 3.232 Loaded shared library C:\Users\promise.okere\.vscode\extensions\redhat.java-1.30.0-win32-x64\jre\17.0.10-win32-x86_64\bin\management_ext.dll
Event: 3.653 Loaded shared library C:\Users\promise.okere\.vscode\extensions\redhat.java-1.30.0-win32-x64\jre\17.0.10-win32-x86_64\bin\extnet.dll
Event: 4.023 Loaded shared library C:\Users\promise.okere\.vscode\extensions\redhat.java-1.30.0-win32-x64\jre\17.0.10-win32-x86_64\bin\sunmscapi.dll

Deoptimization events (20 events):
Event: 31.369 Thread 0x000002c3164130f0 DEOPT PACKING pc=0x000002c307d351dc sp=0x000000f6ed4f8ac0
Event: 31.369 Thread 0x000002c3164130f0 DEOPT UNPACKING pc=0x000002c3075869a3 sp=0x000000f6ed4f8a78 mode 2
Event: 31.369 Thread 0x000002c3164130f0 Uncommon trap: trap_request=0xffffffbe fr.pc=0x000002c307d351dc relative=0x000000000000071c
Event: 31.369 Thread 0x000002c3164130f0 Uncommon trap: reason=profile_predicate action=maybe_recompile pc=0x000002c307d351dc method=java.lang.PublicMethods$MethodList.filter([Ljava/lang/reflect/Method;Ljava/lang/String;[Ljava/lang/Class;Z)Ljava/lang/PublicMethods$MethodList; @ 21 c2
Event: 31.369 Thread 0x000002c3164130f0 DEOPT PACKING pc=0x000002c307d351dc sp=0x000000f6ed4f8ac0
Event: 31.369 Thread 0x000002c3164130f0 DEOPT UNPACKING pc=0x000002c3075869a3 sp=0x000000f6ed4f8a78 mode 2
Event: 31.370 Thread 0x000002c3164130f0 Uncommon trap: trap_request=0xffffffbe fr.pc=0x000002c307d351dc relative=0x000000000000071c
Event: 31.370 Thread 0x000002c3164130f0 Uncommon trap: reason=profile_predicate action=maybe_recompile pc=0x000002c307d351dc method=java.lang.PublicMethods$MethodList.filter([Ljava/lang/reflect/Method;Ljava/lang/String;[Ljava/lang/Class;Z)Ljava/lang/PublicMethods$MethodList; @ 21 c2
Event: 31.370 Thread 0x000002c3164130f0 DEOPT PACKING pc=0x000002c307d351dc sp=0x000000f6ed4f8500
Event: 31.370 Thread 0x000002c3164130f0 DEOPT UNPACKING pc=0x000002c3075869a3 sp=0x000000f6ed4f84b8 mode 2
Event: 31.658 Thread 0x000002c3164130f0 DEOPT PACKING pc=0x000002c3003aec44 sp=0x000000f6ed4f7ff0
Event: 31.659 Thread 0x000002c3164130f0 DEOPT UNPACKING pc=0x000002c307587143 sp=0x000000f6ed4f7570 mode 0
Event: 31.661 Thread 0x000002c3164130f0 DEOPT PACKING pc=0x000002c30034bd08 sp=0x000000f6ed4f9f70
Event: 31.661 Thread 0x000002c3164130f0 DEOPT UNPACKING pc=0x000002c307587143 sp=0x000000f6ed4f9478 mode 0
Event: 31.720 Thread 0x000002c3164130f0 DEOPT PACKING pc=0x000002c3000c4043 sp=0x000000f6ed4f9330
Event: 31.720 Thread 0x000002c3164130f0 DEOPT UNPACKING pc=0x000002c307587143 sp=0x000000f6ed4f8850 mode 0
Event: 31.925 Thread 0x000002c3164130f0 Uncommon trap: trap_request=0xffffffde fr.pc=0x000002c307c02020 relative=0x0000000000000b40
Event: 31.925 Thread 0x000002c3164130f0 Uncommon trap: reason=class_check action=maybe_recompile pc=0x000002c307c02020 method=java.util.Collections$SetFromMap.remove(Ljava/lang/Object;)Z @ 5 c2
Event: 31.925 Thread 0x000002c3164130f0 DEOPT PACKING pc=0x000002c307c02020 sp=0x000000f6ed4fa540
Event: 31.925 Thread 0x000002c3164130f0 DEOPT UNPACKING pc=0x000002c3075869a3 sp=0x000000f6ed4fa538 mode 2

Classes unloaded (0 events):
No events

Classes redefined (0 events):
No events

Internal exceptions (20 events):
Event: 31.377 Thread 0x000002c3164130f0 Exception <a 'java/lang/ClassNotFoundException'{0x0000000083748808}: org/gradle/invocation/DefaultGradleBeanInfo> (0x0000000083748808) 
thrown [s\src\hotspot\share\classfile\systemDictionary.cpp, line 256]
Event: 31.378 Thread 0x000002c3164130f0 Exception <a 'java/lang/ClassNotFoundException'{0x0000000083758fa0}: org/gradle/api/internal/project/AbstractPluginAwareBeanInfo> (0x0000000083758fa0) 
thrown [s\src\hotspot\share\classfile\systemDictionary.cpp, line 256]
Event: 31.380 Thread 0x000002c3164130f0 Exception <a 'java/lang/ClassNotFoundException'{0x00000000837697d8}: org/gradle/api/internal/project/AbstractPluginAwareCustomizer> (0x00000000837697d8) 
thrown [s\src\hotspot\share\classfile\systemDictionary.cpp, line 256]
Event: 31.382 Thread 0x000002c3164130f0 Exception <a 'java/lang/ClassNotFoundException'{0x000000008377f800}: org/gradle/invocation/DefaultGradleCustomizer> (0x000000008377f800) 
thrown [s\src\hotspot\share\classfile\systemDictionary.cpp, line 256]
Event: 31.393 Thread 0x000002c3164130f0 Exception <a 'java/lang/ClassNotFoundException'{0x00000000837bfa18}: org/gradle/invocation/DefaultGradle_DecoratedCustomizer> (0x00000000837bfa18) 
thrown [s\src\hotspot\share\classfile\systemDictionary.cpp, line 256]
Event: 31.639 Thread 0x000002c3164130f0 Exception <a 'java/lang/ClassNotFoundException'{0x0000000083497390}: init_2d3qzlwb6uvxz3rwuwhwse77aBeanInfo> (0x0000000083497390) 
thrown [s\src\hotspot\share\classfile\systemDictionary.cpp, line 256]
Event: 31.640 Thread 0x000002c3164130f0 Exception <a 'java/lang/ClassNotFoundException'{0x000000008349dcd0}: init_2d3qzlwb6uvxz3rwuwhwse77aCustomizer> (0x000000008349dcd0) 
thrown [s\src\hotspot\share\classfile\systemDictionary.cpp, line 256]
Event: 31.730 Thread 0x000002c3164130f0 Exception <a 'java/lang/ClassNotFoundException'{0x0000000083374e58}: eclipsePlugin_cxdthg3w17jaradaoa079cy27BeanInfo> (0x0000000083374e58) 
thrown [s\src\hotspot\share\classfile\systemDictionary.cpp, line 256]
Event: 31.731 Thread 0x000002c3164130f0 Exception <a 'java/lang/ClassNotFoundException'{0x000000008337b820}: eclipsePlugin_cxdthg3w17jaradaoa079cy27Customizer> (0x000000008337b820) 
thrown [s\src\hotspot\share\classfile\systemDictionary.cpp, line 256]
Event: 31.830 Thread 0x000002c3164130f0 Exception <a 'java/lang/ClassNotFoundException'{0x0000000083135930}: org/gradle/internal/metaobject/ConfigureDelegateBeanInfo> (0x0000000083135930) 
thrown [s\src\hotspot\share\classfile\systemDictionary.cpp, line 256]
Event: 31.831 Thread 0x000002c3164130f0 Exception <a 'java/lang/ClassNotFoundException'{0x0000000083145458}: org/gradle/internal/metaobject/ConfigureDelegateCustomizer> (0x0000000083145458) 
thrown [s\src\hotspot\share\classfile\systemDictionary.cpp, line 256]
Event: 31.877 Thread 0x000002c3164130f0 Exception <a 'java/lang/ClassNotFoundException'{0x0000000083016f58}: org/gradle/api/internal/initialization/DefaultScriptHandler_DecoratedBeanInfo> (0x0000000083016f58) 
thrown [s\src\hotspot\share\classfile\systemDictionary.cpp, line 256]
Event: 31.879 Thread 0x000002c3164130f0 Exception <a 'java/lang/ClassNotFoundException'{0x0000000083027990}: org/gradle/api/internal/initialization/DefaultScriptHandlerBeanInfo> (0x0000000083027990) 
thrown [s\src\hotspot\share\classfile\systemDictionary.cpp, line 256]
Event: 31.881 Thread 0x000002c3164130f0 Exception <a 'java/lang/ClassNotFoundException'{0x0000000083038398}: org/gradle/api/internal/initialization/DefaultScriptHandlerCustomizer> (0x0000000083038398) 
thrown [s\src\hotspot\share\classfile\systemDictionary.cpp, line 256]
Event: 31.884 Thread 0x000002c3164130f0 Exception <a 'java/lang/ClassNotFoundException'{0x0000000083055900}: org/gradle/api/internal/initialization/DefaultScriptHandler_DecoratedCustomizer> (0x0000000083055900) 
thrown [s\src\hotspot\share\classfile\systemDictionary.cpp, line 256]
Event: 31.990 Thread 0x000002c3164130f0 Exception <a 'java/lang/NoSuchMethodError'{0x0000000082fd9118}: 'java.lang.Object java.lang.invoke.DirectMethodHandle$Holder.newInvokeSpecial(java.lang.Object, java.lang.Object, int, int)'> (0x0000000082fd9118) 
thrown [s\src\hotspot\share\interpreter\linkResolver.cpp, line 759]
Event: 32.060 Thread 0x000002c3164130f0 Exception <a 'sun/nio/fs/WindowsException'{0x0000000082ef68b0}> (0x0000000082ef68b0) 
thrown [s\src\hotspot\share\prims\jni.cpp, line 516]
Event: 32.073 Thread 0x000002c3164130f0 Exception <a 'sun/nio/fs/WindowsException'{0x0000000082ef8180}> (0x0000000082ef8180) 
thrown [s\src\hotspot\share\prims\jni.cpp, line 516]
Event: 32.085 Thread 0x000002c3164130f0 Exception <a 'sun/nio/fs/WindowsException'{0x0000000082ef9a08}> (0x0000000082ef9a08) 
thrown [s\src\hotspot\share\prims\jni.cpp, line 516]
Event: 32.097 Thread 0x000002c3164130f0 Exception <a 'sun/nio/fs/WindowsException'{0x0000000082efb298}> (0x0000000082efb298) 
thrown [s\src\hotspot\share\prims\jni.cpp, line 516]

VM Operations (20 events):
Event: 30.360 Executing VM operation: HandshakeAllThreads done
Event: 30.614 Executing VM operation: HandshakeAllThreads
Event: 30.614 Executing VM operation: HandshakeAllThreads done
Event: 30.614 Executing VM operation: HandshakeAllThreads
Event: 30.615 Executing VM operation: HandshakeAllThreads done
Event: 30.625 Executing VM operation: HandshakeAllThreads
Event: 30.625 Executing VM operation: HandshakeAllThreads done
Event: 30.638 Executing VM operation: HandshakeAllThreads
Event: 30.638 Executing VM operation: HandshakeAllThreads done
Event: 30.844 Executing VM operation: HandshakeAllThreads
Event: 30.844 Executing VM operation: HandshakeAllThreads done
Event: 30.844 Executing VM operation: Cleanup
Event: 30.844 Executing VM operation: Cleanup done
Event: 30.946 Executing VM operation: G1CollectForAllocation
Event: 30.958 Executing VM operation: G1CollectForAllocation done
Event: 30.966 Executing VM operation: G1CollectForAllocation
Event: 30.976 Executing VM operation: G1CollectForAllocation done
Event: 31.884 Executing VM operation: ICBufferFull
Event: 31.885 Executing VM operation: ICBufferFull done
Event: 32.105 Executing VM operation: G1CollectForAllocation

Events (20 events):
Event: 31.244 loading class com/sun/beans/finder/MethodFinder$1
Event: 31.244 loading class com/sun/beans/finder/MethodFinder$1 done
Event: 31.244 loading class com/sun/beans/finder/FinderUtils
Event: 31.245 loading class com/sun/beans/finder/FinderUtils done
Event: 31.551 Thread 0x000002c31758a600 Thread added: 0x000002c31758a600
Event: 31.598 Thread 0x000002c31758ba40 Thread added: 0x000002c31758ba40
Event: 31.703 Thread 0x000002c3156c49d0 Thread added: 0x000002c3156c49d0
Event: 31.754 loading class sun/reflect/MagicAccessorImpl
Event: 31.754 loading class sun/reflect/MagicAccessorImpl done
Event: 31.854 loading class java/util/function/IntBinaryOperator
Event: 31.854 loading class java/util/function/IntBinaryOperator done
Event: 31.888 loading class jdk/internal/reflect/UnsafeObjectFieldAccessorImpl
Event: 31.888 loading class jdk/internal/reflect/UnsafeObjectFieldAccessorImpl done
Event: 31.914 Thread 0x000002c3156c4ee0 Thread added: 0x000002c3156c4ee0
Event: 31.979 loading class java/util/BitSet$1BitSetSpliterator
Event: 31.979 loading class java/util/BitSet$1BitSetSpliterator done
Event: 32.004 loading class jdk/internal/reflect/UnsafeStaticIntegerFieldAccessorImpl
Event: 32.004 loading class jdk/internal/reflect/UnsafeStaticIntegerFieldAccessorImpl done
Event: 32.060 loading class sun/nio/fs/WindowsException
Event: 32.060 loading class sun/nio/fs/WindowsException done


Dynamic libraries:
0x00007ff7986b0000 - 0x00007ff7986be000 	C:\Users\promise.okere\.vscode\extensions\redhat.java-1.30.0-win32-x64\jre\17.0.10-win32-x86_64\bin\java.exe
0x00007ffe0ebb0000 - 0x00007ffe0eda8000 	C:\Windows\SYSTEM32\ntdll.dll
0x00007ffe0cef0000 - 0x00007ffe0cfad000 	C:\Windows\System32\KERNEL32.DLL
0x00007ffe0c440000 - 0x00007ffe0c736000 	C:\Windows\System32\KERNELBASE.dll
0x00007ffe0c900000 - 0x00007ffe0ca00000 	C:\Windows\System32\ucrtbase.dll
0x00007ffdcfac0000 - 0x00007ffdcfad7000 	C:\Users\promise.okere\.vscode\extensions\redhat.java-1.30.0-win32-x64\jre\17.0.10-win32-x86_64\bin\jli.dll
0x00007ffddd740000 - 0x00007ffddd75b000 	C:\Users\promise.okere\.vscode\extensions\redhat.java-1.30.0-win32-x64\jre\17.0.10-win32-x86_64\bin\VCRUNTIME140.dll
0x00007ffe0d220000 - 0x00007ffe0d3be000 	C:\Windows\System32\USER32.dll
0x00007ffe0c740000 - 0x00007ffe0c762000 	C:\Windows\System32\win32u.dll
0x00007ffe0d580000 - 0x00007ffe0d5ac000 	C:\Windows\System32\GDI32.dll
0x00007ffe0c7e0000 - 0x00007ffe0c8fa000 	C:\Windows\System32\gdi32full.dll
0x00007ffe0cb70000 - 0x00007ffe0cc0d000 	C:\Windows\System32\msvcp_win.dll
0x00007ffdec420000 - 0x00007ffdec6ba000 	C:\Windows\WinSxS\amd64_microsoft.windows.common-controls_6595b64144ccf1df_6.0.19041.3636_none_60b6a03d71f818d5\COMCTL32.dll
0x00007ffe0cc40000 - 0x00007ffe0ccde000 	C:\Windows\System32\msvcrt.dll
0x00007ffe0e0c0000 - 0x00007ffe0e0f0000 	C:\Windows\System32\IMM32.DLL
0x00007ffde5790000 - 0x00007ffde58fb000 	C:\Windows\system32\tmumh\20019\AddOn\8.55.0.1129\TmUmEvt64.dll
0x00007ffe0de80000 - 0x00007ffe0de88000 	C:\Windows\System32\PSAPI.DLL
0x00007ffe0df60000 - 0x00007ffe0e00f000 	C:\Windows\System32\ADVAPI32.dll
0x00007ffe0dd80000 - 0x00007ffe0de1c000 	C:\Windows\System32\sechost.dll
0x00007ffe0d450000 - 0x00007ffe0d576000 	C:\Windows\System32\RPCRT4.dll
0x00000000605b0000 - 0x0000000060723000 	C:\Windows\system32\tmumh\20019\TmMon\2.9.0.1048\tmmon64.dll
0x00007ffdffd50000 - 0x00007ffdffd5c000 	C:\Users\promise.okere\.vscode\extensions\redhat.java-1.30.0-win32-x64\jre\17.0.10-win32-x86_64\bin\vcruntime140_1.dll
0x00007ffdbb300000 - 0x00007ffdbb38d000 	C:\Users\promise.okere\.vscode\extensions\redhat.java-1.30.0-win32-x64\jre\17.0.10-win32-x86_64\bin\msvcp140.dll
0x00007ffd4cb30000 - 0x00007ffd4d792000 	C:\Users\promise.okere\.vscode\extensions\redhat.java-1.30.0-win32-x64\jre\17.0.10-win32-x86_64\bin\server\jvm.dll
0x00007ffe0c040000 - 0x00007ffe0c08b000 	C:\Windows\SYSTEM32\POWRPROF.dll
0x00007ffdedf50000 - 0x00007ffdedf59000 	C:\Windows\SYSTEM32\WSOCK32.dll
0x00007ffe0e9e0000 - 0x00007ffe0ea4b000 	C:\Windows\System32\WS2_32.dll
0x00007ffe09a10000 - 0x00007ffe09a37000 	C:\Windows\SYSTEM32\WINMM.dll
0x00007ffdf5600000 - 0x00007ffdf560a000 	C:\Windows\SYSTEM32\VERSION.dll
0x00007ffe0bfb0000 - 0x00007ffe0bfc2000 	C:\Windows\SYSTEM32\UMPDC.dll
0x00007ffe0a120000 - 0x00007ffe0a132000 	C:\Windows\SYSTEM32\kernel.appcore.dll
0x00007ffdf6790000 - 0x00007ffdf679a000 	C:\Users\promise.okere\.vscode\extensions\redhat.java-1.30.0-win32-x64\jre\17.0.10-win32-x86_64\bin\jimage.dll
0x00007ffe09780000 - 0x00007ffe09964000 	C:\Windows\SYSTEM32\DBGHELP.DLL
0x00007ffe099b0000 - 0x00007ffe099e4000 	C:\Windows\SYSTEM32\dbgcore.DLL
0x00007ffe0ca00000 - 0x00007ffe0ca82000 	C:\Windows\System32\bcryptPrimitives.dll
0x00007ffde5350000 - 0x00007ffde535e000 	C:\Users\promise.okere\.vscode\extensions\redhat.java-1.30.0-win32-x64\jre\17.0.10-win32-x86_64\bin\instrument.dll
0x00007ffdcb200000 - 0x00007ffdcb225000 	C:\Users\promise.okere\.vscode\extensions\redhat.java-1.30.0-win32-x64\jre\17.0.10-win32-x86_64\bin\java.dll
0x00007ffdcb9b0000 - 0x00007ffdcb9c8000 	C:\Users\promise.okere\.vscode\extensions\redhat.java-1.30.0-win32-x64\jre\17.0.10-win32-x86_64\bin\zip.dll
0x00007ffe0e0f0000 - 0x00007ffe0e834000 	C:\Windows\System32\SHELL32.dll
0x00007ffe0a140000 - 0x00007ffe0a8db000 	C:\Windows\SYSTEM32\windows.storage.dll
0x00007ffe0da20000 - 0x00007ffe0dd74000 	C:\Windows\System32\combase.dll
0x00007ffe0bb20000 - 0x00007ffe0bb4d000 	C:\Windows\SYSTEM32\Wldp.dll
0x00007ffe0e930000 - 0x00007ffe0e9dd000 	C:\Windows\System32\SHCORE.dll
0x00007ffe0d010000 - 0x00007ffe0d065000 	C:\Windows\System32\shlwapi.dll
0x00007ffe0c1c0000 - 0x00007ffe0c1e5000 	C:\Windows\SYSTEM32\profapi.dll
0x00007ffdcb830000 - 0x00007ffdcb849000 	C:\Users\promise.okere\.vscode\extensions\redhat.java-1.30.0-win32-x64\jre\17.0.10-win32-x86_64\bin\net.dll
0x00007ffe03d30000 - 0x00007ffe03e3a000 	C:\Windows\SYSTEM32\WINHTTP.dll
0x00007ffe0b900000 - 0x00007ffe0b96a000 	C:\Windows\system32\mswsock.dll
0x00007ffdc58e0000 - 0x00007ffdc58f6000 	C:\Users\promise.okere\.vscode\extensions\redhat.java-1.30.0-win32-x64\jre\17.0.10-win32-x86_64\bin\nio.dll
0x00007ffde20d0000 - 0x00007ffde20e0000 	C:\Users\promise.okere\.vscode\extensions\redhat.java-1.30.0-win32-x64\jre\17.0.10-win32-x86_64\bin\verify.dll
0x00007ffddd660000 - 0x00007ffddd687000 	C:\Users\promise.okere\.gradle\native\c067742578af261105cb4f569cf0c3c89f3d7b1fecec35dd04571415982c5e48\windows-amd64\native-platform.dll
0x00007ffd93e50000 - 0x00007ffd93f94000 	C:\Users\promise.okere\.gradle\native\38dada09dfb8b06ba9b0570ebf7e218e3eb74d4ef43ca46872605cf95ebc2f47\windows-amd64\native-platform-file-events.dll
0x00007ffe04960000 - 0x00007ffe04969000 	C:\Users\promise.okere\.vscode\extensions\redhat.java-1.30.0-win32-x64\jre\17.0.10-win32-x86_64\bin\management.dll
0x00007ffde5550000 - 0x00007ffde555b000 	C:\Users\promise.okere\.vscode\extensions\redhat.java-1.30.0-win32-x64\jre\17.0.10-win32-x86_64\bin\management_ext.dll
0x00007ffe0bb60000 - 0x00007ffe0bb78000 	C:\Windows\SYSTEM32\CRYPTSP.dll
0x00007ffe0b250000 - 0x00007ffe0b284000 	C:\Windows\system32\rsaenh.dll
0x00007ffe0ca90000 - 0x00007ffe0cab7000 	C:\Windows\System32\bcrypt.dll
0x00007ffe0c140000 - 0x00007ffe0c16e000 	C:\Windows\SYSTEM32\USERENV.dll
0x00007ffe0ba90000 - 0x00007ffe0ba9c000 	C:\Windows\SYSTEM32\CRYPTBASE.dll
0x00007ffe0b610000 - 0x00007ffe0b64b000 	C:\Windows\SYSTEM32\IPHLPAPI.DLL
0x00007ffe0cc30000 - 0x00007ffe0cc38000 	C:\Windows\System32\NSI.dll
0x00007ffe020b0000 - 0x00007ffe020c7000 	C:\Windows\SYSTEM32\dhcpcsvc6.DLL
0x00007ffe02010000 - 0x00007ffe0202d000 	C:\Windows\SYSTEM32\dhcpcsvc.DLL
0x00007ffe0b650000 - 0x00007ffe0b71a000 	C:\Windows\SYSTEM32\DNSAPI.dll
0x00007ffde5540000 - 0x00007ffde5549000 	C:\Users\promise.okere\.vscode\extensions\redhat.java-1.30.0-win32-x64\jre\17.0.10-win32-x86_64\bin\extnet.dll
0x00007ffde4f90000 - 0x00007ffde4f9e000 	C:\Users\promise.okere\.vscode\extensions\redhat.java-1.30.0-win32-x64\jre\17.0.10-win32-x86_64\bin\sunmscapi.dll
0x00007ffe0c290000 - 0x00007ffe0c3ed000 	C:\Windows\System32\CRYPT32.dll
0x00007ffe0bcd0000 - 0x00007ffe0bcf7000 	C:\Windows\SYSTEM32\ncrypt.dll
0x00007ffe0bc90000 - 0x00007ffe0bccb000 	C:\Windows\SYSTEM32\NTASN1.dll
0x00007ffdee5f0000 - 0x00007ffdee5f7000 	C:\Windows\system32\wshunix.dll

dbghelp: loaded successfully - version: 4.0.5 - missing functions: none
symbol engine: initialized successfully - sym options: 0x614 - pdb path: .;C:\Users\promise.okere\.vscode\extensions\redhat.java-1.30.0-win32-x64\jre\17.0.10-win32-x86_64\bin;C:\Windows\SYSTEM32;C:\Windows\WinSxS\amd64_microsoft.windows.common-controls_6595b64144ccf1df_6.0.19041.3636_none_60b6a03d71f818d5;C:\Windows\system32\tmumh\20019\AddOn\8.55.0.1129;C:\Windows\system32\tmumh\20019\TmMon\2.9.0.1048;C:\Users\promise.okere\.vscode\extensions\redhat.java-1.30.0-win32-x64\jre\17.0.10-win32-x86_64\bin\server;C:\Users\promise.okere\.gradle\native\c067742578af261105cb4f569cf0c3c89f3d7b1fecec35dd04571415982c5e48\windows-amd64;C:\Users\promise.okere\.gradle\native\38dada09dfb8b06ba9b0570ebf7e218e3eb74d4ef43ca46872605cf95ebc2f47\windows-amd64

VM Arguments:
jvm_args: -XX:MaxMetaspaceSize=512m --add-opens=java.base/java.util=ALL-UNNAMED --add-opens=java.base/java.lang=ALL-UNNAMED --add-opens=java.base/java.lang.invoke=ALL-UNNAMED --add-opens=java.prefs/java.util.prefs=ALL-UNNAMED --add-opens=java.base/java.nio.charset=ALL-UNNAMED --add-opens=java.base/java.net=ALL-UNNAMED --add-opens=java.base/java.util.concurrent.atomic=ALL-UNNAMED -Xmx2048m -Dfile.encoding=utf8 -Duser.country=GB -Duser.language=en -Duser.variant -javaagent:C:\Users\promise.okere\.gradle\wrapper\dists\gradle-8.6-all\3mbtmo166bl6vumsh5k2lkq5h\gradle-8.6\lib\agents\gradle-instrumentation-agent-8.6.jar 
java_command: org.gradle.launcher.daemon.bootstrap.GradleDaemon 8.6
java_class_path (initial): C:\Users\promise.okere\.gradle\wrapper\dists\gradle-8.6-all\3mbtmo166bl6vumsh5k2lkq5h\gradle-8.6\lib\gradle-launcher-8.6.jar
Launcher Type: SUN_STANDARD

[Global flags]
     intx CICompilerCount                          = 4                                         {product} {ergonomic}
   size_t CompressedClassSpaceSize                 = 436207616                                 {product} {ergonomic}
     uint ConcGCThreads                            = 3                                         {product} {ergonomic}
     uint G1ConcRefinementThreads                  = 10                                        {product} {ergonomic}
   size_t G1HeapRegionSize                         = 1048576                                   {product} {ergonomic}
    uintx GCDrainStackTargetSize                   = 64                                        {product} {ergonomic}
   size_t InitialHeapSize                          = 264241152                                 {product} {ergonomic}
   size_t MarkStackSize                            = 4194304                                   {product} {ergonomic}
   size_t MaxHeapSize                              = 2147483648                                {product} {command line}
   size_t MaxMetaspaceSize                         = 536870912                                 {product} {command line}
   size_t MaxNewSize                               = 1287651328                                {product} {ergonomic}
   size_t MinHeapDeltaBytes                        = 1048576                                   {product} {ergonomic}
   size_t MinHeapSize                              = 8388608                                   {product} {ergonomic}
    uintx NonNMethodCodeHeapSize                   = 5839372                                {pd product} {ergonomic}
    uintx NonProfiledCodeHeapSize                  = 122909434                              {pd product} {ergonomic}
    uintx ProfiledCodeHeapSize                     = 122909434                              {pd product} {ergonomic}
    uintx ReservedCodeCacheSize                    = 251658240                              {pd product} {ergonomic}
     bool SegmentedCodeCache                       = true                                      {product} {ergonomic}
   size_t SoftMaxHeapSize                          = 2147483648                             {manageable} {ergonomic}
     bool UseCompressedClassPointers               = true                           {product lp64_product} {ergonomic}
     bool UseCompressedOops                        = true                           {product lp64_product} {ergonomic}
     bool UseG1GC                                  = true                                      {product} {ergonomic}
     bool UseLargePagesIndividualAllocation        = false                                  {pd product} {ergonomic}

Logging:
Log output configuration:
 #0: stdout all=warning uptime,level,tags
 #1: stderr all=off uptime,level,tags

Environment Variables:
PATH=C:\Program Files\Common Files\Oracle\Java\javapath;C:\Windows\system32;C:\Windows;C:\Windows\System32\Wbem;C:\Windows\System32\WindowsPowerShell\v1.0\;C:\Windows\System32\OpenSSH\;environmnet variables;C:\Program Files\MySQL\MySQL Server 8.0\bin;C:\Program Files\Git\cmd;C:\Users\promise.okere\AppData\Local\Android\Sdk\platform-tools;C:\Program Files\nodejs\;C:\Program Files\MySQL\MySQL Shell 8.0\bin\;C:\Users\promise.okere\AppData\Local\Microsoft\WindowsApps;;C:\Users\promise.okere\AppData\Local\Programs\Microsoft VS Code\bin;C:\Program Files\heroku\bin;C:\Users\promise.okere\AppData\Roaming\npm
USERNAME=Promise.Okere
OS=Windows_NT
PROCESSOR_IDENTIFIER=Intel64 Family 6 Model 154 Stepping 4, GenuineIntel
TMP=C:\Users\PROMIS~1.OKE\AppData\Local\Temp
TEMP=C:\Users\PROMIS~1.OKE\AppData\Local\Temp



Periodic native trim disabled


---------------  S Y S T E M  ---------------

OS:
 Windows 10 , 64 bit Build 19041 (10.0.19041.3636)
OS uptime: 4 days 3:54 hours
Hyper-V role detected

CPU: total 12 (initial active 12) (6 cores per cpu, 2 threads per core) family 6 model 154 stepping 4 microcode 0x0, cx8, cmov, fxsr, ht, mmx, 3dnowpref, sse, sse2, sse3, ssse3, sse4.1, sse4.2, popcnt, lzcnt, tsc, tscinvbit, avx, avx2, aes, erms, clmul, bmi1, bmi2, adx, sha, fma, vzeroupper, clflush, clflushopt, clwb, hv
Processor Information for all 12 processors :
  Max Mhz: 1600, Current Mhz: 1600, Mhz Limit: 1600

Memory: 4k page, system-wide physical 16049M (1222M free)
TotalPageFile size 28337M (AvailPageFile size 57M)
current process WorkingSet (physical memory assigned to process): 228M, peak: 230M
current process commit charge ("private bytes"): 265M, peak: 410M

vm_info: OpenJDK 64-Bit Server VM (17.0.10+7) for windows-amd64 JRE (17.0.10+7), built on Jan 16 2024 23:25:11 by "admin" with MS VC++ 16.10 / 16.11 (VS2019)

END.
